1465497231321  3079.59228516 5373.42138672 0.0544143356383
1465497231387  3079.55078125 5373.56591797 0.0507714152336
1465497231456  3079.56103516 5373.56640625 0.0511346496642
1465497231521  3080.30786133 5373.90332031 0.071614921093
1465497231587  3080.30786133 5373.90332031 0.071614921093
1465497231655  3080.01733398 5373.86914062 0.0667508244514
1465497231719  3079.55078125 5373.56591797 0.0507714152336
1465497231789  3080.30786133 5373.90332031 0.071614921093
1465497231855  3080.30786133 5373.90332031 0.071614921093
1465497231918  3080.15283203 5373.73144531 0.0724329277873
1465497231988  3080.34106445 5373.75195312 0.075291223824
1465497232055  3080.30786133 5373.90332031 0.071614921093
1465497232124  3080.13696289 5373.88378906 0.0692270472646
1465497232188  3080.34106445 5373.75195312 0.075291223824
1465497232254  3079.55078125 5373.56591797 0.0507714152336
1465497232319  3079.59228516 5373.42138672 0.0544143356383
1465497232387  3079.55078125 5373.56591797 0.0507714152336
1465497232523  3080.05371094 5373.72021484 0.0704208090901
1465497233990  3081.34179688 5373.81738281 0.070870347321
1465497234058  3080.88916016 5373.94091797 0.0858714133501
1465497234122  3080.84326172 5373.77246094 0.0810603573918
1465497234192  3080.63232422 5374.11621094 0.0822447016835
1465497234258  3080.65820312 5373.95507812 0.0859237387776
1465497234326  3080.89575195 5373.97607422 0.0901569798589
1465497234391  3080.90917969 5373.72363281 0.0858386307955
1465497234457  3080.6652832 5373.70019531 0.081625752151
1465497234527  3080.9128418 5373.77734375 0.0895463824272
1465497234590  3080.6652832 5373.70019531 0.081625752151
1465497234657  3080.65820312 5373.95507812 0.0859237387776
1465497234726  3080.9128418 5373.77734375 0.0895463824272
1465497234789  3080.65820312 5373.95507812 0.0859237387776
1465497234859  3080.6730957 5373.75683594 0.0853088498116
1465497234925  3080.6652832 5373.70019531 0.081625752151
1465497234993  3080.6730957 5373.75683594 0.0853088498116
1465497235061  3080.65820312 5373.95507812 0.0859237387776
1465497235127  3080.6652832 5373.70019531 0.081625752151
1465497235194  3080.6652832 5373.70019531 0.081625752151
1465497235263  3080.6472168 5373.91845703 0.0816366150975
1465497235327  3080.6652832 5373.70019531 0.081625752151
1465497235394  3080.65820312 5373.95507812 0.0859237387776
1465497235459  3080.50048828 5376.54589844 0.0878396630287
1465497235529  3080.22998047 5376.51367188 0.0823921635747
1465497235597  3080.52758789 5375.39160156 0.0828607678413
1465497235661  3080.71386719 5375.34326172 0.0842645838857
1465497235727  3080.25952148 5375.89404297 0.0780945420265
1465497235793  3080.20898438 5376.95849609 0.0854311585426
1465497235863  3080.25244141 5376.12695312 0.0805434733629
1465497235935  3080.22998047 5376.51367188 0.0823921635747
1465497235994  3080.22387695 5376.36083984 0.0780976489186
1465497236062  3080.52807617 5376.31689453 0.090290248394
1465497236126  3080.69628906 5376.16503906 0.0812829136848
1465497236194  3080.67529297 5375.78955078 0.0854966044426
1465497236328  3080.52978516 5376.15625 0.0860051512718
1465497236463  3080.25244141 5376.12695312 0.0805434733629
1465497236531  3080.52978516 5376.15625 0.0860051512718
1465497236595  3080.25244141 5376.12695312 0.0805434733629
1465497236662  3080.52978516 5376.15625 0.0860051512718
1465497236730  3080.52807617 5376.31689453 0.090290248394
1465497236793  3080.22998047 5376.51367188 0.0823921635747
1465497236863  3080.44775391 5375.77001953 0.0812628939748
1465497236930  3080.52978516 5376.15625 0.0860051512718
1465497236995  3080.60522461 5376.00732422 0.075158894062
1465497237064  3080.38964844 5376.37109375 0.0733616948128
1465497237130  3080.22998047 5376.51367188 0.0823921635747
1465497237195  3080.22045898 5376.73974609 0.084222137928
1465497237263  3080.43676758 5377.38964844 0.0915326476097
1465497237397  3080.3347168 5378.59472656 0.0933727771044
1465497237464  3080.11523438 5378.19189453 0.0860752537847
1465497237530  3080.29956055 5378.84423828 0.0890743136406
1465497237598  3080.08935547 5378.76464844 0.10014551878
1465497237662  3080.10449219 5378.57910156 0.0983103066683
1465497237729  3079.86962891 5380.91064453 0.0964655429125
1465497237797  3077.52539062 5381.41699219 0.0917038321495
1465497237862  3063.95654297 5370.68164062 0.120748117566
1465497237997  3023.1171875 5347.30126953 0.23770660162
1465497238066  2995.9699707 5333.81445312 0.342670798302
1465497238131  2958.01220703 5310.79492188 0.468018144369
1465497238198  2915.4921875 5287.58642578 0.635044336319
1465497238266  2866.20043945 5269.96582031 0.748632133007
1465497238397  2780.75048828 5222.23876953 0.923391819
1465497238465  2746.34130859 5197.83007812 0.996974766254
1465497238531  2721.57739258 5173.97412109 1.07149457932
1465497238600  2708.67236328 5157.25390625 1.10719048977
1465497238666  2683.19555664 5148.24658203 1.17098164558
1465497238734  2659.71899414 5152.85839844 1.15041840076
1465497238799  2634.47021484 5156.37451172 1.10546755791
1465497242672  2836.23925781 5035.76953125 3.2406129837
1465497242736  2840.2331543 5027.35449219 3.24623441696
1465497242803  2839.23388672 5024.54931641 3.25349283218
1465497242871  2835.96826172 5015.43505859 3.24945449829
1465497247478  3111.12988281 6092.75292969 3.78664040565
1465497247543  3130.45117188 6110.24121094 3.7370724678
1465497247678  3169.79711914 6141.77734375 3.77001404762
1465497247747  3188.10229492 6145.89013672 3.76359057426
1465497247811  3200.82495117 6147.18896484 3.75644516945
1465497270115  3404.64550781 6281.92578125 3.59613752365
1465497270181  3408.91699219 6280.97412109 3.60138368607
1465497270254  3408.57177734 6280.90478516 3.59749650955
1465497270315  3407.18408203 6282.37548828 3.59889554977
1465497270383  3403.89404297 6284.41455078 3.60559511185
1465497270447  3399.68359375 6284.70019531 3.60491847992
1465497270514  3396.6574707 6283.85693359 3.61300754547
1465497270583  3393.546875 6281.05615234 3.62736272812
1465497270650  3387.80078125 6277.76806641 3.63019371033
1465497270713  3381.82861328 6274.01367188 3.64485502243
1465497270781  3375.22705078 6269.71289062 3.66304802895
1465497270851  3368.16967773 6265.58300781 3.67035222054
1465497270923  3361.64794922 6260.65283203 3.68570113182
1465497273116  3171.83129883 5491.17724609 3.14059901237
1465497273184  3178.07495117 5497.22216797 3.10747694969
1465497273253  3178.49975586 5498.5 3.14159274101
1465497273319  3178.49975586 5498.5 3.14159274101
1465497273384  3178.49975586 5498.28076172 3.1360886097
1465497273452  3178.49951172 5492.79101562 3.12038064003
1465497273518  3178.24926758 5493.00732422 3.11060070992
1465497273584  3178.49951172 5496.27392578 3.10923171043
1465497273656  3178.49951172 5496.94726562 3.11487841606
1465497273720  3178.49951172 5496.49267578 3.10953688622
1465497273784  3178.49975586 5496.72851562 3.11383748055
1465497273852  3178.49951172 5496.27392578 3.11141037941
1465497273921  3178.49951172 5496.27392578 3.10923171043
1465497273988  3178.49975586 5496.50976562 3.11352562904
1465497274052  3178.49951172 5496.05517578 3.1103785038
1465497274120  3178.49951172 5496.27392578 3.10923171043
1465497274187  3178.49951172 5496.49267578 3.10953688622
1465497274252  3178.28222656 5496.5703125 3.11308693886
1465497274331  3178.49951172 5496.49267578 3.10953688622
1465497274388  3178.49951172 5496.49267578 3.10953688622
1465497274452  3178.49951172 5496.27392578 3.10923171043
1465497274520  3178.27392578 5496.52197266 3.10526537895
1465497274589  3178.49951172 5496.49267578 3.11026263237
1465497274652  3178.49975586 5497.79199219 3.15438318253
1465497274720  3178.49975586 5495.41162109 3.14159297943
1465497274790  3178.49975586 5497.21728516 3.14826154709
1465497274856  3178.49975586 5496.62109375 3.1452126503
1465497274921  3178.49975586 5496.62109375 3.1452126503
1465497274991  3178.49951172 5497.39306641 3.15251874924
1465497275055  3178.49975586 5496.64697266 3.14159274101
1465497275120  3178.49975586 5496.84423828 3.14280176163
1465497275190  3178.49975586 5496.47119141 3.13737511635
1465497275258  3178.49975586 5496.85253906 3.14159274101
1465497275322  3178.49975586 5497.02001953 3.14703941345
1465497275394  3178.49975586 5497.44042969 3.14584350586
1465497275458  3178.49975586 5496.796875 3.14944601059
1465497275520  3178.49951172 5496.61669922 3.14581394196
1465497275588  3178.49975586 5498.25976562 3.14648580551
1465497275658  3176.60717773 5499.328125 3.09092116356
1465497275789  3176.02270508 5499.51171875 3.08385062218
1465497275855  3175.3972168 5499.32910156 3.08112835884
1465497275923  3173.85546875 5495.94970703 3.06272864342
1465497275988  3170.71289062 5490.09716797 3.04507374763
1465497276056  3169.21191406 5479.7734375 3.04570651054
1465497276125  3170.47680664 5460.84423828 3.07229590416
1465497276188  3171.49951172 5442.9375 3.13133788109
1465497276256  3171.49975586 5424.99951172 3.14159393311
1465497276325  3171.5 5413.12304688 3.16158342361
1465497276391  3171.49975586 5407.5 3.14159393311
1465497276457  3171.49975586 5407.5 3.14159393311
1465497276524  3171.49975586 5407.5 3.14159393311
1465497276589  3171.49975586 5407.5 3.14159393311
1465497276658  3171.49975586 5407.5 3.14159393311
1465497276725  3171.49975586 5407.5 3.14159393311
1465497276799  3171.49975586 5407.5 3.14159393311
1465497276857  3171.49975586 5407.5 3.14159393311
1465497276924  3171.49975586 5407.5 3.14159393311
1465497276992  3171.49975586 5407.5 3.14159393311
1465497277057  3171.49975586 5407.5 3.14159393311
1465497277193  3171.49975586 5407.5 3.14159393311
1465497277260  3171.49975586 5407.5 3.14159393311
1465497277324  3171.49975586 5407.5 3.14159393311
1465497277392  3171.49975586 5407.5 3.14159393311
1465497277462  3171.49926758 5407.74023438 3.14648628235
1465497277523  3171.5 5413.12304688 3.16158342361
1465497277593  3171.49975586 5411.90039062 3.15958309174
1465497277661  3171.49926758 5412.11914062 3.167491436
1465497277725  3171.49926758 5411.72900391 3.16440725327
1465497277793  3171.49975586 5412.703125 3.1627202034
1465497277860  3171.5 5412.49267578 3.16328620911
1465497277927  3171.5 5412.69824219 3.1633234024
1465497277995  3171.49926758 5411.55322266 3.16864728928
1465497278061  3171.49951172 5408.43505859 3.15739917755
1465497278127  3171.49951172 5408.87695312 3.16157865524
1465497278259  3171.49951172 5408.43505859 3.15739917755
1465497278329  3171.49926758 5407.74023438 3.14648628235
1465497278392  3171.49926758 5407.97607422 3.15074825287
1465497278459  3171.49926758 5407.74023438 3.14648628235
1465497278529  3171.49926758 5407.97607422 3.15074825287
1465497278596  3171.49951172 5408.43505859 3.15739917755
1465497278659  3171.49951172 5408.65771484 3.15979671478
1465497278729  3171.49926758 5411.18847656 3.1692481041
1465497278794  3171.49975586 5412.09814453 3.16081380844
1465497278859  3171.49926758 5411.35595703 3.1589512825
1465497278996  3171.49926758 5411.72900391 3.16440725327
1465497279062  3171.49975586 5411.90039062 3.15958309174
1465497279128  3171.49926758 5411.55322266 3.16864728928
1465497279197  3171.49951172 5411.54882812 3.16804742813
1465497279263  3171.49926758 5411.92626953 3.16564750671
1465497279327  3171.49926758 5411.72900391 3.16440725327
1465497279395  3171.49926758 5411.72900391 3.16440725327
1465497279463  3171.49926758 5411.54003906 3.16197490692
1465497279528  3171.49975586 5411.90039062 3.15958309174
1465497279661  3171.49926758 5411.72900391 3.16440725327
1465497279727  3171.49926758 5411.72900391 3.16440725327
1465497279795  3171.49951172 5411.54882812 3.16804742813
1465497279866  3171.49926758 5411.72900391 3.16440725327
1465497279927  3171.49926758 5411.72900391 3.16440725327
1465497279995  3171.49926758 5411.36865234 3.16560649872
1465497280062  3171.5 5413.12304688 3.16158342361
1465497280129  3171.49975586 5412.90869141 3.16275548935
1465497280195  3171.5 5412.49267578 3.16328620911
1465497280264  3171.49926758 5411.93066406 3.16504716873
1465497280329  3171.5 5412.49267578 3.16328620911
1465497280395  3171.5 5412.49267578 3.16328620911
1465497280462  3171.49975586 5412.703125 3.1627202034
1465497280532  3171.49926758 5411.37304688 3.17229795456
1465497280595  3171.49975586 5413.34179688 3.15979814529
1465497280663  3171.49926758 5410.81933594 3.16317272186
1465497280734  3171.49926758 5407.97607422 3.15074825287
1465497280795  3171.6550293 5413.66308594 3.16022968292
1465497280863  3172.875 5421.94189453 3.19867753983
1465497280930  3173.01123047 5435.02636719 3.29540014267
1465497281007  3174.84912109 5450.09130859 3.38579177856
1465497281063  3175.72924805 5467.26708984 3.49671363831
1465497281131  3174.99975586 5484.5 3.60284852982
1465497281199  3171.96606445 5501.79248047 3.71111869812
1465497281263  3167.04370117 5517.95703125 3.82667684555
1465497281400  3152.09643555 5548.18554688 4.07994699478
1465497281462  3142.15942383 5562.54248047 4.18653678894
1465497281531  3129.85424805 5574.90039062 4.30035448074
1465497281601  3116.75634766 5586.15234375 4.4174695015
1465497281667  3102.34863281 5595.27197266 4.54213142395
1465497281731  3087.72021484 5603.02099609 4.67187643051
1465497281799  3071.2487793 5609.61523438 4.76723814011
1465497281865  3054.32202148 5612.65234375 4.8757276535
1465497281930  3037.93066406 5615.14111328 4.99936056137
1465497282000  3020.54980469 5615.54736328 5.11070680618
1465497282068  3003.42773438 5613.27490234 5.22751283646
1465497282132  2987.02270508 5609.51904297 5.3432469368
1465497282198  2970.74707031 5603.20166016 5.45008468628
1465497282268  2956.44287109 5595.63378906 5.59312582016
1465497282333  2941.94482422 5586.47509766 5.70829439163
1465497282466  2917.53320312 5562.66113281 5.93204784393
1465497282533  2907.35253906 5548.5390625 6.05552864075
1465497282598  2898.81054688 5534.42578125 6.15711641312
1465497282666  2891.5 5519.5 6.28318500519
1465497282736  2887.31518555 5502.52392578 0.11322170496
1465497282799  2883.87670898 5485.56591797 0.239136651158
1465497282867  2883.06640625 5468.37402344 0.364675372839
1465497282937  2883.96582031 5450.56835938 0.467941612005
1465497282998  2886.29321289 5434.4296875 0.586960315704
1465497283066  2891.84033203 5417.81787109 0.718457400799
1465497283136  2898.29321289 5401.96142578 0.859675586224
1465497283201  2906.99194336 5386.75732422 0.97646677494
1465497283267  2917.75268555 5373.14941406 1.07691264153
1465497283337  2929.49365234 5360.76171875 1.19284212589
1465497283400  2943.55419922 5349.61230469 1.31137657166
1465497283477  2957.55883789 5339.79492188 1.4368981123
1465497283543  2973.42895508 5331.17626953 1.52773880959
1465497283609  2989.35791016 5327.56298828 1.66718399525
1465497283676  3006.53051758 5323.79394531 1.78263247013
1465497283808  3040.92822266 5322.00146484 2.00938510895
1465497283877  3057.75537109 5324.38476562 2.12499475479
1465497283944  3074.44140625 5329.05224609 2.24314713478
1465497284006  3090.14257812 5334.85693359 2.37134361267
1465497284077  3105.54907227 5343.02685547 2.49760127068
1465497284145  3119.07568359 5353.00439453 2.59904885292
1465497284210  3131.58569336 5364.26171875 2.71758985519
1465497284276  3142.94262695 5377.00683594 2.82964205742
1465497284342  3153.37109375 5390.93066406 2.93914818764
1465497284410  3161.09765625 5405.96142578 3.05020833015
1465497284483  3167.15039062 5421.5 3.18212652206
1465497284543  3172.01049805 5438.04394531 3.30193424225
1465497284610  3174.78051758 5454.75048828 3.40904378891
1465497284674  3175.08349609 5471.59814453 3.52303171158
1465497284742  3173.81982422 5488.45507812 3.63244485855
1465497284816  3170.65307617 5504.92333984 3.75412034988
1465497284879  3165.7746582 5521.45507812 3.86396455765
1465497284942  3158.63085938 5536.41357422 4.00366449356
1465497285010  3149.16552734 5551.22070312 4.10936164856
1465497285079  3138.49365234 5565.26660156 4.22413492203
1465497285151  3126.24414062 5577.12011719 4.33269262314
1465497285211  3113.26049805 5587.35253906 4.44604921341
1465497285280  3099.09082031 5596.20507812 4.57616186142
1465497285341  3082.02685547 5603.5 4.68688344955
1465497285412  3066.45458984 5608.84277344 4.80194473267
1465497285485  3050.06958008 5612.76220703 4.91564559937
1465497285542  3032.71337891 5614.16552734 5.01659107208
1465497285604  3016.31201172 5613.50732422 5.14259624481
1465497285672  2999.43115234 5610.82373047 5.25600004196
1465497285738  2982.87084961 5606.47314453 5.37330436707
1465497285806  2966.41357422 5600.91650391 5.48132705688
1465497285870  2952.26757812 5592.52050781 5.61222505569
1465497285938  2938.80151367 5582.42089844 5.73800420761
1465497286007  2925.62475586 5570.59619141 5.85802984238
1465497286070  2914.60888672 5557.04248047 5.95911741257
1465497286140  2905.13671875 5543.40576172 6.08530426025
1465497286207  2896.4309082 5529.09375 6.20429611206
1465497286272  2891.49975586 5512.84716797 0.00921839941293
1465497286337  2886.11938477 5496.00146484 0.158554136753
1465497286405  2883.68774414 5479.39208984 0.267913550138
1465497286473  2882.77734375 5462.12451172 0.38642925024
1465497286547  2884.59960938 5444.85253906 0.510726869106
1465497286605  2888.40917969 5428.27978516 0.635189890862
1465497286674  2893.73364258 5412.29931641 0.736986637115
1465497286738  2900.80297852 5396.35302734 0.88024699688
1465497286806  2910.40136719 5381.86181641 0.987943172455
1465497286940  2933.49487305 5356.39257812 1.23894381523
1465497287006  2947.17138672 5345.75439453 1.33935272694
1465497287074  2962.296875 5337.17089844 1.44458925724
1465497287143  2975.71386719 5330.5 1.56956875324
1465497287206  2994.66796875 5324.67480469 1.69751703739
1465497287274  3011.0847168 5321.54736328 1.81457674503
1465497287342  3028.31591797 5320.32666016 1.94014799595
1465497287407  3046.52783203 5321.06982422 2.04760479927
1465497287473  3062.53076172 5324.19580078 2.15977144241
1465497287543  3078.52075195 5328.74560547 2.27834820747
1465497287606  3094.43139648 5335.39013672 2.41921257973
1465497287674  3109.55688477 5344.20947266 2.54016399384
1465497287742  3122.73046875 5354.08886719 2.62608909607
1465497287808  3135.31445312 5365.80761719 2.74781727791
1465497287873  3145.79858398 5379.07958984 2.86415147781
1465497287947  3155.81567383 5393.70947266 2.98650717735
1465497288010  3163.5859375 5408.54052734 3.10305571556
1465497288073  3168.88134766 5424.45800781 3.22471857071
1465497288142  3173.25170898 5440.55761719 3.32339334488
1465497288209  3175.37084961 5457.40185547 3.43564081192
1465497288341  3173.73535156 5491.32275391 3.67226362228
1465497288410  3169.82641602 5507.54785156 3.77762770653
1465497288476  3165.13037109 5523.63085938 3.90058732033
1465497288543  3157.05419922 5539.08154297 4.0256857872
1465497288609  3147.30175781 5553.03369141 4.13481855392
1465497288680  3136.1496582 5565.4921875 4.24399471283
1465497288741  3123.41845703 5577.96289062 4.36167478561
1465497288809  3109.88085938 5588.34570312 4.47382354736
1465497288878  3095.37255859 5596.78320312 4.57839155197
1465497288941  3080.49975586 5603.5 4.71238660812
1465497289010  3063.14770508 5607.97998047 4.81471681595
1465497289078  3046.33984375 5611.55371094 4.9300866127
1465497289143  3029.37207031 5612.66748047 5.05684232712
1465497289209  3013.30664062 5612.01953125 5.17485809326
1465497289278  2996.14819336 5608.50634766 5.27994728088
1465497289349  2979.74243164 5603.71875 5.40665102005
1465497289409  2963.67602539 5597.10791016 5.55675172806
1465497289477  2949.9140625 5588.74072266 5.64567613602
1465497289545  2935.70654297 5578.42236328 5.7643737793
1465497289609  2923.49511719 5566.33300781 5.88114023209
1465497289745  2903.37719727 5538.75195312 6.10315513611
1465497289809  2895.67871094 5523.7109375 6.20252799988
1465497289879  2889.94506836 5507.54980469 0.058645311743
1465497289944  2886.01416016 5491.3125 0.178606942296
1465497290011  2883.25732422 5474.24316406 0.299157530069
1465497290078  2883.3918457 5456.96484375 0.410717308521
1465497290145  2885.97827148 5439.62158203 0.531677663326
1465497290215  2889.87402344 5422.96630859 0.66086679697
1465497290277  2896.56933594 5405.76074219 0.794474363327
1465497290345  2903.23193359 5391.62744141 0.907156825066
1465497290414  2912.66479492 5377.20166016 1.02292060852
1465497290477  2924.10571289 5364.09667969 1.15546882153
1465497290544  2937.2590332 5352.28271484 1.25388991833
1465497290616  2951.00732422 5342.03076172 1.37611281872
1465497290679  2965.59375 5333.94726562 1.48462426662
1465497290745  2982.49951172 5327.41601562 1.61423742771
1465497290814  2998.86572266 5322.79003906 1.72872269154
1465497290882  3015.78955078 5319.80517578 1.83822023869
1465497290947  3033.03515625 5319.37011719 1.96028053761
1465497291015  3050.2409668 5321.07568359 2.07290673256
1465497291082  3067.30566406 5324.33447266 2.19085621834
1465497291147  3083.58789062 5328.99658203 2.31336259842
1465497291213  3098.56274414 5336.41210938 2.43020224571
1465497291282  3112.76904297 5345.80664062 2.5500433445
1465497291345  3126.75805664 5356.44189453 2.66465163231
1465497291480  3149.36914062 5381.47558594 2.890884161
1465497291547  3157.79882812 5396.03466797 2.99939322472
1465497291614  3164.5 5412.73291016 3.11117386818
1465497291680  3170.1484375 5427.47949219 3.24599838257
1465497291749  3173.89013672 5444.48681641 3.34586668015
1465497291812  3175.45263672 5460.70166016 3.45923709869
1465497291880  3175.35595703 5477.17089844 3.59031391144
1465497291948  3172.97998047 5495.30224609 3.69525909424
1465497292013  3168.67578125 5511.08349609 3.81576371193
1465497292081  3162.41552734 5527.97216797 3.95777845383
1465497292151  3154.44677734 5541.40527344 4.05383062363
1465497292214  3144.00463867 5555.92480469 4.16659641266
1465497292282  3133.08764648 5568.70214844 4.29113340378
1465497292348  3120.41088867 5579.97412109 4.3851852417
1465497292419  3106.42382812 5589.53369141 4.49944448471
1465497292484  3091.18261719 5598.57226562 4.61886978149
1465497292548  3074.55493164 5603.5 4.734375
1465497292618  3059.33007812 5608.81835938 4.84993314743
1465497292680  3042.26318359 5611.0390625 4.96661138535
1465497292748  3025.34716797 5611.74462891 5.08373880386
1465497292819  3008.36816406 5609.85791016 5.1986579895
1465497292881  2991.39013672 5606.39453125 5.31903505325
1465497292949  2975.57421875 5600.81298828 5.43112325668
1465497293017  2960.71630859 5593.58007812 5.56902313232
1465497293082  2945.49755859 5584.94335938 5.6655125618
1465497293216  2920.68457031 5562.28955078 5.90761184692
1465497293286  2910.09179688 5548.65283203 6.01884698868
1465497293348  2901.02685547 5533.64550781 6.13529109955
1465497293418  2892.53320312 5519.09033203 6.25456523895
1465497293486  2888.64013672 5501.8359375 0.0806786492467
1465497293549  2885.14916992 5485.24951172 0.203009456396
1465497293617  2883.01733398 5468.90234375 0.324483007193
1465497293684  2883.98413086 5451.60351562 0.441707789898
1465497293751  2886.83520508 5434.06884766 0.567893207073
1465497293816  2891.34057617 5417.58203125 0.67688190937
1465497293884  2897.86645508 5401.04736328 0.812951505184
1465497293953  2905.703125 5386.36621094 0.950838923454
1465497294017  2916.16064453 5372.66064453 1.05572581291
1465497294084  2928.046875 5359.78759766 1.16534531116
1465497294153  2940.85839844 5348.29785156 1.28433585167
1465497294284  2970.78515625 5330.67480469 1.52906799316
1465497294352  2986.55859375 5325.37988281 1.64483463764
1465497294418  3003.48681641 5321.09375 1.75350248814
1465497294483  3020.56982422 5318.68310547 1.86122238636
1465497294552  3037.66210938 5318.49804688 1.98426544666
1465497294621  3054.69189453 5320.19189453 2.1034090519
1465497294686  3071.21435547 5324.43408203 2.21435046196
1465497294754  3086.82202148 5329.85546875 2.35403847694
1465497294822  3102.15625 5337.53710938 2.46680116653
1465497294884  3116.79223633 5346.57666016 2.5767788887
1465497294952  3129.54736328 5357.99707031 2.69120383263
1465497295020  3141.33227539 5369.62011719 2.79640173912
1465497295085  3151.98974609 5383.79492188 2.92512345314
1465497295151  3160.4753418 5398.58447266 3.04659295082
1465497295221  3164.5 5414.5 3.14159297943
1465497295287  3171.66821289 5430.3671875 3.26838827133
1465497295351  3175.35400391 5447.33886719 3.39053726196
1465497295421  3176.16210938 5463.89257812 3.50039720535
1465497295487  3175.0 5481.0 3.61725521088
1465497295552  3172.18579102 5497.46191406 3.72800397873
1465497295628  3167.64379883 5513.77880859 3.84285616875
1465497295688  3161.60205078 5529.07714844 3.96435832977
1465497295753  3152.53149414 5544.04394531 4.08418035507
1465497295820  3142.46484375 5557.80273438 4.19009017944
1465497295888  3130.76416016 5570.35205078 4.31065607071
1465497296021  3102.90478516 5590.87695312 4.53903102875
1465497296087  3088.328125 5598.33886719 4.66185617447
1465497296158  3072.42749023 5603.68603516 4.73859453201
1465497296222  3055.33276367 5608.17724609 4.88041067123
1465497296290  3038.37841797 5610.04296875 5.00068044662
1465497296356  3021.80712891 5609.75048828 5.10639858246
1465497296420  3004.91162109 5608.05273438 5.23305130005
1465497296488  2988.44604492 5604.25048828 5.33619451523
1465497296555  2972.79052734 5598.57519531 5.46475172043
1465497296621  2957.89257812 5590.58544922 5.5811047554
1465497296688  2943.27124023 5581.41308594 5.70251226425
1465497296756  2930.7019043 5569.96191406 5.82963848114
1465497296826  2918.31811523 5557.75683594 5.92570495605
1465497296887  2908.08544922 5543.96435547 6.04482030869
1465497296955  2900.33789062 5529.12890625 6.17109870911
1465497297031  2891.5 5512.49951172 6.28318452835
1465497297087  2888.35595703 5497.1328125 0.110963873565
1465497297156  2885.06713867 5480.48925781 0.232730358839
1465497297224  2884.00439453 5463.73925781 0.349061191082
1465497297287  2885.27636719 5446.71826172 0.478300035
1465497297490  2899.21630859 5397.16699219 0.852257013321
1465497297556  2907.33984375 5382.74121094 0.953660845757
1465497297624  2918.25634766 5368.74560547 1.07492542267
1465497297692  2930.20874023 5355.98291016 1.18643712997
1465497297757  2943.12695312 5345.35449219 1.30251932144
1465497297823  2957.09057617 5336.49755859 1.42133319378
1465497297892  2973.54736328 5329.56298828 1.52175045013
1465497297956  2989.58666992 5322.1328125 1.64951622486
1465497298023  3006.17138672 5318.76660156 1.76434671879
1465497298092  3023.31762695 5316.10009766 1.8849312067
1465497298155  3040.27270508 5316.93505859 2.00460314751
1465497298223  3056.88183594 5318.52978516 2.1151072979
1465497298291  3073.64941406 5322.95263672 2.22172951698
1465497298359  3089.36376953 5328.86376953 2.35249018669
1465497298428  3104.19116211 5335.79736328 2.4683637619
1465497298490  3118.55664062 5345.43017578 2.579382658
1465497298560  3131.49267578 5357.06933594 2.69438099861
1465497298624  3142.52050781 5369.08056641 2.81631684303
1465497298692  3152.80102539 5383.15771484 2.93035721779
1465497298822  3168.0 5414.5 3.18226623535
1465497298890  3172.29223633 5430.22558594 3.2731962204
1465497298959  3175.7590332 5446.57519531 3.38222026825
1465497299025  3176.75537109 5463.47167969 3.50286960602
1465497299090  3176.13012695 5480.23632812 3.63249778748
1465497299159  3172.58837891 5496.98974609 3.72879219055
1465497299227  3167.98388672 5512.85693359 3.83598089218
1465497299291  3161.99560547 5528.18701172 3.96122288704
1465497299359  3152.67431641 5542.92382812 4.08061933517
1465497299427  3142.10791016 5556.72265625 4.19527769089
1465497299491  3130.75610352 5569.29980469 4.31490278244
1465497299560  3117.46484375 5580.14794922 4.41975021362
1465497299628  3103.42138672 5589.12158203 4.53965997696
1465497299695  3087.91748047 5597.21484375 4.6879901886
1465497299761  3072.32080078 5603.20849609 4.74499845505
1465497299831  3055.42041016 5606.68798828 4.88049316406
1465497299894  3038.35864258 5608.64746094 5.00074911118
1465497299959  3021.14526367 5608.67041016 5.11761331558
1465497300026  3004.74804688 5607.01904297 5.23467826843
1465497300096  2987.97509766 5603.00146484 5.34996986389
1465497300173  2972.66992188 5597.10351562 5.44597911835
1465497300227  2957.19750977 5588.75 5.58827638626
1465497300295  2943.21337891 5580.28027344 5.70522928238
1465497300359  2930.06201172 5568.84960938 5.81567192078
1465497300427  2918.69311523 5556.06396484 5.94895124435
1465497300495  2908.22387695 5542.60302734 6.04983282089
1465497300565  2900.01293945 5527.28710938 6.16067790985
1465497300626  2891.5 5512.49951172 6.28318452835
1465497300695  2888.78881836 5495.83203125 0.109697394073
1465497300763  2885.88452148 5479.04394531 0.236973002553
1465497300827  2884.15820312 5462.00488281 0.359890162945
1465497300895  2885.66772461 5445.02294922 0.476952582598
1465497300963  2887.95043945 5428.23779297 0.587912678719
1465497301027  2892.91723633 5411.66113281 0.711407601833
1465497301095  2899.66210938 5396.10302734 0.849196374416
1465497301163  2908.52636719 5380.52783203 0.963066697121
1465497301230  2918.56494141 5366.82714844 1.08108460903
1465497301294  2930.50732422 5354.54882812 1.19087791443
1465497301362  2944.23046875 5343.76904297 1.30627846718
1465497301431  2958.63525391 5334.06738281 1.41753292084
1465497301494  2974.75 5326.11376953 1.52068805695
1465497301573  2990.47607422 5320.72216797 1.64962923527
1465497301631  3007.31787109 5317.38818359 1.7754765749
1465497301695  3024.58349609 5316.07324219 1.89857971668
1465497301763  3041.49072266 5315.24365234 2.00568318367
1465497301831  3058.31542969 5317.73583984 2.12511181831
1465497301965  3090.39306641 5327.83740234 2.36801743507
1465497302033  3105.30224609 5335.59179688 2.48320531845
1465497302100  3119.48242188 5345.34863281 2.5945622921
1465497302162  3132.52734375 5356.28857422 2.70875191689
1465497302231  3143.83886719 5369.28320312 2.83088135719
1465497302299  3153.43774414 5383.27148438 2.93564343452
1465497302362  3161.21533203 5397.93212891 3.04776406288
1465497302430  3168.21875 5414.5 3.18049097061
1465497302498  3172.9152832 5429.91748047 3.28714466095
1465497302562  3175.77099609 5446.37695312 3.39459991455
1465497302632  3176.67089844 5462.93066406 3.51503992081
1465497302698  3175.50439453 5479.67089844 3.63119029999
1465497302765  3172.44189453 5496.89111328 3.73129916191
1465497302831  3167.32739258 5512.98583984 3.84996509552
1465497302899  3160.45849609 5528.21484375 3.98772072792
1465497302978  3151.90551758 5543.03515625 4.09123373032
1465497303029  3141.42382812 5556.40527344 4.20542430878
1465497303098  3128.92578125 5568.7421875 4.31333255768
1465497303166  3116.32910156 5579.90673828 4.43170166016
1465497303230  3102.28173828 5588.69824219 4.55331373215
1465497303368  3070.48779297 5601.50830078 4.78936290741
1465497303431  3053.55371094 5605.58251953 4.89000701904
1465497303499  3036.79956055 5607.00683594 5.00368356705
1465497303566  3020.22949219 5607.33398438 5.12682151794
1465497303634  3002.9621582 5604.93847656 5.24270772934
1465497303699  2986.6418457 5600.765625 5.36623334885
1465497303767  2970.81152344 5594.61767578 5.46276855469
1465497303834  2955.75170898 5586.87060547 5.58611059189
1465497303898  2941.70751953 5577.07958984 5.71361017227
1465497303966  2929.20141602 5566.84326172 5.82890605927
1465497304035  2917.76318359 5553.90332031 5.94567298889
1465497304097  2907.7722168 5540.03076172 6.06685256958
1465497304166  2899.44311523 5524.18115234 6.17308425903
1465497304233  2891.49975586 5508.52392578 0.00943035259843
1465497304301  2888.24902344 5492.70703125 0.119184680283
1465497304433  2884.43237305 5458.98876953 0.371213525534
1465497304502  2885.14208984 5441.70947266 0.490635365248
1465497304567  2888.265625 5424.91943359 0.609922945499
1465497304634  2893.90478516 5408.9140625 0.715765714645
1465497304705  2901.15283203 5393.10009766 0.862508654594
1465497304767  2909.77661133 5378.07373047 0.971989393234
1465497304835  2920.35717773 5364.83105469 1.0817759037
1465497304903  2932.02807617 5352.17089844 1.20233535767
1465497304966  2945.8737793 5341.34130859 1.31867730618
1465497305034  2960.50366211 5332.0859375 1.43449795246
1465497305101  2975.49975586 5323.5 1.5707950592
1465497305170  2992.40576172 5319.53369141 1.65452730656
1465497305233  3009.140625 5315.74365234 1.78335058689
1465497305302  3025.53955078 5314.30761719 1.90498697758
1465497305369  3043.16040039 5314.52050781 2.02388477325
1465497305434  3060.20629883 5316.62109375 2.13849473
1465497305501  3076.45654297 5321.38916016 2.2450568676
1465497305569  3091.67675781 5326.53857422 2.36652731895
1465497305635  3107.06884766 5335.17041016 2.5057246685
1465497305703  3121.2175293 5344.86914062 2.60905718803
1465497305772  3133.22753906 5355.98242188 2.7173511982
1465497305836  3144.78564453 5369.17529297 2.83185148239
1465497305901  3154.79638672 5383.04394531 2.94445633888
1465497305969  3162.06030273 5398.42138672 3.05707573891
1465497306037  3169.19946289 5414.5 3.17853450775
1465497306170  3176.25195312 5446.94482422 3.40699577332
1465497306238  3177.15380859 5464.25732422 3.52660036087
1465497306302  3175.75683594 5480.50146484 3.63254594803
1465497306369  3172.33276367 5497.46289062 3.74015831947
1465497306437  3166.96118164 5513.45166016 3.85749340057
1465497306504  3160.21606445 5528.74267578 3.99432826042
1465497306570  3151.79589844 5543.7109375 4.09919786453
1465497306638  3141.46191406 5556.43603516 4.21945905685
1465497306706  3128.63085938 5568.71777344 4.33143281937
1465497306771  3115.31835938 5579.27392578 4.44462060928
1465497306838  3100.97363281 5588.53515625 4.56590223312
1465497306905  3086.78808594 5596.5 4.69655179977
1465497306970  3069.53369141 5600.59375 4.79611873627
1465497307038  3052.99755859 5604.20458984 4.90385389328
1465497307106  3035.4777832 5606.02246094 5.02297639847
1465497307169  3018.34667969 5605.63330078 5.13423681259
1465497307237  3002.02685547 5602.85253906 5.25094032288
1465497307305  2985.79394531 5598.11328125 5.37043809891
1465497307373  2970.48266602 5592.01611328 5.49191999435
1465497307436  2955.0559082 5584.25 5.61646986008
1465497307508  2941.265625 5574.73193359 5.72520923615
1465497307572  2927.98901367 5564.06640625 5.83560752869
1465497307637  2917.27880859 5550.92089844 5.97176742554
1465497307704  2907.06640625 5536.96240234 6.07538747787
1465497307772  2899.30297852 5521.66503906 6.18812847137
1465497307905  2888.6550293 5488.88623047 0.137858599424
1465497307972  2885.78173828 5472.37109375 0.263314336538
1465497308042  2885.26708984 5455.61083984 0.379141509533
1465497308106  2886.33374023 5438.35351562 0.507453501225
1465497308174  2889.80517578 5421.47705078 0.620038926601
1465497308243  2895.67236328 5405.14599609 0.757281839848
1465497308306  2902.76147461 5389.59082031 0.873356878757
1465497308374  2911.36279297 5374.86376953 0.988958120346
1465497308442  2922.04101562 5361.23876953 1.09418666363
1465497308505  2934.98364258 5349.12841797 1.2162528038
1465497308574  2948.59204102 5338.80712891 1.33241152763
1465497308641  2962.80883789 5329.68457031 1.44041514397
1465497308705  2978.828125 5323.5 1.56575214863
1465497308773  2995.13916016 5317.34228516 1.69688045979
1465497308840  3012.05273438 5314.26416016 1.80060112476
1465497308909  3029.16918945 5312.81347656 1.92436563969
1465497308972  3046.95654297 5313.72802734 2.03561711311
1465497309040  3063.41748047 5315.86572266 2.15787196159
1465497309108  3079.42675781 5320.96386719 2.2749350071
1465497309177  3094.96337891 5327.54101562 2.41586470604
1465497309240  3109.45141602 5334.98876953 2.51358556747
1465497309308  3123.35058594 5345.12011719 2.62045431137
1465497309372  3135.94287109 5357.203125 2.73445057869
1465497309440  3147.0625 5370.15039062 2.85615229607
1465497309508  3156.62792969 5384.12255859 2.97438359261
1465497309580  3164.12158203 5400.02587891 3.10379290581
1465497309641  3169.84960938 5415.39160156 3.19423627853
1465497309708  3173.96923828 5431.97802734 3.31387615204
1465497309777  3176.65893555 5448.75830078 3.41534137726
1465497309841  3176.85839844 5465.23486328 3.54066753387
1465497309979  3171.53979492 5498.78271484 3.77195978165
1465497310042  3166.07080078 5514.71875 3.86442518234
1465497310110  3159.28125 5529.515625 4.01177120209
1465497310177  3150.24462891 5543.38085938 4.12628984451
1465497310243  3139.08544922 5556.65625 4.25077056885
1465497310309  3126.80224609 5568.88037109 4.35712051392
1465497310376  3113.79858398 5579.19140625 4.46430253983
1465497310445  3099.17993164 5588.17138672 4.584649086
1465497310509  3081.375 5596.5 4.69487380981
1465497310576  3067.09667969 5600.04785156 4.80634260178
1465497310645  3050.38183594 5603.07568359 4.9214553833
1465497310708  3033.41894531 5604.31054688 5.03136777878
1465497310776  3016.2265625 5603.58447266 5.14532518387
1465497310844  2999.58374023 5600.82128906 5.27168893814
1465497310909  2983.24926758 5596.7421875 5.38525295258
1465497311044  2953.45556641 5582.11962891 5.62718677521
1465497311113  2939.42724609 5572.06005859 5.74782037735
1465497311177  2927.0065918 5560.64160156 5.85825300217
1465497311244  2915.75927734 5547.73242188 5.96535825729
1465497311378  2898.26586914 5518.04345703 6.21069717407
1465497311446  2891.81933594 5502.85107422 0.0332779362798
1465497311514  2887.84912109 5487.09228516 0.151845887303
1465497311576  2885.39746094 5470.12988281 0.271164953709
1465497311645  2885.12426758 5452.99267578 0.387787640095
1465497311713  2885.96777344 5435.81787109 0.506971538067
1465497311781  2889.91845703 5419.29882812 0.624541282654
1465497311844  2895.73852539 5403.01611328 0.739146649837
1465497311912  2902.32714844 5387.33886719 0.861593961716
1465497311982  2910.97167969 5372.4453125 0.98629039526
1465497312046  2921.51733398 5359.35449219 1.0971571207
1465497312111  2933.92700195 5347.33056641 1.22038471699
1465497312180  2947.75854492 5336.65380859 1.33424293995
1465497312244  2962.16015625 5327.81347656 1.45248949528
1465497312313  2975.71850586 5323.5 1.56895387173
1465497312392  2993.90869141 5315.29541016 1.68639814854
1465497312443  3010.96899414 5311.85498047 1.79751598835
1465497312512  3028.12792969 5310.39501953 1.90999186039
1465497312580  3044.74755859 5310.99023438 2.03444457054
1465497312648  3061.36328125 5313.46875 2.13610720634
1465497312782  3093.57910156 5324.00634766 2.3863055706
1465497312850  3108.24047852 5332.57958984 2.50329303741
1465497312912  3122.36694336 5342.08642578 2.60600352287
1465497312980  3134.671875 5353.42578125 2.73096776009
1465497313048  3146.00708008 5366.35400391 2.83114218712
1465497313112  3155.83081055 5380.5625 2.95543885231
1465497313180  3162.72216797 5395.60742188 3.06623244286
1465497313248  3170.84619141 5411.37548828 3.18967533112
1465497313317  3173.9309082 5427.26611328 3.28464221954
1465497313380  3176.56933594 5443.85253906 3.40110445023
1465497313453  3177.63989258 5460.49658203 3.51798295975
1465497313515  3176.65625 5476.73730469 3.63953876495
1465497313581  3173.72094727 5492.81542969 3.74786281586
1465497313649  3168.63330078 5509.25634766 3.86110043526
1465497313717  3161.73681641 5524.30810547 3.98769450188
1465497313847  3143.22021484 5552.52978516 4.20748853683
1465497313916  3131.2902832 5564.59765625 4.31991052628
1465497313982  3117.69384766 5575.53466797 4.43087863922
1465497314048  3103.90356445 5584.54833984 4.54244661331
1465497314115  3088.57495117 5592.18798828 4.65101003647
1465497314185  3072.55371094 5597.26464844 4.75027751923
1465497314249  3055.73095703 5601.44482422 4.88456773758
1465497314318  3039.23193359 5603.28515625 5.00202560425
1465497314386  3022.07958984 5602.75195312 5.11285257339
1465497314448  3005.30859375 5601.28027344 5.2321972847
1465497314516  2988.85375977 5597.03417969 5.34450435638
1465497314584  2973.36401367 5591.41650391 5.46972179413
1465497314648  2958.06152344 5583.36425781 5.58691215515
1465497314717  2944.05664062 5574.91113281 5.6965303421
1465497314784  2930.90112305 5563.36181641 5.82672691345
1465497314852  2919.63769531 5551.45214844 5.94778394699
1465497314915  2909.25830078 5537.34814453 6.05746507645
1465497314982  2901.10424805 5522.7890625 6.17858552933
1465497315050  2892.02734375 5505.49951172 6.27037572861
1465497315115  2889.25976562 5490.60400391 0.115528292954
1465497315190  2886.48730469 5474.05712891 0.233213022351
1465497315251  2885.28759766 5457.00097656 0.353468745947
1465497315315  2885.52319336 5440.046875 0.476395756006
1465497315384  2888.71533203 5423.58935547 0.59331870079
1465497315583  2909.02612305 5376.43359375 0.951664209366
1465497315651  2919.15283203 5362.12207031 1.07736372948
1465497315720  2930.93554688 5349.78076172 1.18740522861
1465497315784  2944.31298828 5338.66162109 1.30905079842
1465497315920  2974.36987305 5323.24707031 1.54499745369
1465497315985  2990.33520508 5315.68066406 1.65156757832
1465497316053  3006.72290039 5312.31640625 1.76261150837
1465497316121  3023.50537109 5309.83300781 1.88066637516
1465497316186  3040.63793945 5310.54199219 1.99522602558
1465497316252  3057.40429688 5312.08837891 2.11113023758
1465497316319  3073.91992188 5315.90966797 2.22172665596
1465497316388  3089.79345703 5322.29394531 2.33928847313
1465497316453  3104.56494141 5328.96044922 2.46602988243
1465497316521  3118.65185547 5338.55126953 2.57458925247
1465497316587  3132.0168457 5349.76318359 2.69442009926
1465497316650  3143.42041016 5361.52099609 2.80549240112
1465497316719  3153.30102539 5375.46289062 2.92166781425
1465497316788  3161.41845703 5390.83251953 3.04437851906
1465497316850  3170.63745117 5407.5 3.14466524124
1465497316920  3173.36474609 5422.48828125 3.25394916534
1465497316988  3176.49707031 5438.65185547 3.36221504211
1465497317056  3178.12524414 5455.375 3.4896402359
1465497317119  3177.74780273 5471.99023438 3.60523986816
1465497317187  3175.43212891 5487.48779297 3.72687602043
1465497317318  3163.43115234 5520.24755859 3.94981026649
1465497317386  3155.25585938 5534.10351562 4.0646276474
1465497317459  3145.46264648 5547.63427734 4.17909622192
1465497317518  3134.01098633 5560.79150391 4.29178094864
1465497317586  3121.60620117 5571.60644531 4.40126419067
1465497317655  3107.33447266 5581.28320312 4.51673936844
1465497317722  3091.97729492 5589.17480469 4.61198663712
1465497317787  3076.2019043 5596.5 4.75250339508
1465497317856  3060.45605469 5599.52099609 4.84510612488
1465497317923  3043.80957031 5601.21142578 4.96075296402
1465497317989  3026.48632812 5602.48632812 5.07797288895
1465497318054  3010.19140625 5600.79394531 5.20622587204
1465497318123  2993.98168945 5598.328125 5.30346059799
1465497318187  2977.52514648 5592.30957031 5.41749191284
1465497318255  2962.32763672 5585.55810547 5.56305217743
1465497318325  2947.44677734 5577.34716797 5.6732673645
1465497318385  2934.67358398 5566.46044922 5.78802871704
1465497318455  2922.99902344 5555.12255859 5.90182542801
1465497318522  2912.2043457 5541.84960938 6.00022554398
1465497318591  2902.98168945 5527.38378906 6.1162443161
1465497318660  2896.02294922 5511.72851562 6.22822904587
1465497318722  2890.22167969 5495.82763672 0.0631278306246
1465497318790  2886.28149414 5479.59326172 0.17579215765
1465497318855  2884.72021484 5462.66064453 0.31219035387
1465497318923  2884.7878418 5445.89257812 0.416001170874
1465497319056  2890.85888672 5412.11035156 0.645938396454
1465497319124  2895.59887695 5396.61035156 0.774737000465
1465497319192  2904.14746094 5380.76025391 0.909285962582
1465497319260  2913.48730469 5366.36035156 1.0235812664
1465497319323  2924.65893555 5353.53173828 1.14805293083
1465497319391  2937.53198242 5341.54980469 1.25742733479
1465497319458  2951.12744141 5331.58837891 1.36773145199
1465497319522  2965.76464844 5322.91113281 1.4881619215
1465497319591  2982.5 5316.5 1.57079803944
1465497319659  2998.12402344 5311.57861328 1.72034657001
1465497319722  3015.34204102 5308.9609375 1.82550632954
1465497319791  3032.43969727 5307.96142578 1.94698488712
1465497319861  3048.859375 5309.25634766 2.05602908134
1465497319928  3065.71948242 5312.28417969 2.1737883091
1465497319991  3081.78735352 5317.55517578 2.29200482368
1465497320126  3111.38549805 5332.37890625 2.52878022194
1465497320190  3125.09033203 5343.12695312 2.64869785309
1465497320259  3137.37988281 5354.59716797 2.76748561859
1465497320327  3148.2421875 5367.53662109 2.86960053444
1465497320391  3157.2956543 5381.67675781 2.98059535027
1465497320460  3164.5 5397.42431641 3.09945082664
1465497320529  3170.40161133 5413.25927734 3.18687868118
1465497320589  3174.33129883 5429.77734375 3.31981468201
1465497320659  3176.84619141 5445.94628906 3.43035507202
1465497320726  3177.38574219 5462.30078125 3.55731153488
1465497320795  3175.83691406 5478.63134766 3.67630934715
1465497320858  3172.11962891 5495.07128906 3.77945137024
1465497320926  3166.36376953 5510.86425781 3.92329001427
1465497320994  3158.24462891 5525.97900391 4.01961135864
1465497321058  3148.71240234 5540.74707031 4.12747335434
1465497321128  3137.82470703 5553.88330078 4.24993371964
1465497321193  3126.13720703 5565.359375 4.34914207458
1465497321257  3112.86181641 5575.46386719 4.4683599472
1465497321325  3097.9453125 5583.48339844 4.57770109177
1465497321393  3080.5 5589.5 4.71238803864
1465497321526  3048.96777344 5599.16796875 4.91539335251
1465497321594  3032.45019531 5600.49609375 5.02851867676
1465497321662  3015.83422852 5600.10546875 5.15426301956
1465497321725  2998.61938477 5597.109375 5.26153087616
1465497321795  2982.72460938 5592.64697266 5.36890792847
1465497321864  2966.86914062 5586.91113281 5.47979021072
1465497321927  2952.13745117 5578.91943359 5.6149058342
1465497321995  2938.93261719 5568.62304688 5.74194192886
1465497322062  2926.03735352 5557.49853516 5.86018323898
1465497322125  2915.79248047 5545.14013672 5.96124410629
1465497322195  2905.77246094 5531.06298828 6.08153247833
1465497322262  2897.55834961 5515.87792969 6.19305086136
1465497322329  2891.49951172 5499.02734375 0.0129244960845
1465497322394  2886.86816406 5483.59716797 0.145027339458
1465497322462  2884.93017578 5466.90429688 0.260649383068
1465497322531  2883.80761719 5450.06835938 0.370326340199
1465497322593  2885.07299805 5432.72216797 0.492509067059
1465497322661  2888.82299805 5415.72607422 0.606937110424
1465497322729  2893.94042969 5399.56298828 0.734270393848
1465497322791  2901.01049805 5384.20898438 0.861396789551
1465497322870  2909.27099609 5369.03222656 0.965226173401
1465497322930  2919.45092773 5355.66601562 1.08806085587
1465497322998  2931.72900391 5344.09716797 1.20949614048
1465497323062  2945.44287109 5333.37744141 1.32514441013
1465497323130  2960.1809082 5324.27783203 1.42994272709
1465497323261  2991.38549805 5311.62060547 1.66970407963
1465497323331  3007.80517578 5308.04980469 1.78507244587
1465497323399  3024.91259766 5305.91162109 1.89767086506
1465497323464  3041.84521484 5306.42236328 2.0117046833
1465497323532  3058.26611328 5308.78808594 2.12942767143
1465497323598  3074.85522461 5312.76464844 2.24057650566
1465497323666  3090.85644531 5319.58789062 2.36725831032
1465497323730  3105.8659668 5326.60449219 2.48057103157
1465497323799  3119.63232422 5336.33398438 2.59895467758
1465497323866  3131.6730957 5346.51269531 2.70390439034
1465497323930  3143.66552734 5359.00048828 2.81324934959
1465497323998  3153.59082031 5373.95214844 2.92742037773
1465497324066  3161.62451172 5388.98242188 3.04696059227
1465497324130  3168.57763672 5405.20605469 3.20011472702
1465497324198  3172.90869141 5420.21826172 3.2726020813
1465497324327  3177.03320312 5453.49121094 3.49487066269
1465497324398  3176.40209961 5468.85546875 3.62112569809
1465497324466  3173.95556641 5486.06787109 3.72687506676
1465497324533  3169.00610352 5501.73779297 3.83800053596
1465497324598  3162.03076172 5517.640625 3.99008059502
1465497324668  3153.66357422 5532.00488281 4.07348871231
1465497324736  3144.63964844 5545.89501953 4.18709468842
1465497324798  3132.64868164 5558.3203125 4.30586719513
1465497324866  3120.01953125 5569.03515625 4.41088294983
1465497324934  3105.28710938 5578.50976562 4.51818656921
1465497324997  3090.60253906 5586.23388672 4.62559556961
1465497325065  3073.68457031 5592.06835938 4.75059366226
1465497325134  3058.06933594 5596.50146484 4.86042976379
1465497325200  3041.23950195 5598.58642578 4.97772789001
1465497325265  3023.97021484 5599.07617188 5.0917263031
1465497325333  3007.44946289 5597.26220703 5.21360397339
1465497325402  2991.25097656 5593.95947266 5.32824134827
1465497325464  2974.86108398 5588.1953125 5.43801879883
1465497325532  2959.70043945 5581.52441406 5.56601047516
1465497325600  2946.09814453 5572.46337891 5.68843603134
1465497325734  2921.39599609 5549.81152344 5.90716314316
1465497325802  2911.44189453 5536.30566406 6.01909399033
1465497325864  2901.87548828 5521.34814453 6.13880109787
1465497325933  2895.20556641 5505.5 6.23898267746
1465497326076  2886.12670898 5473.50683594 0.195961773396
1465497326139  2884.44848633 5456.65234375 0.321738660336
1465497326208  2884.56225586 5439.94287109 0.428952276707
1465497326276  2887.46289062 5422.76904297 0.548983812332
1465497326340  2891.46850586 5406.66650391 0.674122929573
1465497326409  2896.56982422 5391.76074219 0.794474422932
1465497326475  2905.23461914 5375.59375 0.922247588634
1465497326537  2914.80932617 5361.52734375 1.03497767448
1465497326609  2926.04541016 5348.29736328 1.15190768242
1465497326677  2939.05688477 5337.24121094 1.2662191391
1465497326738  2952.69116211 5327.27050781 1.37645757198
1465497326800  2966.99658203 5319.22998047 1.49149394035
1465497326868  2982.5 5312.16796875 1.61240780354
1465497326938  3000.09936523 5308.08837891 1.71851217747
1465497327000  3016.65283203 5305.25048828 1.83401548862
1465497327069  3033.61230469 5304.96630859 1.94987785816
1465497327138  3050.33203125 5305.89599609 2.06647229195
1465497327199  3067.37182617 5309.12304688 2.18036103249
1465497327269  3083.44824219 5314.06787109 2.30245351791
1465497327337  3098.1027832 5321.07470703 2.4197204113
1465497327405  3113.18286133 5329.44238281 2.52764558792
1465497327468  3126.51464844 5339.37841797 2.65406990051
1465497327536  3138.62841797 5351.35009766 2.7484691143
1465497327606  3149.13330078 5364.29882812 2.86955142021
1465497327668  3157.8671875 5379.21142578 2.99077534676
1465497327746  3164.70751953 5394.40771484 3.12021803856
1465497327805  3171.52929688 5409.74072266 3.20825052261
1465497327867  3175.43383789 5425.86230469 3.3195734024
1465497327937  3177.49169922 5442.3828125 3.43463945389
1465497328005  3178.17626953 5458.96875 3.54626750946
1465497328069  3176.20947266 5475.44775391 3.66882491112
1465497328139  3172.72705078 5492.01025391 3.76806020737
1465497328207  3166.94116211 5507.68164062 3.86901092529
1465497328274  3159.71533203 5522.44384766 4.00618600845
1465497328335  3150.71459961 5537.11474609 4.12172460556
1465497328405  3139.5090332 5549.56835938 4.24840116501
1465497328473  3128.01733398 5561.91796875 4.34888219833
1465497328536  3114.08422852 5571.71875 4.45410680771
1465497328604  3100.05078125 5581.05175781 4.57394981384
1465497328672  3084.87939453 5588.73925781 4.66022014618
1465497328734  3068.77636719 5592.95800781 4.78963327408
1465497328806  3051.89111328 5596.36035156 4.90245008469
1465497328872  3035.43310547 5598.44970703 5.01785802841
1465497328940  3018.0703125 5597.88525391 5.1357755661
1465497329003  3001.53759766 5595.30566406 5.2552113533
1465497329073  2985.47558594 5590.87988281 5.36178731918
1465497329148  2970.23486328 5584.48876953 5.48868227005
1465497329211  2954.89208984 5576.92285156 5.61411714554
1465497329273  2941.06982422 5567.08740234 5.71734523773
1465497329341  2928.140625 5557.20947266 5.82892560959
1465497329402  2917.68261719 5544.12597656 5.94372034073
1465497329541  2899.83447266 5514.99121094 6.17412853241
1465497329608  2891.49951172 5498.5 1.73250316493e-06
1465497329675  2888.51342773 5483.37841797 0.114782527089
1465497329742  2885.67944336 5466.64501953 0.237260758877
1465497329810  2884.609375 5449.96923828 0.35338678956
1465497329872  2885.6472168 5432.51025391 0.469973921776
1465497329940  2888.3046875 5416.55615234 0.585981011391
1465497330008  2892.69970703 5399.61181641 0.694625854492
1465497330071  2899.46923828 5384.22021484 0.84102255106
1465497330140  2908.17651367 5369.27490234 0.947267472744
1465497330209  2918.12646484 5355.83691406 1.0619354248
1465497330272  2929.65625 5343.68408203 1.18681418896
1465497330341  2942.81103516 5332.82666016 1.30363357067
1465497330409  2956.57763672 5323.19091797 1.41575849056
1465497330475  2972.19677734 5316.5 1.52876019478
1465497330548  2988.30029297 5309.87109375 1.63283884525
1465497330608  3005.13427734 5305.87792969 1.76004850864
1465497330676  3021.52416992 5303.70263672 1.873519063
1465497330740  3038.42822266 5303.14013672 1.98245823383
1465497330808  3055.29760742 5305.40478516 2.09588003159
1465497330940  3087.71826172 5314.71630859 2.31776499748
1465497331009  3103.07373047 5321.63671875 2.44565653801
1465497331077  3116.79711914 5330.88769531 2.56138849258
1465497331144  3129.74438477 5341.63085938 2.67181038857
1465497331208  3141.53662109 5353.28808594 2.78837180138
1465497331277  3152.38061523 5366.86621094 2.90274953842
1465497331343  3160.24853516 5381.25048828 3.00069260597
1465497331407  3167.25073242 5394.76269531 3.07964873314
1465497331476  3173.15698242 5412.16357422 3.23192691803
1465497331544  3176.76928711 5428.52539062 3.34838056564
1465497331607  3178.23388672 5444.76464844 3.45740604401
1465497331676  3178.12329102 5460.84960938 3.57189226151
1465497331744  3176.33203125 5477.8203125 3.69725871086
1465497331806  3171.73828125 5493.69580078 3.79844784737
1465497331945  3157.88500977 5524.75048828 4.02072477341
1465497332011  3148.56591797 5538.34277344 4.1369342804
1465497332075  3137.61962891 5551.07275391 4.26766204834
1465497332143  3125.80297852 5562.99804688 4.37695789337
1465497332211  3111.74365234 5572.88769531 4.48290872574
1465497332284  3096.82763672 5580.94873047 4.58494472504
1465497332344  3080.5 5589.5 4.71238803864
1465497332412  3064.89404297 5592.65136719 4.81243228912
1465497332474  3048.79785156 5595.75292969 4.92239809036
1465497332544  3031.68164062 5596.56152344 5.04216337204
1465497332679  2998.61352539 5593.07470703 5.27378940582
1465497332745  2982.80419922 5588.65527344 5.38316202164
1465497332812  2968.4375 5582.61279297 5.51178359985
1465497332879  2952.84545898 5574.35546875 5.63321781158
1465497332944  2938.71923828 5564.15820312 5.73625421524
1465497333011  2926.11181641 5552.74316406 5.84570837021
1465497333079  2915.63208008 5540.33154297 5.9673666954
1465497333142  2906.39306641 5525.83251953 6.07461977005
1465497333212  2897.7644043 5510.24707031 6.19996643066
1465497333280  2891.49951172 5495.23144531 0.0224925912917
1465497333346  2887.30175781 5479.59667969 0.142103999853
1465497333412  2884.52099609 5462.87353516 0.261709392071
1465497333480  2884.19726562 5445.60595703 0.377469390631
1465497333547  2885.17724609 5428.59863281 0.501680910587
1465497333610  2888.81494141 5412.27880859 0.602304756641
1465497333681  2893.44604492 5396.20654297 0.713440537453
1465497333747  2901.04125977 5380.65771484 0.858675420284
1465497333809  2909.46142578 5366.16259766 0.96822488308
1465497333879  2919.65307617 5352.26953125 1.08528637886
1465497333947  2931.51733398 5340.4296875 1.19251513481
1465497334015  2944.6784668 5329.83251953 1.31173121929
1465497334085  2959.38964844 5320.73828125 1.43132710457
1465497334154  2975.2434082 5313.18408203 1.52108752728
1465497334223  2991.04516602 5307.18896484 1.64844620228
1465497334286  3007.38891602 5304.01660156 1.76735460758
1465497334355  3024.07885742 5302.35742188 1.89026939869
1465497334422  3041.09472656 5301.60253906 1.99548065662
1465497334477  3057.48168945 5303.81982422 2.1103386879
1465497334546  3073.94702148 5307.88671875 2.21560740471
1465497334615  3089.39819336 5314.00048828 2.33316111565
1465497334690  3104.53076172 5321.171875 2.46628141403
1465497334754  3118.32373047 5329.92382812 2.5752184391
1465497334822  3130.9621582 5340.65722656 2.68032097816
1465497334883  3143.01513672 5353.35986328 2.7923913002
1465497334946  3152.78100586 5366.56787109 2.90442848206
1465497335083  3170.87646484 5394.81445312 3.11987519264
1465497335145  3173.7956543 5411.81445312 3.23824644089
1465497335215  3176.62402344 5428.45800781 3.36629009247
1465497335283  3178.79199219 5444.33642578 3.47758769989
1465497335345  3178.26806641 5461.41015625 3.5944314003
1465497335416  3175.71801758 5477.24121094 3.70996856689
1465497335484  3170.71264648 5493.51123047 3.81147766113
1465497335547  3164.37768555 5508.87792969 3.92279553413
1465497335614  3156.16821289 5524.22509766 4.04923009872
1465497335684  3147.26147461 5538.19335938 4.14851284027
1465497335752  3136.38623047 5550.77294922 4.25990200043
1465497335814  3123.06933594 5562.03564453 4.38196992874
1465497335885  3109.40478516 5571.16845703 4.48516130447
1465497335952  3095.41674805 5579.56054688 4.60312461853
1465497336014  3080.5 5586.52783203 4.69919204712
1465497336151  3046.6003418 5593.8828125 4.94337034225
1465497336214  3029.86279297 5594.99755859 5.05796670914
1465497336282  3013.14111328 5594.25048828 5.17484474182
1465497336350  2996.65527344 5591.25 5.2811460495
1465497336483  2964.99951172 5578.99951172 5.49778699875
1465497336552  2951.22509766 5571.22753906 5.63360404968
1465497336619  2937.75390625 5561.30615234 5.75146865845
1465497336681  2925.7109375 5549.78515625 5.85955142975
1465497336753  2914.09716797 5536.50634766 5.98365402222
1465497336819  2905.29248047 5523.23095703 6.08459854126
1465497336881  2896.89086914 5508.52978516 6.20120382309
1465497336951  2891.49951172 5492.21191406 0.0160265602171
1465497337019  2886.51098633 5476.36767578 0.155770599842
1465497337087  2884.07714844 5459.88574219 0.266483485699
1465497337151  2883.80810547 5443.06787109 0.370324105024
1465497337219  2884.97729492 5425.89648438 0.493309348822
1465497337286  2888.01904297 5409.23925781 0.617243111134
1465497337348  2893.96557617 5392.85400391 0.73378020525
1465497337418  2900.93188477 5377.81103516 0.864116370678
1465497337490  2909.57617188 5363.71728516 0.971281766891
1465497337549  2920.2175293 5349.71044922 1.07767391205
1465497337618  2932.39746094 5337.69873047 1.21047174931
1465497337686  2945.06518555 5326.72558594 1.31371581554
1465497337827  2975.49975586 5309.5 1.57079708576
1465497337887  2991.82177734 5305.27587891 1.65576612949
1465497337954  3007.63110352 5301.35888672 1.77731049061
1465497338019  3024.11743164 5300.18603516 1.87997543812
1465497338087  3041.23632812 5299.83789062 2.00239109993
1465497338219  3074.29858398 5305.81445312 2.22969675064
1465497338287  3089.42993164 5311.23876953 2.36526870728
1465497338356  3104.80419922 5319.26660156 2.4677438736
1465497338419  3119.13037109 5328.67236328 2.57701468468
1465497338486  3131.12011719 5339.40527344 2.69590044022
1465497338555  3143.17333984 5351.34619141 2.80759501457
1465497338622  3152.58764648 5364.92236328 2.90553164482
1465497338686  3161.52148438 5378.98193359 3.0290453434
1465497338754  3170.48950195 5393.5 3.14925050735
1465497338822  3173.34472656 5410.52197266 3.24792337418
1465497338885  3176.73754883 5426.80224609 3.36615419388
1465497338955  3177.7890625 5443.35253906 3.47141313553
1465497339023  3176.93066406 5459.90966797 3.58442783356
1465497339085  3174.70507812 5476.36083984 3.70606660843
1465497339155  3170.56420898 5492.34765625 3.81058192253
1465497339225  3163.12792969 5507.62841797 3.92871975899
1465497339292  3156.17724609 5522.87890625 4.04655456543
1465497339353  3146.90991211 5536.55419922 4.15322685242
1465497339422  3135.65551758 5549.31103516 4.26741266251
1465497339491  3123.27636719 5560.31298828 4.39241027832
1465497339555  3110.05273438 5570.66796875 4.49625778198
1465497339623  3095.0847168 5578.50195312 4.6052107811
1465497339690  3080.49975586 5582.92431641 4.71054410934
1465497339753  3063.35986328 5589.74121094 4.83133220673
1465497339822  3046.96240234 5592.33447266 4.94278478622
1465497339955  3013.34667969 5591.04003906 5.17603588104
1465497340022  2997.40039062 5589.36572266 5.29436969757
1465497340093  2980.88183594 5584.47607422 5.39342451096
1465497340159  2965.4074707 5578.39941406 5.51650619507
1465497340221  2950.95874023 5569.23828125 5.64337158203
1465497340291  2938.36279297 5559.02783203 5.75184440613
1465497340358  2925.953125 5547.86132812 5.85746049881
1465497340421  2915.27099609 5534.55078125 5.97136163712
1465497340492  2905.57373047 5520.921875 6.08958864212
1465497340561  2897.35766602 5506.62451172 6.20822191238
1465497340622  2891.49975586 5491.5 6.28318452835
1465497340689  2887.34106445 5474.98828125 0.151006281376
1465497340759  2885.46728516 5458.08789062 0.266330808401
1465497340826  2884.52197266 5440.88037109 0.381391257048
1465497340890  2885.93359375 5424.12353516 0.497393041849
1465497341025  2894.52294922 5391.72412109 0.735767602921
1465497341088  2901.63793945 5376.52001953 0.870098352432
1465497341158  2910.43481445 5361.47460938 0.964997172356
1465497341226  2920.70019531 5348.27099609 1.09444057941
1465497341290  2933.61621094 5336.47119141 1.21184790134
1465497341360  2946.83764648 5325.20507812 1.32744860649
1465497341428  2961.34472656 5316.70019531 1.43073761463
1465497341489  2975.49975586 5309.5 1.57079708576
1465497341557  2992.40136719 5304.48535156 1.65997755527
1465497341627  3008.62719727 5300.15136719 1.78244364262
1465497341694  3025.61206055 5298.05517578 1.8870049715
1465497341757  3042.40551758 5298.19384766 2.00738620758
1465497341827  3059.03369141 5300.54101562 2.11369895935
1465497341893  3075.36767578 5304.39257812 2.22265338898
1465497341956  3091.0 5309.49951172 2.3645927906
1465497342026  3106.04833984 5318.26269531 2.47048354149
1465497342094  3119.76391602 5326.86767578 2.57752680779
1465497342156  3132.50976562 5338.12597656 2.7017762661
1465497342225  3143.47460938 5350.87207031 2.80326986313
1465497342293  3153.41479492 5363.85742188 2.91544985771
1465497342368  3162.23876953 5378.07275391 3.02395749092
1465497342428  3171.5 5393.5 3.14159297943
1465497342499  3174.21191406 5409.57373047 3.24230098724
1465497342569  3177.43017578 5425.53466797 3.37038803101
1465497342628  3178.63793945 5442.09033203 3.47296524048
1465497342703  3177.92382812 5458.01806641 3.59896421432
1465497342767  3175.53759766 5475.25097656 3.70331788063
1465497342829  3171.12011719 5491.65039062 3.80925488472
1465497342898  3163.39257812 5506.82861328 3.9129049778
1465497342967  3157.23486328 5521.43310547 4.04428100586
1465497343043  3147.98730469 5535.49707031 4.15516471863
1465497343099  3136.36743164 5547.74169922 4.26649713516
1465497343167  3124.08105469 5559.37353516 4.37381649017
1465497343235  3110.80566406 5569.2109375 4.49491024017
1465497343296  3095.77001953 5577.60498047 4.59832668304
1465497343436  3064.14208984 5588.34277344 4.83435916901
1465497343498  3047.78125 5590.86474609 4.94276332855
1465497343567  3030.94628906 5592.22509766 5.05683088303
1465497343635  3013.50585938 5591.11962891 5.17172050476
1465497343702  2997.87182617 5588.10498047 5.27933835983
1465497343767  2981.77978516 5583.37939453 5.39593553543
1465497343834  2967.03808594 5577.16699219 5.51373291016
1465497343905  2952.4675293 5568.67529297 5.63888168335
1465497343964  2939.06201172 5558.61035156 5.74413299561
1465497344038  2926.38256836 5546.91503906 5.85767364502
1465497344102  2915.74951172 5534.18408203 5.96936511993
1465497344164  2906.37451172 5520.56494141 6.08108472824
1465497344234  2898.35205078 5506.1171875 6.20110416412
1465497344302  2891.49975586 5491.5 6.28318452835
1465497344366  2887.62817383 5474.33251953 0.146513402462
1465497344434  2885.46850586 5458.08447266 0.259695231915
1465497344503  2885.01074219 5440.87890625 0.371624171734
1465497344570  2886.14550781 5423.79296875 0.494731277227
1465497344633  2889.30908203 5407.11962891 0.618339002132
1465497344705  2894.38476562 5391.59960938 0.732558071613
1465497344769  2901.52929688 5376.08789062 0.85743701458
1465497344833  2910.47509766 5361.2109375 0.962693989277
1465497344903  2921.28173828 5347.72167969 1.0880638361
1465497344970  2932.86132812 5335.87304688 1.20145893097
1465497345032  2946.09692383 5324.85107422 1.31821060181
1465497345104  2960.78833008 5315.91113281 1.42132568359
1465497345171  2975.49975586 5309.5 1.57079708576
1465497345232  2992.08837891 5302.97509766 1.66172230244
1465497345304  3008.39428711 5299.07128906 1.7761412859
1465497345371  3025.18652344 5297.44238281 1.88846838474
1465497345437  3042.31689453 5297.31494141 2.00312185287
1465497345503  3058.71582031 5299.31542969 2.1175661087
1465497345571  3074.56982422 5303.26953125 2.23403954506
1465497345639  3090.50195312 5309.00195312 2.33942866325
1465497345700  3105.92382812 5316.38378906 2.46755480766
1465497345769  3119.72949219 5326.25146484 2.56948375702
1465497345835  3132.24072266 5336.86328125 2.68068528175
1465497345894  3143.71826172 5349.19726562 2.79870414734
1465497345966  3154.10693359 5362.32226562 2.92449069023
1465497346033  3162.1003418 5377.02392578 3.03218483925
1465497346099  3171.5 5393.5 3.14159297943
1465497346164  3174.37939453 5407.77246094 3.24589538574
1465497346234  3177.29614258 5423.890625 3.36222076416
1465497346300  3178.79418945 5440.85351562 3.47623300552
1465497346363  3178.08813477 5457.43701172 3.59280252457
1465497346432  3176.10400391 5473.78417969 3.70453858376
1465497346499  3171.45898438 5489.94189453 3.80962467194
1465497346563  3165.41943359 5504.82373047 3.92202758789
1465497346632  3157.48730469 5519.61621094 4.06221818924
1465497346700  3148.17431641 5533.71582031 4.1640496254
1465497346831  3123.87329102 5557.63183594 4.37788438797
1465497346901  3110.74169922 5567.38085938 4.5038022995
1465497346968  3096.14135742 5575.26269531 4.59703493118
1465497347030  3080.49975586 5582.5 4.71238899231
1465497347168  3047.79443359 5589.28027344 4.93791866302
1465497347232  3030.60058594 5590.13183594 5.05913543701
1465497347300  3014.37963867 5588.73095703 5.15917396545
1465497347370  2997.77563477 5586.02978516 5.28753709793
1465497347434  2981.7668457 5581.09765625 5.39994812012
1465497347500  2967.04199219 5574.59033203 5.53965330124
1465497347569  2952.05419922 5566.37841797 5.63519906998
1465497347635  2938.49511719 5556.30322266 5.74893903732
1465497347699  2926.82275391 5544.70654297 5.86229896545
1465497347768  2915.01123047 5531.88769531 5.98240375519
1465497347835  2906.75 5518.32617188 6.09355592728
1465497347899  2898.15380859 5503.25683594 6.21776342392
1465497347969  2891.84692383 5488.09521484 0.0396857894957
1465497348038  2887.83374023 5472.0390625 0.155934751034
1465497348099  2885.47021484 5455.125 0.276685804129
1465497348168  2885.53808594 5437.99316406 0.387005984783
1465497348236  2886.54321289 5421.1796875 0.50422424078
1465497348303  2890.515625 5404.48828125 0.624211609364
1465497348366  2895.70654297 5388.17089844 0.734790980816
1465497348436  2902.73217773 5372.99511719 0.864538252354
1465497348566  2922.86914062 5344.51855469 1.10462915897
1465497348637  2934.85913086 5332.97753906 1.21009671688
1465497348703  2947.93041992 5322.7265625 1.32335460186
1465497348768  2962.42431641 5314.02148438 1.43889760971
1465497348836  2976.93847656 5308.40966797 1.52787172794
1465497348906  2993.58056641 5300.69091797 1.66478693485
1465497348973  3010.13574219 5297.32519531 1.7827860117
1465497349035  3026.55517578 5295.8984375 1.89528095722
1465497349106  3044.19458008 5295.515625 2.00506472588
1465497349171  3060.55908203 5298.16308594 2.12598013878
1465497349235  3076.94189453 5302.20214844 2.22926950455
1465497349305  3092.50537109 5307.99414062 2.36474061012
1465497349371  3106.91943359 5315.55810547 2.47975897789
1465497349436  3121.10473633 5325.55029297 2.58602118492
1465497349505  3134.20581055 5337.10351562 2.70530939102
1465497349572  3144.83300781 5348.99560547 2.81631135941
1465497349636  3154.70581055 5362.23144531 2.93140339851
1465497349703  3163.55908203 5376.6640625 3.03488564491
1465497349772  3171.49951172 5393.0234375 3.15074872971
1465497349839  3175.00585938 5407.44189453 3.25772809982
1465497350038  3177.85400391 5457.77783203 3.60168552399
1465497350103  3175.48828125 5474.06005859 3.71556210518
1465497350172  3171.56396484 5489.88037109 3.81783676147
1465497350240  3165.03710938 5504.77734375 3.95431685448
1465497350304  3156.77758789 5520.1953125 4.07908725739
1465497350371  3147.70458984 5533.59570312 4.19112205505
1465497350441  3135.73291016 5545.90820312 4.28733730316
1465497350507  3122.18530273 5556.37890625 4.39613199234
1465497350570  3109.17749023 5566.21044922 4.50535106659
1465497350642  3093.90161133 5573.6953125 4.61346244812
1465497350708  3080.03637695 5582.35351562 4.72593641281
1465497350770  3062.62304688 5585.17382812 4.84264564514
1465497350841  3045.76855469 5587.28125 4.9597454071
1465497350906  3028.90576172 5588.08544922 5.0766620636
1465497350971  3012.01977539 5586.69335938 5.1748585701
1465497351039  2996.02490234 5583.69482422 5.28785133362
1465497351109  2980.02294922 5578.74853516 5.41129398346
1465497351171  2964.55249023 5571.92089844 5.51958990097
1465497351240  2950.60742188 5563.40820312 5.64184045792
1465497351309  2937.15991211 5553.22412109 5.75217914581
1465497351375  2925.19726562 5541.66796875 5.87219667435
1465497351437  2914.32543945 5529.12792969 5.99472904205
1465497351507  2905.0065918 5514.56542969 6.10335826874
1465497351574  2897.36376953 5500.23486328 6.22806787491
1465497351648  2891.67089844 5484.87548828 0.0315360501409
1465497351708  2887.22851562 5468.23876953 0.184113115072
1465497351774  2885.50219727 5451.11767578 0.308246672153
1465497351839  2886.02099609 5434.01416016 0.408020794392
1465497351906  2887.26000977 5417.14892578 0.527105271816
1465497352042  2896.44775391 5384.44775391 0.776495337486
1465497352105  2904.81689453 5368.72900391 0.892009198666
1465497352176  2914.31152344 5355.14453125 1.00522506237
1465497352243  2925.14233398 5341.55126953 1.11041116714
1465497352305  2937.60498047 5329.578125 1.224619627
1465497352376  2950.99169922 5319.78515625 1.34969937801
1465497352444  2965.57519531 5310.92529297 1.46731936932
1465497352507  2982.49975586 5302.5 1.57079708576
1465497352575  2996.97021484 5298.79443359 1.69633591175
1465497352645  3013.94775391 5295.703125 1.81981098652
1465497352711  3030.74365234 5294.33447266 1.92398178577
1465497352774  3047.4831543 5294.69189453 2.03294682503
1465497352846  3064.15258789 5297.70996094 2.15914297104
1465497352912  3080.7512207 5302.44775391 2.26679301262
1465497352973  3095.98193359 5308.65673828 2.38699817657
1465497353045  3110.99951172 5317.15136719 2.50685238838
1465497353109  3123.86254883 5327.40722656 2.61547517776
1465497353174  3136.59057617 5338.75097656 2.73296737671
1465497353243  3147.64672852 5351.56005859 2.84759545326
1465497353311  3157.28125 5365.73046875 2.97379302979
1465497353442  3170.98779297 5395.14599609 3.1834821701
1465497353512  3175.65917969 5411.68652344 3.31356096268
1465497353577  3177.79980469 5428.05175781 3.42157793045
1465497353641  3177.86889648 5444.83203125 3.52987766266
1465497353712  3176.81298828 5461.3828125 3.63532924652
1465497353779  3173.53686523 5477.56201172 3.74732732773
1465497353844  3167.99902344 5493.61425781 3.85708928108
1465497353912  3161.27319336 5508.96679688 3.99200558662
1465497353980  3153.32226562 5522.74267578 4.10198545456
1465497354043  3142.57128906 5536.12988281 4.21160984039
1465497354109  3130.45410156 5548.00878906 4.32062149048
1465497354180  3117.40698242 5559.05908203 4.43503856659
1465497354246  3103.14331055 5567.75097656 4.55012750626
1465497354309  3087.703125 5575.09667969 4.69860744476
1465497354380  3071.53710938 5580.39746094 4.78151130676
1465497354445  3055.66992188 5584.48486328 4.89461517334
1465497354511  3039.18164062 5585.89208984 4.99906396866
1465497354580  3022.0324707 5586.25488281 5.10751390457
1465497354646  3005.17651367 5584.03515625 5.23234605789
1465497354712  2989.13696289 5579.74023438 5.33856105804
1465497354781  2973.6328125 5574.30175781 5.4492816925
1465497354847  2958.27099609 5567.18066406 5.57773923874
1465497354910  2944.46142578 5558.328125 5.70722866058
1465497354977  2932.23144531 5546.91748047 5.79501390457
1465497355046  2920.2512207 5534.33544922 5.92328357697
1465497355177  2901.65112305 5507.06347656 6.16017484665
1465497355247  2893.77734375 5491.5 6.26790618896
1465497355313  2889.52441406 5475.99658203 0.106911256909
1465497355379  2886.4465332 5460.04345703 0.226968839765
1465497355446  2885.21630859 5442.32177734 0.34352645278
1465497355515  2886.29833984 5425.13623047 0.457968324423
1465497355580  2888.98876953 5408.95507812 0.569186866283
1465497355646  2892.89599609 5392.6484375 0.684179127216
1465497355718  2899.89453125 5376.58349609 0.840583145618
1465497355782  2908.0234375 5361.68164062 0.925406098366
1465497355845  2918.01782227 5348.01611328 1.05301296711
1465497355916  2929.58984375 5335.06835938 1.15788292885
1465497355982  2942.06835938 5324.16015625 1.26888179779
1465497356046  2956.41430664 5314.33984375 1.39292097092
1465497356117  2971.64477539 5306.44873047 1.48522889614
1465497356183  2987.18725586 5300.33740234 1.64415228367
1465497356247  3003.24975586 5295.84765625 1.7264701128
1465497356313  3020.078125 5293.26855469 1.84753620625
1465497356382  3036.7878418 5292.94970703 1.9668456316
1465497356451  3053.59375 5294.01611328 2.08181333542
1465497356515  3069.60058594 5297.47412109 2.19699454308
1465497356582  3086.28417969 5302.65625 2.31036567688
1465497356649  3101.48535156 5309.96386719 2.45021653175
1465497356714  3116.0847168 5318.80664062 2.54290962219
1465497356783  3128.70605469 5328.97753906 2.65067696571
1465497356915  3151.26635742 5353.70849609 2.8873155117
1465497356982  3159.85522461 5368.35205078 2.98366808891
1465497357049  3167.21850586 5383.06689453 3.05848050117
1465497357115  3173.60400391 5398.68212891 3.21171188354
1465497357180  3176.44580078 5414.95507812 3.32635307312
1465497357253  3178.56762695 5431.78027344 3.43811368942
1465497357318  3178.49829102 5448.37939453 3.55387592316
1465497357380  3177.41552734 5464.73339844 3.66599059105
1465497357451  3173.28125 5481.12548828 3.79079771042
1465497357517  3166.9921875 5496.73779297 3.90354371071
1465497357582  3159.94335938 5511.31591797 4.02512788773
1465497357650  3150.96777344 5525.48730469 4.123960495
1465497357718  3140.91455078 5538.34326172 4.25076770782
1465497357784  3127.93188477 5550.24707031 4.35093688965
1465497357849  3114.37353516 5560.37304688 4.46442604065
1465497357920  3100.3269043 5569.07714844 4.56996488571
1465497357985  3086.18725586 5575.5 4.690574646
1465497358048  3069.27099609 5580.59326172 4.80143737793
1465497358118  3052.30078125 5584.30615234 4.91282367706
1465497358184  3035.28833008 5585.30810547 5.02364444733
1465497358254  3018.74511719 5585.25292969 5.13336420059
1465497358318  3002.35180664 5582.73193359 5.25527381897
1465497358385  2986.12158203 5578.67382812 5.37258768082
1465497358450  2971.74951172 5572.47314453 5.4818315506
1465497358516  2956.41210938 5564.57275391 5.60351610184
1465497358653  2929.90893555 5543.51806641 5.84794998169
1465497358717  2918.54736328 5531.28710938 5.95410013199
1465497358788  2908.93261719 5517.88378906 6.06516456604
1465497358854  2900.9387207 5502.88867188 6.19535827637
1465497358918  2892.14038086 5487.95996094 0.0262195523828
1465497358986  2889.18896484 5472.63867188 0.128839194775
1465497359053  2886.69165039 5455.91894531 0.239780962467
1465497359117  2886.0859375 5438.72070312 0.35910269618
1465497359184  2887.09277344 5422.18554688 0.469125330448
1465497359253  2889.58129883 5405.23242188 0.595395982265
1465497359318  2894.54638672 5389.00634766 0.698576807976
1465497359385  2901.07006836 5373.76611328 0.841199636459
1465497359456  2909.61303711 5358.53466797 0.942278623581
1465497359522  2919.67822266 5344.81005859 1.05566680431
1465497359586  2931.40209961 5332.55224609 1.17590808868
1465497359659  2944.74267578 5321.40234375 1.28510820866
1465497359719  2958.22290039 5311.87744141 1.39492833614
1465497359785  2973.2434082 5303.98339844 1.50710952282
1465497359854  2988.95117188 5298.32861328 1.62578356266
1465497359920  3005.37841797 5294.09326172 1.74125301838
1465497360052  3038.75170898 5291.38867188 1.97073662281
1465497360122  3055.57641602 5293.16601562 2.0858361721
1465497360189  3072.01171875 5296.53125 2.19945025444
1465497360252  3087.75366211 5302.21289062 2.30806088448
1465497360322  3103.00048828 5308.85302734 2.44045567513
1465497360390  3117.43530273 5317.56396484 2.53944706917
1465497360452  3129.48388672 5328.33691406 2.66248059273
1465497360522  3141.70483398 5340.26513672 2.77039217949
1465497360588  3152.00170898 5353.20263672 2.87510251999
1465497360653  3161.59643555 5367.43701172 2.99324154854
1465497360720  3168.83007812 5380.69873047 3.08018326759
1465497360789  3174.31005859 5397.76074219 3.22534513474
1465497360853  3177.49194336 5414.02050781 3.32051038742
1465497360921  3179.18115234 5430.43164062 3.43879079819
1465497360991  3180.01196289 5446.97509766 3.557264328
1465497361057  3178.02416992 5463.68896484 3.6626598835
1465497361122  3174.44189453 5479.30957031 3.77642226219
1465497361189  3168.46606445 5495.24560547 3.88652348518
1465497361255  3161.36376953 5510.02197266 4.01261377335
1465497361320  3152.03442383 5523.73583984 4.11090040207
1465497361394  3141.97387695 5537.18652344 4.23103618622
1465497361456  3129.20361328 5548.91308594 4.347012043
1465497361521  3116.09716797 5558.69677734 4.45333003998
1465497361588  3101.81811523 5567.81884766 4.56999111176
1465497361658  3087.49975586 5575.5 4.71238946915
1465497361788  3054.43212891 5583.63378906 4.90131044388
1465497361858  3037.6340332 5585.32226562 5.01947116852
1465497361924  3021.07763672 5584.8671875 5.13320112228
1465497361987  3004.53442383 5582.44042969 5.24020862579
1465497362057  2988.20922852 5578.34863281 5.35471153259
1465497362125  2972.74829102 5572.53808594 5.46792840958
1465497362191  2958.32226562 5564.73583984 5.59715557098
1465497362256  2944.55249023 5555.32470703 5.70551681519
1465497362325  2932.14257812 5544.55175781 5.82280063629
1465497362393  2920.69287109 5532.25048828 5.94222354889
1465497362456  2910.21435547 5518.78613281 6.05614042282
1465497362525  2901.8503418 5504.43505859 6.16584157944
1465497362592  2897.84692383 5490.85595703 6.27309751511
1465497362656  2890.56494141 5473.67431641 0.116459682584
1465497362725  2887.72924805 5456.63427734 0.233696386218
1465497362794  2886.5390625 5440.01123047 0.344256699085
1465497362857  2887.30688477 5423.01953125 0.462468802929
1465497362923  2890.25219727 5405.87451172 0.575782597065
1465497362990  2894.69018555 5389.98486328 0.690684318542
1465497363056  2900.96777344 5374.76416016 0.809368789196
1465497363129  2909.7253418 5359.45703125 0.934708416462
1465497363193  2919.75244141 5345.28027344 1.04960250854
1465497363259  2931.02490234 5333.14550781 1.1626188755
1465497363324  2944.15307617 5321.63769531 1.27926707268
1465497363394  2957.66699219 5312.21044922 1.38482201099
1465497363525  2988.41088867 5298.34082031 1.63531839848
1465497363591  3004.33984375 5294.13964844 1.73948967457
1465497363660  3021.61230469 5291.22314453 1.85158646107
1465497363725  3038.37231445 5290.93457031 1.97100412846
1465497363791  3054.9465332 5292.36279297 2.08058142662
1465497363861  3071.45751953 5295.8984375 2.18931150436
1465497363929  3087.68481445 5301.10595703 2.30176091194
1465497363992  3102.45751953 5307.91601562 2.42868494987
1465497364061  3116.90185547 5317.046875 2.56025576591
1465497364127  3129.94970703 5327.39160156 2.64706397057
1465497364191  3142.16577148 5339.70849609 2.76811099052
1465497364261  3152.20922852 5352.32324219 2.88618826866
1465497364328  3161.47094727 5366.25537109 3.00220108032
1465497364394  3169.43237305 5380.32617188 3.08922791481
1465497364460  3174.79345703 5396.98144531 3.2289891243
1465497364530  3177.84008789 5412.85791016 3.34151792526
1465497364592  3179.90795898 5429.515625 3.45450496674
1465497364660  3179.359375 5446.60595703 3.56443691254
1465497364728  3177.16625977 5463.40478516 3.67338991165
1465497364795  3173.67285156 5479.61816406 3.78741765022
1465497364929  3160.48925781 5509.61230469 4.02681303024
1465497364995  3150.9453125 5523.70117188 4.13381433487
1465497365060  3139.29785156 5535.74560547 4.25478029251
1465497365127  3127.56689453 5548.67089844 4.35879898071
1465497365195  3114.44384766 5558.25878906 4.46323013306
1465497365262  3099.82348633 5567.06494141 4.57815551758
1465497365328  3086.22241211 5575.24707031 4.68626356125
1465497365399  3068.67871094 5578.9453125 4.80047273636
1465497365465  3051.91210938 5581.94189453 4.92324018478
1465497365527  3035.75024414 5583.34765625 5.0340385437
1465497365597  3018.33251953 5582.55419922 5.14994335175
1465497365663  3002.1628418 5580.29785156 5.25917100906
1465497365727  2986.02490234 5575.77001953 5.37874937057
1465497365796  2970.59594727 5570.06396484 5.49985313416
1465497365863  2956.22070312 5561.34863281 5.61666584015
1465497365928  2942.40087891 5552.36328125 5.72861003876
1465497365996  2929.89501953 5540.28320312 5.83763360977
1465497366062  2919.08691406 5527.93652344 5.94916963577
1465497366132  2909.35644531 5514.80517578 6.06209087372
1465497366196  2901.47924805 5500.49365234 6.18808269501
1465497366266  2893.67431641 5484.5 0.0314537920058
1465497366330  2890.43603516 5468.69775391 0.131342604756
1465497366395  2887.40087891 5451.95068359 0.253277719021
1465497366464  2886.76318359 5435.02294922 0.364632159472
1465497366529  2887.90185547 5418.1875 0.483477413654
1465497366605  2890.80566406 5401.01025391 0.597104072571
1465497366669  2895.50244141 5385.30517578 0.720867574215
1465497366735  2902.41943359 5369.68212891 0.841795802116
1465497366803  2911.66967773 5354.98681641 0.958704411983
1465497366870  2921.54394531 5341.07763672 1.07736468315
1465497366944  2933.49560547 5328.76513672 1.18801498413
1465497366998  2946.34985352 5317.80761719 1.2979593277
1465497367133  2975.5 5302.5 1.57079803944
1465497367198  2991.92602539 5295.35693359 1.65936100483
1465497367264  3008.31396484 5291.42236328 1.76861822605
1465497367331  3025.4284668 5288.9921875 1.87929260731
1465497367400  3042.21850586 5289.62744141 2.00295042992
1465497367466  3058.95654297 5291.06396484 2.10642409325
1465497367531  3074.96191406 5295.59082031 2.22697019577
1465497367600  3090.44946289 5301.94970703 2.3393433094
1465497367666  3106.09619141 5309.31298828 2.4754679203
1465497367731  3120.45385742 5318.84716797 2.57303786278
1465497367800  3132.59204102 5329.44775391 2.67420387268
1465497367867  3144.45361328 5341.27880859 2.80075383186
1465497367930  3154.25537109 5355.01513672 2.92066264153
1465497368000  3163.06030273 5368.73730469 3.03247141838
1465497368068  3171.49975586 5386.02392578 3.15074682236
1465497368133  3174.79931641 5400.41650391 3.25835704803
1465497368199  3177.91235352 5417.03271484 3.37274360657
1465497368266  3178.68139648 5433.45019531 3.48753499985
1465497368339  3178.29223633 5450.03320312 3.5897898674
1465497368406  3176.42871094 5466.27734375 3.70713758469
1465497368471  3171.70825195 5482.69482422 3.82203364372
1465497368542  3165.19482422 5497.62011719 3.95585227013
1465497368605  3156.74023438 5512.91845703 4.07132291794
1465497368675  3147.0 5526.5 4.16957807541
1465497368739  3135.51245117 5539.00390625 4.28954076767
1465497368808  3122.88500977 5550.62304688 4.39984035492
1465497368874  3109.07299805 5559.6171875 4.5111451149
1465497368940  3093.92578125 5567.34326172 4.60915994644
1465497369009  3080.49951172 5575.5 4.71238899231
1465497369074  3064.73901367 5577.62304688 4.81476449966
1465497369138  3052.27563477 5579.15478516 4.88597822189
1465497369208  3041.63745117 5579.56103516 4.93047332764
1465497369273  3031.87304688 5579.09472656 4.9649438858
1465497369346  3023.02685547 5578.03662109 4.98806905746
1465497369407  3015.30541992 5576.12011719 5.0195775032
1465497369474  3010.22460938 5574.99169922 5.01456260681
1465497369540  3008.22875977 5573.77294922 4.9854388237
1465497369607  3008.53637695 5571.29101562 4.93404626846
1465497369682  3007.04736328 5569.29492188 4.8958568573
1465497369742  3003.59277344 5567.89794922 4.86259126663
1465497369807  3001.5012207 5566.68945312 4.8453783989
1465497369876  2998.31835938 5565.14697266 4.80694246292
1465497369941  2996.33251953 5564.32666016 4.79309225082
1465497370075  2989.73999023 5561.5 4.71727991104
1465497370143  2989.49975586 5561.5 4.71239042282
1465497370209  2985.86181641 5559.04052734 4.63108062744
1465497370275  2983.58496094 5557.80175781 4.64555692673
1465497370348  2980.43359375 5556.93847656 4.60681152344
1465497370409  2977.77392578 5555.64306641 4.58629179001
1465497370474  2975.31420898 5555.16015625 4.55869531631
1465497370540  2972.35107422 5554.23925781 4.51520872116
1465497370609  2969.27416992 5553.50341797 4.48301696777
1465497370678  2966.50830078 5553.33984375 4.46717119217
1465497370744  2963.39892578 5552.71386719 4.43209457397
1465497370810  2960.81689453 5552.53759766 4.40423154831
1465497370876  2957.97851562 5552.12060547 4.36950683594
1465497370942  2954.71777344 5551.76953125 4.34462738037
1465497371013  2951.81933594 5551.51416016 4.31246042252
1465497371076  2948.76904297 5551.79248047 4.28424119949
1465497371143  2944.7578125 5552.22802734 4.25702095032
1465497371203  2942.16162109 5552.29638672 4.21718025208
1465497371271  2939.16894531 5552.45214844 4.18386602402
1465497371339  2936.02587891 5552.53564453 4.15828943253
1465497371405  2932.50952148 5552.87011719 4.12241029739
1465497371471  2930.00512695 5553.51611328 4.08739566803
1465497371540  2926.87695312 5553.76904297 4.04733467102
1465497371605  2923.64575195 5555.26318359 4.02729511261
1465497371670  2920.36645508 5555.76708984 3.99124789238
1465497371739  2917.8449707 5556.35351562 3.94017338753
1465497371805  2914.25366211 5559.75390625 3.92116570473
1465497371872  2912.00244141 5558.86767578 3.87686920166
1465497371941  2909.88720703 5559.69873047 3.8687479496
1465497372004  2909.85595703 5559.39697266 3.87027192116
1465497372077  2909.85595703 5559.39697266 3.87027192116
1465497372139  2909.85595703 5559.39697266 3.87027192116
1465497372206  2910.02368164 5559.54541016 3.86798882484
1465497372273  2909.85595703 5559.39697266 3.87027192116
1465497372339  2909.85595703 5559.39697266 3.87027192116
