1465496724996  2364.1328125 5416.61279297 0.0728269293904
1465496725401  2362.89160156 5416.23974609 0.121429979801
1465496725468  2362.93041992 5415.28369141 0.100905001163
1465496725535  2362.91308594 5415.47900391 0.10334199667
1465496725604  2362.93041992 5415.28369141 0.100905001163
1465496725666  2362.93041992 5415.28369141 0.100905001163
1465496725736  2362.91308594 5415.47900391 0.10334199667
1465496725803  2362.91308594 5415.47900391 0.10334199667
1465496725866  2362.91308594 5415.47900391 0.10334199667
1465496725935  2362.91308594 5415.47900391 0.10334199667
1465496726004  2362.89575195 5415.67578125 0.105178542435
1465496726065  2362.91308594 5415.47900391 0.10334199667
1465496726134  2362.89575195 5415.67578125 0.105178542435
1465496726203  2362.89575195 5415.67578125 0.105178542435
1465496726271  2362.89575195 5415.67578125 0.105178542435
1465496726333  2362.89575195 5415.67578125 0.105178542435
1465496726402  2362.68994141 5415.64990234 0.104539804161
1465496726471  2362.89575195 5415.67578125 0.105178542435
1465496726534  2362.89575195 5415.67578125 0.105178542435
1465496726603  2362.89575195 5415.67578125 0.105178542435
1465496726672  2362.89575195 5415.67578125 0.105178542435
1465496726733  2362.89575195 5415.67578125 0.105178542435
1465496726802  2362.91503906 5415.45947266 0.102908432484
1465496726871  2362.89575195 5415.67578125 0.105178542435
1465496726940  2362.91503906 5415.45947266 0.102908432484
1465496727002  2362.89575195 5415.67578125 0.105178542435
1465496727072  2362.69116211 5415.63232422 0.103508420289
1465496727139  2362.85913086 5416.09228516 0.102814488113
1465496727203  2362.8203125 5416.52978516 0.093495555222
1465496727271  2362.79541016 5417.98242188 0.086785979569
1465496727340  2362.52539062 5418.25732422 0.0947092175484
1465496727399  2362.28222656 5418.26855469 0.18532782793
1465496727470  2361.5378418 5414.27148438 0.345857918262
1465496727539  2362.01367188 5406.75585938 0.625572562218
1465496727608  2364.62426758 5392.37744141 0.988404214382
1465496727669  2371.95996094 5377.15136719 1.33087801933
1465496727737  2379.78320312 5363.97509766 1.68337500095
1465496727807  2393.55761719 5355.33349609 2.03159594536
1465496727869  2406.50927734 5353.49072266 2.36199402809
1465496727938  2407.12329102 5360.71386719 2.51882982254
1465496728007  2402.60644531 5365.28515625 2.62728142738
1465496728068  2398.75292969 5367.34179688 2.74605631828
1465496728138  2394.90332031 5368.20556641 2.86461949348
1465496728207  2390.83569336 5369.43164062 2.96295619011
1465496728269  2387.90307617 5371.15234375 3.08222651482
1465496728337  2386.84790039 5372.49951172 3.15503931046
1465496728408  2380.84130859 5375.06494141 3.16912555695
1465496728474  2375.57470703 5376.16552734 3.18179512024
1465496728539  2374.91088867 5374.24072266 3.13987660408
1465496728605  2378.23510742 5375.99951172 3.15706253052
1465496728675  2378.32104492 5379.5 3.16813993454
1465496728738  2378.20776367 5376.97314453 3.15371274948
1465496728806  2378.43408203 5376.58154297 3.15859603882
1465496728874  2378.22900391 5376.19433594 3.1549282074
1465496728936  2378.20117188 5377.24707031 3.15996551514
1465496729005  2378.02197266 5376.58007812 3.1597867012
1465496729076  2378.43310547 5376.38867188 3.15209531784
1465496729142  2378.00463867 5376.58544922 3.15516328812
1465496729206  2378.6262207 5376.77783203 3.15865516663
1465496729273  2378.01147461 5376.58691406 3.15086126328
1465496729343  2378.42822266 5376.38867188 3.15827274323
1465496729406  2378.59765625 5376.61376953 3.16118526459
1465496729473  2378.01367188 5376.39257812 3.15185594559
1465496729542  2377.61035156 5376.77294922 3.14813280106
1465496729605  2377.80126953 5376.79101562 3.14604520798
1465496729672  2377.80371094 5376.58740234 3.15206623077
1465496729744  2378.01489258 5376.77539062 3.15367221832
1465496729805  2378.00927734 5376.77636719 3.15796756744
1465496729875  2377.80761719 5376.79345703 3.14359331131
1465496729943  2377.56811523 5378.14111328 3.15169715881
1465496730011  2378.51416016 5379.5 3.16027402878
1465496730073  2378.98876953 5378.13769531 3.15560054779
1465496730141  2378.95068359 5377.23486328 3.16157579422
1465496730209  2378.72119141 5379.02929688 3.14990568161
1465496730273  2378.68798828 5378.29296875 3.15669870377
1465496730340  2379.13500977 5377.26025391 3.15544319153
1465496730410  2379.12304688 5379.49951172 3.16158056259
1465496730472  2379.12304688 5379.49951172 3.16158056259
1465496730540  2379.12304688 5379.49951172 3.16158056259
1465496730610  2379.34179688 5379.49951172 3.15979719162
1465496730679  2379.12304688 5379.49951172 3.16158056259
1465496730741  2379.12304688 5379.49951172 3.16158056259
1465496730810  2378.99951172 5375.99951172 3.16178035736
1465496730878  2378.95874023 5374.72753906 3.14361095428
1465496730942  2379.34179688 5379.49951172 3.15979719162
1465496731009  2379.41040039 5387.92138672 3.09795403481
1465496731078  2379.23388672 5400.07617188 3.07423472404
1465496731139  2380.16162109 5413.68798828 3.01181435585
1465496731208  2380.11279297 5428.79248047 2.92049860954
1465496731278  2380.96118164 5445.35058594 2.81966328621
1465496731347  2382.2800293 5463.15429688 2.70811700821
1465496731408  2385.98608398 5479.66308594 2.59726810455
1465496731478  2391.38647461 5495.51904297 2.49324631691
1465496731545  2398.25390625 5511.1953125 2.39962053299
1465496731609  2407.60351562 5525.46435547 2.25395512581
1465496731677  2417.83105469 5538.53710938 2.14210343361
1465496731746  2430.93066406 5551.18505859 2.0381705761
1465496731808  2443.45800781 5562.01806641 1.9221650362
1465496731877  2457.7434082 5570.62304688 1.81320631504
1465496731945  2472.43774414 5577.88525391 1.70239698887
1465496732008  2488.30224609 5582.64550781 1.58873426914
1465496732077  2504.65380859 5587.66308594 1.48723316193
1465496732147  2522.56518555 5589.68847656 1.37679219246
1465496732212  2539.88134766 5590.03515625 1.25730979443
1465496732278  2557.15063477 5588.75488281 1.13800275326
1465496732344  2573.45068359 5584.80810547 1.03011465073
1465496732414  2589.07519531 5579.85742188 0.924545347691
1465496732475  2603.43701172 5573.28662109 0.815763652325
1465496732545  2619.40063477 5563.56884766 0.681399941444
1465496732614  2633.16455078 5552.88574219 0.576864182949
1465496732675  2644.87060547 5539.80078125 0.462861478329
1465496732744  2656.40478516 5527.35302734 0.349021881819
1465496732815  2665.81030273 5513.23193359 0.230465486646
1465496732881  2672.59594727 5498.24804688 0.123094975948
1465496732946  2680.6628418 5484.34472656 0.0186324734241
1465496733012  2683.45092773 5466.22558594 6.19156455994
1465496733082  2685.29272461 5448.97216797 6.08247852325
1465496733144  2686.62890625 5431.54052734 5.96656274796
1465496733213  2684.20361328 5413.87353516 5.85357666016
1465496733280  2681.37597656 5398.09521484 5.75226545334
1465496733342  2676.27172852 5382.08007812 5.63278579712
1465496733410  2669.26489258 5367.04980469 5.52151918411
1465496733482  2660.34741211 5351.36669922 5.40727567673
1465496733541  2650.57958984 5338.83496094 5.30038881302
1465496733612  2639.85083008 5325.91064453 5.18404626846
1465496733680  2626.48925781 5314.28759766 5.07336235046
1465496733810  2597.95825195 5297.20458984 4.86259889603
1465496733881  2582.41357422 5290.95507812 4.76715135574
1465496733950  2566.10351562 5286.28076172 4.63474225998
1465496734010  2548.89038086 5283.96728516 4.52467346191
1465496734081  2531.37329102 5282.85742188 4.41561603546
1465496734150  2514.37670898 5283.97265625 4.31232118607
1465496734210  2498.67089844 5286.97314453 4.21308374405
1465496734279  2482.6628418 5291.54199219 4.10466861725
1465496734349  2466.97021484 5298.47949219 4.00063562393
1465496734417  2452.55957031 5306.43505859 3.87776017189
1465496734481  2438.16015625 5315.91796875 3.77073001862
1465496734548  2424.91015625 5327.23632812 3.65300297737
1465496734618  2413.03466797 5339.53515625 3.5467672348
1465496734677  2403.67407227 5352.72167969 3.43808221817
1465496734748  2395.5559082 5367.1015625 3.33513450623
1465496734816  2388.73657227 5382.70703125 3.23812818527
1465496734881  2382.50415039 5399.21289062 3.10310912132
1465496734947  2380.32373047 5414.95214844 3.00642156601
1465496735018  2378.63037109 5431.78369141 2.90894007683
1465496735086  2378.66650391 5449.05517578 2.78975081444
1465496735149  2380.85693359 5464.84277344 2.68672466278
1465496735216  2385.76464844 5481.24072266 2.58667826653
1465496735285  2391.22167969 5496.859375 2.47494053841
1465496735349  2398.15917969 5512.34082031 2.36921668053
1465496735416  2408.08666992 5526.44140625 2.24758839607
1465496735485  2418.30371094 5539.28662109 2.13153147697
1465496735547  2430.95629883 5551.72802734 2.03561806679
1465496735615  2443.24365234 5561.62988281 1.91266691685
1465496735685  2456.93676758 5570.15722656 1.80554640293
1465496735747  2472.28076172 5577.64794922 1.70241844654
1465496735816  2488.29199219 5582.5 1.58397161961
1465496735885  2504.38842773 5587.00537109 1.47965145111
1465496735953  2521.98388672 5589.72705078 1.35600674152
1465496736016  2538.96728516 5590.33789062 1.2482458353
1465496736084  2556.12109375 5587.72021484 1.14227056503
1465496736152  2572.22973633 5584.22363281 1.03641283512
1465496736216  2588.87939453 5578.44335938 0.922072768211
1465496736284  2603.91723633 5571.57324219 0.843794226646
1465496736352  2618.43457031 5562.78027344 0.683359801769
1465496736416  2632.80200195 5552.65527344 0.580297291279
1465496736484  2645.33300781 5540.09082031 0.47425955534
1465496736553  2655.11279297 5527.73486328 0.363011062145
1465496736620  2664.65185547 5514.18261719 0.254737198353
1465496736684  2672.72216797 5498.62890625 0.140879198909
1465496736752  2680.29541016 5483.26904297 0.0484084561467
1465496736819  2683.38964844 5466.2734375 6.1977481842
1465496736885  2686.22387695 5449.06640625 6.09513616562
1465496736952  2686.77124023 5432.47558594 5.99311685562
1465496737020  2685.51025391 5416.01123047 5.87448787689
1465496737083  2681.96704102 5398.93847656 5.76279211044
1465496737152  2677.39794922 5382.60546875 5.64951992035
1465496737219  2671.12231445 5367.21484375 5.54163646698
1465496737288  2662.66259766 5352.59033203 5.40965414047
1465496737352  2652.81787109 5338.11376953 5.3053355217
1465496737419  2641.55810547 5325.72167969 5.20497226715
1465496737488  2629.69433594 5315.24023438 5.09172058105
1465496737553  2615.95629883 5305.61425781 4.98086547852
1465496737621  2601.10766602 5297.12988281 4.8851852417
1465496737689  2585.49169922 5290.66015625 4.78154563904
1465496737751  2569.20239258 5286.0234375 4.64379119873
1465496737821  2551.41503906 5283.06054688 4.5371556282
1465496737888  2534.67089844 5281.64550781 4.44381999969
1465496737951  2517.75415039 5282.87353516 4.34117650986
1465496738021  2501.96728516 5285.44140625 4.23598718643
1465496738090  2485.61206055 5289.57226562 4.12071037292
1465496738157  2469.76416016 5295.63916016 4.02525901794
1465496738220  2454.0 5302.5 3.9353890419
1465496738287  2439.87646484 5312.64990234 3.78334188461
1465496738356  2427.24072266 5323.04931641 3.68328738213
1465496738419  2416.38037109 5335.02734375 3.5694475174
1465496738487  2406.17602539 5348.17480469 3.46828222275
1465496738556  2397.11767578 5362.31689453 3.35466241837
1465496738619  2389.74658203 5377.24072266 3.24604082108
1465496738686  2386.12304688 5393.49951172 3.16157865524
1465496738757  2380.61230469 5410.38427734 3.03124976158
1465496738823  2378.30126953 5426.89453125 2.93169808388
1465496738889  2378.98242188 5443.63574219 2.82935929298
1465496738955  2380.23925781 5459.47216797 2.72587585449
1465496739024  2383.69506836 5476.2265625 2.61473298073
1465496739087  2389.39111328 5492.11132812 2.50706458092
1465496739155  2395.60888672 5508.07373047 2.39183664322
1465496739223  2404.52490234 5522.90625 2.27430272102
1465496739287  2414.86767578 5535.30322266 2.17342734337
1465496739355  2425.92822266 5547.26074219 2.05616831779
1465496739423  2438.69555664 5557.45898438 1.94880306721
1465496739486  2452.64306641 5567.02978516 1.84102118015
1465496739555  2467.61474609 5574.70849609 1.72219097614
1465496739625  2483.90820312 5580.75634766 1.62682926655
1465496739691  2500.81176758 5585.49804688 1.49700975418
1465496739754  2517.31445312 5587.96826172 1.39838290215
1465496739823  2534.05126953 5588.515625 1.28117108345
1465496739891  2550.84179688 5586.83154297 1.18589484692
1465496739954  2567.47949219 5583.55273438 1.07108652592
1465496740023  2584.47314453 5579.52734375 0.962069272995
1465496740089  2599.62084961 5572.58300781 0.845059454441
1465496740152  2615.98022461 5563.72705078 0.721859693527
1465496740224  2628.64208984 5554.23828125 0.628767609596
1465496740292  2640.7019043 5543.22314453 0.511277854443
1465496740359  2652.27050781 5530.93994141 0.391998112202
1465496740423  2662.3425293 5517.30273438 0.291254937649
1465496740491  2670.77880859 5501.91064453 0.175838530064
1465496740560  2677.48242188 5486.69091797 0.0769948512316
1465496740621  2682.13427734 5470.28515625 6.26453924179
1465496740691  2685.52685547 5453.69970703 6.11820602417
1465496740759  2686.54541016 5437.05126953 6.01420736313
1465496740821  2686.14404297 5420.41748047 5.91543149948
1465496740890  2683.49072266 5403.52734375 5.81081438065
1465496740959  2679.32714844 5386.99707031 5.68699026108
1465496741027  2673.10131836 5371.09375 5.57932853699
1465496741089  2665.59594727 5355.765625 5.4555811882
1465496741161  2656.32861328 5342.02734375 5.34802007675
1465496741227  2645.65185547 5329.54638672 5.23556089401
1465496741290  2633.48852539 5317.84521484 5.13512372971
1465496741358  2620.13720703 5307.85400391 5.03357028961
1465496741427  2605.81201172 5299.25683594 4.913646698
1465496741489  2590.30957031 5291.77246094 4.80819797516
1465496741558  2573.69433594 5288.09472656 4.6946439743
1465496741687  2541.34399414 5280.88867188 4.4662938118
1465496741760  2524.1315918 5280.81689453 4.38051128387
1465496741828  2506.81298828 5282.70507812 4.27751970291
1465496741896  2490.40625 5286.51904297 4.15759801865
1465496741957  2474.19677734 5292.00488281 4.05645179749
1465496742026  2458.05932617 5299.55908203 3.94161629677
1465496742094  2444.92138672 5307.83251953 3.82036304474
1465496742158  2431.95117188 5317.70703125 3.71770048141
1465496742225  2419.36621094 5330.01660156 3.62033843994
1465496742295  2409.21875 5342.49267578 3.50800418854
1465496742356  2399.80078125 5356.32128906 3.39637422562
1465496742428  2391.98291016 5371.41601562 3.29756259918
1465496742495  2385.91381836 5386.75830078 3.17637634277
1465496742562  2381.16430664 5403.07763672 3.0922935009
1465496742627  2378.7734375 5418.92382812 2.96939349174
1465496742695  2378.33935547 5435.42089844 2.86633467674
1465496742762  2378.76708984 5452.26904297 2.75831007957
1465496742827  2381.48510742 5469.02490234 2.64090037346
1465496742893  2386.85351562 5484.93066406 2.54545235634
1465496742964  2392.62060547 5501.10400391 2.43779683113
1465496743093  2410.29418945 5528.39306641 2.21242833138
1465496743163  2421.89526367 5540.85058594 2.09377980232
1465496743224  2433.92724609 5552.40283203 1.99087202549
1465496743294  2447.14892578 5562.38574219 1.87455284595
1465496743363  2462.44848633 5570.47753906 1.76304638386
1465496743432  2477.93554688 5578.19238281 1.65486013889
1465496743493  2492.49975586 5582.5 1.57079458237
1465496743562  2509.52807617 5585.82275391 1.46674048901
1465496743630  2526.87524414 5587.32177734 1.3468528986
1465496743694  2545.0078125 5587.09912109 1.21553468704
1465496743762  2561.49536133 5584.52197266 1.10477650166
1465496743830  2577.78759766 5580.78417969 0.999962687492
1465496743892  2594.4206543 5574.60546875 0.903325557709
1465496743961  2609.56958008 5566.76074219 0.794471502304
1465496744031  2623.01904297 5558.07226562 0.671507358551
1465496744100  2635.79272461 5547.37109375 0.552667438984
1465496744161  2647.62792969 5535.57666016 0.427445203066
1465496744229  2658.21362305 5521.97021484 0.323255568743
1465496744298  2667.76123047 5507.28076172 0.213952854276
1465496744361  2675.23339844 5491.97705078 0.119478292763
1465496744429  2681.49975586 5477.49951172 6.28318500519
1465496744499  2684.36767578 5460.44140625 6.19094181061
1465496744561  2686.51196289 5443.94824219 6.05852222443
1465496744630  2686.34912109 5426.81347656 5.95168066025
1465496744698  2685.046875 5409.57763672 5.84884548187
1465496744765  2681.41162109 5393.16259766 5.73070764542
1465496744830  2675.96142578 5376.40917969 5.6205868721
1465496744898  2668.54760742 5361.39550781 5.51511144638
1465496744967  2660.20141602 5347.55371094 5.40184402466
1465496745030  2650.56152344 5334.27197266 5.28599500656
1465496745097  2638.73608398 5321.53857422 5.17336368561
1465496745166  2625.93554688 5311.11669922 5.06297683716
1465496745229  2611.41308594 5301.02050781 4.95391082764
1465496745297  2596.96923828 5293.35595703 4.84450054169
1465496745367  2581.90869141 5288.5 4.73355054855
1465496745496  2548.70654297 5280.66650391 4.53836727142
1465496745565  2531.47314453 5279.49316406 4.42338418961
1465496745634  2514.55566406 5280.82177734 4.30776786804
1465496745696  2497.92651367 5283.45214844 4.21270370483
1465496745765  2481.01831055 5287.98095703 4.10802173615
1465496745834  2465.15380859 5294.97705078 3.99890065193
1465496745898  2451.68212891 5302.17724609 3.88311648369
1465496745967  2437.76196289 5311.56005859 3.77859902382
1465496746035  2425.22167969 5322.59033203 3.67147755623
1465496746097  2413.54736328 5334.67626953 3.55666780472
1465496746167  2402.97338867 5347.75097656 3.44337654114
1465496746234  2394.37670898 5362.36523438 3.34570550919
1465496746302  2388.16040039 5376.85498047 3.24438905716
1465496746364  2380.9375 5393.49951172 3.132802248
1465496746434  2379.44604492 5409.09912109 3.00841164589
1465496746501  2377.65307617 5425.77441406 2.91984724998
1465496746566  2378.65869141 5442.88720703 2.80234742165
1465496746633  2380.55761719 5459.22412109 2.70628833771
1465496746702  2384.09863281 5476.51953125 2.58666586876
1465496746765  2390.3137207 5491.57275391 2.48375630379
1465496746833  2397.12548828 5506.19873047 2.38432359695
1465496746901  2405.35205078 5520.609375 2.26609706879
1465496746970  2416.17626953 5533.72412109 2.16185832024
1465496747032  2426.86694336 5545.87304688 2.0456802845
1465496747101  2440.58691406 5557.09472656 1.93773138523
1465496747168  2455.18310547 5566.18505859 1.83169662952
1465496747234  2469.27416992 5573.47949219 1.72366917133
1465496747301  2484.9140625 5579.43505859 1.62850487232
1465496747370  2501.67944336 5583.90234375 1.50721275806
1465496747433  2518.37280273 5585.73730469 1.38430333138
1465496747503  2535.47119141 5586.11230469 1.2813898325
1465496747570  2552.70996094 5585.08837891 1.16869592667
1465496747633  2569.67895508 5581.60009766 1.05300045013
1465496747702  2585.34350586 5576.62060547 0.969424366951
1465496747769  2600.18945312 5570.03173828 0.853951096535
1465496747836  2615.34277344 5561.80322266 0.726160764694
1465496747900  2629.12329102 5552.27880859 0.605062127113
1465496747968  2641.99536133 5540.20019531 0.495947152376
1465496748038  2653.73339844 5527.58984375 0.375551611185
1465496748101  2663.35839844 5513.76904297 0.280746728182
1465496748171  2670.5715332 5499.23242188 0.166477620602
1465496748238  2677.27685547 5484.47314453 0.060472548008
1465496748300  2681.75341797 5467.43945312 6.22442626953
1465496748370  2685.01806641 5450.94726562 6.11457538605
1465496748438  2686.13256836 5433.98193359 6.00701618195
1465496748506  2685.7578125 5416.57519531 5.89920330048
1465496748569  2683.05908203 5399.87841797 5.79071092606
1465496748636  2678.90625 5384.06542969 5.67259836197
1465496748706  2672.55273438 5368.96337891 5.58259677887
1465496748767  2664.64355469 5354.09033203 5.45330190659
1465496748837  2655.57666016 5339.98095703 5.34203481674
1465496748904  2644.16357422 5326.52001953 5.23747634888
1465496748969  2632.38623047 5314.66015625 5.11843204498
1465496749036  2618.7277832 5304.34960938 5.0249042511
1465496749105  2605.2902832 5296.52246094 4.91708755493
1465496749169  2589.72070312 5289.86279297 4.8155412674
1465496749236  2572.99975586 5281.91162109 4.7029671669
1465496749305  2557.08642578 5280.453125 4.58439016342
1465496749373  2539.82739258 5278.36035156 4.49136734009
1465496749435  2522.67871094 5278.60302734 4.37361764908
1465496749505  2505.8425293 5280.44482422 4.27232694626
1465496749572  2489.93188477 5283.46972656 4.16810560226
1465496749637  2474.83520508 5288.61816406 4.07230806351
1465496749704  2460.79248047 5295.28417969 3.96678161621
1465496749773  2444.83251953 5305.09814453 3.83351254463
1465496749836  2431.8449707 5314.72558594 3.73191356659
1465496749905  2419.50756836 5326.62841797 3.61610984802
1465496749972  2408.17651367 5338.9140625 3.5022854805
1465496750041  2399.52539062 5352.72900391 3.39699554443
1465496750104  2391.90698242 5367.04931641 3.29935503006
1465496750173  2386.00927734 5382.94970703 3.20332813263
1465496750241  2381.09155273 5399.03857422 3.10299563408
1465496750305  2379.15161133 5415.42431641 2.98832201958
1465496750372  2377.81396484 5432.79589844 2.86907982826
1465496750442  2378.27050781 5449.38476562 2.76559948921
1465496750506  2381.16625977 5465.20605469 2.66990971565
1465496750573  2385.76293945 5480.87792969 2.56489825249
1465496750640  2391.55859375 5497.16210938 2.44114804268
1465496750709  2399.51196289 5512.19189453 2.32327485085
1465496750772  2408.88793945 5525.62109375 2.21976399422
1465496750840  2419.52270508 5538.25732422 2.11209702492
1465496750909  2432.11157227 5550.04541016 2.00501561165
1465496750970  2445.16381836 5560.03076172 1.8996077776
1465496751040  2459.234375 5568.26025391 1.79948866367
1465496751111  2474.28369141 5575.0 1.690279603
1465496751172  2492.07958984 5582.5 1.5695656538
1465496751241  2507.16333008 5584.29199219 1.45170414448
1465496751308  2524.81567383 5585.81884766 1.34767150879
1465496751373  2541.96826172 5585.84130859 1.24127984047
1465496751439  2558.16918945 5583.54345703 1.13574934006
1465496751510  2574.26098633 5579.50488281 1.02906370163
1465496751576  2590.22924805 5574.31542969 0.915287971497
1465496751708  2620.06396484 5558.16162109 0.677444458008
1465496751776  2633.34521484 5547.48876953 0.577961027622
1465496751841  2645.53564453 5535.29638672 0.450241476297
1465496751908  2656.12402344 5522.40576172 0.352743446827
1465496751977  2665.19848633 5509.26611328 0.243389219046
1465496752037  2672.64624023 5493.48925781 0.127264216542
1465496752109  2680.35620117 5477.68212891 0.023126186803
1465496752178  2683.33520508 5460.94824219 6.19398736954
1465496752244  2685.54272461 5444.43457031 6.08339452744
1465496752307  2685.90380859 5427.39013672 5.96889638901
1465496752375  2684.9519043 5410.70703125 5.87038469315
1465496752444  2681.72558594 5394.36621094 5.76884651184
1465496752507  2677.16577148 5378.23876953 5.66223669052
1465496752577  2670.36401367 5363.10205078 5.5478310585
1465496752645  2662.03442383 5348.56591797 5.42020940781
1465496752707  2652.28808594 5333.93798828 5.31737232208
1465496752776  2640.76953125 5321.17236328 5.20092582703
1465496752844  2628.87939453 5310.54980469 5.09412384033
1465496752907  2615.7878418 5301.28662109 4.99616479874
1465496752976  2600.96606445 5293.25292969 4.89708662033
1465496753045  2585.91040039 5286.17236328 4.78847837448
1465496753112  2569.26025391 5281.66796875 4.68091201782
1465496753175  2552.38769531 5277.93701172 4.55083608627
1465496753243  2535.12841797 5276.33886719 4.45791339874
1465496753313  2518.69360352 5277.09863281 4.34719324112
1465496753375  2503.08349609 5279.68115234 4.2306394577
1465496753443  2486.24365234 5284.00585938 4.13736534119
1465496753513  2470.51171875 5290.00097656 4.0292224884
1465496753575  2455.74975586 5297.25 3.92699074745
1465496753644  2441.23925781 5306.73535156 3.79710555077
1465496753713  2427.54443359 5317.17041016 3.69090032578
1465496753779  2416.38183594 5328.87402344 3.60217094421
1465496753843  2406.33520508 5341.48876953 3.50093841553
1465496753911  2397.68994141 5355.07080078 3.37460565567
1465496753979  2389.60375977 5370.46630859 3.27387523651
1465496754042  2384.20141602 5386.5 3.18481016159
1465496754112  2379.98876953 5402.56445312 3.06456208229
1465496754181  2377.82958984 5419.08496094 2.94916605949
1465496754243  2377.31274414 5434.98095703 2.84959149361
1465496754313  2377.93041992 5451.50146484 2.74491047859
1465496754379  2381.70263672 5468.36230469 2.63404488564
1465496754447  2386.44140625 5484.19140625 2.54702544212
1465496754512  2393.28710938 5499.74560547 2.42057228088
1465496754579  2401.56835938 5514.59814453 2.29780268669
1465496754648  2411.08789062 5528.58496094 2.20815896988
1465496754711  2422.28417969 5540.15625 2.08920788765
1465496754779  2434.33911133 5550.60595703 1.98919641972
1465496754847  2448.09082031 5560.77441406 1.87237131596
1465496754911  2462.32177734 5569.01025391 1.76248419285
1465496754979  2477.8894043 5576.04052734 1.66132080555
1465496755047  2494.09106445 5582.5 1.54906368256
1465496755110  2511.29589844 5584.05615234 1.43177711964
1465496755179  2527.29321289 5585.18310547 1.33127856255
1465496755247  2544.06542969 5584.59570312 1.21265041828
1465496755315  2560.26831055 5581.91015625 1.11021387577
1465496755380  2577.15576172 5577.36523438 1.01014053822
1465496755447  2593.47412109 5571.89355469 0.890059947968
1465496755515  2608.13647461 5564.86279297 0.78120136261
1465496755580  2623.16943359 5554.37158203 0.650310873985
1465496755647  2635.45166016 5544.47265625 0.544367969036
1465496755715  2647.234375 5532.54833984 0.449415385723
1465496755779  2658.08837891 5519.39013672 0.328739911318
1465496755847  2667.07641602 5504.15234375 0.218360602856
1465496755916  2673.87255859 5489.09375 0.10787243396
1465496755983  2681.49951172 5471.45166016 0.0111174024642
1465496756046  2683.71655273 5456.39599609 6.16122817993
1465496756115  2685.5546875 5439.93994141 6.06387281418
1465496756184  2685.95800781 5423.14599609 5.96147012711
1465496756247  2683.95800781 5406.75732422 5.84541082382
1465496756315  2680.90136719 5389.8515625 5.73812007904
1465496756383  2675.57128906 5373.80957031 5.63228178024
1465496756446  2668.19799805 5358.50732422 5.5090098381
1465496756513  2659.73486328 5343.44335938 5.39840364456
1465496756584  2650.27661133 5331.18310547 5.28427696228
1465496756646  2640.05175781 5319.11572266 5.16757535934
1465496756713  2626.25854492 5307.87988281 5.06977415085
1465496756783  2612.40356445 5298.00146484 4.96450424194
1465496756851  2597.79736328 5289.97460938 4.86021327972
1465496756915  2582.41894531 5283.75634766 4.76651287079
1465496756983  2565.66503906 5279.31298828 4.63535165787
1465496757051  2548.71386719 5277.18212891 4.52856969833
1465496757114  2532.17089844 5276.45898438 4.42457056046
1465496757182  2515.07128906 5277.43994141 4.32820558548
1465496757251  2498.6940918 5280.01611328 4.21924734116
1465496757315  2482.64404297 5284.84326172 4.11159324646
1465496757382  2466.30712891 5290.59472656 4.00281524658
1465496757451  2451.47949219 5298.02001953 3.90326142311
1465496757519  2438.10205078 5307.16992188 3.7899980545
1465496757583  2425.6940918 5317.90966797 3.68471717834
1465496757651  2413.61645508 5329.76855469 3.57289361954
1465496757719  2403.83666992 5343.48779297 3.46701002121
1465496757782  2394.9765625 5357.14013672 3.3630900383
1465496757850  2388.09741211 5372.54296875 3.26782798767
1465496757919  2380.5 5387.9921875 3.11980843544
1465496757983  2378.75976562 5404.59179688 3.04534220695
1465496758050  2377.28515625 5420.95507812 2.93563866615
1465496758119  2377.27050781 5437.88134766 2.83132624626
1465496758186  2378.76806641 5454.38427734 2.73499655724
1465496758251  2382.38037109 5470.88818359 2.62586307526
1465496758318  2387.29150391 5487.04345703 2.51564455032
1465496758387  2394.08398438 5501.79296875 2.41562318802
1465496758450  2401.99951172 5516.17919922 2.28303909302
1465496758586  2423.5703125 5541.55126953 2.07632184029
1465496758650  2436.08789062 5552.04150391 1.95701515675
1465496758719  2449.4765625 5561.24169922 1.85284721851
1465496758787  2464.80029297 5569.37792969 1.73873388767
1465496758851  2480.79052734 5576.02783203 1.62392818928
1465496758917  2496.68359375 5580.47119141 1.49919271469
1465496758988  2513.1027832 5582.50537109 1.41703045368
1465496759055  2529.97631836 5583.45019531 1.3074426651
1465496759119  2547.20532227 5582.79492188 1.20369720459
1465496759185  2563.7956543 5579.75195312 1.0958275795
1465496759256  2581.23120117 5575.84472656 0.983803570271
1465496759317  2596.64892578 5569.16845703 0.888840794563
1465496759387  2610.94702148 5561.16162109 0.754235029221
1465496759454  2625.12695312 5551.75195312 0.643000602722
1465496759519  2637.73876953 5541.0390625 0.538229882717
1465496759585  2649.27368164 5528.98876953 0.427765578032
1465496759657  2659.20385742 5515.57080078 0.317456066608
1465496759723  2668.23510742 5500.59619141 0.194988429546
1465496759788  2675.80664062 5484.38183594 0.0951910689473
1465496759854  2681.5 5470.49951172 6.28318405151
1465496759923  2683.91113281 5453.21044922 6.17315673828
1465496759986  2685.6159668 5436.82958984 6.05026483536
1465496760055  2685.69287109 5419.68798828 5.94350528717
1465496760122  2683.42626953 5402.89648438 5.82173967361
1465496760186  2680.06640625 5385.85302734 5.7131934166
1465496760253  2674.17333984 5370.23242188 5.60920810699
1465496760325  2667.5 5355.0 5.49778556824
1465496760390  2658.9777832 5341.44384766 5.37520265579
1465496760456  2648.43774414 5328.04833984 5.26282739639
1465496760521  2637.23876953 5315.64160156 5.15655946732
1465496760592  2623.73803711 5305.16113281 5.05943012238
1465496760653  2609.05273438 5295.99658203 4.94574308395
1465496760722  2594.03662109 5287.88720703 4.84339857101
1465496760791  2578.70410156 5281.5 4.73284053802
1465496760855  2562.7199707 5278.43505859 4.63156366348
1465496760920  2545.63476562 5276.02197266 4.51993942261
1465496760992  2528.81152344 5275.31738281 4.40880155563
1465496761052  2511.77392578 5276.56542969 4.30245542526
1465496761121  2495.20605469 5279.64990234 4.20199346542
1465496761191  2478.64038086 5284.14355469 4.0899477005
1465496761260  2463.86938477 5290.45507812 3.97840476036
1465496761322  2449.39624023 5298.57421875 3.87688469887
1465496761390  2435.86767578 5308.49365234 3.76428699493
1465496761459  2423.37060547 5319.61279297 3.65977191925
1465496761523  2411.56494141 5331.89257812 3.55836248398
1465496761589  2401.54858398 5345.80029297 3.44549655914
1465496761660  2393.20019531 5360.25683594 3.34020757675
1465496761720  2386.98144531 5375.10742188 3.24843645096
1465496761789  2380.5 5390.0 3.14159083366
1465496761860  2378.23510742 5406.48632812 3.02457642555
1465496761927  2377.09204102 5422.9296875 2.91486620903
1465496761990  2377.19580078 5439.59179688 2.80606651306
1465496762058  2379.34838867 5456.05761719 2.69449210167
1465496762127  2382.54199219 5473.56201172 2.59061765671
1465496762190  2388.19873047 5488.53320312 2.49128484726
1465496762257  2396.47290039 5503.52685547 2.36384630203
1465496762328  2404.7734375 5517.26855469 2.2671713829
1465496762389  2415.01416016 5530.22021484 2.15390920639
1465496762457  2426.48608398 5541.42089844 2.04116749763
1465496762526  2440.01123047 5553.46044922 1.92781126499
1465496762590  2454.171875 5562.44042969 1.8249360323
1465496762656  2468.59399414 5569.32324219 1.72034609318
1465496762728  2484.21826172 5575.27099609 1.59652912617
1465496762793  2500.87451172 5579.55957031 1.49739420414
1465496762859  2517.59204102 5582.21435547 1.40028071404
1465496762925  2534.70898438 5582.44140625 1.28219199181
1465496762995  2551.94140625 5581.03613281 1.17243981361
1465496763057  2569.00244141 5578.54882812 1.06902623177
1465496763125  2584.53393555 5573.27783203 0.960220575333
1465496763195  2600.13964844 5567.05175781 0.859191060066
1465496763258  2614.22607422 5559.20507812 0.730072021484
1465496763324  2628.20727539 5548.66552734 0.620761036873
1465496763396  2640.98583984 5537.12255859 0.509158432484
1465496763462  2652.45922852 5524.71728516 0.392787009478
1465496763527  2662.60253906 5510.99267578 0.28568559885
1465496763593  2670.23925781 5496.62695312 0.166907250881
1465496763663  2676.74780273 5480.8984375 0.0776645615697
1465496763725  2681.70922852 5464.20605469 6.26477575302
1465496763793  2685.21875 5448.61035156 6.12105560303
1465496763862  2686.33569336 5431.63232422 6.01163721085
1465496763926  2685.29052734 5414.13134766 5.90978097916
1465496763992  2682.67163086 5396.97753906 5.79378175735
1465496764063  2678.67089844 5380.87841797 5.68531084061
1465496764129  2672.54833984 5366.36376953 5.5848441124
1465496764195  2664.96337891 5350.57324219 5.49484109879
1465496764260  2655.52587891 5336.67626953 5.35276317596
1465496764331  2645.21704102 5323.68701172 5.24419975281
1465496764392  2633.29199219 5311.81933594 5.12808132172
1465496764461  2620.00634766 5301.23632812 5.02651596069
1465496764530  2606.29711914 5292.95263672 4.91522836685
1465496764593  2591.17553711 5285.68896484 4.80982923508
1465496764660  2576.49975586 5281.5 4.71238851547
1465496764731  2558.46313477 5276.55664062 4.59718561172
1465496764792  2541.49023438 5274.67919922 4.48137617111
1465496764861  2524.16381836 5274.44775391 4.39151906967
1465496764930  2507.02929688 5276.21923828 4.28500461578
1465496764998  2491.07080078 5279.94580078 4.17468452454
1465496765062  2475.71630859 5284.90332031 4.07609558105
1465496765129  2459.90966797 5292.02587891 3.98979830742
1465496765198  2445.59033203 5299.94873047 3.84613156319
1465496765262  2432.43603516 5310.06298828 3.7345085144
1465496765328  2419.86401367 5321.60058594 3.6265130043
1465496765399  2408.86328125 5334.13964844 3.51837301254
1465496765461  2399.64355469 5347.34277344 3.41416883469
1465496765529  2391.8684082 5361.71728516 3.32109594345
1465496765598  2385.27514648 5377.83447266 3.20401906967
1465496765665  2380.71044922 5393.73632812 3.10958790779
1465496765730  2378.89331055 5409.50878906 2.98591208458
1465496765797  2377.30126953 5426.85791016 2.88544487953
1465496765866  2378.20361328 5444.22753906 2.77020072937
1465496765929  2380.5859375 5460.17431641 2.66125798225
1465496765995  2384.73828125 5475.63183594 2.56074380875
1465496766067  2391.17114258 5491.03564453 2.44604945183
1465496766126  2399.0534668 5506.55371094 2.34070277214
1465496766197  2407.8125 5520.28857422 2.23213839531
1465496766266  2418.94140625 5533.43115234 2.11873936653
1465496766329  2431.01953125 5544.69287109 2.03326559067
1465496766396  2444.27270508 5554.7734375 1.90675413609
1465496766465  2457.45678711 5563.65136719 1.79482662678
1465496766532  2473.18774414 5570.58496094 1.68835556507
1465496766598  2488.99951172 5575.49951172 1.57079851627
1465496766664  2505.04101562 5579.51464844 1.47110927105
1465496766733  2522.80297852 5581.31054688 1.36492776871
1465496766796  2540.26831055 5582.12451172 1.25849080086
1465496766864  2556.13989258 5579.82666016 1.14603078365
1465496766933  2572.22607422 5576.42919922 1.03993165493
1465496766995  2588.35351562 5570.74462891 0.919415235519
1465496767064  2604.39477539 5563.54492188 0.842033088207
1465496767134  2618.39941406 5555.48779297 0.685839116573
1465496767200  2632.45043945 5545.20751953 0.592404603958
1465496767265  2644.93334961 5533.078125 0.478147685528
1465496767331  2654.734375 5520.77539062 0.362653046846
1465496767402  2664.18725586 5507.29736328 0.252293050289
1465496767462  2671.74291992 5492.125 0.149641007185
1465496767532  2677.74853516 5476.92578125 0.0555650629103
1465496767601  2682.82788086 5459.95605469 6.20258331299
1465496767663  2685.47070312 5442.82128906 6.09540176392
1465496767732  2686.43115234 5425.81640625 5.99220514297
1465496767802  2685.03271484 5409.39648438 5.88464832306
1465496767868  2682.39086914 5393.43603516 5.78108215332
1465496767935  2678.10913086 5376.9375 5.66956996918
1465496767999  2671.67163086 5361.09814453 5.56211566925
1465496768070  2663.85253906 5346.54101562 5.43978071213
1465496768130  2654.25463867 5332.29931641 5.32757854462
1465496768200  2643.12744141 5319.31152344 5.21719789505
1465496768269  2631.05419922 5308.18652344 5.11235141754
1465496768332  2617.87597656 5298.37792969 5.00469398499
1465496768399  2602.95849609 5290.29345703 4.8983039856
1465496768469  2587.71118164 5283.61083984 4.78941440582
1465496768531  2571.14672852 5278.31347656 4.6489200592
1465496768599  2554.37231445 5274.24707031 4.57296657562
1465496768669  2537.46386719 5272.90625 4.47245740891
1465496768737  2521.31030273 5273.21337891 4.36621141434
1465496768800  2505.15698242 5274.85693359 4.25752162933
1465496768868  2488.78955078 5278.80371094 4.14738941193
1465496768935  2472.26416016 5284.56933594 4.03685474396
1465496769000  2457.49975586 5291.99951172 3.92699074745
1465496769067  2442.93115234 5300.54833984 3.81730413437
1465496769137  2430.06933594 5310.60302734 3.70325994492
1465496769199  2418.19287109 5322.08447266 3.59555578232
1465496769267  2407.87841797 5335.00488281 3.49326086044
1465496769337  2398.85717773 5349.0859375 3.39295864105
1465496769404  2391.3605957 5364.32958984 3.29474306107
1465496769468  2385.72558594 5379.49951172 3.16910743713
1465496769536  2380.9909668 5396.35986328 3.08342814445
1465496769603  2378.5480957 5412.78417969 2.96459126472
1465496769667  2378.0625 5429.13867188 2.87176036835
1465496769734  2379.07202148 5445.62060547 2.76560091972
1465496769805  2381.35498047 5462.53515625 2.65335440636
1465496769867  2386.87646484 5478.38574219 2.5550661087
1465496769935  2392.76367188 5493.66650391 2.43547606468
1465496770004  2401.07519531 5508.89111328 2.3232190609
1465496770072  2410.42089844 5522.51464844 2.21052145958
1465496770136  2420.98876953 5534.44384766 2.09972190857
1465496770204  2432.76513672 5545.08398438 2.00264573097
1465496770271  2446.56591797 5555.2421875 1.89017355442
1465496770337  2460.81616211 5563.96972656 1.78591263294
1465496770403  2476.36865234 5571.03564453 1.66657364368
1465496770472  2492.49951172 5575.49951172 1.57079577446
1465496770535  2509.56640625 5579.26074219 1.47597014904
1465496770603  2525.70117188 5580.83203125 1.34889817238
1465496770672  2542.29663086 5580.18115234 1.24263083935
1465496770735  2559.40820312 5578.18896484 1.13473832607
1465496770802  2576.40014648 5574.32958984 1.02181351185
1465496770872  2591.4453125 5568.84423828 0.914552927017
1465496770939  2607.1262207 5562.11230469 0.79610568285
1465496771005  2622.24267578 5552.05908203 0.666314780712
1465496771070  2635.08666992 5541.14990234 0.567435264587
1465496771139  2646.14379883 5529.82373047 0.451466530561
1465496771203  2656.55419922 5516.92578125 0.330395042896
1465496771271  2666.39306641 5502.75097656 0.235306546092
1465496771340  2673.57104492 5487.67382812 0.119509644806
1465496771403  2681.5 5470.49951172 6.28318405151
1465496771471  2684.359375 5453.86230469 6.19167470932
1465496771540  2686.17822266 5438.75976562 6.07839250565
1465496771607  2685.98876953 5421.23046875 5.96858692169
1465496771672  2685.36254883 5404.3046875 5.86405181885
1465496771738  2682.00024414 5387.85253906 5.76241445541
1465496771808  2677.26855469 5372.26416016 5.65300607681
1465496771872  2670.03686523 5356.08056641 5.54630565643
1465496771938  2661.25341797 5341.2421875 5.41215658188
1465496772008  2651.80639648 5328.29589844 5.31730556488
1465496772070  2640.90478516 5316.52246094 5.20787286758
1465496772137  2628.3737793 5305.32177734 5.09283494949
1465496772208  2614.82983398 5294.97802734 4.97352647781
1465496772270  2599.71630859 5287.49511719 4.86793041229
1465496772337  2584.30737305 5281.35546875 4.73445510864
1465496772408  2568.4375 5275.67724609 4.66464328766
1465496772476  2551.7409668 5273.13134766 4.54790449142
1465496772540  2535.16381836 5272.20507812 4.44145965576
1465496772606  2517.95483398 5272.39794922 4.33053159714
1465496772676  2501.57421875 5274.95605469 4.23409557343
1465496772738  2485.49389648 5280.11181641 4.13272476196
1465496772807  2468.79223633 5285.59716797 4.01025533676
1465496772876  2453.89404297 5293.88427734 3.88633799553
1465496772939  2440.59570312 5302.09912109 3.7983186245
1465496773007  2428.09228516 5312.59716797 3.69328641891
1465496773077  2415.8125 5324.625 3.5751247406
1465496773144  2405.93310547 5337.81542969 3.47761869431
1465496773208  2396.89086914 5351.86035156 3.37600135803
1465496773275  2389.34936523 5367.11083984 3.25811815262
1465496773345  2383.61083984 5382.99951172 3.18221664429
1465496773409  2379.85766602 5398.703125 3.05445313454
1465496773474  2378.16479492 5415.26660156 2.94389081001
1465496773545  2377.73022461 5431.76904297 2.84018301964
1465496773607  2378.93310547 5448.39648438 2.73284292221
1465496773674  2382.30297852 5465.11279297 2.63482069969
1465496773745  2387.81884766 5481.45361328 2.51982879639
1465496773812  2394.80981445 5496.69775391 2.423153162
1465496773876  2402.53417969 5510.73681641 2.29738235474
1465496773943  2412.08251953 5523.63037109 2.19447183609
1465496774012  2423.66552734 5535.79541016 2.08140063286
1465496774077  2436.40380859 5547.25976562 1.97156536579
1465496774142  2449.66113281 5556.61523438 1.86467897892
1465496774213  2464.35375977 5564.77880859 1.75139009953
1465496774273  2480.54321289 5571.45703125 1.64525806904
1465496774342  2495.80664062 5575.5 1.53171730042
1465496774412  2512.52612305 5578.86523438 1.42981803417
1465496774474  2529.70385742 5579.65576172 1.31491112709
1465496774541  2546.22265625 5578.77294922 1.19693803787
1465496774613  2563.45556641 5575.40869141 1.08890163898
1465496774679  2580.5090332 5571.65820312 0.97306483984
1465496774744  2595.73901367 5565.39111328 0.871033489704
1465496774809  2610.234375 5557.84082031 0.743974089622
1465496774881  2624.1796875 5548.50585938 0.64324015379
1465496774942  2637.21362305 5537.44335938 0.538437902927
1465496775010  2649.16674805 5525.44140625 0.427141398191
1465496775080  2658.91674805 5511.25537109 0.317537218332
1465496775143  2668.18530273 5497.13623047 0.2064653337
1465496775209  2675.41210938 5481.859375 0.100847661495
1465496775281  2681.49975586 5465.54541016 0.00187427201308
1465496775347  2683.64697266 5450.21972656 6.15882587433
1465496775412  2685.77905273 5432.88623047 6.06142950058
1465496775477  2686.14453125 5416.28125 5.94131612778
1465496775549  2684.23339844 5399.25 5.82730150223
1465496775611  2680.35473633 5382.43261719 5.71732234955
1465496775678  2675.37988281 5366.19824219 5.61537694931
1465496775747  2668.88964844 5352.56298828 5.51548290253
1465496775809  2659.87939453 5337.92333984 5.39507675171
1465496775877  2649.671875 5324.71826172 5.27945280075
1465496775949  2638.39941406 5312.25830078 5.16431856155
1465496776010  2625.23828125 5301.70214844 5.05966663361
1465496776078  2611.52685547 5291.81054688 4.95165348053
1465496776148  2596.08007812 5284.41894531 4.83268642426
1465496776216  2580.68847656 5279.40576172 4.76221847534
1465496776280  2564.94189453 5274.40136719 4.63898849487
1465496776346  2547.65478516 5272.11767578 4.52232551575
1465496776415  2530.21801758 5271.23339844 4.41795063019
1465496776477  2513.25756836 5272.65771484 4.3108792305
1465496776545  2496.36132812 5274.70605469 4.19838190079
1465496776616  2480.64160156 5279.57275391 4.10226869583
1465496776676  2465.63427734 5286.14257812 4.00015926361
1465496776746  2450.63354492 5294.17431641 3.87450957298
1465496776815  2436.3671875 5303.44189453 3.76953840256
1465496776883  2424.01879883 5314.47753906 3.65786647797
1465496776947  2413.11621094 5326.40478516 3.54844331741
1465496777014  2402.78051758 5340.23974609 3.44714212418
1465496777083  2394.24169922 5354.94726562 3.34446287155
1465496777148  2387.61914062 5369.60400391 3.2424492836
1465496777213  2380.49975586 5386.28125 3.13608765602
1465496777284  2379.08520508 5401.52490234 3.02817034721
1465496777344  2377.64599609 5418.09863281 2.9280025959
1465496777414  2377.99975586 5435.70556641 2.81716275215
1465496777483  2379.75585938 5451.93554688 2.70535421371
1465496777552  2383.45605469 5468.49951172 2.58955359459
1465496777614  2388.70361328 5483.42724609 2.48670220375
1465496777682  2395.77856445 5498.02880859 2.38899207115
1465496777751  2404.78442383 5512.52978516 2.25907588005
1465496777815  2414.82617188 5526.04833984 2.1498067379
1465496777881  2427.25463867 5537.86376953 2.03745627403
1465496777952  2439.30712891 5548.76367188 1.93621408939
1465496778012  2453.97167969 5557.9921875 1.82924902439
1465496778081  2468.46337891 5564.83056641 1.72359526157
1465496778151  2483.84082031 5570.44580078 1.62860882282
1465496778213  2500.26904297 5574.70947266 1.52638113499
1465496778281  2516.89355469 5577.28955078 1.3896099329
1465496778352  2534.20361328 5578.23144531 1.28805792332
1465496778418  2551.67431641 5577.08056641 1.18315684795
1465496778484  2568.40234375 5573.90869141 1.06723737717
1465496778549  2583.94433594 5568.72900391 0.971542537212
1465496778620  2599.72167969 5562.48535156 0.86687630415
1465496778682  2614.48461914 5554.04394531 0.729442834854
1465496778750  2628.09838867 5544.87792969 0.620558738708
1465496778819  2640.66845703 5533.17431641 0.512154281139
1465496778881  2652.78125 5520.125 0.404662907124
1465496778949  2662.58276367 5506.54052734 0.284840524197
1465496779020  2670.47460938 5492.79394531 0.182129219174
1465496779086  2677.08618164 5477.39746094 0.0812729001045
1465496779151  2681.49951172 5461.90820312 6.26145219803
1465496779216  2685.46899414 5444.05664062 6.13358259201
1465496779287  2686.70654297 5428.15576172 6.01692819595
1465496779350  2686.296875 5410.9140625 5.9039773941
1465496779416  2683.89892578 5393.09521484 5.79635095596
1465496779486  2679.50732422 5378.04003906 5.69838380814
1465496779550  2674.39282227 5362.24853516 5.58270025253
1465496779616  2666.50585938 5347.92138672 5.47241783142
1465496779687  2657.70727539 5333.52099609 5.35858154297
1465496779753  2646.79638672 5320.31835938 5.25343084335
1465496779819  2634.38525391 5307.95117188 5.14185237885
1465496779884  2621.4831543 5296.87060547 5.03457355499
1465496779954  2607.43701172 5289.41552734 4.93356609344
1465496780018  2593.05151367 5282.20605469 4.82709932327
1465496780085  2576.49975586 5274.49951172 4.71238946915
1465496780154  2560.13476562 5272.02148438 4.61169576645
1465496780216  2543.61181641 5270.26660156 4.50288772583
1465496780284  2526.60888672 5270.03955078 4.39525270462
1465496780355  2509.06689453 5271.43701172 4.28953790665
1465496780417  2493.19726562 5274.37890625 4.18990659714
1465496780486  2477.13354492 5279.15722656 4.07794189453
1465496780554  2462.0 5286.17431641 3.99457836151
1465496780623  2447.55322266 5294.34570312 3.8523645401
1465496780687  2433.97973633 5304.6171875 3.74669098854
1465496780753  2421.02685547 5316.1875 3.65039229393
1465496780822  2410.01708984 5328.59814453 3.53179883957
1465496780887  2400.49511719 5342.04980469 3.43399953842
1465496780952  2392.86181641 5355.74072266 3.33289909363
1465496781022  2386.61669922 5371.34033203 3.21756601334
1465496781084  2380.5 5387.59326172 3.1215569973
1465496781153  2378.64404297 5403.6484375 3.00223374367
1465496781222  2377.0847168 5420.13085938 2.9029943943
1465496781290  2377.6784668 5437.83398438 2.78259110451
1465496781420  2383.86450195 5469.11230469 2.58133506775
1465496781491  2389.81591797 5484.88964844 2.46970200539
1465496781553  2397.78417969 5498.71533203 2.37119579315
1465496781621  2406.77929688 5514.20507812 2.23889803886
1465496781689  2417.27587891 5527.30126953 2.12786459923
1465496781752  2429.36450195 5538.63183594 2.01561737061
1465496781821  2441.85131836 5548.85009766 1.92231714725
1465496781891  2455.75512695 5557.61279297 1.82546055317
1465496781953  2471.17480469 5564.80566406 1.709872365
1465496782021  2485.68798828 5569.82470703 1.59817659855
1465496782089  2502.94677734 5573.72363281 1.49608552456
1465496782159  2520.53662109 5576.81738281 1.38450717926
1465496782222  2537.84155273 5577.14892578 1.27381968498
1465496782289  2554.21606445 5576.14550781 1.16758143902
1465496782358  2570.53369141 5571.95458984 1.06315696239
1465496782423  2586.54248047 5566.98681641 0.949892163277
1465496782488  2602.22900391 5560.20410156 0.839304566383
1465496782559  2617.14355469 5551.39501953 0.710010528564
1465496782620  2631.03710938 5541.56494141 0.595238447189
1465496782689  2643.83105469 5530.19921875 0.483397066593
1465496782758  2654.01074219 5517.87890625 0.371623575687
1465496782826  2663.73120117 5504.06494141 0.275066435337
1465496782890  2671.70117188 5489.15869141 0.155683606863
1465496782957  2678.24462891 5473.58886719 0.0794137120247
1465496783026  2682.74023438 5457.83837891 6.22957658768
1465496783090  2685.73291016 5440.87060547 6.10740232468
1465496783156  2686.49267578 5423.04394531 6.00331640244
1465496783226  2685.82421875 5406.74316406 5.9015583992
1465496783288  2682.75952148 5390.24902344 5.7932100296
1465496783356  2678.49560547 5374.12304688 5.68051195145
1465496783426  2672.15576172 5358.63769531 5.57697200775
1465496783494  2664.69238281 5342.96337891 5.44994354248
1465496783557  2655.5703125 5329.01464844 5.33725786209
1465496783624  2644.6875 5316.40429688 5.24015903473
1465496783693  2633.38183594 5305.09375 5.12686252594
1465496783757  2619.85400391 5295.25195312 5.02188825607
1465496783823  2604.81884766 5286.45947266 4.90712070465
1465496783894  2589.94775391 5278.78808594 4.80452156067
1465496783957  2574.34667969 5274.5 4.69674158096
1465496784024  2557.50756836 5269.89453125 4.58887195587
1465496784093  2540.20166016 5268.26611328 4.47262573242
1465496784156  2523.75341797 5268.59277344 4.38195610046
1465496784223  2507.17822266 5270.51904297 4.28143787384
1465496784294  2490.71313477 5274.05615234 4.17379045486
1465496784361  2474.99316406 5279.05664062 4.06396245956
1465496784425  2458.78955078 5286.46777344 3.95063996315
1465496784491  2445.02661133 5294.69140625 3.83211660385
1465496784562  2431.5234375 5304.75097656 3.73139882088
1465496784625  2419.49511719 5316.05078125 3.62666749954
1465496784692  2409.22827148 5327.83837891 3.51511716843
1465496784762  2399.6875 5341.84814453 3.41160440445
1465496784824  2392.34179688 5356.38232422 3.30756855011
1465496784894  2385.62207031 5371.62646484 3.18890714645
1465496784962  2380.82861328 5387.99707031 3.11189723015
1465496785029  2378.38769531 5405.19189453 2.97952246666
1465496785094  2377.5300293 5421.14257812 2.88631606102
1465496785162  2378.59545898 5437.47558594 2.77900719643
1465496785230  2381.02392578 5454.19189453 2.67392516136
1465496785293  2385.42651367 5470.46630859 2.57413864136
1465496785360  2391.72607422 5486.51757812 2.46419763565
1465496785429  2399.27978516 5500.72070312 2.33645987511
1465496785492  2408.68432617 5515.62792969 2.23345303535
1465496785559  2418.67919922 5528.046875 2.11748051643
1465496785629  2430.85253906 5539.37695312 2.02492213249
1465496785691  2444.01708984 5548.90136719 1.91050302982
1465496785759  2457.92700195 5558.36621094 1.79109966755
1465496785829  2473.88964844 5565.28271484 1.67950165272
1465496785897  2489.54858398 5569.39355469 1.59889471531
1465496785960  2506.79882812 5574.40136719 1.46084225178
1465496786029  2523.03540039 5576.32568359 1.36368715763
1465496786097  2539.19042969 5576.26416016 1.25195503235
1465496786161  2556.42504883 5573.98974609 1.13528192043
1465496786227  2573.13476562 5570.29296875 1.03016209602
1465496786297  2589.7487793 5565.34619141 0.928771018982
1465496786359  2605.20117188 5557.78076172 0.838347971439
1465496786426  2620.05175781 5549.546875 0.682556033134
1465496786496  2632.38916016 5539.37890625 0.578281164169
1465496786565  2644.7109375 5527.70556641 0.469641387463
1465496786628  2655.28979492 5514.66162109 0.357078135014
1465496786695  2664.77392578 5500.44580078 0.252731233835
1465496786764  2672.296875 5485.81884766 0.132375538349
1465496786828  2679.79418945 5470.34667969 0.0334482826293
1465496786894  2683.4597168 5452.68603516 6.19494247437
1465496786964  2685.43041992 5436.87890625 6.09070777893
1465496787026  2686.21240234 5420.40185547 5.98891735077
1465496787094  2685.39282227 5403.15527344 5.87651824951
1465496787164  2682.28198242 5386.27148438 5.76273012161
1465496787232  2677.73022461 5370.40869141 5.65578794479
1465496787294  2670.7824707 5354.19580078 5.54596805573
1465496787364  2663.07788086 5339.36621094 5.42518091202
1465496787432  2653.39648438 5325.75683594 5.32612752914
1465496787495  2642.46630859 5313.75537109 5.21980667114
1465496787561  2629.87548828 5302.55712891 5.111723423
1465496787633  2616.65063477 5292.27294922 4.99366998672
1465496787695  2601.53759766 5284.28613281 4.90540456772
1465496787764  2586.09545898 5276.75976562 4.78718662262
1465496787832  2570.07373047 5272.82763672 4.66990947723
1465496787894  2553.65917969 5268.74072266 4.56964302063
1465496787962  2536.86328125 5267.74804688 4.45845317841
1465496788033  2520.07958984 5268.24902344 4.35377693176
1465496788100  2502.65869141 5270.09179688 4.24354553223
1465496788164  2487.06445312 5273.95849609 4.14287805557
1465496788230  2471.04541016 5279.09716797 4.03432607651
1465496788300  2455.77905273 5286.70117188 3.89010930061
1465496788364  2441.97851562 5295.83886719 3.80383968353
1465496788432  2429.49951172 5305.99951172 3.69765162468
1465496788500  2418.05712891 5317.48144531 3.60619831085
1465496788563  2407.60742188 5331.07568359 3.48726129532
1465496788630  2398.14916992 5345.38964844 3.38887500763
1465496788700  2390.29833984 5360.22607422 3.28168487549
1465496788768  2384.93457031 5376.19384766 3.1839389801
1465496788833  2380.69091797 5391.70410156 3.07394099236
1465496788899  2378.43652344 5407.8203125 2.96132206917
1465496788968  2377.98925781 5425.10888672 2.85373330116
1465496789032  2378.68505859 5441.79833984 2.75584578514
1465496789099  2381.71044922 5457.99511719 2.64299893379
1465496789167  2386.79589844 5474.19335938 2.53178477287
1465496789233  2392.9921875 5490.25976562 2.43183708191
1465496789298  2401.36376953 5503.97265625 2.30504631996
1465496789368  2410.60791016 5517.60009766 2.20943546295
1465496789432  2421.50683594 5529.79931641 2.09664034843
1465496789501  2434.12817383 5541.00341797 1.98969089985
1465496789568  2447.73999023 5551.25146484 1.87189686298
1465496789637  2462.58666992 5559.61669922 1.76137697697
1465496789700  2477.52856445 5566.03955078 1.65199291706
1465496789766  2492.49975586 5568.9375 1.56054067612
1465496789836  2509.67016602 5574.24462891 1.43778955936
1465496789900  2526.83618164 5575.234375 1.32822060585
1465496789966  2543.31811523 5574.95263672 1.23286223412
1465496790036  2560.86523438 5572.78320312 1.11944687366
1465496790099  2577.72949219 5568.44970703 1.00257873535
1465496790168  2593.70336914 5562.34130859 0.892843961716
1465496790236  2607.53417969 5554.94726562 0.773500025272
1465496790304  2621.94213867 5545.93896484 0.661053061485
1465496790368  2635.22387695 5535.16699219 0.552016973495
1465496790435  2647.47583008 5522.97558594 0.438758552074
1465496790503  2658.02587891 5510.42041016 0.33580571413
1465496790569  2667.07128906 5495.47900391 0.228614151478
1465496790634  2674.46435547 5480.56298828 0.118645854294
1465496790705  2681.49951172 5463.49951172 2.0901309199e-06
1465496790768  2683.7824707 5448.10351562 6.18222141266
1465496790835  2686.27783203 5431.90380859 6.07334470749
1465496790904  2686.18041992 5414.81494141 5.95934152603
1465496790972  2685.13867188 5397.82080078 5.8581662178
1465496791036  2681.66357422 5380.51513672 5.74540328979
1465496791103  2676.34375 5364.65869141 5.64476537704
1465496791172  2669.37304688 5349.37207031 5.5384683609
1465496791236  2661.15820312 5335.58007812 5.40925741196
1465496791302  2651.02612305 5321.62939453 5.29779577255
1465496791372  2639.61938477 5309.83105469 5.19890213013
1465496791436  2627.35595703 5298.67822266 5.07742929459
1465496791503  2613.57373047 5289.09521484 4.96908092499
1465496791572  2598.21826172 5280.76171875 4.85701751709
1465496791636  2582.79199219 5274.5 4.7251791954
1465496791704  2567.07275391 5270.27636719 4.63529777527
1465496791773  2550.44580078 5267.328125 4.54438638687
1465496791840  2533.98754883 5266.28027344 4.42722129822
1465496791902  2516.89331055 5267.80957031 4.32125377655
1465496791968  2499.21411133 5270.5390625 4.21656227112
1465496792039  2483.42675781 5274.99414062 4.12238264084
1465496792102  2468.13989258 5280.36279297 4.02213191986
1465496792172  2453.99072266 5288.74511719 3.91847014427
1465496792239  2439.5078125 5298.13378906 3.7846930027
1465496792303  2426.16992188 5308.91552734 3.67627191544
1465496792372  2414.2734375 5320.52783203 3.56870079041
1465496792440  2404.60546875 5333.86914062 3.47058677673
1465496792508  2395.64233398 5348.23242188 3.36059474945
1465496792572  2388.92773438 5363.40625 3.25537061691
1465496792637  2382.62304688 5379.49951172 3.1749830246
1465496792708  2379.53808594 5394.8203125 3.04096961021
1465496792771  2377.88818359 5411.44091797 2.93386721611
1465496792840  2377.74707031 5428.26171875 2.82958722115
1465496792907  2379.40625 5445.78173828 2.72482800484
1465496792971  2382.68969727 5461.96240234 2.62651228905
1465496793038  2388.12451172 5477.046875 2.52800011635
1465496793108  2395.18041992 5492.44677734 2.40809035301
1465496793176  2403.30371094 5506.70996094 2.28535604477
1465496793240  2413.60717773 5519.93066406 2.17404866219
1465496793305  2425.05126953 5531.85302734 2.07360649109
1465496793375  2437.18603516 5542.82861328 1.9532533884
1465496793439  2451.52246094 5552.6484375 1.85302507877
1465496793505  2465.33544922 5560.56591797 1.7378641367
1465496793575  2480.83789062 5566.15771484 1.63980162144
1465496793639  2496.83618164 5570.43847656 1.50603604317
1465496793705  2513.73852539 5574.21777344 1.42400586605
1465496793776  2531.18725586 5574.57226562 1.30007648468
1465496793840  2548.53076172 5573.87744141 1.19743859768
1465496793909  2565.27392578 5570.76513672 1.08194172382
1465496793976  2581.02441406 5566.7109375 0.976835787296
1465496794044  2596.41992188 5560.41455078 0.879803597927
1465496794107  2611.88134766 5552.31982422 0.733437359333
1465496794174  2626.03027344 5542.93554688 0.633229851723
1465496794243  2638.50927734 5531.62939453 0.532103717327
1465496794307  2650.23095703 5519.03515625 0.412001937628
1465496794373  2660.88183594 5504.92773438 0.314833819866
1465496794444  2669.44384766 5491.18310547 0.192494213581
1465496794506  2676.21777344 5476.50878906 0.0924715474248
1465496794575  2681.49975586 5461.09326172 6.262550354
1465496794643  2684.63769531 5443.52099609 6.15480947495
1465496794712  2686.72216797 5426.65966797 6.04166078568
1465496794774  2686.62402344 5409.51123047 5.93674564362
1465496794842  2684.36328125 5392.18457031 5.82606649399
1465496794912  2681.45166016 5377.25683594 5.7224354744
1465496794975  2675.61230469 5361.56103516 5.61604404449
1465496795041  2669.43017578 5346.23876953 5.5068602562
1465496795112  2659.87988281 5331.65429688 5.38016891479
1465496795174  2649.52148438 5318.50244141 5.274477005
1465496795242  2638.22412109 5306.22851562 5.15557003021
1465496795311  2624.59790039 5295.48974609 5.04991674423
1465496795375  2611.30908203 5286.578125 4.94632196426
1465496795442  2596.26611328 5279.9140625 4.84516859055
1465496795512  2580.52734375 5274.5 4.72494077682
1465496795579  2563.39794922 5269.75048828 4.63635826111
1465496795643  2546.59741211 5266.97119141 4.51251792908
1465496795709  2529.32910156 5266.30029297 4.41495323181
1465496795779  2512.38330078 5267.55322266 4.30587720871
1465496795842  2496.44677734 5269.94189453 4.2037935257
1465496795911  2480.63769531 5274.74023438 4.10705947876
1465496795979  2464.85571289 5281.20410156 4.0048365593
1465496796043  2450.33886719 5289.19580078 3.87348723412
1465496796109  2436.50561523 5298.52636719 3.76473236084
1465496796179  2423.63842773 5310.06298828 3.6551053524
1465496796247  2412.43774414 5321.95751953 3.54661130905
1465496796310  2402.6184082 5334.88818359 3.44725799561
1465496796377  2394.58447266 5349.26660156 3.35245227814
1465496796447  2387.9296875 5364.9140625 3.2497177124
1465496796510  2380.5 5380.40039062 3.12335038185
1465496796579  2379.29931641 5397.33886719 3.02312350273
1465496796646  2377.48925781 5414.10888672 2.91477227211
1465496796777  2379.97851562 5447.40234375 2.70701432228
1465496796845  2383.67602539 5462.96630859 2.59680581093
1465496796915  2388.99316406 5479.19482422 2.49585556984
1465496796977  2395.77172852 5493.91650391 2.39024806023
1465496797048  2404.90087891 5507.75878906 2.26785254478
1465496797114  2415.59326172 5521.56787109 2.14751267433
1465496797179  2426.69238281 5532.98095703 2.03889727592
1465496797245  2439.65576172 5543.66503906 1.93492043018
1465496797316  2453.71020508 5552.24902344 1.83392775059
1465496797378  2468.84228516 5560.08789062 1.71874916553
1465496797444  2485.10742188 5566.68701172 1.6157861948
1465496797515  2501.72167969 5570.33007812 1.5014373064
1465496797578  2517.99438477 5572.84130859 1.37709486485
1465496797646  2535.42529297 5573.25195312 1.2874443531
1465496797714  2552.01904297 5571.92382812 1.17499494553
1465496797781  2568.59814453 5568.48388672 1.06040871143
1465496797846  2584.78271484 5563.60595703 0.965336024761
1465496797913  2600.02880859 5556.81005859 0.838342905045
1465496797983  2615.48876953 5548.28173828 0.722024142742
1465496798045  2629.56567383 5538.38085938 0.607005774975
1465496798113  2642.14941406 5526.75830078 0.496660619974
1465496798181  2652.79443359 5514.72558594 0.39534419775
1465496798248  2662.13183594 5501.53955078 0.278440177441
1465496798313  2670.56762695 5486.63818359 0.176308587193
1465496798382  2677.53271484 5471.25097656 0.0667000412941
1465496798450  2681.8840332 5455.67724609 6.25842857361
1465496798514  2685.61474609 5438.06347656 6.11509752274
1465496798580  2686.75439453 5421.33544922 6.01519489288
1465496798713  2684.05249023 5389.02587891 5.80520820618
1465496798782  2679.66137695 5372.77783203 5.68847560883
1465496798850  2673.73046875 5356.08496094 5.57955217361
1465496798914  2665.71533203 5341.35302734 5.45792484283
1465496798982  2656.26342773 5326.75341797 5.34311485291
1465496799050  2645.1472168 5313.84570312 5.24683141708
1465496799114  2633.29882812 5302.68798828 5.14052915573
1465496799181  2620.45166016 5292.71240234 5.02215385437
1465496799249  2606.35498047 5283.55029297 4.91767883301
1465496799318  2590.82226562 5276.60791016 4.8147854805
1465496799382  2576.49975586 5269.734375 4.70574951172
1465496799448  2558.13964844 5266.78271484 4.59046936035
1465496799518  2540.91943359 5264.53271484 4.4956073761
1465496799582  2524.59960938 5264.40771484 4.37610054016
1465496799650  2507.89672852 5266.59375 4.27052688599
1465496799717  2491.48364258 5269.69921875 4.18083238602
1465496799781  2475.62036133 5275.30664062 4.07133293152
1465496799849  2461.18408203 5281.63378906 3.95252227783
1465496799918  2444.92407227 5291.19873047 3.84009051323
1465496799986  2432.04321289 5300.85888672 3.73609995842
1465496800049  2420.60131836 5312.66992188 3.63114261627
1465496800115  2409.53686523 5324.94042969 3.52560043335
1465496800186  2400.05810547 5338.25292969 3.41242933273
1465496800249  2392.03881836 5352.47412109 3.30927753448
1465496800317  2385.70336914 5367.94335938 3.20707178116
1465496800386  2380.49975586 5384.76660156 3.11492180824
1465496800450  2378.44580078 5401.27929688 2.98541331291
1465496800516  2377.07543945 5417.47851562 2.88383793831
1465496800585  2378.00244141 5433.55224609 2.77282214165
1465496800654  2380.71362305 5449.92773438 2.6690967083
1465496800716  2385.21875 5466.375 2.56749653816
1465496800783  2391.20654297 5481.9140625 2.45953989029
1465496800855  2399.44482422 5497.59277344 2.32299518585
1465496800916  2408.33349609 5511.03466797 2.22531557083
1465496800984  2418.33105469 5522.91748047 2.12019920349
1465496801053  2430.89404297 5534.53125 2.00906348228
1465496801117  2444.04101562 5545.07714844 1.91695320606
1465496801185  2458.26757812 5553.78417969 1.80052769184
1465496801253  2473.46679688 5560.93115234 1.6913138628
1465496801317  2489.84057617 5568.5 1.58848536015
1465496801385  2506.56494141 5570.57714844 1.4649156332
1465496801453  2522.8190918 5572.20166016 1.36405289173
1465496801521  2539.77416992 5571.71923828 1.25663936138
1465496801585  2556.71923828 5570.38427734 1.15720772743
1465496801653  2572.98120117 5567.07861328 1.04096758366
1465496801721  2589.53686523 5560.91699219 0.942044973373
1465496801786  2604.54589844 5554.55078125 0.834217965603
1465496801853  2619.32519531 5545.24072266 0.700650811195
1465496801921  2632.20581055 5535.56640625 0.586961507797
1465496801985  2644.55395508 5523.81005859 0.470774143934
1465496802054  2655.27172852 5511.37402344 0.37208250165
1465496802121  2665.25463867 5497.27587891 0.254153579473
1465496802189  2672.86547852 5482.49169922 0.14527875185
1465496802252  2680.42626953 5466.21826172 0.0503602661192
1465496802320  2684.3996582 5450.50732422 6.2087521553
1465496802389  2686.140625 5433.78857422 6.10129022598
1465496802453  2687.02001953 5417.23730469 5.99582242966
1465496802518  2685.97973633 5400.11621094 5.89512968063
1465496802589  2682.91259766 5383.16699219 5.79115343094
1465496802653  2678.92382812 5366.83154297 5.66663265228
1465496802721  2672.18164062 5350.97900391 5.56243228912
1465496802788  2664.30273438 5336.16308594 5.44382286072
1465496802856  2655.17260742 5322.57128906 5.33110332489
1465496802920  2644.38671875 5310.31738281 5.22370958328
1465496802987  2632.02148438 5298.66503906 5.11775016785
1465496803056  2618.37231445 5288.91259766 5.00989580154
1465496803119  2603.77587891 5280.26318359 4.8895740509
1465496803186  2588.09960938 5272.33056641 4.78580856323
1465496803257  2571.62304688 5267.5 4.69252443314
1465496803321  2556.26953125 5265.31347656 4.58200883865
1465496803389  2540.02758789 5263.48730469 4.47856092453
1465496803456  2522.53149414 5263.64355469 4.36715555191
1465496803520  2505.46801758 5265.66552734 4.26359415054
1465496803589  2489.19677734 5269.49462891 4.16045331955
1465496803657  2473.16015625 5274.390625 4.04184484482
1465496803724  2458.54638672 5281.95605469 3.95469117165
1465496803788  2444.23535156 5290.60986328 3.8337187767
1465496803855  2431.39355469 5300.59765625 3.72881674767
1465496803926  2419.14038086 5312.10693359 3.61667871475
1465496803989  2408.38745117 5324.47412109 3.50420570374
1465496804055  2399.18457031 5338.40527344 3.39984035492
1465496804132  2391.65722656 5353.40966797 3.28975343704
1465496804188  2385.77050781 5369.65771484 3.20037889481
1465496804254  2381.26074219 5384.62646484 3.09545350075
1465496804324  2379.41943359 5400.53173828 2.98560929298
1465496804392  2378.30761719 5417.59765625 2.87083220482
1465496804455  2378.93481445 5434.890625 2.7627351284
1465496804522  2381.76879883 5451.16064453 2.65551495552
1465496804593  2386.51611328 5467.68261719 2.55274963379
1465496804655  2392.06787109 5482.84130859 2.45697069168
1465496804723  2400.35009766 5497.55517578 2.33262372017
1465496804793  2409.41455078 5511.24462891 2.21894192696
1465496804856  2419.75219727 5523.75732422 2.11612772942
1465496804924  2432.26660156 5534.81298828 2.0137925148
1465496804993  2445.50146484 5545.25976562 1.90561640263
1465496805056  2459.93017578 5553.94189453 1.79302036762
1465496805124  2475.64941406 5561.14697266 1.69374287128
1465496805192  2492.49951172 5567.79199219 1.58358871937
1465496805261  2506.8515625 5569.71337891 1.46566414833
1465496805323  2523.67553711 5571.41455078 1.36443507671
1465496805390  2541.04785156 5571.31152344 1.24958348274
1465496805460  2557.59716797 5569.36474609 1.13928174973
1465496805524  2574.94042969 5565.94580078 1.02801668644
1465496805592  2591.0 5560.38037109 0.922292470932
1465496805660  2604.63696289 5554.13916016 0.798664867878
1465496805723  2619.61181641 5545.01806641 0.700721859932
1465496805792  2633.24682617 5534.00048828 0.588878393173
1465496805860  2644.90478516 5522.55566406 0.466723382473
1465496805929  2656.4284668 5509.41699219 0.367456138134
1465496805991  2665.87207031 5495.21337891 0.254404395819
1465496806058  2673.64770508 5480.23974609 0.145320355892
1465496806128  2680.68408203 5464.65136719 0.0367451310158
1465496806192  2684.31298828 5448.53662109 6.22420692444
1465496806260  2687.02734375 5432.02148438 6.0966553688
1465496806328  2687.65039062 5415.37353516 5.99175071716
1465496806390  2686.45214844 5398.5625 5.88134145737
1465496806459  2683.97900391 5381.06591797 5.76185750961
1465496806528  2678.95556641 5365.08056641 5.66442728043
1465496806596  2672.5144043 5350.00439453 5.55221557617
1465496806659  2665.13037109 5335.28173828 5.44774866104
1465496806726  2655.51342773 5322.09570312 5.32891798019
1465496806796  2644.40917969 5309.05566406 5.22400188446
1465496806860  2632.1328125 5297.33154297 5.11044597626
1465496806928  2618.46508789 5286.99462891 5.00634717941
1465496806996  2603.82128906 5279.04248047 4.90077018738
1465496807060  2588.87768555 5272.0859375 4.79671192169
1465496807128  2572.99975586 5267.5 4.71238851547
1465496807196  2556.34863281 5264.14013672 4.57480621338
1465496807260  2540.16357422 5261.82373047 4.46916723251
1465496807328  2523.35473633 5262.21728516 4.36957454681
1465496807396  2506.49975586 5263.99951172 4.25534915924
1465496807464  2489.83666992 5267.73535156 4.15473222733
1465496807528  2474.32275391 5273.01660156 4.04459953308
1465496807594  2459.66845703 5280.17626953 3.95145940781
1465496807664  2445.4152832 5289.50585938 3.82874512672
1465496807727  2432.60107422 5300.03808594 3.7140686512
1465496807796  2420.29125977 5311.46240234 3.60845756531
1465496807863  2409.24169922 5324.18652344 3.50184249878
1465496807927  2399.82519531 5338.35302734 3.40038251877
1465496807995  2392.45922852 5352.31591797 3.29766607285
1465496808064  2386.43676758 5367.84423828 3.18926095963
1465496808132  2381.40478516 5383.99169922 3.08679175377
1465496808195  2379.45385742 5400.75195312 2.98799395561
1465496808262  2378.51318359 5417.53808594 2.87310242653
1465496808332  2379.27099609 5434.6015625 2.76809239388
1465496808395  2382.34106445 5451.75048828 2.64675140381
1465496808464  2386.29638672 5466.87109375 2.5481865406
1465496808531  2392.52661133 5481.57275391 2.44582390785
1465496808594  2400.69458008 5496.79589844 2.31471681595
1465496808663  2409.79345703 5510.73486328 2.22555494308
1465496808732  2420.9152832 5522.68359375 2.11068272591
1465496808795  2432.93359375 5534.73046875 2.00083422661
1465496808864  2446.30712891 5544.67919922 1.89670526981
1465496808931  2460.10839844 5553.14208984 1.78637039661
1465496808999  2475.36791992 5559.94824219 1.68073618412
1465496809063  2492.49951172 5565.92626953 1.58519184589
1465496809132  2507.50683594 5568.38378906 1.45121431351
1465496809199  2524.83862305 5570.75195312 1.3533602953
1465496809263  2542.04736328 5570.60009766 1.24223327637
1465496809332  2559.33300781 5568.34765625 1.13949108124
1465496809399  2575.11303711 5564.51464844 1.02592217922
1465496809463  2590.43188477 5558.85791016 0.9282990098
1465496809531  2606.53735352 5550.96484375 0.832930028439
1465496809599  2620.78442383 5542.91650391 0.682635068893
1465496809667  2634.29321289 5532.4296875 0.586961090565
1465496809730  2646.49658203 5520.83349609 0.462988108397
1465496809797  2657.33984375 5507.53662109 0.357403695583
1465496809867  2666.62109375 5493.95214844 0.24897903204
1465496809931  2674.26538086 5479.09619141 0.149279788136
1465496809999  2681.49975586 5463.36669922 0.00439376058057
1465496810068  2684.63647461 5446.62939453 6.19761991501
1465496810131  2686.54589844 5430.43359375 6.09432458878
1465496810200  2687.79443359 5412.88232422 5.97828769684
1465496810267  2686.93603516 5395.64648438 5.87250614166
1465496810335  2683.46313477 5380.08544922 5.77089262009
1465496810399  2678.78100586 5364.42333984 5.6672668457
1465496810465  2672.33618164 5348.43603516 5.56470108032
1465496810534  2664.31445312 5333.796875 5.43555116653
1465496810600  2654.83789062 5320.32763672 5.32687950134
1465496810667  2643.91259766 5307.21679688 5.21811103821
1465496810735  2631.22900391 5295.85986328 5.10857439041
1465496810799  2618.62426758 5285.69873047 4.99411821365
1465496810868  2603.99584961 5277.97900391 4.8890004158
1465496810935  2588.81787109 5270.91503906 4.78467512131
1465496811000  2571.98095703 5267.140625 4.68719387054
1465496811067  2556.39892578 5263.22802734 4.55729293823
1465496811135  2539.19873047 5261.30273438 4.45072698593
1465496811204  2521.55004883 5262.24804688 4.35494804382
1465496811267  2506.3515625 5264.22851562 4.24883794785
1465496811333  2489.39941406 5268.45410156 4.14500379562
1465496811403  2473.62597656 5273.83544922 4.04514598846
1465496811467  2458.90405273 5280.09619141 3.91650700569
1465496811535  2443.99169922 5290.6171875 3.8207859993
1465496811603  2430.2668457 5300.27587891 3.70643091202
1465496811667  2418.58496094 5312.79492188 3.60026693344
1465496811735  2407.87988281 5325.04199219 3.50166463852
1465496811803  2399.52563477 5338.72900391 3.39699649811
1465496811870  2392.12353516 5352.87939453 3.29505825043
1465496811935  2386.36132812 5369.08642578 3.18081903458
1465496812001  2381.42724609 5385.48535156 3.07995152473
1465496812071  2379.23071289 5402.33496094 2.96995282173
1465496812132  2378.3190918 5419.28125 2.85063934326
1465496812199  2379.34472656 5435.38525391 2.75769734383
1465496812277  2382.39550781 5451.42822266 2.64264369011
1465496812331  2386.97875977 5467.58447266 2.54294633865
1465496812403  2393.38476562 5482.61328125 2.44814157486
1465496812472  2401.63989258 5496.97607422 2.31178593636
1465496812537  2411.03393555 5511.46044922 2.20319843292
1465496812603  2422.37011719 5524.34326172 2.09513783455
1465496812671  2434.07739258 5535.03173828 2.00311541557
1465496812739  2447.69165039 5544.28857422 1.8820554018
1465496812804  2461.81982422 5552.82861328 1.77494108677
1465496812872  2477.18603516 5559.22119141 1.66035568714
1465496812939  2492.49975586 5563.6875 1.55419373512
1465496813005  2510.83691406 5568.18847656 1.44499826431
1465496813071  2527.72363281 5569.43408203 1.33580756187
1465496813141  2543.89794922 5569.12548828 1.22591006756
1465496813202  2560.14013672 5566.97167969 1.12873244286
1465496813273  2577.17773438 5563.09619141 1.01483178139
1465496813340  2593.51318359 5557.28027344 0.901078402996
1465496813407  2608.0 5551.0 0.785400390625
1465496813471  2623.36157227 5540.79931641 0.673075318336
1465496813539  2636.85449219 5529.68066406 0.550448834896
1465496813606  2648.12304688 5518.40039062 0.442019432783
1465496813671  2658.08740234 5505.77539062 0.33585268259
1465496813739  2667.53515625 5490.89404297 0.228624880314
1465496813807  2675.07910156 5476.08251953 0.130917489529
1465496813871  2681.49951172 5459.06884766 0.0156564153731
1465496813940  2685.23925781 5442.88183594 6.18418359756
1465496814007  2687.04736328 5426.04199219 6.07922887802
1465496814075  2687.96533203 5409.69775391 5.96846580505
1465496814141  2686.57373047 5393.01367188 5.86044883728
1465496814210  2683.39111328 5376.38476562 5.74898958206
1465496814275  2677.99047852 5360.49658203 5.64878606796
1465496814340  2671.71362305 5345.18408203 5.52695035934
1465496814408  2663.30004883 5330.328125 5.39878702164
1465496814539  2642.04833984 5304.32519531 5.19206190109
1465496814607  2629.03295898 5294.21972656 5.07934617996
1465496814675  2615.33398438 5284.5078125 4.97509384155
1465496814739  2599.92724609 5276.35351562 4.86614561081
1465496814808  2583.96777344 5270.234375 4.76084375381
1465496814876  2568.42041016 5265.25976562 4.639980793
1465496814942  2551.07714844 5262.30273438 4.54309082031
1465496815006  2534.46923828 5261.49658203 4.44268369675
1465496815075  2517.73095703 5262.37402344 4.33564472198
1465496815142  2500.66381836 5264.828125 4.23371267319
1465496815208  2484.66650391 5269.28808594 4.12266492844
1465496815275  2469.22705078 5275.32617188 4.02538108826
1465496815349  2453.69873047 5283.2890625 3.88216423988
1465496815413  2439.8581543 5292.63964844 3.78817224503
1465496815483  2427.33422852 5303.03222656 3.68427729607
1465496815549  2416.61621094 5314.55957031 3.56589078903
1465496815618  2406.1640625 5328.44921875 3.47874593735
1465496815680  2397.07104492 5342.38134766 3.35876750946
1465496815751  2390.03857422 5357.56396484 3.25266885757
1465496815816  2386.12280273 5372.49951172 3.16158151627
1465496815882  2380.61987305 5389.37939453 3.03788971901
1465496815948  2378.53295898 5405.86865234 2.93452811241
1465496816018  2378.98242188 5422.63623047 2.82935571671
1465496816076  2380.27319336 5439.09863281 2.72712945938
1465496816145  2383.54516602 5455.53417969 2.62414622307
1465496816212  2388.86547852 5471.28076172 2.51795387268
1465496816277  2396.09936523 5486.82519531 2.40394449234
1465496816343  2404.76489258 5501.27294922 2.28373217583
1465496816412  2414.70532227 5514.09326172 2.17646789551
1465496816480  2425.70678711 5525.37646484 2.07484078407
1465496816545  2438.36254883 5536.75537109 1.96807873249
1465496816612  2452.69335938 5546.69482422 1.84795105457
1465496816681  2467.00732422 5554.24511719 1.73825562
1465496816744  2482.83032227 5560.47998047 1.62066614628
1465496816812  2499.76928711 5565.42041016 1.50416517258
1465496816879  2515.63623047 5568.45996094 1.4152803421
1465496816943  2532.55297852 5568.73632812 1.30629944801
1465496817011  2549.94262695 5567.94042969 1.20765292645
1465496817079  2566.16308594 5564.91796875 1.09779953957
1465496817146  2583.20947266 5560.64160156 0.988254487514
1465496817212  2599.98168945 5553.89501953 0.866555988789
1465496817281  2614.32592773 5545.80908203 0.735429465771
1465496817348  2627.28027344 5536.74804688 0.627152740955
1465496817412  2640.18994141 5525.74462891 0.530077278614
1465496817479  2652.19116211 5512.87548828 0.408565461636
1465496817546  2662.203125 5499.8515625 0.301895529032
1465496817611  2670.39306641 5485.21289062 0.190777033567
1465496817680  2677.84765625 5469.23144531 0.0909253880382
1465496817748  2682.05273438 5453.94482422 6.2416138649
1465496817813  2686.36669922 5437.04248047 6.14404392242
1465496817878  2687.64599609 5420.66894531 6.03323459625
1465496817946  2687.61889648 5403.38720703 5.91961717606
1465496818014  2685.71142578 5387.42089844 5.81390476227
1465496818079  2681.06030273 5369.98486328 5.71723508835
1465496818147  2675.34008789 5353.46484375 5.59543895721
1465496818214  2668.13745117 5338.765625 5.46627378464
1465496818279  2662.66210938 5326.15722656 5.32283210754
1465496818347  2656.5949707 5313.80908203 5.16606903076
1465496818414  2648.86791992 5302.11865234 4.99637365341
1465496818479  2638.34619141 5293.31005859 4.83971786499
1465496818546  2625.49975586 5288.5 4.71238708496
1465496818613  2609.9309082 5281.31201172 4.57654523849
1465496818680  2596.7565918 5276.61767578 4.43510389328
1465496818745  2582.66699219 5275.53808594 4.28256082535
1465496818814  2567.87304688 5276.56689453 4.13999128342
1465496818881  2553.08666992 5278.94091797 4.00776767731
1465496818947  2539.4465332 5283.52294922 3.8444621563
1465496819013  2526.76660156 5290.88818359 3.69966602325
1465496819082  2514.31445312 5299.15136719 3.54897069931
1465496819146  2504.25634766 5308.68115234 3.40798568726
1465496819214  2496.11499023 5320.00976562 3.25203609467
1465496819281  2488.64257812 5331.87304688 3.10377287865
1465496819349  2484.56396484 5345.54541016 2.98254656792
1465496819414  2480.97460938 5359.46435547 2.82858848572
1465496819482  2479.68823242 5373.4765625 2.69169259071
1465496819549  2481.15625 5388.74121094 2.54312038422
1465496819615  2484.75097656 5403.13720703 2.4126021862
1465496819681  2489.68383789 5415.58056641 2.25274395943
1465496819750  2496.51806641 5428.00488281 2.10602068901
1465496819814  2505.41259766 5439.54345703 1.95731890202
1465496819882  2516.05566406 5449.26074219 1.81537878513
1465496819949  2528.39306641 5458.32080078 1.66785538197
1465496820017  2541.82202148 5464.50488281 1.52254223824
1465496820083  2555.13818359 5468.71337891 1.36857163906
1465496820150  2569.22949219 5471.41796875 1.22680354118
1465496820216  2584.06176758 5471.84814453 1.06651186943
1465496820282  2598.67700195 5470.32714844 0.935526609421
1465496820349  2613.10424805 5465.62792969 0.772073507309
1465496820418  2626.35107422 5459.94580078 0.615140914917
1465496820482  2638.83642578 5452.44482422 0.447008818388
1465496820550  2650.31665039 5442.60449219 0.312662065029
1465496820617  2659.12768555 5431.73974609 0.17290122807
1465496820683  2667.5 5421.5 1.74845553147e-07
1465496820749  2673.25756836 5406.17041016 6.14594507217
1465496820818  2676.46850586 5392.14501953 6.00501728058
1465496820884  2678.58935547 5377.04589844 5.87468624115
1465496820950  2678.27148438 5362.38769531 5.7098069191
1465496821017  2675.59277344 5348.109375 5.55437994003
1465496821086  2670.84936523 5334.48144531 5.41288089752
1465496821150  2664.51757812 5321.984375 5.26171684265
1465496821217  2655.94458008 5309.87304688 5.11140727997
1465496821285  2645.95849609 5299.28515625 4.97066068649
1465496821350  2634.25268555 5291.00488281 4.81854438782
1465496821417  2620.35205078 5282.33642578 4.67390298843
1465496821485  2608.03735352 5278.19873047 4.52466583252
1465496821551  2594.32275391 5275.45507812 4.39237737656
1465496821617  2580.0 5274.5 4.25113248825
1465496821684  2565.19726562 5275.28466797 4.09846115112
1465496821753  2549.31298828 5278.98291016 3.95006561279
1465496821818  2536.89868164 5284.12792969 3.80213356018
1465496821885  2523.71069336 5291.17041016 3.65664958954
1465496821953  2512.42578125 5299.91162109 3.51723194122
1465496822018  2503.09643555 5309.89990234 3.3678188324
1465496822085  2494.63769531 5321.34716797 3.22988986969
1465496822153  2487.95141602 5334.52294922 3.06394171715
1465496822219  2483.59301758 5347.85253906 2.94448542595
1465496822286  2481.328125 5361.92431641 2.79471564293
1465496822352  2480.95532227 5377.48974609 2.64368987083
1465496822420  2482.36645508 5391.53466797 2.5120112896
1465496822485  2485.78857422 5404.31884766 2.38717722893
1465496822553  2491.71899414 5417.94482422 2.21028327942
1465496822620  2499.15063477 5430.19091797 2.05830335617
1465496822686  2508.78637695 5441.20458984 1.91017830372
1465496822753  2519.63964844 5451.05664062 1.76018202305
1465496822821  2532.87670898 5458.72363281 1.63643944263
1465496822886  2545.83081055 5465.62353516 1.47611868382
1465496822952  2559.31738281 5468.49853516 1.3300652504
1465496823020  2574.03662109 5470.59423828 1.18563938141
1465496823088  2589.14355469 5470.48388672 1.02990424633
1465496823153  2602.59960938 5468.04394531 0.881934642792
1465496823221  2617.04370117 5463.82666016 0.722531199455
1465496823288  2631.0871582 5456.68212891 0.57169008255
1465496823354  2642.21728516 5448.81738281 0.416640847921
1465496823421  2652.66967773 5438.82519531 0.272667467594
1465496823489  2661.62475586 5427.80322266 0.135179936886
1465496823553  2667.71875 5414.5 6.27767753601
1465496823620  2674.26660156 5400.68798828 6.12234592438
1465496823688  2677.54907227 5386.59912109 5.96694517136
1465496823756  2678.51953125 5371.62744141 5.81013536453
1465496823820  2677.89599609 5357.50585938 5.67466592789
1465496823889  2674.17724609 5343.65820312 5.52535867691
1465496823955  2670.10742188 5330.71337891 5.37800741196
1465496824021  2663.86743164 5319.49414062 5.25606012344
1465496824088  2657.47363281 5310.71728516 5.1544919014
1465496824157  2651.23242188 5303.33789062 5.04963731766
1465496824221  2645.3215332 5297.49755859 4.96483755112
1465496824289  2640.27832031 5293.21484375 4.89787101746
1465496824356  2635.37573242 5289.89550781 4.84515571594
1465496824422  2631.97753906 5287.43310547 4.81062936783
1465496824488  2631.97753906 5287.43310547 4.81062936783
1465496824557  2632.3605957 5287.46972656 4.8046298027
1465496824623  2634.734375 5288.17773438 4.81699323654
1465496824689  2636.05102539 5287.91894531 4.808842659
1465496824756  2635.63232422 5288.05175781 4.80642604828
1465496824825  2635.83154297 5288.07177734 4.8070192337
1465496824889  2635.63232422 5288.05175781 4.80642604828
1465496824956  2635.83154297 5288.07177734 4.8070192337
1465496825024  2635.84863281 5287.88183594 4.80335283279
1465496825091  2635.83154297 5288.07177734 4.8070192337
1465496825156  2635.83154297 5288.07177734 4.8070192337
1465496825224  2635.64916992 5287.86376953 4.80275249481
1465496825291  2635.83154297 5288.07177734 4.8070192337
1465496825357  2635.84863281 5287.88183594 4.80335283279
1465496825424  2635.84863281 5287.88183594 4.80335283279
1465496825492  2635.84863281 5287.88183594 4.80335283279
1465496825556  2635.84863281 5287.88183594 4.80335283279
1465496825624  2635.84863281 5287.88183594 4.80335283279
1465496825693  2635.84863281 5287.88183594 4.80335283279
1465496825758  2635.84863281 5287.88183594 4.80335283279
1465496825823  2635.84863281 5287.88183594 4.80335283279
1465496825892  2635.84863281 5287.88183594 4.80335283279
1465496825958  2635.86401367 5287.70751953 4.80515432358
1465496826024  2635.84863281 5287.88183594 4.80335283279
1465496826092  2635.84863281 5287.88183594 4.80335283279
1465496826160  2635.6472168 5287.87695312 4.80823993683
1465496826224  2635.86401367 5287.70751953 4.80515432358
1465496826292  2635.64916992 5287.86376953 4.80275249481
1465496826360  2635.84863281 5287.88183594 4.80335283279
1465496826425  2635.6472168 5287.87695312 4.80823993683
1465496826491  2635.6472168 5287.87695312 4.80823993683
1465496826560  2635.6472168 5287.87695312 4.80823993683
1465496826625  2635.66430664 5287.68896484 4.80455875397
1465496826692  2635.64916992 5287.86376953 4.80275249481
1465496826759  2635.84692383 5287.89746094 4.80882835388
1465496826828  2635.66430664 5287.68896484 4.80455875397
1465496826893  2635.86401367 5287.70751953 4.80515432358
1465496826961  2635.63232422 5288.05175781 4.80642604828
1465496827028  2635.84692383 5287.89746094 4.80882835388
1465496827093  2635.84863281 5287.88183594 4.80335283279
1465496827160  2635.64916992 5287.86376953 4.80275249481
1465496827228  2635.64916992 5287.86376953 4.80275249481
1465496827293  2635.84863281 5287.88183594 4.80335283279
1465496827360  2635.83154297 5288.07177734 4.8070192337
1465496827429  2635.84863281 5287.88183594 4.80335283279
1465496827496  2635.63232422 5288.05175781 4.80642604828
1465496827561  2635.66430664 5287.68896484 4.80455875397
1465496827628  2635.83154297 5288.07177734 4.8070192337
1465496827695  2635.84692383 5287.89746094 4.80882835388
1465496827761  2635.84692383 5287.89746094 4.80882835388
1465496827828  2635.84863281 5287.88183594 4.80335283279
1465496827896  2635.63232422 5288.05175781 4.80642604828
1465496827961  2635.63232422 5288.05175781 4.80642604828
1465496828028  2635.63232422 5288.05175781 4.80642604828
1465496828096  2635.66430664 5287.68896484 4.80455875397
1465496828161  2635.63232422 5288.05175781 4.80642604828
1465496828227  2635.83154297 5288.07177734 4.8070192337
1465496828296  2635.84863281 5287.88183594 4.80335283279
1465496828364  2635.6472168 5287.87695312 4.80823993683
1465496828429  2635.84863281 5287.88183594 4.80335283279
1465496828495  2635.84863281 5287.88183594 4.80335283279
1465496828564  2635.6472168 5287.87695312 4.80823993683
1465496828629  2635.86401367 5287.70751953 4.80515432358
1465496828696  2635.63232422 5288.05175781 4.80642604828
1465496828764  2635.64916992 5287.86376953 4.80275249481
1465496828829  2635.64916992 5287.86376953 4.80275249481
1465496828895  2635.83154297 5288.07177734 4.8070192337
1465496828965  2635.63232422 5288.05175781 4.80642604828
1465496829031  2635.64916992 5287.86376953 4.80275249481
1465496829097  2635.64916992 5287.86376953 4.80275249481
1465496829163  2635.66430664 5287.68896484 4.80455875397
1465496829231  2635.84863281 5287.88183594 4.80335283279
1465496829296  2635.63232422 5288.05175781 4.80642604828
1465496829364  2635.84863281 5287.88183594 4.80335283279
1465496829431  2635.63232422 5288.05175781 4.80642604828
1465496829497  2635.84863281 5287.88183594 4.80335283279
1465496829563  2635.64916992 5287.86376953 4.80275249481
1465496829633  2636.05273438 5287.90136719 4.80335760117
1465496829699  2635.83154297 5288.07177734 4.8070192337
1465496829765  2635.83154297 5288.07177734 4.8070192337
1465496829831  2635.64916992 5287.86376953 4.80275249481
1465496829899  2635.64916992 5287.86376953 4.80275249481
1465496829964  2635.63232422 5288.05175781 4.80642604828
1465496830032  2635.6472168 5287.87695312 4.80823993683
1465496830099  2635.6472168 5287.87695312 4.80823993683
1465496830164  2635.64916992 5287.86376953 4.80275249481
1465496830231  2635.6472168 5287.87695312 4.80823993683
1465496830300  2635.63232422 5288.05175781 4.80642604828
1465496830364  2635.63232422 5288.05175781 4.80642604828
1465496830431  2635.66430664 5287.68896484 4.80455875397
1465496830500  2635.63232422 5288.05175781 4.80642604828
1465496830567  2635.84863281 5287.88183594 4.80335283279
1465496830632  2635.84863281 5287.88183594 4.80335283279
1465496830699  2635.84692383 5287.89746094 4.80882835388
1465496830766  2635.84692383 5287.89746094 4.80882835388
1465496830832  2635.34570312 5287.65039062 4.81111526489
1465496830899  2635.84863281 5287.88183594 4.80335283279
1465496830967  2635.63232422 5288.05175781 4.80642604828
1465496831032  2635.84863281 5287.88183594 4.80335283279
1465496831098  2635.84863281 5287.88183594 4.80335283279
1465496831167  2635.64916992 5287.86376953 4.80275249481
1465496831235  2635.63232422 5288.05175781 4.80642604828
1465496831300  2635.84863281 5287.88183594 4.80335283279
1465496831367  2635.63232422 5288.05175781 4.80642604828
1465496831433  2635.66430664 5287.68896484 4.80455875397
1465496831499  2635.83154297 5288.07177734 4.8070192337
1465496831567  2635.63232422 5288.05175781 4.80642604828
1465496831635  2635.84863281 5287.88183594 4.80335283279
1465496831699  2635.64916992 5287.86376953 4.80275249481
1465496831766  2635.66430664 5287.68896484 4.80455875397
1465496831835  2635.63232422 5288.05175781 4.80642604828
1465496831900  2635.6472168 5287.87695312 4.80823993683
1465496831966  2635.84863281 5287.88183594 4.80335283279
1465496832036  2635.84863281 5287.88183594 4.80335283279
1465496832102  2635.63232422 5288.05175781 4.80642604828
1465496832168  2635.84863281 5287.88183594 4.80335283279
1465496832235  2635.64916992 5287.86376953 4.80275249481
1465496832302  2635.50244141 5288.03955078 4.81374454498
1465496832367  2635.84863281 5287.88183594 4.80335283279
1465496832434  2635.84863281 5287.88183594 4.80335283279
1465496832503  2635.64916992 5287.86376953 4.80275249481
1465496832569  2635.84863281 5287.88183594 4.80335283279
1465496832634  2635.50244141 5288.03955078 4.81374454498
1465496832702  2635.84863281 5287.88183594 4.80335283279
1465496832769  2635.64916992 5287.86376953 4.80275249481
1465496832835  2635.63232422 5288.05175781 4.80642604828
1465496832902  2635.83154297 5288.07177734 4.8070192337
1465496832970  2635.64916992 5287.86376953 4.80275249481
1465496833034  2635.64916992 5287.86376953 4.80275249481
1465496833102  2635.84863281 5287.88183594 4.80335283279
1465496833170  2635.6472168 5287.87695312 4.80823993683
1465496833236  2635.84863281 5287.88183594 4.80335283279
1465496833302  2635.84863281 5287.88183594 4.80335283279
1465496833370  2635.66430664 5287.68896484 4.80455875397
1465496833437  2635.63232422 5288.05175781 4.80642604828
1465496833503  2635.64916992 5287.86376953 4.80275249481
1465496833570  2635.66430664 5287.68896484 4.80455875397
1465496833638  2635.63232422 5288.05175781 4.80642604828
1465496833702  2635.84863281 5287.88183594 4.80335283279
1465496833771  2635.63232422 5288.05175781 4.80642604828
1465496833838  2635.34570312 5287.65039062 4.81111526489
1465496833904  2635.84863281 5287.88183594 4.80335283279
1465496833970  2635.32519531 5287.82861328 4.80931663513
1465496834038  2635.64916992 5287.86376953 4.80275249481
1465496834103  2635.63232422 5288.05175781 4.80642604828
1465496834171  2635.83154297 5288.07177734 4.8070192337
1465496834238  2635.84863281 5287.88183594 4.80335283279
1465496834306  2635.32519531 5287.82861328 4.80931663513
1465496834371  2635.51660156 5287.84619141 4.81007909775
1465496834439  2635.6472168 5287.87695312 4.80823993683
1465496834505  2635.64916992 5287.86376953 4.80275249481
1465496834571  2635.84863281 5287.88183594 4.80335283279
1465496834638  2635.6472168 5287.87695312 4.80823993683
1465496834706  2635.34570312 5287.65039062 4.81111526489
1465496834771  2635.84692383 5287.89746094 4.80882835388
1465496834837  2635.64916992 5287.86376953 4.80275249481
1465496834906  2635.6472168 5287.87695312 4.80823993683
1465496834973  2635.66430664 5287.68896484 4.80455875397
1465496835039  2635.84863281 5287.88183594 4.80335283279
1465496835107  2635.66430664 5287.68896484 4.80455875397
1465496835173  2635.83154297 5288.07177734 4.8070192337
1465496835238  2635.63232422 5288.05175781 4.80642604828
1465496835304  2635.66430664 5287.68896484 4.80455875397
1465496835374  2635.50244141 5288.03955078 4.81374454498
1465496835439  2635.83154297 5288.07177734 4.8070192337
1465496835505  2635.84863281 5287.88183594 4.80335283279
1465496835573  2635.84863281 5287.88183594 4.80335283279
1465496835642  2635.64916992 5287.86376953 4.80275249481
1465496835706  2635.63232422 5288.05175781 4.80642604828
1465496835774  2635.84863281 5287.88183594 4.80335283279
1465496835840  2635.63232422 5288.05175781 4.80642604828
1465496835906  2635.84863281 5287.88183594 4.80335283279
1465496835973  2635.6472168 5287.87695312 4.80823993683
1465496836041  2635.64916992 5287.86376953 4.80275249481
1465496836105  2635.63232422 5288.05175781 4.80642604828
1465496836173  2635.84863281 5287.88183594 4.80335283279
1465496836241  2635.63232422 5288.05175781 4.80642604828
1465496836307  2635.63232422 5288.05175781 4.80642604828
1465496836373  2635.66430664 5287.68896484 4.80455875397
1465496836442  2635.6472168 5287.87695312 4.80823993683
1465496836508  2635.86401367 5287.70751953 4.80515432358
1465496836574  2635.64916992 5287.86376953 4.80275249481
1465496836641  2635.64916992 5287.86376953 4.80275249481
1465496836709  2635.66430664 5287.68896484 4.80455875397
1465496836773  2635.64916992 5287.86376953 4.80275249481
1465496836841  2635.86401367 5287.70751953 4.80515432358
1465496836910  2635.64916992 5287.86376953 4.80275249481
1465496836974  2635.84863281 5287.88183594 4.80335283279
1465496837041  2635.83154297 5288.07177734 4.8070192337
1465496837110  2635.83154297 5288.07177734 4.8070192337
1465496837177  2635.66430664 5287.68896484 4.80455875397
1465496837242  2635.66430664 5287.68896484 4.80455875397
1465496837309  2635.63232422 5288.05175781 4.80642604828
1465496837377  2635.86401367 5287.70751953 4.80515432358
1465496837442  2635.84863281 5287.88183594 4.80335283279
1465496837509  2635.63232422 5288.05175781 4.80642604828
1465496837576  2635.86401367 5287.70751953 4.80515432358
1465496837642  2635.6472168 5287.87695312 4.80823993683
1465496837776  2635.64916992 5287.86376953 4.80275249481
1465496837842  2635.64916992 5287.86376953 4.80275249481
1465496837909  2635.64916992 5287.86376953 4.80275249481
1465496837977  2635.66430664 5287.68896484 4.80455875397
1465496838044  2635.63232422 5288.05175781 4.80642604828
1465496838110  2635.64916992 5287.86376953 4.80275249481
1465496838177  2635.66430664 5287.68896484 4.80455875397
1465496838245  2635.66430664 5287.68896484 4.80455875397
1465496838309  2635.64916992 5287.86376953 4.80275249481
1465496838377  2635.63232422 5288.05175781 4.80642604828
1465496838445  2635.63232422 5288.05175781 4.80642604828
1465496838510  2635.52368164 5287.86181641 4.81554746628
1465496838577  2635.83154297 5288.07177734 4.8070192337
1465496838645  2635.86401367 5287.70751953 4.80515432358
1465496838713  2635.63232422 5288.05175781 4.80642604828
1465496838777  2635.64916992 5287.86376953 4.80275249481
1465496838845  2635.66430664 5287.68896484 4.80455875397
1465496838913  2635.84692383 5287.89746094 4.80882835388
1465496838977  2635.64916992 5287.86376953 4.80275249481
1465496839044  2635.84863281 5287.88183594 4.80335283279
1465496839113  2635.64916992 5287.86376953 4.80275249481
1465496839178  2635.64916992 5287.86376953 4.80275249481
1465496839244  2635.63232422 5288.05175781 4.80642604828
1465496839313  2635.64916992 5287.86376953 4.80275249481
1465496839380  2635.84863281 5287.88183594 4.80335283279
1465496839445  2635.63232422 5288.05175781 4.80642604828
1465496839513  2635.84863281 5287.88183594 4.80335283279
1465496839580  2635.63232422 5288.05175781 4.80642604828
1465496839645  2635.64916992 5287.86376953 4.80275249481
1465496839712  2635.83154297 5288.07177734 4.8070192337
1465496839779  2635.32519531 5287.82861328 4.80931663513
1465496839845  2635.64916992 5287.86376953 4.80275249481
1465496839912  2635.84692383 5287.89746094 4.80882835388
1465496839981  2635.84863281 5287.88183594 4.80335283279
1465496840046  2635.6472168 5287.87695312 4.80823993683
1465496840112  2635.83154297 5288.07177734 4.8070192337
1465496840181  2635.86401367 5287.70751953 4.80515432358
1465496840248  2635.83154297 5288.07177734 4.8070192337
1465496840313  2635.83154297 5288.07177734 4.8070192337
1465496840380  2635.51660156 5287.84619141 4.81007909775
1465496840447  2635.63232422 5288.05175781 4.80642604828
1465496840512  2635.84863281 5287.88183594 4.80335283279
1465496840580  2635.83154297 5288.07177734 4.8070192337
1465496840648  2635.83154297 5288.07177734 4.8070192337
1465496840714  2635.64916992 5287.86376953 4.80275249481
1465496840780  2635.66430664 5287.68896484 4.80455875397
1465496840848  2635.84863281 5287.88183594 4.80335283279
1465496840916  2635.63232422 5288.05175781 4.80642604828
1465496840980  2635.84692383 5287.89746094 4.80882835388
1465496841048  2635.66430664 5287.68896484 4.80455875397
1465496841116  2635.33154297 5287.84179688 4.81479549408
1465496841181  2635.66430664 5287.68896484 4.80455875397
