1464857993195 2639.49975586 2071.77563477 3.17680072784
1464857993259 2639.74804688 2074.8215332 3.16410303116
1464857993327 2639.99853516 2075.52246094 3.16006135941
1464857993394 2639.74169922 2084.14550781 3.16516923904
1464857993463 2639.72216797 2102.60693359 3.16663646698
1464857993525 2637.49047852 2129.32299805 3.20248651505
1464857993595 2635.43066406 2155.11083984 3.20654964447
1464857993661 2634.30102539 2182.03710938 3.20074176788
1464857993726 2631.75292969 2209.4855957 3.19982004166
1464857993794 2629.82470703 2237.06054688 3.21981048584
1464857993861 2628.04541016 2264.0715332 3.21611881256
1464857993927 2625.78759766 2290.17480469 3.19703578949
1464857993987 2554.73339844 2287.94189453 3.20434498787
1464857993993 2553.3984375 2301.54003906 3.21202325821
1464857994051 2552.63427734 2314.51123047 3.21436071396
1464857994055 2552.01000977 2327.56591797 3.21649265289
1464857994125 2551.16113281 2341.08740234 3.21069192886
1464857994130 2550.21728516 2354.25683594 3.20948719978
1464857994189 2549.58251953 2367.00073242 3.2115252018
1464857994194 2548.3425293 2379.75341797 3.19857478142
1464857994256 2547.34619141 2393.00390625 3.19912672043
1464857994263 2546.54589844 2406.60791016 3.20651578903
1464857994325 2545.89599609 2420.24902344 3.20597553253
1464857994329 2545.05957031 2433.32104492 3.20966792107
1464857994388 2544.21386719 2446.5234375 3.21072459221
1464857994395 2543.47241211 2459.60205078 3.20753622055
1464857994457 2542.79956055 2473.03393555 3.20269107819
1464857994461 2541.95751953 2485.77514648 3.18950343132
1464857994525 2541.2746582 2498.89306641 3.18993806839
1464857994531 2540.39208984 2512.40039062 3.19320392609
1464857994586 2539.65991211 2525.36572266 3.18727374077
1464857994595 2538.8059082 2538.86230469 3.19728803635
1464857994656 2538.23754883 2552.24560547 3.20304441452
1464857994661 2537.51513672 2565.13061523 3.20473742485
1464857994726 2536.69775391 2578.51513672 3.20138001442
1464857994730 2535.87744141 2591.26464844 3.17852735519
1464857994785 2535.41650391 2604.61523438 3.17963051796
1464857994796 2534.86376953 2617.99804688 3.1834423542
1464857994857 2534.48242188 2631.2902832 3.17181444168
1464857994861 2533.62060547 2645.08618164 3.18529367447
1464857994924 2532.55175781 2658.46582031 3.18646645546
1464857994931 2531.88598633 2671.18115234 3.19807839394
1464857994994 2531.72021484 2684.29248047 3.20776224136
1464857994998 2530.43798828 2696.57226562 3.17723345757
1464857995057 2529.68408203 2709.5402832 3.17791771889
1464857995062 2529.54638672 2723.31933594 3.16934037209
1464857995126 2528.95117188 2736.48144531 3.15925145149
1464857995130 2528.48974609 2750.4140625 3.17142105103
1464857995193 2528.03125 2764.31298828 3.17296123505
1464857995199 2527.11108398 2777.19042969 3.19897532463
1464857995258 2526.78759766 2790.53173828 3.19624614716
1464857995261 2525.87524414 2802.58056641 3.18611073494
1464857995324 2525.20581055 2815.82348633 3.18820977211
1464857995329 2524.23779297 2829.46459961 3.16473937035
1464857995393 2523.79931641 2842.42822266 3.17364883423
1464857995452 2523.48144531 2855.68798828 3.17021632195
1464857995525 2454.35595703 2895.5 3.14935350418
1464857995592 2453.99975586 2922.77246094 3.15808153152
1464857995661 2453.22216797 2949.40478516 3.19164991379
1464857995723 2452.66796875 2975.89233398 3.20028495789
1464857995793 2451.79418945 3001.40625 3.17927742004
1464857995860 2450.73974609 3028.49975586 3.14648532867
1464857995924 2450.5 3055.7878418 3.15761756897
1464857995992 2450.49951172 3082.76708984 3.16883325577
1464857996061 2450.10131836 3110.09521484 3.18361854553
1464857996120 2449.1940918 3134.71557617 3.18626451492
1464857996193 2448.11938477 3161.5 3.1578130722
1464857996260 2446.99975586 3189.49975586 3.14159345627
1464857996320 2446.99975586 3217.49975586 3.14159035683
1464857996387 2446.99975586 3244.19824219 3.16741323471
1464857996461 2446.99951172 3267.58447266 3.16075754166
1464857996528 2446.99975586 3294.5 3.14159178734
1464857996592 2446.47241211 3322.49975586 3.15414619446
1464857996660 2445.50708008 3350.49975586 3.16328239441
1464857996729 2444.87670898 3378.49975586 3.16157960892
1464857996788 2443.74975586 3401.45874023 3.18040323257
1464857996861 2443.49975586 3427.5 3.14159297943
1464857996928 2443.49975586 3455.5 3.14159297943
1464857996989 2443.5 3483.49975586 3.14159226418
1464857997060 2443.49975586 3511.49975586 3.14159345627
1464857997129 2443.5 3538.79223633 3.15438365936
1464857997196 2443.49975586 3560.96289062 3.14891719818
1464857997261 2443.5 3588.49975586 3.14159226418
1464857997328 2443.49951172 3616.49975586 3.14159226418
1464857997397 2443.5 3644.49975586 3.14159297943
1464857997459 2443.49951172 3672.32836914 3.13669896126
1464857997529 2443.5 3696.78540039 3.14040350914
1464857997595 2443.32836914 3721.49975586 3.13669753075
1464857997657 2443.33862305 3746.23242188 3.14193201065
1464857997729 2443.49975586 3764.79101562 3.12037920952
1464857997798 2443.328125 3784.5 3.13669896126
1464857997863 2443.328125 3798.5 3.13669896126
1464857997929 2443.0793457 3806.37402344 3.11408162117
