1464857922072 2548.28222656 2304.06665039 3.12552285194
1464857922078 2548.28198242 2317.51953125 3.1283390522
1464857922142 2548.49975586 2331.203125 3.131275177
1464857922148 2548.49975586 2345.10449219 3.13066768646
1464857922207 2548.94995117 2359.10449219 3.12154722214
1464857922215 2548.94995117 2372.0 3.13247060776
1464857922273 2549.34912109 2385.99975586 3.13071918488
1464857922280 2549.34912109 2400.0 3.13072037697
1464857922339 2549.56152344 2414.0 3.13166213036
1464857922347 2549.56152344 2427.87988281 3.12920594215
1464857922409 2550.12573242 2441.67285156 3.13518357277
1464857922416 2550.25244141 2454.42114258 3.11755132675
1464857922475 2550.64501953 2466.16992188 3.10543870926
1464857922483 2551.22363281 2478.87451172 3.10128211975
1464857922541 2551.42285156 2491.83251953 3.10955166817
1464857922549 2552.22949219 2505.0 3.11119413376
1464857922609 2552.66259766 2518.99975586 3.1081199646
1464857922614 2553.52441406 2532.99975586 3.11141991615
1464857922678 2553.92333984 2547.0 3.11316943169
1464857922682 2554.66894531 2560.40087891 3.11472678185
1464857922739 2555.29296875 2574.40087891 3.10877275467
1464857922748 2555.42382812 2587.12841797 3.09970998764
1464857922810 2555.81933594 2599.61132812 3.08661651611
1464857922814 2556.06860352 2612.64746094 3.10168743134
1464857922876 2556.44799805 2625.78320312 3.10843157768
1464857922883 2556.44824219 2639.11865234 3.12016773224
1464857922940 2557.36230469 2652.33496094 3.12479519844
1464857922948 2557.36230469 2665.98095703 3.11832380295
1464857923007 2558.04541016 2679.64599609 3.1245701313
1464857923015 2558.22363281 2692.97900391 3.107660532
1464857923078 2558.63085938 2706.97900391 3.10819482803
1464857923084 2559.34106445 2720.22314453 3.09421992302
1464857923144 2560.07910156 2734.22338867 3.08643865585
1464857923150 2560.87939453 2747.5559082 3.08376836777
1464857923208 2561.36132812 2760.34790039 3.06980109215
1464857923216 2562.15795898 2773.29174805 3.09178447723
1464857923277 2562.98510742 2786.47460938 3.08766555786
1464857923282 2563.68481445 2799.43994141 3.08151817322
1464857923344 2564.37597656 2812.07714844 3.10291147232
1464857923352 2564.60913086 2825.13769531 3.10407829285
1464857923407 2565.38232422 2839.02539062 3.10526132584
1464857923476 2566.109375 2853.02539062 3.10077142715
1464857923543 2501.53710938 2895.5 3.10237288475
1464857923608 2503.26855469 2920.56640625 3.06685471535
1464857923675 2504.76513672 2947.05664062 3.0741121769
1464857923744 2506.36962891 2974.23071289 3.0773665905
1464857923806 2508.21582031 3000.72363281 3.09519124031
1464857923876 2509.95214844 3027.50244141 3.08543038368
1464857923943 2512.04956055 3054.47827148 3.07529854774
1464857924013 2513.90869141 3081.53125 3.06604838371
1464857924075 2515.73950195 3108.64233398 3.05748009682
1464857924143 2517.81591797 3135.71655273 3.06875777245
1464857924212 2520.1171875 3161.96801758 3.08654046059
1464857924276 2521.75 3187.91796875 3.0655143261
1464857924344 2524.15283203 3216.0769043 3.076202631
1464857924412 2526.23144531 3243.46289062 3.07108664513
1464857924474 2527.99389648 3270.58203125 3.05640053749
1464857924544 2529.70605469 3297.25610352 3.05747103691
1464857924607 2532.00537109 3324.48486328 3.07001948357
1464857924680 2534.78100586 3351.30322266 3.06463837624
1464857924743 2536.63964844 3377.07373047 3.052724123
1464857924812 2538.91162109 3403.97290039 3.0594394207
1464857924879 2541.5324707 3431.40698242 3.05778431892
1464857924945 2543.82519531 3458.83789062 3.04877781868
1464857925011 2546.00878906 3485.58666992 3.05463957787
1464857925080 2548.53662109 3511.53344727 3.03844475746
1464857925143 2550.76513672 3537.2421875 3.0491297245
1464857925212 2553.44848633 3564.73608398 3.04980254173
1464857925279 2556.40405273 3592.16601562 3.04996991158
1464857925340 2558.63647461 3618.63134766 3.04281401634
1464857925410 2561.26074219 3645.07104492 3.02860856056
1464857925480 2564.05419922 3671.10498047 3.0350549221
1464857925547 2566.3815918 3693.45214844 3.02388930321
1464857925612 2568.5300293 3711.67822266 3.03186917305
1464857925679 2570.35717773 3728.38208008 3.01593375206
1464857925748 2571.62402344 3740.59082031 3.03138613701
1464857925811 2571.765625 3746.99804688 3.03125834465
1464857925880 2571.57128906 3743.4609375 3.01958203316
1464857925947 2570.15698242 3733.95996094 3.00997710228
1464857926012 2569.4987793 3727.04785156 3.00759530067
1464857926079 2569.65966797 3728.24926758 3.00395226479
1464857926148 2570.13647461 3732.13720703 3.01979327202