1464858051352 2618.87573242 2254.76953125 3.27848720551
1464858051420 2616.18408203 2281.48266602 3.27332830429
1464858051487 2613.02392578 2307.20141602 3.27853250504
1464858051546 2541.98681641 2304.52294922 3.28335380554
1464858051552 2540.59521484 2318.14160156 3.28196454048
1464858051614 2538.94921875 2331.64160156 3.27849841118
1464858051620 2537.06591797 2345.50878906 3.2831261158
1464858051683 2535.44189453 2359.6472168 3.2854077816
1464858051689 2533.96411133 2372.89208984 3.28721141815
1464858051746 2532.79003906 2385.77246094 3.29270625114
1464858051752 2530.97119141 2398.72021484 3.28799366951
1464858051815 2529.1953125 2411.84912109 3.28323078156
1464858051821 2527.75634766 2424.73999023 3.28294110298
1464858051881 2526.66870117 2437.64404297 3.28252506256
1464858051888 2525.18457031 2450.81982422 3.27756643295
1464858051947 2523.83349609 2463.99584961 3.27490186691
1464858051951 2522.36743164 2476.93994141 3.28102874756
1464858052013 2520.89892578 2490.13964844 3.28117060661
1464858052020 2519.46826172 2503.24780273 3.27254986763
1464858052083 2518.16210938 2516.890625 3.26873850822
1464858052089 2516.46630859 2529.96826172 3.2729446888
1464858052142 2515.08398438 2542.9074707 3.27123570442
1464858052153 2513.87915039 2555.95654297 3.27173256874
1464858052216 2512.68676758 2569.36767578 3.27465295792
1464858052220 2511.03320312 2582.54223633 3.27187728882
1464858052281 2509.80517578 2595.98583984 3.26920318604
1464858052287 2508.62402344 2609.10009766 3.27012085915
1464858052352 2507.27514648 2622.11230469 3.27258634567
1464858052356 2505.97705078 2634.8671875 3.26728224754
1464858052412 2504.88598633 2647.72558594 3.26187705994
1464858052421 2503.43994141 2660.7265625 3.26544523239
1464858052483 2502.08374023 2674.08935547 3.26548981667
1464858052489 2500.90576172 2687.52514648 3.26818227768
1464858052550 2499.58349609 2701.01855469 3.27380084991
1464858052557 2498.11987305 2713.85595703 3.26191949844
1464858052616 2497.04833984 2726.79882812 3.25435495377
1464858052620 2495.86376953 2739.78466797 3.26333808899
1464858052681 2494.93310547 2752.98095703 3.26030278206
1464858052688 2493.72070312 2766.03515625 3.26080989838
1464858052751 2492.34765625 2779.04370117 3.26354002953
1464858052756 2490.99731445 2791.90185547 3.2505364418
1464858052810 2489.89868164 2805.12817383 3.25010037422
1464858052813 2488.61401367 2818.29931641 3.25546050072
1464858052882 2487.72485352 2831.51464844 3.2565472126
1464858052950 2486.42871094 2845.19970703 3.25436139107
1464858053018 2414.64282227 2885.11157227 3.26052379608
1464858053080 2412.55541992 2911.73974609 3.25365638733
1464858053151 2410.04174805 2938.35253906 3.2606420517
1464858053216 2408.25024414 2964.42919922 3.25821590424
1464858053282 2406.37207031 2990.0402832 3.24542760849
1464858053350 2404.57177734 3017.29663086 3.23201227188
1464858053418 2402.69604492 3044.72460938 3.24078178406
1464858053480 2400.49511719 3070.76928711 3.25183153152
1464858053550 2398.76318359 3097.15039062 3.25038719177
1464858053617 2396.98217773 3123.76342773 3.23688936234
1464858053678 2394.72851562 3150.86279297 3.23736286163
1464858053750 2392.97485352 3176.92895508 3.24967622757
1464858053818 2391.61108398 3203.7734375 3.2487244606
1464858053884 2389.81591797 3230.56787109 3.24654245377
1464858053950 2387.66943359 3256.44335938 3.23191833496
1464858054016 2386.08251953 3283.91845703 3.23053884506
1464858054087 2384.27099609 3309.97460938 3.23420333862
1464858054148 2382.75488281 3335.77539062 3.2396197319
1464858054218 2380.7421875 3362.26586914 3.21911668777
1464858054285 2379.81884766 3389.7980957 3.22377538681
1464858054346 2378.0559082 3416.63623047 3.22661542892
1464858054416 2376.88354492 3442.85424805 3.23684549332
1464858054486 2374.98901367 3469.27954102 3.22655010223
1464858054552 2373.48095703 3495.81103516 3.21535873413
1464858054617 2372.02441406 3522.53100586 3.2305688858
1464858054685 2370.44824219 3549.39331055 3.22334098816
1464858054754 2369.33154297 3576.72167969 3.21886205673
1464858054816 2367.91577148 3603.23632812 3.22214365005
1464858054886 2366.4206543 3629.86523438 3.21136236191
1464858054952 2364.95556641 3656.11328125 3.21949672699
1464858055017 2363.43237305 3682.60131836 3.22395038605
1464858055084 2362.36816406 3709.32104492 3.21457195282
1464858055154 2360.828125 3736.4621582 3.21120023727
1464858055213 2359.60742188 3762.52246094 3.20124721527
1464858055288 2358.78759766 3788.89550781 3.21200704575
1464858055354 2357.01708984 3815.67236328 3.21830606461
1464858055422 2356.31762695 3840.97070312 3.19221496582
1464858055484 2355.27172852 3864.14282227 3.21140956879
1464858055555 2354.64599609 3883.23657227 3.17370605469
1464858055621 2353.65527344 3900.09521484 3.21254205704
1464858055685 2353.65551758 3912.93847656 3.20880889893
1464858055754 2352.87719727 3921.97558594 3.21018362045
