1464857967351 2513.5 2030.49975586 3.14159226418
1464857967420 2511.9453125 2046.90625 3.18830919266
1464857967487 2510.22827148 2071.53833008 3.21059513092
1464857967552 2508.61181641 2098.90625 3.20109176636
1464857967619 2507.36083984 2125.83374023 3.18274068832
1464857967689 2505.43286133 2153.34521484 3.1965713501
1464857967755 2504.07788086 2180.3984375 3.20924329758
1464857967820 2502.22460938 2208.515625 3.21418333054
1464857967887 2500.63598633 2235.68823242 3.20261049271
1464857967954 2497.84985352 2262.67211914 3.19477796555
1464857968011 2425.43554688 2258.75488281 3.20434999466
1464857968019 2424.85546875 2271.60083008 3.20880293846
1464857968079 2424.2331543 2284.39477539 3.20660662651
1464857968087 2423.34936523 2297.51318359 3.20938682556
1464857968153 2422.69140625 2310.70263672 3.20514297485
1464857968153 2421.82299805 2323.9609375 3.19247412682
1464857968211 2421.05273438 2337.328125 3.19128036499
1464857968221 2420.51586914 2350.72338867 3.1888153553
1464857968279 2419.96923828 2364.43115234 3.18880915642
1464857968288 2418.93554688 2377.64013672 3.19270992279
1464857968348 2418.54931641 2390.98535156 3.19413280487
1464857968356 2417.94262695 2404.28588867 3.20406460762
1464857968411 2417.64160156 2417.6965332 3.20050597191
1464857968420 2416.89941406 2430.90429688 3.20068645477
1464857968479 2415.79248047 2444.25366211 3.1991546154
1464857968487 2414.99560547 2457.07958984 3.17975735664
1464857968546 2414.6640625 2470.27490234 3.17921447754
1464857968555 2414.53808594 2483.52783203 3.16590642929
1464857968622 2413.75 2496.66015625 3.15976762772
1464857968623 2413.00390625 2509.95751953 3.18583106995
1464857968678 2412.72631836 2523.52197266 3.19293308258
1464857968688 2411.99951172 2536.92602539 3.20255589485
1464857968747 2411.73510742 2550.48193359 3.20427393913
1464857968756 2410.98583984 2563.34863281 3.20151686668
1464857968822 2409.98535156 2576.43164062 3.17785072327
1464857968823 2409.61645508 2589.91210938 3.17546439171
1464857968879 2409.18237305 2603.00756836 3.16602158546
1464857968889 2408.90478516 2616.85644531 3.15675854683
1464857968946 2408.12597656 2630.23779297 3.16438007355
1464857968956 2408.12646484 2642.93798828 3.17928791046
1464857969021 2407.82739258 2656.13574219 3.18583703041
1464857969022 2407.40136719 2668.92089844 3.19107198715
1464857969079 2406.89941406 2682.67285156 3.19142961502
1464857969088 2406.09814453 2696.08349609 3.20022702217
1464857969147 2405.52246094 2709.33886719 3.18678951263
1464857969156 2404.69116211 2722.94311523 3.17922878265
1464857969215 2404.69116211 2736.0 3.16297078133
1464857969222 2403.82495117 2749.90625 3.15402746201
1464857969289 2403.32739258 2762.99780273 3.15794086456
1464857969290 2403.32714844 2776.99780273 3.15794229507
1464857969347 2402.94165039 2790.44091797 3.17808413506
1464857969355 2402.78759766 2802.84228516 3.17806386948
1464857969415 2402.38916016 2816.21435547 3.18587756157
1464857969423 2402.46582031 2829.31542969 3.16954731941
1464857969489 2401.64208984 2843.31518555 3.1854455471
1464857969489 2401.35058594 2856.46435547 3.18720197678
1464857969548 2400.93823242 2869.62841797 3.17511129379
1464857969614 2400.67626953 2882.99951172 3.15748953819
1464857969690 2330.96923828 2923.35449219 3.15331172943
1464857969746 2330.19311523 2950.64868164 3.17663764954
1464857969815 2329.31469727 2976.49267578 3.18767166138
1464857969882 2328.0 3001.80151367 3.16741371155
1464857969957 2327.99951172 3028.49975586 3.14159297943
1464857970014 2327.99951172 3056.49975586 3.14159083366
1464857970083 2327.99975586 3084.49975586 3.14159488678
1464857970157 2327.99975586 3112.16894531 3.15010786057
1464857970215 2327.99951172 3138.63134766 3.16994047165
1464857970282 2328.0 3162.16455078 3.15347003937
1464857970357 2327.99975586 3189.50024414 3.14159393311
1464857970414 2327.99975586 3217.5 3.14159083366
1464857970483 2327.99975586 3245.5 3.14159226418
1464857970550 2327.99951172 3273.49951172 3.1415913105
1464857970615 2327.99975586 3301.0534668 3.15005302429
1464857970682 2327.99975586 3323.58935547 3.1586894989
1464857970751 2327.99975586 3350.5 3.14159274101
1464857970825 2327.99975586 3378.5 3.14159297943
1464857970883 2327.99975586 3406.5 3.14159274101
1464857970950 2327.99951172 3434.5 3.14159345627
1464857971026 2328.0 3462.49975586 3.1415913105
1464857971083 2327.99975586 3489.2644043 3.13473153114
1464857971151 2327.99975586 3512.73510742 3.13473057747
1464857971226 2327.99951172 3539.5 3.14159274101
1464857971282 2328.0 3567.5 3.14159345627
1464857971350 2328.0 3595.5 3.14159345627
1464857971419 2327.99975586 3623.5 3.14159297943
1464857971494 2327.99975586 3648.0 3.14159297943
1464857971551 2327.99975586 3672.91162109 3.1321709156
1464857971618 2328.74267578 3699.49121094 3.11012578011
1464857971693 2329.43969727 3719.4519043 3.09191679955
1464857971749 2329.80126953 3735.49975586 3.1198451519
1464857971818 2330.20898438 3749.49975586 3.12037968636
1464857971893 2330.47216797 3760.04663086 3.07927203178
