1464857803810 1789.0 3154.5 3.14159345627
1464857803885 1788.76000977 3154.5 3.13682293892
1464857803950 1787.42590332 3154.49975586 3.12290263176
1464857804021 1787.86779785 3154.49975586 3.12717413902
1464857804082 1788.78125 3154.49975586 3.13980364799
1464857804153 1788.30944824 3154.5 3.13141655922
1464857804224 1789.0 3154.5 3.14159345627
1464857804284 1787.87207031 3154.49975586 3.12777543068
1464857804350 1788.13366699 3154.49975586 3.13559746742
1464857804421 1787.64453125 3154.5 3.124740839
1464857804479 1787.42163086 3154.5 3.12229800224
1464857804553 1787.19848633 3154.5 3.11984658241
1464857804618 1787.90612793 3154.5 3.1246573925
1464857804689 1787.43029785 3154.5 3.12350535393
1464857804750 1788.08215332 3154.5 3.12839913368
1464857804821 1787.6361084 3154.49975586 3.12353730202
1464857804886 1787.19848633 3154.5 3.11984658241
1464857804951 1787.20458984 3147.71118164 3.11926722527
1464857805019 1786.99267578 3147.5 3.11981129646
1464857805088 1787.29699707 3161.5 3.11403203011
1464857805146 1785.38232422 3177.62866211 3.06367945671
1464857805221 1783.99804688 3197.26806641 2.99280333519
1464857805287 1785.77099609 3219.07470703 2.9228284359
1464857805347 1788.20068359 3240.40039062 2.8641307354
1464857805420 1791.52368164 3260.47827148 2.7784576416
1464857805488 1796.00305176 3280.50610352 2.68699288368
1464857805555 1803.01855469 3300.71948242 2.62172245979
1464857805619 1811.59960938 3319.76904297 2.54193401337
1464857805687 1821.54577637 3338.91430664 2.46886324883
1464857805756 1831.5880127 3356.2668457 2.39307832718
1464857805814 1844.62866211 3373.86181641 2.30145835876
1464857805889 1858.85241699 3389.38500977 2.22771978378
1464857805954 1873.70458984 3403.79638672 2.14655089378
1464857806015 1889.95507812 3417.61621094 2.07888841629
1464857806088 1906.96118164 3429.78515625 1.99543774128
1464857806156 1925.11035156 3441.36230469 1.92583334446
1464857806222 1943.67675781 3451.1328125 1.85171282291
1464857806287 1962.81542969 3459.77783203 1.77501213551
1464857806355 1982.47485352 3466.69921875 1.70227539539
1464857806424 2003.08447266 3471.90136719 1.63159668446
1464857806486 2023.5 3476.49975586 1.57079529762
1464857806555 2043.33447266 3479.04833984 1.48147666454
1464857806618 2064.22192383 3479.359375 1.39200234413
1464857806682 2084.58789062 3479.35961914 1.32737255096
1464857806755 2104.84228516 3476.90039062 1.24916505814
1464857806825 2125.62133789 3473.328125 1.17740094662
1464857806891 2147.06347656 3467.65771484 1.10276758671
1464857806956 2165.68823242 3461.8371582 1.02565586567
1464857807022 2184.43066406 3453.11328125 0.952378511429
1464857807091 2202.91943359 3444.09375 0.887929439545
1464857807154 2220.09399414 3432.86010742 0.82019931078
1464857807224 2236.97558594 3421.77075195 0.714498221874
1464857807290 2252.7980957 3408.05224609 0.640727698803
1464857807351 2267.18701172 3393.78466797 0.575849890709
1464857807423 2280.16894531 3379.31811523 0.508537471294
1464857807491 2293.09057617 3362.88867188 0.426808536053
1464857807550 2303.55664062 3346.16943359 0.353257507086
1464857807624 2313.29760742 3328.57983398 0.2809420228
1464857807690 2321.33789062 3309.98632812 0.205339610577
1464857807759 2328.67871094 3290.62524414 0.129723966122
1464857807822 2333.8984375 3271.11816406 0.0746260359883
1464857807892 2338.49975586 3252.49975586 6.28318309784
1464857807959 2340.73950195 3231.51098633 6.20418739319
1464857808019 2341.3293457 3211.20043945 6.1163816452
1464857808092 2340.98510742 3191.20678711 6.05438899994
1464857808160 2339.04125977 3170.31445312 5.98379516602
1464857808217 2335.65478516 3151.02050781 5.90839385986
1464857808292 2330.57763672 3131.55126953 5.8349442482
1464857808358 2324.18359375 3111.94287109 5.77141904831
1464857808428 2316.38330078 3093.50683594 5.68500232697
1464857808490 2307.31665039 3075.34326172 5.62300539017
1464857808560 2295.77612305 3057.51831055 5.56258916855
1464857808626 2285.0065918 3040.98510742 5.46828699112
1464857808691 2271.31005859 3024.6809082 5.39328289032
1464857808760 2257.16967773 3009.85205078 5.3230714798
1464857808828 2242.09887695 2996.01049805 5.2416601181
1464857808886 2225.55908203 2982.58178711 5.18055677414
1464857808961 2208.96630859 2971.59082031 5.10060453415
1464857809026 2190.56030273 2960.76049805 5.0218501091
1464857809086 2172.33447266 2952.36816406 4.95813465118
1464857809158 2153.60742188 2944.88232422 4.88232803345
1464857809228 2133.77392578 2938.67333984 4.82331609726
1464857809295 2110.99975586 2933.63256836 4.74962091446
1464857809300 2177.30224609 2937.85400391 4.69690942764
1464857809359 2168.25 2936.28759766 4.65765190125
1464857809363 2158.14697266 2935.40527344 4.64349365234
1464857809427 2147.72851562 2934.43945312 4.60787248611
1464857809432 2138.05664062 2934.0480957 4.57347345352
1464857809496 2127.68359375 2933.77514648 4.53275871277
1464857809500 2117.56005859 2934.51928711 4.49180221558
1464857809554 2106.9934082 2935.4765625 4.46047925949
1464857809566 2096.84179688 2936.63769531 4.43152475357
1464857809629 2086.83203125 2938.04541016 4.38976955414
1464857809631 2077.1159668 2939.80859375 4.35196971893
1464857809695 2067.01293945 2941.52050781 4.31807661057
1464857809700 2057.69921875 2944.03320312 4.28250694275
1464857809755 2047.86279297 2946.53222656 4.25145673752
1464857809764 2037.97631836 2949.68457031 4.21379947662
1464857809828 2028.05078125 2953.42626953 4.17026996613
1464857809832 2018.24975586 2957.42993164 4.13559770584
1464857809897 2008.64782715 2961.57617188 4.1010761261
1464857809899 2000.02929688 2966.07666016 4.06384277344
1464857809962 1991.12609863 2971.25683594 4.02964019775
1464857809968 1982.58789062 2976.52099609 3.98459219933
1464857810028 1973.63647461 2981.73364258 3.9262919426
1464857810032 1965.8347168 2987.60888672 3.88846564293
1464857810095 1957.77514648 2993.92333984 3.86681103706
1464857810165 1949.99316406 3000.87304688 3.82931256294
1464857810222 1849.82763672 3019.50268555 3.71426844597
1464857810295 1836.77905273 3034.88208008 3.6250371933
1464857810364 1824.45178223 3051.97924805 3.56037139893
1464857810423 1813.8894043 3069.97485352 3.48169565201
1464857810494 1805.29394531 3087.50610352 3.40842866898
1464857810563 1797.09460449 3106.08886719 3.33150196075
1464857810622 1791.35717773 3126.03344727 3.26054763794
1464857810698 1787.10229492 3146.72485352 3.18790245056
1464857810762 1782.25170898 3167.6862793 3.12055754662
1464857810832 1781.41235352 3186.41259766 3.03631234169
1464857810895 1781.29052734 3207.52368164 2.95392251015
1464857810964 1782.54980469 3227.4609375 2.89024758339
1464857811030 1785.93200684 3248.25 2.81505322456
1464857811090 1790.58349609 3268.57177734 2.7411916256
1464857811162 1796.69909668 3288.30371094 2.66517043114
1464857811232 1804.1595459 3308.53051758 2.59382224083
1464857811290 1813.05834961 3327.02832031 2.50168776512
1464857811363 1823.60327148 3345.84790039 2.44210076332
1464857811431 1835.37927246 3361.87939453 2.36741185188
1464857811501 1848.07666016 3379.265625 2.28280186653
1464857811564 1862.2767334 3394.30053711 2.19969391823
1464857811632 1877.91027832 3408.48608398 2.1268222332
1464857811698 1894.50024414 3420.94897461 2.05325102806
1464857811759 1911.49475098 3433.18041992 1.97940409184
1464857811830 1929.97949219 3444.01123047 1.90293943882
1464857811899 1949.02307129 3453.37475586 1.82173359394
1464857811959 1968.47143555 3461.33032227 1.75289690495
1464857812026 1987.76220703 3467.30322266 1.67874586582
1464857812098 2009.5 3473.14868164 1.60437977314
1464857812167 2029.4074707 3476.99682617 1.53941702843
1464857812226 2049.18383789 3478.17944336 1.45051240921
1464857812299 2070.24682617 3478.69042969 1.38013982773
1464857812367 2091.03369141 3477.62915039 1.29475450516
1464857812426 2111.51269531 3475.02001953 1.22465932369
1464857812498 2131.42626953 3471.23046875 1.16413760185
1464857812569 2151.07006836 3465.57421875 1.07365429401
1464857812626 2170.10229492 3458.66601562 1.00332355499
1464857812699 2188.88720703 3449.94335938 0.932906508446
1464857812768 2207.13330078 3440.20629883 0.862131178379
1464857812827 2224.5 3428.99755859 0.806776881218
1464857812898 2240.52001953 3416.97583008 0.699976503849
1464857812967 2256.15332031 3403.62060547 0.634348750114
1464857813035 2270.44824219 3388.94604492 0.552853167057
1464857813095 2283.68041992 3374.10327148 0.47397390008
1464857813166 2294.87988281 3357.66967773 0.406808465719
1464857813235 2306.27929688 3340.60424805 0.335100799799
1464857813294 2315.81640625 3322.65576172 0.258901417255
1464857813367 2322.93701172 3304.32202148 0.1872472018
1464857813434 2329.91967773 3285.24731445 0.115294627845
1464857813494 2334.859375 3265.60766602 0.0571240819991
1464857813566 2338.5 3245.50024414 6.28318214417
1464857813635 2341.11230469 3225.51318359 6.18182754517
1464857813703 2341.00537109 3205.03686523 6.10434484482
1464857813767 2340.05712891 3185.32080078 6.04379749298
1464857813835 2338.5 3164.99975586 5.96589994431
1464857813903 2334.19946289 3144.75756836 5.89790391922
1464857813961 2329.50927734 3125.54174805 5.82756757736
1464857814037 2322.21191406 3106.25610352 5.75316047668
1464857814102 2314.08691406 3087.71313477 5.67173862457
1464857814162 2304.25854492 3069.24951172 5.5990357399
1464857814234 2294.07348633 3052.02319336 5.54333543777
1464857814304 2282.07202148 3035.7409668 5.44257593155
1464857814361 2268.32373047 3019.83105469 5.37493896484
1464857814435 2253.74438477 3005.37231445 5.30397129059
1464857814503 2238.35742188 2991.71704102 5.24005746841
1464857814571 2221.82495117 2978.92944336 5.15593528748
1464857814629 2204.62670898 2967.81298828 5.0846118927
1464857814703 2186.87426758 2957.91455078 5.02172517776
1464857814772 2167.71386719 2948.95556641 4.92861700058
1464857814830 2148.74560547 2942.26367188 4.86832666397
1464857814902 2129.04101562 2936.20092773 4.80241775513
1464857814972 2110.99975586 2931.16455078 4.72426557541
1464857814973 2175.53613281 2935.58935547 4.7089009285
1464857815030 2163.97705078 2934.52636719 4.6714515686
1464857815041 2153.70849609 2934.03637695 4.61844110489
1464857815105 2143.81103516 2933.16503906 4.58643054962
1464857815106 2133.82324219 2933.05004883 4.56221485138
1464857815171 2123.38745117 2932.96240234 4.52397537231
1464857815176 2113.65991211 2933.76904297 4.48610067368
1464857815241 2103.17456055 2934.50195312 4.45089960098
1464857815241 2092.95092773 2935.64233398 4.41623830795
1464857815297 2082.87329102 2937.08813477 4.37675333023
1464857815309 2073.07958984 2938.77514648 4.3363366127
1464857815373 2063.07446289 2940.80712891 4.30197191238
1464857815374 2053.57714844 2943.37695312 4.26764822006
1464857815438 2043.54956055 2946.51049805 4.23266172409
1464857815442 2034.09216309 2950.04980469 4.19498491287
1464857815498 2024.17553711 2953.57080078 4.15361881256
1464857815508 2014.76171875 2957.72265625 4.12054204941
1464857815571 2005.39648438 2961.97216797 4.08635520935
1464857815575 1996.12573242 2966.91162109 4.05359125137
1464857815639 1987.13671875 2972.18359375 4.01585102081
1464857815641 1978.5423584 2977.32421875 3.96228313446
1464857815698 1970.06921387 2982.78149414 3.93421912193
1464857815708 1962.79333496 2988.484375 3.8886847496
1464857815771 1954.51928711 2994.73681641 3.8462164402
1464857815838 1947.02563477 3001.47314453 3.80474638939
1464857815898 1846.73522949 3019.73608398 3.68889927864
1464857815970 1833.88330078 3036.27587891 3.62599802017
1464857816040 1823.1574707 3052.58032227 3.5468621254
1464857816106 1811.96228027 3070.48925781 3.46566200256
1464857816166 1803.06567383 3088.91235352 3.40002012253
1464857816238 1795.94213867 3108.17163086 3.3316950798
1464857816307 1789.89770508 3127.6027832 3.26665973663
1464857816365 1784.31018066 3147.65893555 3.18042755127
1464857816439 1781.99987793 3168.5 3.14159393311
1464857816506 1780.3918457 3188.1159668 3.02204632759
1464857816566 1779.98596191 3208.15917969 2.94920420647
1464857816638 1782.15588379 3228.86962891 2.87743401527
1464857816707 1785.22619629 3248.86450195 2.80273962021
1464857816774 1789.53222656 3269.58251953 2.72948908806
1464857816834 1795.96618652 3289.2956543 2.65635991096
1464857816906 1803.84020996 3308.24389648 2.59586191177
1464857816975 1812.04016113 3327.61254883 2.51282095909
1464857817033 1822.87841797 3346.23754883 2.43884348869
1464857817107 1834.45532227 3361.69506836 2.34194803238
1464857817174 1847.67285156 3379.42382812 2.27605652809
1464857817234 1861.62194824 3394.83618164 2.19860196114
1464857817306 1877.69018555 3409.15673828 2.12504053116
1464857817375 1893.61242676 3422.89013672 2.06392979622
1464857817442 1910.54980469 3434.10864258 1.96765768528
1464857817501 1928.4050293 3444.2824707 1.90567648411
1464857817574 1947.06298828 3454.15551758 1.82431328297
1464857817643 1966.90393066 3462.02026367 1.74238550663
1464857817701 1987.03686523 3468.29541016 1.6927472353
1464857817775 2007.35449219 3473.69604492 1.64417612553
1464857817842 2028.61401367 3476.83569336 1.54113280773
1464857817902 2048.31811523 3479.01269531 1.46026837826
1464857817974 2068.91210938 3479.56835938 1.37364447117
1464857818043 2088.89990234 3478.37890625 1.31402432919
1464857818101 2109.95043945 3476.05664062 1.23559308052
1464857818175 2130.39013672 3472.47460938 1.15874350071
1464857818242 2150.07958984 3466.63916016 1.08972775936
1464857818311 2169.05810547 3459.35742188 1.00980865955
1464857818369 2187.90820312 3451.44921875 0.933790206909
1464857818444 2205.82519531 3442.54199219 0.872042834759
1464857818510 2222.87719727 3431.33959961 0.772741615772
1464857818570 2239.78637695 3418.77490234 0.711255013943
1464857818644 2254.46118164 3405.72900391 0.633554399014
1464857818712 2268.73828125 3391.01342773 0.558029592037
1464857818771 2282.69091797 3376.05737305 0.484486758709
1464857818845 2294.44287109 3359.65795898 0.405287414789
1464857818912 2305.2800293 3342.89013672 0.338259875774
1464857818980 2314.57299805 3324.6875 0.269836604595
1464857819037 2322.54125977 3306.55200195 0.194200441241
1464857819111 2329.47509766 3287.22192383 0.129144489765
1464857819181 2334.55566406 3268.16723633 0.0697030350566
1464857819238 2338.5 3248.06494141 6.26759052277
1464857819305 2340.6706543 3228.55102539 6.18308591843
1464857819379 2341.12841797 3207.7824707 6.10789489746
1464857819438 2340.43945312 3187.33349609 6.04099082947
1464857819511 2338.39208984 3167.23413086 5.97893714905
1464857819582 2334.64697266 3147.63110352 5.89822006226
1464857819638 2329.32080078 3127.46289062 5.82755327225
1464857819705 2322.85766602 3108.57348633 5.74274635315
1464857819782 2314.59301758 3089.65380859 5.68832778931
1464857819850 2305.32592773 3071.8425293 5.61088609695
1464857819906 2294.66503906 3054.2199707 5.53155326843
1464857819980 2282.43652344 3037.91015625 5.46007394791
1464857820050 2269.41699219 3022.65039062 5.37922668457
1464857820104 2255.00195312 3007.87670898 5.29747438431
1464857820172 2239.46289062 2994.04296875 5.2356710434
1464857820247 2223.08886719 2981.46948242 5.15432691574
1464857820306 2206.26806641 2970.28540039 5.08605337143
1464857820382 2188.24243164 2959.99389648 5.02867174149
1464857820447 2169.27587891 2951.58251953 4.94802713394
1464857820514 2150.11425781 2943.81420898 4.86997890472
1464857820574 2130.02612305 2937.63525391 4.79878568649
1464857820646 2111.0 2933.64355469 4.74054908752
1464857820649 2175.75 2938.07543945 4.71525287628
1464857820716 2165.24023438 2936.59204102 4.68657445908
1464857820716 2155.46069336 2935.37597656 4.63889741898
1464857820773 2145.06494141 2934.34423828 4.59047412872
1464857820783 2134.97021484 2934.11157227 4.55816459656
1464857820848 2124.63696289 2933.92871094 4.51984214783
1464857820848 2115.02246094 2934.49951172 4.48588275909
1464857820914 2105.11499023 2935.28564453 4.45078086853
1464857820917 2095.328125 2936.8684082 4.41480064392
1464857820974 2085.04711914 2938.22802734 4.37523555756
1464857820982 2075.05664062 2940.03173828 4.3379907608
1464857821046 2064.73242188 2942.30395508 4.30387115479
1464857821050 2055.19702148 2945.23828125 4.27017259598
1464857821116 2045.47814941 2947.92480469 4.23483514786
1464857821116 2035.96435547 2950.96044922 4.19634914398
1464857821173 2026.16052246 2954.62963867 4.16687297821
1464857821183 2016.30517578 2958.81860352 4.13964128494
1464857821241 2006.50952148 2963.07763672 4.10770273209
1464857821250 1997.75524902 2967.63232422 4.07086277008
1464857821315 1989.05456543 2972.75561523 4.02257061005
1464857821318 1980.42895508 2978.06811523 3.98464989662
1464857821383 1971.53735352 2983.54736328 3.94967579842
1464857821384 1963.81530762 2989.25927734 3.89265704155
1464857821441 1955.63232422 2995.58349609 3.84924983978
1464857821516 1948.18408203 3002.39624023 3.81100082397
1464857821582 1848.65405273 3020.92211914 3.6977918148
1464857821641 1834.9161377 3037.2331543 3.62448453903
1464857821708 1823.69677734 3053.68432617 3.55359458923
1464857821783 1813.50817871 3070.50244141 3.47630167007
1464857821841 1804.79321289 3088.98120117 3.40531492233
1464857821911 1796.52880859 3108.43920898 3.32878780365
1464857821982 1790.9498291 3128.11083984 3.25152492523
1464857822054 1786.83630371 3147.91186523 3.18757534027
1464857822109 1782.23999023 3168.5 3.13682246208
1464857822183 1781.62658691 3188.36108398 3.021058321
1464857822250 1781.78759766 3209.30249023 2.95989966393
1464857822310 1783.11877441 3230.07714844 2.88091063499
1464857822384 1785.90649414 3250.11035156 2.80494809151
1464857822451 1790.89819336 3269.74633789 2.73585247993
1464857822509 1796.99841309 3290.33569336 2.66469907761
1464857822579 1804.16125488 3309.25952148 2.59201979637
1464857822652 1813.15307617 3327.88720703 2.51082253456
1464857822710 1824.20141602 3346.05664062 2.45216298103
1464857822776 1836.52832031 3363.35058594 2.37214279175
1464857822853 1848.50952148 3380.18994141 2.27953696251
1464857822919 1862.84936523 3395.24926758 2.19931960106
1464857822978 1878.09313965 3409.8918457 2.12416243553
1464857823050 1893.95605469 3423.48950195 2.05218672752
1464857823121 1911.44555664 3434.66699219 1.98236858845
1464857823177 1929.9173584 3444.80371094 1.90860617161
1464857823251 1948.36804199 3454.67236328 1.82965052128
1464857823319 1967.64953613 3462.44677734 1.75783979893
1464857823377 1987.3112793 3469.53735352 1.68547356129
1464857823444 2008.04614258 3475.24829102 1.61729824543
1464857823521 2028.85644531 3477.18164062 1.53406107426
1464857823587 2047.64306641 3479.81445312 1.47020101547
1464857823645 2069.03417969 3480.16845703 1.37305665016
1464857823718 2090.59912109 3479.62402344 1.31075274944
1464857823788 2110.73388672 3476.23974609 1.2432590723
1464857823845 2130.54663086 3472.82641602 1.16126430035
1464857823920 2150.53051758 3467.17651367 1.09906411171
1464857823986 2170.01025391 3460.61376953 1.03079330921
1464857824045 2188.078125 3452.37670898 0.939418971539
1464857824112 2205.9765625 3443.44555664 0.872447609901
1464857824189 2222.95166016 3433.48999023 0.793557882309
1464857824255 2239.59350586 3420.3659668 0.715255618095
1464857824313 2255.17138672 3406.80102539 0.6327034235
1464857824386 2269.63037109 3392.38525391 0.569243848324
1464857824455 2282.98095703 3377.29760742 0.489457011223
1464857824513 2295.25097656 3360.64990234 0.425327390432
1464857824587 2305.70507812 3343.53808594 0.33980089426
1464857824654 2315.59423828 3326.18701172 0.272453576326
1464857824713 2323.32910156 3307.98071289 0.200246155262
1464857824781 2330.55688477 3288.5793457 0.132176578045
1464857824855 2335.88134766 3269.06323242 0.0782663300633
1464857824912 2338.49975586 3248.99975586 6.28318452835
1464857824981 2341.90356445 3229.82397461 6.19299077988
1464857825054 2342.90942383 3209.76391602 6.1127820015
1464857825124 2343.11083984 3189.83300781 6.04180192947
1464857825254 2336.52319336 3149.69555664 5.91034507751
1464857825323 2331.33837891 3130.08056641 5.82464456558
1464857825380 2324.47485352 3110.38037109 5.76758527756
1464857825455 2316.37011719 3091.63769531 5.69772863388
1464857825522 2307.37841797 3073.84521484 5.61993932724
1464857825581 2297.25463867 3056.06933594 5.54384374619
1464857825648 2285.25732422 3039.82250977 5.45493459702
1464857825723 2272.26708984 3023.71704102 5.38824033737
1464857825790 2258.53857422 3009.26586914 5.31692028046
1464857825849 2243.30615234 2995.13818359 5.24267911911
1464857825922 2227.34204102 2982.71630859 5.16990613937
1464857825991 2209.39355469 2971.05664062 5.10096883774
1464857826048 2192.06591797 2961.31298828 5.02899074554
1464857826123 2173.234375 2951.95019531 4.95429563522
1464857826190 2154.25195312 2944.62768555 4.88619184494
1464857826249 2134.58374023 2938.5871582 4.82229852676
1464857826316 2114.12402344 2933.70166016 4.74013710022
1464857826326 2180.1628418 2938.01123047 4.70185709
1464857826391 2169.95166016 2936.41040039 4.66674280167
1464857826392 2159.06494141 2935.25537109 4.64529275894
1464857826449 2149.20507812 2934.35058594 4.61099338531
1464857826458 2139.61889648 2934.26000977 4.57666349411
1464857826517 2128.7253418 2934.06713867 4.53933572769
1464857826526 2118.71069336 2934.60083008 4.49792766571
1464857826590 2108.66699219 2935.29125977 4.46097135544
1464857826592 2098.76806641 2936.32885742 4.42965698242
1464857826659 2088.85107422 2937.51245117 4.39139223099
1464857826660 2079.28027344 2939.29052734 4.35758066177
1464857826716 2069.5390625 2941.20214844 4.32152175903
1464857826725 2059.98925781 2943.75488281 4.27581453323
1464857826791 2049.96386719 2946.22363281 4.23699855804
1464857826792 2040.19262695 2949.26660156 4.20954179764
1464857826859 2030.03210449 2952.92504883 4.17243385315
1464857826861 2020.45043945 2957.35644531 4.13629484177
1464857826917 2010.78295898 2961.64355469 4.10262918472
1464857826927 2001.97094727 2965.99584961 4.06730270386
1464857826984 1992.74291992 2971.10205078 4.03137254715
1464857826994 1983.71899414 2976.16699219 3.99351906776
1464857827059 1975.53808594 2981.10522461 3.96576094627
1464857827060 1967.66088867 2986.86865234 3.92724633217
1464857827117 1959.01025391 2993.69189453 3.87731552124
1464857827185 1951.11328125 3000.34521484 3.83905649185
1464857827258 1851.17492676 3018.16503906 3.70897936821
1464857827327 1838.35107422 3034.16186523 3.64483499527
1464857827384 1826.43811035 3050.41162109 3.56300497055
1464857827459 1816.08703613 3067.74414062 3.49026584625
1464857827526 1806.84033203 3085.80883789 3.41234540939
1464857827585 1799.44616699 3104.31274414 3.33816957474
1464857827659 1792.7980957 3124.06616211 3.26067495346
1464857827727 1788.41552734 3144.62084961 3.19570827484
1464857827784 1783.03027344 3162.60595703 3.10423731804
1464857827853 1782.9152832 3185.14941406 3.04978585243
1464857827926 1782.51098633 3205.05810547 2.98372149467
1464857827985 1783.70996094 3225.32885742 2.89854860306
1464857828052 1786.19580078 3245.71411133 2.8253993988
1464857828127 1790.43847656 3266.29980469 2.74339866638
1464857828194 1796.359375 3286.74633789 2.67818164825
1464857828253 1803.30004883 3305.07104492 2.60529589653
1464857828319 1811.84863281 3324.75097656 2.52359604836
1464857828395 1821.90307617 3342.48706055 2.45880794525
1464857828453 1833.51281738 3359.83374023 2.38361167908
1464857828520 1846.35839844 3376.47070312 2.30043148994
1464857828594 1860.34545898 3392.22119141 2.21574616432
1464857828653 1875.61950684 3407.16235352 2.14519906044
1464857828720 1891.6940918 3420.1784668 2.07247543335
1464857828795 1909.00671387 3432.9230957 1.98999130726
1464857828862 1926.59423828 3443.26171875 1.91317379475
1464857828921 1945.2532959 3453.22216797 1.84947311878
1464857828994 1964.41259766 3461.31762695 1.77157270908
1464857829063 1983.49853516 3468.52661133 1.70111238956
1464857829120 2003.58056641 3473.65185547 1.63000929356
1464857829188 2023.49951172 3476.93725586 1.56054246426
1464857829262 2044.36450195 3479.80273438 1.47737288475
1464857829321 2064.80664062 3480.50585938 1.39852142334
1464857829388 2086.02929688 3479.80493164 1.32388973236
1464857829463 2106.82421875 3478.15454102 1.2496727705
1464857829530 2127.13012695 3474.08129883 1.18282783031
1464857829589 2147.61474609 3468.76245117 1.11158442497
1464857829662 2166.59741211 3462.47216797 1.0277916193
1464857829731 2185.0078125 3455.06787109 0.976907551289
1464857829789 2203.01928711 3445.60595703 0.885142147541
1464857829863 2221.27270508 3435.31347656 0.826067566872
1464857829930 2237.18994141 3423.64208984 0.727129638195
1464857829989 2252.39355469 3410.8503418 0.653692960739
1464857830057 2267.42480469 3396.54492188 0.579578280449
1464857830132 2280.66967773 3381.86352539 0.505512058735
1464857830189 2292.95361328 3365.53051758 0.428801715374
1464857830262 2304.36767578 3348.12817383 0.364500701427
1464857830332 2314.33129883 3330.62084961 0.290643423796
1464857830399 2322.56835938 3312.2890625 0.218273922801
1464857830457 2329.93310547 3293.91333008 0.139207065105
1464857830530 2335.51464844 3275.1953125 0.0799189209938
1464857830599 2338.49951172 3255.99975586 6.28318500519
1464857830657 2342.19067383 3234.76000977 6.20122718811
1464857830724 2343.86499023 3215.37719727 6.13836956024
1464857830799 2343.18554688 3194.52124023 6.05963039398
1464857830856 2341.56665039 3174.7980957 5.99627494812
1464857830924 2338.34277344 3155.31225586 5.92086219788
1464857830998 2333.35864258 3135.47973633 5.84577608109
1464857831068 2327.4453125 3116.08203125 5.77791166306
1464857831123 2320.47509766 3097.17773438 5.70752620697
1464857831199 2310.70898438 3078.63476562 5.63295650482
1464857831268 2300.33300781 3060.23828125 5.57528734207
1464857831325 2289.13891602 3044.11132812 5.47022342682
1464857831391 2276.51953125 3027.81176758 5.40909433365
1464857831468 2262.24243164 3012.6340332 5.33320713043
1464857831524 2247.56616211 2998.66650391 5.26055622101
1464857831592 2231.26708984 2985.41796875 5.19936227798
1464857831667 2215.09057617 2973.62597656 5.12057113647
1464857831725 2197.58007812 2963.52148438 5.05450296402
1464857831791 2179.38671875 2954.17504883 4.97190237045
1464857831867 2159.83740234 2946.88818359 4.90603923798
1464857831935 2140.69726562 2939.83105469 4.84018087387
1464857831993 2119.1015625 2935.1315918 4.76795339584
1464857832002 2184.36621094 2939.56591797 4.75119590759
1464857832062 2174.47973633 2937.25 4.70627880096
1464857832070 2164.85961914 2935.52490234 4.65434503555
1464857832135 2154.83496094 2934.76904297 4.62331390381
1464857832135 2145.21826172 2934.41259766 4.58986234665
1464857832192 2134.80444336 2933.80224609 4.54995822906
1464857832202 2124.74047852 2933.96923828 4.51286220551
1464857832261 2114.89746094 2934.42626953 4.4829826355
1464857832269 2105.10620117 2935.32202148 4.44744157791
1464857832336 2094.9309082 2936.39697266 4.4116101265
1464857832336 2085.11132812 2938.17041016 4.37748670578
1464857832393 2074.8581543 2939.96069336 4.33657217026
1464857832402 2065.30444336 2942.31323242 4.30237150192
1464857832459 2055.7800293 2944.72802734 4.27272319794
1464857832469 2046.24768066 2947.578125 4.23701667786
1464857832536 2036.2364502 2950.74804688 4.20009994507
1464857832537 2026.66320801 2954.15258789 4.16596126556
1464857832604 2017.02319336 2958.46679688 4.12842750549
1464857832604 2007.85131836 2962.95605469 4.09244394302
1464857832661 1998.41650391 2967.42016602 4.05870103836
1464857832670 1990.01538086 2972.54248047 4.01888275146
1464857832735 1981.29077148 2978.11938477 3.9804084301
1464857832736 1972.30212402 2983.58642578 3.92752337456
1464857832804 1963.89282227 2989.40478516 3.88178133965
1464857832805 1956.82104492 2995.22021484 3.84164023399
1464857832860 1948.9206543 3001.875 3.8084397316
1464857832928 1941.54260254 3009.15185547 3.77183222771
1464857833003 1842.30908203 3028.71337891 3.65765118599
1464857833060 1829.85400391 3044.77832031 3.59223890305
1464857833127 1819.28405762 3061.76977539 3.52375173569
1464857833203 1809.72521973 3079.8684082 3.4413228035
1464857833260 1801.15625 3098.38305664 3.37158298492
1464857833328 1794.33618164 3117.5065918 3.29787015915
1464857833403 1788.97412109 3136.94116211 3.22452449799
1464857833472 1782.21386719 3154.72412109 3.14436483383
1464857833527 1782.85302734 3177.76220703 3.08648324013
1464857833597 1781.80029297 3197.91625977 3.00393605232
1464857833671 1782.48535156 3218.57373047 2.9333884716
1464857833729 1784.54138184 3238.88598633 2.85895895958
1464857833795 1788.26245117 3259.07324219 2.78739309311
1464857833872 1792.88671875 3279.47485352 2.71636891365
1464857833928 1799.39916992 3298.57177734 2.64067268372
1464857833997 1808.01538086 3318.38037109 2.56419348717
1464857834070 1817.04492188 3336.32421875 2.49349403381
1464857834138 1828.16650391 3354.68896484 2.40188241005
1464857834197 1840.21118164 3371.18164062 2.31278443336
1464857834264 1852.81311035 3386.5402832 2.25344824791
1464857834338 1867.48803711 3402.22900391 2.18301081657
1464857834397 1883.94470215 3415.70483398 2.09822392464
1464857834463 1899.95227051 3428.53442383 2.02564263344
1464857834539 1917.57116699 3439.94750977 1.95976555347
1464857834596 1936.34326172 3450.66186523 1.89247047901
1464857834664 1955.38049316 3459.64428711 1.80944979191
1464857834738 1974.74169922 3467.20385742 1.73432266712
1464857834807 1994.28759766 3473.15625 1.66064894199
1464857834864 2016.02368164 3476.49975586 1.57994997501
1464857834938 2034.11010742 3481.28344727 1.49070250988
1464857835006 2054.78051758 3483.14501953 1.43845713139
1464857835064 2075.43896484 3482.72827148 1.3625202179
1464857835131 2095.90283203 3481.7890625 1.29837977886
1464857835207 2117.12451172 3478.71533203 1.22540175915
1464857835263 2137.64477539 3474.34106445 1.14418137074
1464857835332 2156.58886719 3469.23413086 1.07484149933
1464857835410 2176.01416016 3461.64770508 1.00306200981
1464857835465 2194.39672852 3453.63891602 0.934776604176
1464857835531 2212.02099609 3444.00024414 0.865067541599
1464857835606 2229.00683594 3433.25830078 0.765391528606
1464857835674 2245.26147461 3420.73535156 0.697546422482
1464857835732 2260.75024414 3407.01342773 0.631722331047
1464857835799 2275.04833984 3392.92529297 0.552299916744
1464857835874 2288.3815918 3376.75097656 0.475117862225
1464857835932 2299.66210938 3361.27978516 0.397158324718
1464857836000 2310.2199707 3344.49682617 0.329792320728
1464857836074 2319.44433594 3326.21606445 0.267208784819
1464857836132 2328.14892578 3307.51904297 0.186523854733
1464857836199 2334.04541016 3288.42993164 0.123132660985
1464857836274 2338.96704102 3269.49707031 0.0463314689696
1464857836342 2344.29785156 3249.20776367 6.25781202316
1464857836400 2345.47998047 3229.42529297 6.18372964859
1464857836467 2345.79418945 3209.36743164 6.12586307526
1464857836542 2345.15332031 3189.58813477 6.02897119522
1464857836599 2343.41308594 3169.81518555 5.96301221848
1464857836668 2339.76757812 3149.73999023 5.89768266678
1464857836742 2334.54882812 3130.29101562 5.8259100914
1464857836800 2327.81152344 3110.72387695 5.75284290314
1464857836867 2319.80126953 3092.7902832 5.6924033165
1464857836942 2310.06689453 3074.33935547 5.61424255371
1464857836999 2299.88476562 3056.61010742 5.54038286209
1464857837068 2287.3359375 3039.71069336 5.45583343506
1464857837142 2274.75317383 3024.26318359 5.39170408249
1464857837210 2260.9128418 3009.61328125 5.31441164017
1464857837267 2245.44873047 2995.41674805 5.25203180313
1464857837336 2228.61108398 2982.35498047 5.17367935181
1464857837412 2212.31445312 2971.45336914 5.11036109924
1464857837469 2194.57519531 2961.40283203 5.03652238846
1464857837535 2176.29052734 2952.12915039 4.9608092308
1464857837610 2157.47119141 2944.46728516 4.87827205658
1464857837667 2137.48974609 2938.59106445 4.81324577332
1464857837736 2117.99975586 2934.37426758 4.7523598671
1464857837744 2182.75 2938.83105469 4.7242193222
1464857837810 2172.28417969 2936.89404297 4.69947004318
1464857837810 2162.58813477 2935.64355469 4.66203212738
1464857837878 2152.06054688 2934.82421875 4.60760354996
1464857837878 2141.28417969 2934.37890625 4.57385587692
1464857837936 2130.76513672 2934.28515625 4.54224300385
1464857837944 2121.27880859 2934.76464844 4.50855350494
1464857838004 2111.31933594 2934.93774414 4.47159051895
1464857838012 2101.65844727 2936.06787109 4.43269300461
1464857838079 2091.48950195 2937.23730469 4.39777183533
1464857838079 2081.89135742 2938.75195312 4.35878944397
1464857838136 2071.88745117 2940.85131836 4.32364940643
1464857838145 2061.62866211 2943.32568359 4.28438568115
1464857838203 2051.73583984 2946.11621094 4.24161195755
1464857838213 2042.77929688 2949.25830078 4.21539497375
1464857838279 2033.0847168 2952.45141602 4.18326759338
1464857838280 2023.6628418 2956.18701172 4.14162254333
1464857838335 2014.12036133 2960.22363281 4.10500669479
1464857838345 2005.06054688 2964.69726562 4.07239818573
1464857838403 1995.92199707 2969.45800781 4.04202127457
1464857838413 1987.02575684 2974.8815918 4.01059341431
1464857838479 1977.73876953 2981.18310547 3.97165155411
1464857838479 1969.57226562 2986.203125 3.92291045189
1464857838536 1962.14697266 2991.88671875 3.88117432594
1464857838545 1955.13684082 2998.42724609 3.82266497612
1464857838603 1947.13208008 3004.87011719 3.77953481674
1464857838671 1939.79675293 3012.20849609 3.74337124825
1464857838746 1840.99072266 3032.39160156 3.64736318588
1464857838804 1828.56164551 3048.53881836 3.56998729706
1464857838871 1818.71289062 3065.89453125 3.50160551071
1464857838947 1809.35839844 3083.70214844 3.4407992363
1464857839003 1801.03393555 3102.68774414 3.35770606995
1464857839071 1794.5300293 3122.09399414 3.28928852081
1464857839147 1789.17541504 3141.63745117 3.19328975677
1464857839204 1784.98095703 3161.49975586 3.12396073341
1464857839271 1783.61096191 3181.98217773 3.05728077888
1464857839340 1782.43652344 3202.46533203 2.99625992775
1464857839414 1784.01281738 3222.28466797 2.92853236198
1464857839472 1786.4029541 3243.35229492 2.85388922691
1464857839539 1790.44067383 3263.34228516 2.77361178398
1464857839614 1795.87353516 3283.66650391 2.71175646782
1464857839671 1802.12866211 3303.24462891 2.62362217903
1464857839739 1810.65966797 3322.32348633 2.55860829353
1464857839814 1820.44104004 3340.29150391 2.47375655174
1464857839872 1831.41345215 3358.1640625 2.40944766998
1464857839938 1843.68676758 3374.93188477 2.31150126457
1464857840014 1857.07348633 3390.45117188 2.24833464622
1464857840071 1871.50769043 3405.59765625 2.16646957397
1464857840139 1887.6171875 3419.18554688 2.09155964851
1464857840207 1904.28027344 3431.55297852 2.01678800583
1464857840282 1922.25292969 3443.34008789 1.95188963413
1464857840339 1940.34741211 3453.45092773 1.86797583103
1464857840407 1959.90820312 3461.46264648 1.80183565617
1464857840482 1979.63464355 3469.3215332 1.72522890568
1464857840540 1999.06066895 3474.625 1.64723455906
1464857840607 2017.86376953 3478.27636719 1.57863867283
1464857840682 2040.12133789 3482.12792969 1.49596726894
1464857840739 2059.61083984 3483.75585938 1.42598974705
1464857840807 2080.45996094 3483.86523438 1.33974790573
1464857840875 2100.92236328 3482.53637695 1.28522467613
1464857840950 2121.03344727 3479.72192383 1.20480537415
1464857841007 2142.11547852 3475.10644531 1.1286662817
1464857841076 2161.53662109 3468.50048828 1.05133020878
1464857841151 2180.61279297 3460.98876953 1.00279867649
1464857841207 2198.60205078 3452.41479492 0.933373272419
1464857841274 2215.96655273 3442.06811523 0.845340192318
1464857841350 2233.24951172 3430.74951172 0.777585506439
1464857841407 2249.54956055 3419.03393555 0.685620427132
1464857841475 2264.58642578 3405.4362793 0.612959682941
1464857841543 2278.82397461 3390.51904297 0.544198155403
1464857841618 2291.24902344 3374.17749023 0.468342632055
1464857841674 2303.03686523 3358.62451172 0.394365727901
1464857841743 2313.13330078 3341.12182617 0.326101720333
1464857841817 2321.57373047 3323.79980469 0.254598408937
1464857841875 2329.79638672 3305.10205078 0.181942179799
1464857841942 2335.76367188 3285.79614258 0.0982235148549
1464857842018 2340.55981445 3266.49975586 0.0311450362206
1464857842074 2344.97558594 3246.18261719 6.25567626953
1464857842143 2346.51098633 3226.30053711 6.17275953293
1464857842217 2347.23242188 3206.27001953 6.09722757339
1464857842275 2345.52954102 3186.27758789 6.03899621964
1464857842342 2343.53198242 3165.76074219 5.95344305038
1464857842411 2339.69384766 3146.13696289 5.88504266739
1464857842485 2334.00292969 3126.92651367 5.81343126297
1464857842543 2327.52050781 3108.12402344 5.74473381042
1464857842612 2319.41943359 3089.33349609 5.67459869385
1464857842686 2310.27001953 3071.62011719 5.60161733627
1464857842743 2298.09228516 3053.89013672 5.54365968704
1464857842811 2286.48632812 3037.45361328 5.42901468277
1464857842885 2273.02246094 3021.27172852 5.37729644775
1464857842943 2259.0 3007.01489258 5.30700874329
1464857843010 2243.63891602 2993.70336914 5.235850811
1464857843080 2226.89038086 2980.71533203 5.15369653702
1464857843153 2209.90185547 2969.49438477 5.08764743805
1464857843211 2192.00683594 2960.4140625 5.01590204239
1464857843278 2173.60864258 2951.41601562 4.94212722778
1464857843353 2154.58349609 2943.85888672 4.87350273132
1464857843410 2135.00146484 2938.37280273 4.81436252594
1464857843479 2115.40185547 2934.07324219 4.76507997513
1464857843487 2180.96801758 2938.30517578 4.71661663055
1464857843545 2170.14868164 2937.55908203 4.68531990051
1464857843546 2159.57421875 2935.86523438 4.63693904877
1464857843613 2149.35571289 2934.95361328 4.60123491287
1464857843619 2139.55761719 2934.48095703 4.57277202606
1464857843679 2129.08300781 2934.24316406 4.53191661835
1464857843688 2119.04492188 2934.63427734 4.4924325943
1464857843748 2108.66503906 2935.28369141 4.46120405197
1464857843756 2098.66796875 2936.47460938 4.43057441711
1464857843812 2088.46972656 2938.05126953 4.39460229874
1464857843819 2079.0690918 2940.08837891 4.36042356491
1464857843880 2069.40917969 2942.109375 4.32512712479
1464857843888 2059.61499023 2944.29296875 4.27829790115
1464857843947 2049.63134766 2946.99316406 4.23932218552
1464857843956 2040.06713867 2950.32055664 4.21368360519
1464857844022 2030.99279785 2954.47167969 4.17233181
1464857844023 2021.10949707 2957.91162109 4.13744926453
1464857844079 2011.71337891 2961.83496094 4.1030049324
1464857844087 2002.57128906 2966.41113281 4.07202911377
1464857844149 1993.32714844 2971.5534668 4.02959871292
1464857844156 1984.42700195 2976.51293945 3.98870015144
1464857844222 1976.40136719 2981.93261719 3.94811296463
1464857844222 1968.18164062 2987.09521484 3.91895318031
1464857844280 1959.89672852 2993.55957031 3.87036776543
1464857844348 1952.15148926 3000.48291016 3.83682513237
1464857844422 1852.59301758 3019.06201172 3.7122426033
1464857844479 1839.23547363 3034.64477539 3.6475174427
1464857844547 1827.39221191 3050.99731445 3.56821870804
1464857844611 1816.8638916 3068.45825195 3.49321889877
1464857844689 1807.64038086 3086.0402832 3.41802501678
1464857844746 1800.06518555 3104.76513672 3.35159254074
1464857844815 1793.07653809 3125.14086914 3.27374744415
1464857844890 1788.41772461 3144.43945312 3.19653940201
1464857844947 1782.62939453 3162.06958008 3.11834836006
1464857845014 1782.72070312 3184.97851562 3.05346512794
1464857845090 1781.89086914 3204.48852539 2.99462342262
1464857845146 1782.95385742 3225.09570312 2.90309500694
1464857845216 1785.81591797 3245.6965332 2.83799386024
1464857845282 1790.22473145 3265.51464844 2.7670147419
1464857845346 1795.32617188 3286.06298828 2.68759179115
1464857845414 1802.28198242 3305.96899414 2.62801289558
1464857845485 1811.20397949 3325.06054688 2.54648351669
1464857845557 1820.83557129 3343.03686523 2.47377347946
1464857845615 1831.76757812 3360.33349609 2.42666459084
1464857845682 1844.48876953 3377.54248047 2.31306815147
1464857845757 1857.12963867 3393.25 2.24194693565
1464857845814 1871.48828125 3407.74902344 2.17200350761
1464857845883 1887.33007812 3421.15869141 2.09593319893
1464857845950 1903.6862793 3433.58276367 2.01007151604
1464857846015 1922.01672363 3444.99633789 1.95506536961
1464857846082 1940.87817383 3454.62475586 1.88932573795
1464857846151 1959.38439941 3463.67871094 1.80246317387
1464857846224 1979.40039062 3470.90551758 1.73133146763
1464857846282 1999.02050781 3477.07128906 1.65189564228
1464857846350 2017.56787109 3483.5 1.59097492695
1464857846425 2039.14770508 3484.64550781 1.50893449783
1464857846482 2059.59472656 3485.74804688 1.42738223076
1464857846551 2080.57080078 3485.93969727 1.3573602438
1464857846618 2101.17041016 3484.19750977 1.28557741642
1464857846683 2121.15454102 3481.34472656 1.21233594418
1464857846750 2141.01196289 3477.41821289 1.13521170616
1464857846819 2161.04833984 3471.21411133 1.06252515316
1464857846892 2180.02294922 3464.03295898 0.999046862125
1464857846951 2198.1574707 3455.58129883 0.921652197838
1464857847018 2215.8293457 3445.14770508 0.857440710068
1464857847093 2233.15380859 3434.84570312 0.774695694447
1464857847150 2249.82275391 3421.96386719 0.690472245216
1464857847219 2264.6315918 3408.14941406 0.621565639973
1464857847292 2278.70068359 3394.16577148 0.549213647842
1464857847350 2291.70214844 3378.23095703 0.477500617504
1464857847418 2303.45043945 3362.48852539 0.402171075344
1464857847487 2314.20703125 3345.75585938 0.326730936766
1464857847550 2322.57958984 3327.43334961 0.250713646412
1464857847619 2330.63427734 3309.74389648 0.180702626705
1464857847686 2337.42382812 3290.25024414 0.108364403248
1464857847761 2342.39941406 3270.02905273 0.0789147019386
1464857847818 2345.49975586 3251.20874023 6.26197242737
1464857847886 2348.10620117 3230.61303711 6.1888589859
1464857847960 2348.78027344 3210.28149414 6.11285448074
1464857848018 2348.07568359 3190.5793457 6.03464365005
1464857848086 2345.95751953 3170.16186523 5.97171258926
1464857848154 2341.7434082 3150.37744141 5.90229511261
1464857848218 2336.57495117 3130.87255859 5.82805156708
1464857848287 2329.90283203 3111.45239258 5.75030469894
1464857848354 2322.09375 3093.16821289 5.67512321472
1464857848429 2312.67236328 3074.88818359 5.61141252518
1464857848486 2301.80126953 3058.10424805 5.55072784424
1464857848554 2290.08740234 3041.53027344 5.45176506042
1464857848628 2276.64404297 3025.10180664 5.38178014755
1464857848686 2261.96850586 3010.52294922 5.30386066437
1464857848754 2246.57617188 2996.98291016 5.24638223648
1464857848823 2230.90844727 2984.22558594 5.17813777924
1464857848886 2213.24804688 2972.98144531 5.10034132004
1464857848955 2196.26904297 2962.80273438 5.03154373169
1464857849022 2177.55249023 2953.96704102 4.95636606216
1464857849086 2158.15844727 2946.85864258 4.88748645782
1464857849154 2138.85864258 2940.15869141 4.80536556244
1464857849222 2117.99975586 2935.99975586 4.7325720787
1464857849230 2182.74975586 2940.546875 4.71216535568
1464857849294 2174.65234375 2939.71630859 4.67970466614
1464857849296 2165.09228516 2937.99584961 4.64520692825
1464857849354 2155.84082031 2937.62353516 4.63628053665
1464857849362 2147.39990234 2937.49414062 4.62795639038
1464857849422 2138.79980469 2937.55151367 4.60941553116
1464857849430 2130.95214844 2937.92529297 4.59692621231
1464857849495 2124.06494141 2938.86254883 4.59405660629
1464857849496 2116.74658203 2939.40869141 4.58866548538
1464857849554 2109.57495117 2940.01220703 4.58847522736
1464857849562 2102.95654297 2940.67578125 4.59065389633
1464857849622 2096.87939453 2941.39355469 4.59073257446
1464857849630 2091.58984375 2942.02905273 4.59730577469
1464857849690 2086.53881836 2942.5847168 4.60313224792
1464857849697 2081.35400391 2943.43261719 4.61212682724
1464857849754 2075.89257812 2944.40673828 4.63384914398
1464857849762 2071.75878906 2946.61181641 4.68256282806
1464857849822 2069.57446289 2948.77685547 4.73492574692
1464857849830 2067.77832031 2949.88208008 4.7724366188
1464857849890 2064.96728516 2951.29345703 4.81955051422
1464857849898 2062.27905273 2953.09350586 4.87629985809
1464857849962 2058.41064453 2953.64794922 4.90757226944
1464857849964 2055.30297852 2954.99487305 4.94568729401
1464857850022 2051.03295898 2955.12792969 4.98556900024
1464857850030 2047.45776367 2954.99121094 5.01369667053
1464857850090 2043.49438477 2954.92773438 5.04419517517
1464857850098 2039.47119141 2955.11889648 5.08654403687
1464857850162 2035.83154297 2954.93383789 5.11841154099
1464857850164 2031.86828613 2954.95825195 5.1542339325
1464857850222 2028.03625488 2954.57177734 5.18772220612
1464857850229 2024.22436523 2954.31665039 5.23134660721
1464857850290 2019.93823242 2953.77685547 5.27474212646
1464857850298 2015.80639648 2953.03173828 5.31389474869
1464857850357 2012.00842285 2952.17724609 5.35130119324
1464857850365 2008.2434082 2951.2253418 5.39314699173
1464857850423 2004.37060547 2949.97167969 5.43453121185
1464857850430 2000.67053223 2948.59472656 5.48453330994
1464857850490 1997.18798828 2947.00048828 5.53086566925
1464857850497 1993.62158203 2945.45117188 5.55997085571
1464857850559 1989.72680664 2943.75634766 5.59340715408
1464857850566 1986.54760742 2942.15917969 5.63961315155
1464857850622 1983.17919922 2940.19311523 5.6765370369
1464857850629 1980.16088867 2938.13769531 5.70434141159
1464857850691 1976.86621094 2935.73706055 5.74250030518
1464857850698 1973.76635742 2933.59521484 5.78360795975
1464857850758 1970.99438477 2931.27001953 5.82396316528
1464857850765 1968.23657227 2928.83496094 5.86174726486
1464857850831 1965.82519531 2926.00097656 5.8997592926
1464857850832 1962.73486328 2923.46337891 5.92961645126
1464857850890 1960.4777832 2920.4362793 5.97113609314
1464857850898 1958.17480469 2917.89941406 6.00947237015
1464857850958 1955.50488281 2915.43066406 6.04771471024
1464857850965 1953.28503418 2912.39916992 6.08407926559
1464857851026 1951.4753418 2908.99707031 6.12001419067
1464857851033 1949.67407227 2905.65625 6.15269899368
1464857851090 1947.7434082 2902.51538086 6.19030666351
1464857851098 1946.28771973 2899.53710938 6.2367773056
1464857851158 1945.18725586 2895.33569336 6.27654838562
1464857851165 1943.53613281 2891.66748047 0.0210733450949
1464857851226 1941.66137695 2888.58349609 0.0612025335431
1464857851233 1940.33325195 2884.77539062 0.106111526489
1464857851290 1939.09985352 2880.93701172 0.142859280109
1464857851297 1938.42211914 2877.55761719 0.18509490788
1464857851359 1937.66992188 2873.99804688 0.223642289639
1464857851365 1937.07275391 2870.14453125 0.262005746365
1464857851426 1936.52612305 2866.30102539 0.303584247828
1464857851433 1936.171875 2862.37011719 0.341370910406
1464857851498 1936.50170898 2858.78198242 0.386521577835
1464857851500 1936.31640625 2854.75244141 0.425875246525
