1464858007413 2548.4140625 2309.0 3.13914728165
1464858007415 2548.41430664 2323.0 3.13914752007
1464858007479 2548.5 2335.71728516 3.14973258972
1464858007484 2548.49975586 2348.51416016 3.13941478729
1464858007539 2548.76660156 2360.62744141 3.12273430824
1464858007550 2548.76660156 2373.62353516 3.12087655067
1464858007613 2549.04663086 2387.29296875 3.11940073967
1464858007617 2549.04663086 2400.7956543 3.12071037292
1464858007682 2549.45410156 2414.79541016 3.12017536163
1464858007685 2549.45410156 2427.99975586 3.13104057312
1464858007749 2549.89599609 2442.0 3.13530707359
1464858007752 2549.89599609 2455.53222656 3.12728071213
1464858007807 2550.24975586 2468.00561523 3.12986850739
1464858007818 2550.24975586 2480.71020508 3.11999750137
1464858007882 2550.38085938 2493.66894531 3.11244511604
1464858007885 2550.51123047 2506.62768555 3.11741566658
1464858007950 2550.84765625 2519.6953125 3.12086963654
1464858007953 2551.94824219 2532.99975586 3.11415410042
1464858008007 2552.484375 2547.0 3.11105871201
1464858008018 2552.94238281 2559.72192383 3.09131789207
1464858008082 2553.14648438 2572.8125 3.08326268196
1464858008084 2554.0546875 2586.17919922 3.08682441711
1464858008148 2554.3359375 2599.77978516 3.08722043037
1464858008153 2554.94165039 2612.86083984 3.10399436951
1464858008208 2555.74487305 2625.80273438 3.10171723366
1464858008217 2555.93261719 2639.1328125 3.11801242828
1464858008281 2556.13671875 2651.99975586 3.12794828415
1464858008284 2556.24609375 2665.53662109 3.12147307396
1464858008350 2556.79077148 2679.53662109 3.12092828751
1464858008353 2556.79077148 2692.05029297 3.10886645317
1464858008406 2557.61230469 2705.50195312 3.10648870468
1464858008418 2557.61230469 2718.41918945 3.1197514534
1464858008475 2558.06542969 2731.0559082 3.10337734222
1464858008485 2558.06542969 2744.58837891 3.11140441895
1464858008549 2558.43847656 2757.85083008 3.12033414841
1464858008553 2558.43847656 2771.43920898 3.11113476753
1464858008618 2558.72949219 2784.58813477 3.12205410004
1464858008620 2559.31689453 2797.24731445 3.09812879562
1464858008675 2559.95996094 2811.24731445 3.09394478798
1464858008686 2560.51416016 2824.08911133 3.09287023544
1464858008750 2561.09545898 2838.08911133 3.09684205055
1464858008815 2561.78515625 2850.54321289 3.07299375534
1464858008875 2497.37670898 2888.5 3.12172675133
1464858008947 2498.00732422 2916.5 3.11981129646
1464858009017 2499.03662109 2944.49975586 3.11324286461
1464858009074 2500.33984375 2970.68579102 3.08154845238
1464858009143 2501.81982422 2996.50390625 3.07045483589
1464858009217 2503.25878906 3022.64990234 3.09308218956
1464858009285 2504.80126953 3049.49975586 3.11984848976
1464858009342 2506.29248047 3077.07299805 3.10136389732
1464858009416 2507.55810547 3103.88330078 3.08217406273
1464858009484 2508.87451172 3130.49365234 3.06861329079
1464858009543 2510.86767578 3156.92211914 3.07228732109
1464858009616 2511.87841797 3183.73413086 3.09657692909
1464858009684 2513.52563477 3210.5 3.10610747337
1464858009742 2515.00219727 3236.72460938 3.07290005684
1464858009817 2516.54516602 3263.04003906 3.061388731
1464858009883 2518.79785156 3290.43554688 3.07106375694
1464858009952 2520.23730469 3317.85253906 3.07020449638
1464858010010 2521.69702148 3343.87475586 3.09659695625
1464858010086 2523.74682617 3370.51342773 3.08359646797
1464858010151 2525.44042969 3397.56616211 3.07611632347
1464858010210 2527.16162109 3424.41699219 3.06422877312
1464858010284 2528.81201172 3451.33032227 3.06422638893
1464858010353 2530.67285156 3478.54711914 3.07122826576
1464858010410 2532.38696289 3504.80395508 3.09362721443
1464858010484 2534.50488281 3531.62060547 3.08451104164
1464858010551 2536.41455078 3557.69824219 3.05684733391
1464858010611 2538.19116211 3584.56542969 3.05962491035
1464858010678 2540.20678711 3611.26171875 3.0625269413
1464858010753 2542.62866211 3638.78100586 3.06161618233
1464858010819 2544.39501953 3664.93432617 3.07579255104
1464858010879 2546.3659668 3691.14379883 3.06372523308
1464858010951 2548.31396484 3718.01513672 3.06183791161
1464858011021 2550.4453125 3743.54760742 3.05609679222
1464858011079 2552.07568359 3765.18579102 3.05763554573
1464858011152 2553.53588867 3783.24072266 3.05327248573
1464858011219 2554.94873047 3799.36254883 3.04504704475
1464858011279 2555.8125 3811.19873047 3.05113530159
