1464857981440 2505.4152832 1957.41931152 3.08580946922
1464857981509 2506.15893555 1969.06384277 3.10523295403
1464857981578 2506.49975586 1990.09118652 3.11985993385
1464857981640 2507.57910156 2017.73413086 3.09333205223
1464857981710 2508.54150391 2042.53051758 3.08397221565
1464857981778 2511.14379883 2069.84814453 3.08191418648
1464857981840 2512.61645508 2097.22460938 3.09171843529
1464857981909 2513.32348633 2124.76123047 3.10892987251
1464857981978 2513.5 2152.4465332 3.11349701881
1464857982041 2513.49975586 2179.30126953 3.11919999123
1464857982109 2513.49975586 2205.49975586 3.14159536362
1464857982177 2513.49975586 2233.02368164 3.13236737251
1464857982246 2514.73242188 2258.89355469 3.08705496788
1464857982309 2516.50048828 2285.12060547 3.06905341148
1464857982370 2445.07470703 2282.20776367 3.08813238144
1464857982378 2446.03808594 2295.67578125 3.09587454796
1464857982438 2446.43896484 2308.22436523 3.09279942513
1464857982444 2447.15820312 2321.078125 3.10774087906
1464857982502 2447.84228516 2334.13330078 3.10773348808
1464857982511 2448.05517578 2347.37158203 3.10490632057
1464857982571 2448.76123047 2360.37060547 3.11436247826
1464857982576 2448.86572266 2373.65136719 3.10975432396
1464857982637 2449.75341797 2387.65136719 3.10968089104
1464857982644 2449.88378906 2400.69555664 3.11777496338
1464857982701 2450.55712891 2413.8347168 3.10060596466
1464857982708 2451.26928711 2426.80151367 3.08994245529
1464857982769 2451.72973633 2440.06152344 3.08451128006
1464857982776 2452.91015625 2453.39404297 3.07117962837
1464857982836 2454.0390625 2467.16650391 3.07189249992
1464857982845 2455.05786133 2480.51733398 3.07839655876
1464857982906 2456.04101562 2493.58618164 3.08951258659
1464857982913 2456.40893555 2506.79248047 3.10058665276
1464857982969 2457.02783203 2520.05175781 3.10535740852
1464857982978 2457.11816406 2533.11572266 3.11356496811
1464857983038 2457.78759766 2546.99609375 3.10959124565
1464857983045 2458.45996094 2560.19189453 3.09440517426
1464857983105 2459.40625 2573.22705078 3.08627510071
1464857983113 2460.18554688 2586.28710938 3.0704228878
1464857983170 2461.046875 2599.49780273 3.06623482704
1464857983178 2461.81787109 2612.85449219 3.06928539276
1464857983237 2462.72314453 2626.10205078 3.07621622086
1464857983245 2463.80957031 2639.25439453 3.10221576691
1464857983306 2464.44042969 2652.72094727 3.10403585434
1464857983313 2464.63134766 2665.65380859 3.1039955616
1464857983368 2465.83154297 2679.31347656 3.11303091049
1464857983378 2466.55932617 2692.62890625 3.09158277512
1464857983439 2467.47583008 2705.63964844 3.07334518433
1464857983443 2468.35229492 2718.7734375 3.06609249115
1464857983505 2469.22265625 2731.84228516 3.06256747246
1464857983512 2469.89038086 2744.66650391 3.06837821007
1464857983578 2470.69433594 2757.66015625 3.07906198502
1464857983580 2471.4296875 2770.83007812 3.08866763115
1464857983636 2472.38867188 2784.49951172 3.08925843239
1464857983645 2473.19921875 2798.08886719 3.08456301689
1464857983706 2474.42749023 2811.66992188 3.09791231155
1464857983713 2475.25585938 2824.99511719 3.08671021461
1464857983773 2476.171875 2837.93164062 3.06478977203
1464857983781 2477.08837891 2850.2578125 3.06450581551
1464857983837 2477.94970703 2863.51147461 3.05808353424
1464857983904 2478.96826172 2877.16699219 3.06267666817
1464857983976 2414.94824219 2918.00366211 3.07718348503
1464857984037 2416.61181641 2944.71582031 3.07491707802
1464857984107 2418.42016602 2970.59472656 3.06631159782
1464857984173 2421.35839844 2997.65795898 3.06266379356
1464857984238 2423.51123047 3024.9309082 3.05887436867
1464857984305 2425.36083984 3052.01318359 3.05935168266
1464857984375 2427.78710938 3078.42993164 3.07367348671
1464857984441 2430.36694336 3104.57226562 3.06156373024
1464857984506 2432.15649414 3130.984375 3.05906224251
1464857984573 2435.53808594 3158.6418457 3.05807709694
1464857984643 2437.34228516 3185.56518555 3.05186390877
1464857984704 2439.49462891 3212.62182617 3.06257843971
1464857984774 2441.87597656 3238.8527832 3.05370497704
1464857984841 2444.87280273 3265.59912109 3.04835915565
1464857984906 2447.27075195 3291.59423828 3.06023430824
1464857984972 2449.54150391 3318.26171875 3.05127549171
1464857985043 2452.79858398 3345.59838867 3.04640936852
1464857985108 2455.30249023 3372.36157227 3.04686379433
1464857985174 2458.08789062 3398.83984375 3.04692196846
1464857985240 2459.94726562 3424.84448242 3.05248141289
1464857985311 2462.9765625 3451.88720703 3.04816174507
1464857985372 2465.93920898 3479.31420898 3.04981541634
1464857985441 2468.37280273 3506.05395508 3.03735280037
1464857985508 2471.30908203 3532.52172852 3.02750182152
1464857985574 2473.78710938 3558.40527344 3.04485440254
1464857985640 2476.58007812 3585.32495117 3.04543566704
1464857985709 2479.60400391 3611.70605469 3.0336368084
1464857985774 2481.77490234 3634.01855469 3.03975510597
1464857985842 2483.95117188 3653.15576172 3.02561831474
1464857985908 2486.03051758 3669.70922852 3.03180527687
1464857985977 2487.46313477 3683.07373047 3.045181036
1464857986040 2487.14379883 3690.02832031 3.02699303627
