1464858034327 2478.19213867 2284.72851562 3.13028407097
1464858034384 2478.4140625 2297.29663086 3.12882709503
1464858034392 2479.04150391 2310.80786133 3.11494374275
1464858034452 2479.48339844 2324.80786133 3.10947465897
1464858034461 2479.66699219 2337.84057617 3.10709190369
1464858034527 2481.05371094 2350.86889648 3.110932827
1464858034527 2481.4440918 2364.86889648 3.10795617104
1464858034584 2481.76806641 2376.67285156 3.0995926857
1464858034592 2481.98925781 2389.47485352 3.08845734596
1464858034651 2482.43847656 2402.50170898 3.09466433525
1464858034660 2483.17480469 2415.97753906 3.10203742981
1464858034720 2483.7590332 2429.64672852 3.10879921913
1464858034729 2484.01660156 2442.79394531 3.12212753296
1464858034784 2484.56347656 2456.79370117 3.11754226685
1464858034791 2484.65039062 2470.0 3.13071918488
1464858034853 2484.95483398 2483.65869141 3.12821793556
1464858034860 2484.95507812 2496.97436523 3.11861133575
1464858034919 2485.39648438 2509.9230957 3.1104054451
1464858034929 2485.39624023 2522.95605469 3.0989947319
1464858034993 2485.39624023 2535.90527344 3.10702204704
1464858034994 2485.95996094 2548.90893555 3.10591506958
1464858035051 2486.56347656 2561.79785156 3.11531567574
1464858035061 2487.09570312 2574.78955078 3.11144280434
1464858035118 2488.27050781 2587.92919922 3.08921051025
1464858035192 2489.03271484 2601.19189453 3.09006643295
1464858035194 2490.63378906 2628.83105469 3.08661961555
1464858035251 2490.94726562 2641.74902344 3.07597541809
1464858035260 2491.36816406 2655.31396484 3.08141899109
1464858035321 2492.05493164 2668.69482422 3.07714509964
1464858035328 2492.56933594 2681.83886719 3.09992837906
1464858035387 2493.23803711 2694.76416016 3.11453509331
1464858035395 2493.33325195 2708.01611328 3.11717963219
1464858035451 2494.02001953 2721.65234375 3.12188339233
1464858035460 2494.02026367 2734.44921875 3.1079621315
1464858035518 2494.93798828 2748.44921875 3.11037135124
1464858035527 2495.51171875 2762.04589844 3.09795451164
1464858035588 2495.95605469 2775.48046875 3.08709073067
1464858035595 2496.75634766 2788.89916992 3.0822789669
1464858035663 2497.54150391 2801.46728516 3.09025096893
1464858035662 2498.15869141 2814.28271484 3.07283639908
1464858035720 2498.78271484 2827.35742188 3.0831682682
1464858035729 2499.34521484 2840.39013672 3.0791118145
1464858035787 2500.11083984 2853.56542969 3.09288167953
1464858035863 2501.03955078 2867.56542969 3.09462690353
1464858035919 2435.65600586 2907.43579102 3.07828211784
1464858035987 2436.86767578 2933.97070312 3.06577420235
1464858036062 2438.84863281 2960.86206055 3.06600356102
1464858036119 2440.49511719 2987.65185547 3.09055876732
1464858036186 2442.40625 3014.49975586 3.10869240761
1464858036256 2443.90722656 3041.70458984 3.08747029305
1464858036319 2445.36938477 3067.65576172 3.06069684029
1464858036387 2447.18896484 3094.38110352 3.06501221657
1464858036456 2449.7109375 3122.30053711 3.06810975075
1464858036531 2450.72705078 3148.7878418 3.08211779594
1464858036586 2453.09179688 3174.90429688 3.08754611015
1464858036655 2455.01220703 3201.78833008 3.07554984093
1464858036730 2456.99707031 3228.80517578 3.06423687935
1464858036788 2458.46166992 3255.35766602 3.05807614326
1464858036855 2460.22705078 3282.05566406 3.07120013237
1464858036926 2462.64331055 3308.50170898 3.0788872242
1464858036987 2464.49169922 3335.42358398 3.07965779305
1464858037055 2466.65185547 3362.05541992 3.05893492699
1464858037125 2468.65673828 3388.73608398 3.06021380424
1464858037198 2471.0168457 3415.20043945 3.0580508709
1464858037255 2473.14501953 3441.33105469 3.04933238029
1464858037397 2477.76953125 3495.02954102 3.06074643135
1464858037455 2480.00268555 3521.91723633 3.04840779305
1464858037523 2482.22583008 3549.32666016 3.05518364906
1464858037591 2484.77124023 3575.80126953 3.04841446877
1464858037655 2487.08666992 3601.70068359 3.04720139503
1464858037724 2489.42822266 3627.79370117 3.05235075951
1464858037791 2491.88183594 3655.21044922 3.05442214012
1464858037855 2494.20727539 3682.90014648 3.04842734337
1464858037923 2496.42651367 3709.54760742 3.04885029793
1464858037990 2498.85742188 3735.34985352 3.043145895
1464858038065 2501.22729492 3760.109375 3.04902482033
1464858038122 2503.33056641 3781.89575195 3.0393269062
1464858038191 2505.06835938 3801.09912109 3.03219103813
1464858038265 2506.96679688 3816.16430664 3.05119824409
1464858038323 2508.02441406 3828.61499023 3.03171515465
