1464858021170 2653.49951172 2128.49975586 3.14159226418
1464858021243 2652.96948242 2154.29321289 3.1747546196
1464858021305 2650.61523438 2181.8996582 3.19966077805
1464858021373 2649.30688477 2210.07958984 3.20270395279
1464858021438 2647.65893555 2236.68798828 3.17628335953
1464858021506 2646.5 2262.95703125 3.16274595261
1464858021572 2646.49951172 2289.5 3.14159345627
1464858021638 2646.5 2317.50024414 3.14159226418
1464858021699 2575.80615234 2314.44970703 3.16659784317
1464858021709 2575.64306641 2327.09960938 3.17766284943
1464858021773 2574.58691406 2339.48828125 3.16012787819
1464858021773 2574.10498047 2352.4375 3.17235445976
1464858021829 2574.10498047 2366.09936523 3.16488337517
1464858021839 2573.20776367 2379.0 3.16331124306
1464858021897 2573.20776367 2393.0 3.16331171989
1464858021907 2572.04785156 2407.0 3.15437912941
1464858021971 2572.04736328 2420.89672852 3.15658783913
1464858021972 2571.24951172 2434.89697266 3.14380025864
1464858022039 2571.24951172 2447.77319336 3.1556994915
1464858022040 2571.24975586 2459.90283203 3.15821957588
1464858022097 2571.24975586 2472.19287109 3.15554189682
1464858022106 2571.24975586 2484.56323242 3.15302205086
1464858022172 2571.25 2498.0 3.14159369469
1464858022172 2571.25 2511.99975586 3.14159321785
1464858022239 2571.25 2525.99951172 3.1415913105
1464858022240 2571.25 2539.99975586 3.1415913105
1464858022298 2571.07617188 2553.99975586 3.14606785774
1464858022306 2571.07592773 2566.59912109 3.15202999115
1464858022364 2570.7668457 2579.65771484 3.16830730438
1464858022374 2570.76708984 2591.55834961 3.16234588623
1464858022440 2570.56347656 2604.68457031 3.16375732422
1464858022440 2570.56347656 2618.68457031 3.16375803947
1464858022497 2569.5 2631.0 3.14159274101
1464858022506 2569.5 2645.0 3.14159274101
1464858022565 2569.49951172 2659.0 3.14159274101
1464858022574 2569.49951172 2672.57958984 3.1403594017
1464858022639 2569.49951172 2686.57958984 3.14035916328
1464858022640 2569.26171875 2697.49975586 3.14616894722
1464858022698 2569.26171875 2710.83911133 3.15484476089
1464858022706 2568.47070312 2724.83911133 3.16860151291
1464858022761 2568.47070312 2737.97924805 3.17270851135
1464858022767 2567.67041016 2751.97949219 3.17393684387
1464858022840 2567.67041016 2764.12011719 3.16360044479
1464858022840 2566.11767578 2778.11987305 3.14617991447
1464858022907 2566.11767578 2791.99951172 3.14373445511
1464858022908 2566.0 2803.17529297 3.133228302
1464858022966 2566.0 2817.17529297 3.13323020935
1464858023032 2566.09179688 2831.06640625 3.13225436211
1464858023107 2500.80371094 2871.23095703 3.13394474983
1464858023165 2500.99243164 2895.5 3.11981034279
1464858023233 2502.5324707 2923.5 3.13382506371
1464858023307 2502.99951172 2951.49975586 3.14159274101
1464858023366 2502.99975586 2979.49975586 3.14159393311
1464858023432 2502.99975586 3007.5 3.14159297943
1464858023507 2502.99951172 3028.91162109 3.13716578484
1464858023575 2502.99975586 3056.49975586 3.14159297943
1464858023634 2503.23974609 3084.49975586 3.13682293892
1464858023700 2503.70727539 3112.5 3.12902092934
1464858023775 2504.80126953 3140.49975586 3.1198489666
1464858023833 2505.21459961 3164.47924805 3.08602023125
1464858023901 2505.59912109 3189.5 3.12335276604
1464858023975 2505.7878418 3217.5 3.12575650215
1464858024034 2506.32836914 3245.5 3.13669896126
1464858024100 2506.49975586 3273.49975586 3.14159274101
1464858024175 2507.18579102 3301.29077148 3.12324547768
1464858024233 2507.56689453 3326.77050781 3.0804913044
1464858024301 2508.40869141 3350.5 3.12048840523
1464858024375 2509.52368164 3378.49975586 3.13263058662
1464858024443 2510.70751953 3406.49975586 3.1290204525
1464858024500 2511.15771484 3434.49975586 3.12356638908
1464858024569 2512.27685547 3461.39990234 3.09855675697
1464858024643 2512.81762695 3486.40234375 3.08368992805
1464858024701 2513.22290039 3512.05029297 3.11590409279
1464858024768 2514.59350586 3539.5 3.12155985832
1464858024843 2515.40844727 3567.5 3.12048840523
1464858024901 2516.41772461 3594.36035156 3.09748768806
1464858024969 2517.76586914 3620.34667969 3.08464074135
1464858025043 2518.80224609 3646.86816406 3.08125138283
1464858025111 2519.2578125 3673.35498047 3.10341858864
1464858025169 2520.03735352 3699.22998047 3.09785294533
1464858025237 2521.0480957 3720.58251953 3.09167170525
1464858025311 2521.42724609 3739.32080078 3.07021260262
1464858025369 2522.56347656 3755.19775391 3.08714032173
1464858025436 2523.08837891 3767.49511719 3.06863093376
