1464857944048 2565.31762695 2132.87158203 3.19821166992
1464857944113 2563.62939453 2153.53100586 3.18311309814
1464857944182 2562.33032227 2180.06494141 3.17561292648
1464857944247 2560.42260742 2207.16333008 3.20919179916
1464857944316 2559.01806641 2233.30493164 3.21638822556
1464857944381 2556.88232422 2260.27441406 3.19649410248
1464857944439 2554.77685547 2288.125 3.18756866455
1464857944505 2483.17236328 2285.34765625 3.20275902748
1464857944515 2482.34716797 2299.07910156 3.21240758896
1464857944579 2481.59960938 2312.42382812 3.20850324631
1464857944582 2480.81054688 2325.83251953 3.213078022
1464857944649 2480.14160156 2339.36523438 3.21465182304
1464857944653 2479.0793457 2352.79736328 3.20523476601
1464857944707 2478.05175781 2366.24023438 3.20242190361
1464857944716 2476.92236328 2379.88037109 3.20244598389
1464857944778 2476.30419922 2393.44335938 3.20517969131
1464857944782 2475.67578125 2406.34765625 3.21331381798
1464857944847 2474.76757812 2419.64794922 3.20664834976
1464857944850 2473.90698242 2433.02392578 3.20174050331
1464857944905 2473.50146484 2446.53271484 3.20364975929
1464857944915 2472.66845703 2459.86523438 3.19837617874
1464857944980 2471.72607422 2473.37207031 3.20060133934
1464857944982 2470.73925781 2486.38916016 3.20149707794
1464857945046 2470.10449219 2499.52441406 3.20049118996
1464857945049 2469.46289062 2512.66601562 3.20032143593
1464857945116 2468.84472656 2525.64453125 3.19436001778
1464857945118 2468.00756836 2538.95751953 3.19816064835
1464857945174 2467.31103516 2552.44921875 3.19810461998
1464857945183 2466.54980469 2565.71166992 3.19681572914
1464857945247 2466.16552734 2579.15478516 3.19931221008
1464857945250 2465.30859375 2591.64111328 3.18388652802
1464857945314 2465.01489258 2605.09716797 3.18095183372
1464857945317 2465.00317383 2618.45361328 3.17903113365
1464857945374 2464.28125 2631.7722168 3.17974424362
1464857945383 2463.33642578 2645.55761719 3.18641591072
1464857945446 2462.70361328 2658.7421875 3.1766397953
1464857945450 2461.99633789 2672.05029297 3.19217276573
1464857945515 2461.52050781 2685.52587891 3.19949746132
1464857945518 2460.91064453 2698.10253906 3.19857096672
1464857945573 2460.40332031 2711.44360352 3.19206976891
1464857945583 2459.52709961 2724.20996094 3.16839337349
1464857945648 2459.34863281 2737.66552734 3.17378425598
1464857945650 2459.07128906 2751.51464844 3.16451978683
1464857945714 2458.890625 2764.26708984 3.15646624565
1464857945718 2458.80078125 2778.15063477 3.16351222992
1464857945783 2458.41357422 2791.88354492 3.15948319435
1464857945786 2457.71948242 2805.17382812 3.18181204796
1464857945841 2457.29492188 2819.17382812 3.18007206917
1464857945851 2456.58447266 2831.49755859 3.1830432415
1464857945916 2456.27734375 2845.20483398 3.18929576874
1464857945982 2456.00537109 2858.14672852 3.19269299507
1464857946042 2386.19824219 2898.32958984 3.2008228302
1464857946114 2385.40722656 2923.86816406 3.17739486694
1464857946184 2383.99951172 2951.49975586 3.14159274101
1464857946241 2383.99975586 2979.5 3.14159274101
1464857946315 2384.0 3006.64501953 3.15896081924
1464857946382 2383.99951172 3032.84985352 3.16958475113
1464857946442 2383.99975586 3059.17871094 3.17793893814
1464857946509 2383.99975586 3084.49975586 3.14159440994
1464857946583 2383.65234375 3112.5 3.15054607391
1464857946651 2383.28759766 3140.49975586 3.15715742111
1464857946710 2382.50708008 3168.5 3.16328382492
1464857946782 2381.84814453 3196.13232422 3.1708278656
1464857946851 2381.62939453 3221.0234375 3.19536972046
1464857946909 2380.97583008 3245.5 3.15074634552
1464857946983 2380.5 3273.5 3.14159297943
1464857947050 2380.49951172 3301.5 3.14159297943
1464857947110 2380.5 3329.5 3.14159274101
1464857947182 2380.49951172 3357.49975586 3.14159393311
1464857947251 2380.49975586 3385.5 3.14159083366
1464857947318 2380.49975586 3408.45141602 3.1567158699
1464857947378 2380.49975586 3434.5 3.1415913105
1464857947450 2380.49975586 3462.5 3.14159297943
1464857947520 2380.6887207 3490.5 3.13914465904
1464857947651 2383.99975586 3546.49975586 3.14159345627
1464857947718 2384.0 3569.93188477 3.12780404091
1464857947778 2383.99975586 3595.49975586 3.14159440994
1464857947850 2383.99975586 3623.49975586 3.14159226418
1464857947919 2384.0 3651.5 3.14159178734
1464857947978 2384.0 3679.49975586 3.14159440994
1464857948045 2384.0 3706.64501953 3.12446570396
1464857948118 2383.99975586 3732.83544922 3.10957789421
1464857948187 2384.67480469 3757.84912109 3.10845398903
1464857948246 2385.36816406 3784.5 3.12293314934
1464857948319 2385.87597656 3806.36425781 3.10239815712
1464857948386 2385.97460938 3826.66210938 3.11624026299
1464857948446 2386.58740234 3842.80297852 3.08675789833
