1464857910461 lifecam19 2618.49975586 2011.22851562 3.12978005409
1464857910528 lifecam19 2618.5 2013.0 3.14159393311
1464857910593 lifecam19 2618.5 2013.0 3.14159393311
1464857910662 lifecam19 2618.49975586 2012.82836914 3.13655018806
1464857910730 lifecam19 2618.49975586 2012.64819336 3.132781744
1464857910798 lifecam19 2618.5 2013.0 3.14159393311
1464857910861 lifecam19 2618.49975586 2011.84179688 3.13034319878
1464857910930 lifecam19 2618.49951172 2010.82519531 3.1285803318
1464857910998 lifecam19 2618.49975586 2011.04833984 3.12607455254
1464857911062 lifecam19 2618.49975586 2012.82836914 3.13655018806
1464857911128 lifecam19 2618.49975586 2012.82836914 3.13655018806
1464857911198 lifecam19 2618.5 2013.0 3.14159393311
1464857911261 lifecam19 2618.5 2013.0 3.14159393311
1464857911328 lifecam19 2618.5 2013.0 3.14159393311
1464857911398 lifecam19 2618.5 2013.0 3.14159393311
1464857911462 lifecam19 2618.5 2013.0 3.14159393311
1464857911528 lifecam19 2618.49951172 2009.07543945 3.13974881172
1464857911598 lifecam19 2618.49951172 2008.65942383 3.13912463188
1464857911665 lifecam19 2618.49951172 2008.41918945 3.13417363167
1464857911729 lifecam19 2618.49951172 2007.52685547 3.12414908409
1464857911797 lifecam19 2618.49975586 2006.0 3.14159345627
1464857911866 lifecam19 2618.49975586 2006.0 3.14159345627
1464857911929 lifecam19 2618.49975586 2006.0 3.14159345627
1464857911996 lifecam19 2618.49975586 2006.0 3.14159345627
1464857912066 lifecam19 2618.49975586 2006.0 3.14159345627
1464857912130 lifecam19 2618.49975586 2006.0 3.14159345627
1464857912195 lifecam19 2618.49975586 2006.0 3.14159345627
1464857912266 lifecam19 2618.49951172 2006.52758789 3.12839722633
1464857912333 lifecam19 2618.49975586 2010.13037109 3.13974642754
1464857912397 lifecam19 2618.49975586 2012.58813477 3.14159274101
1464857912465 lifecam19 2618.49975586 2011.98754883 3.13909077644
1464857912533 lifecam19 2618.49975586 2010.13037109 3.13974642754
1464857912597 lifecam19 2618.49951172 2007.51831055 3.12290263176
1464857912665 lifecam19 2618.49951172 2007.72851562 3.12355732918
1464857912732 lifecam19 2618.49975586 2011.11694336 3.14594221115
1464857912798 lifecam19 2618.5 2012.75952148 3.14663410187
1464857912865 lifecam19 2618.49975586 2012.12060547 3.14973831177
1464857912933 lifecam19 2618.5 2012.29199219 3.15476942062
1464857913000 lifecam19 2618.49975586 2012.35229492 3.14598846436
1464857913065 lifecam19 2618.49975586 2012.52368164 3.15102291107
1464857913132 lifecam19 2618.5 2012.75976562 3.14663267136
1464857913201 lifecam19 2618.49975586 2012.58813477 3.14159393311
1464857913264 lifecam19 2618.5 2012.75952148 3.14663410187
1464857913334 lifecam19 2618.49975586 2011.98754883 3.13909077644
1464857913400 lifecam19 2618.49975586 2010.13037109 3.13974642754
1464857913466 lifecam19 2618.49975586 2009.70581055 3.14159440994
1464857913532 lifecam19 2618.49975586 2009.5 3.14159440994
1464857913601 lifecam19 2618.49975586 2009.5 3.14159440994
1464857913665 lifecam19 2618.49975586 2009.5 3.14159440994
1464857913733 lifecam19 2618.49975586 2009.92016602 3.14036345482
1464857913800 lifecam19 2618.49951172 2009.91601562 3.14097762108
1464857913868 lifecam19 2618.49975586 2009.92456055 3.13974881172
1464857913933 lifecam19 2618.5 2012.75976562 3.14663267136
1464857914001 lifecam19 2618.49975586 2012.35229492 3.14598846436
1464857914058 lifecam19 2618.49975586 2012.52368164 3.15102386475
1464857914132 lifecam19 2618.5 2012.75976562 3.14663267136
1464857914201 lifecam19 2618.5 2012.75952148 3.14663410187
1464857914269 lifecam19 2618.5 2012.75976562 3.14663267136
1464857914332 lifecam19 2618.49975586 2010.76928711 3.13663887978
1464857914400 lifecam19 2618.5 2012.75952148 3.14663410187
1464857914468 lifecam19 2618.5 2012.75952148 3.14663410187
1464857914536 lifecam19 2618.49975586 2009.5 3.14159440994
1464857914599 lifecam19 2618.49975586 2009.29833984 3.14220714569
1464857914668 lifecam19 2618.49975586 2009.5 3.14159440994
1464857914736 lifecam19 2618.49975586 2012.21484375 3.13594937325
1464857914800 lifecam19 2618.5 2012.75976562 3.14663267136
1464857914867 lifecam19 2618.49975586 2009.5 3.14159440994
1464857914936 lifecam19 2618.49951172 2006.72070312 3.12653660774
1464857915000 lifecam19 2618.49951172 2006.90527344 3.12343001366
1464857915069 lifecam19 2618.49975586 2009.06689453 3.13851857185
1464857915137 lifecam19 2618.49975586 2009.5 3.14159440994
1464857915205 lifecam19 2618.49951172 2009.71435547 3.14036536217
1464857915268 lifecam19 2618.49975586 2009.5 3.14159440994
1464857915337 lifecam19 2618.49975586 2008.41894531 3.13417220116
1464857915403 lifecam19 2618.49951172 2006.53613281 3.12965416908
1464857915468 lifecam19 2618.49975586 2006.0 3.14159345627
1464857915535 lifecam19 2618.49975586 2006.0 3.14159345627
1464857915604 lifecam19 2618.49975586 2006.0 3.14159345627
1464857915667 lifecam19 2618.49975586 2006.0 3.14159345627
1464857915737 lifecam19 2618.49975586 2006.0 3.14159345627
1464857915803 lifecam19 2618.49975586 2006.0 3.14159345627
1464857915871 lifecam19 2618.49951172 2006.17163086 3.13655161858
1464857915935 lifecam19 2618.49975586 2006.0 3.14159345627
1464857916005 lifecam19 2618.49951172 2006.17163086 3.13655161858
1464857916073 lifecam19 2618.49975586 2006.34741211 3.13215184212
1464857916136 lifecam19 2618.49951172 2006.17163086 3.13655161858
1464857916205 lifecam19 2618.49975586 2006.0 3.14159345627
1464857916273 lifecam19 2618.49951172 2006.17163086 3.13655161858
1464857916335 lifecam19 2618.49975586 2009.5 3.14159440994
1464857916405 lifecam19 2618.5 2012.06469727 3.15787506104
1464857916473 lifecam19 2618.5 2012.06469727 3.15787506104
1464857916536 lifecam19 2618.49975586 2010.89379883 3.14841222763
1464857916603 lifecam19 2618.49975586 2009.89013672 3.14466810226
1464857916673 lifecam19 2618.49975586 2009.5 3.14159440994
1464857916740 lifecam19 2618.49975586 2009.5 3.14159440994
1464857916804 lifecam19 2618.49975586 2009.5 3.14159440994
1464857916873 lifecam19 2618.49975586 2009.5 3.14159440994
1464857916941 lifecam19 2618.49975586 2009.5 3.14159440994
1464857917003 lifecam19 2618.49951172 2009.70996094 3.14097905159
1464857917073 lifecam19 2618.49951172 2009.70996094 3.14097905159
1464857917140 lifecam19 2618.49975586 2009.92016602 3.14036345482
1464857917204 lifecam19 2618.49975586 2009.92456055 3.13974881172
1464857917271 lifecam19 2618.49975586 2010.32763672 3.14097619057
1464857917340 lifecam19 2618.49975586 2006.71630859 3.12590909004
1464857917409 lifecam19 2618.49975586 2006.0 3.14159345627
1464857917471 lifecam19 2618.49951172 2006.17163086 3.13655161858
1464857917541 lifecam19 2618.49951172 2006.17163086 3.13655161858
1464857917609 lifecam19 2618.49975586 2006.0 3.14159345627
1464857917671 lifecam19 2618.49951172 2006.17163086 3.13655161858
1464857917741 lifecam19 2618.49975586 2006.0 3.14159345627
1464857917808 lifecam19 2618.49975586 2006.0 3.14159345627
1464857917872 lifecam19 2618.49975586 2006.0 3.14159345627
1464857917940 lifecam19 2618.49975586 2006.0 3.14159345627
1464857918009 lifecam19 2618.49975586 2006.0 3.14159345627
1464857918074 lifecam19 2618.49975586 2006.0 3.14159345627
1464857918140 lifecam19 2618.49975586 2006.0 3.14159345627
1464857918209 lifecam19 2618.49975586 2006.0 3.14159345627
1464857918275 lifecam19 2618.49975586 2006.0 3.14159345627
1464857918339 lifecam19 2618.49975586 2006.0 3.14159345627
1464857918408 lifecam19 2618.49975586 2006.0 3.14159345627
1464857918475 lifecam19 2618.49975586 2006.0 3.14159345627
1464857918540 lifecam19 2618.49975586 2006.0 3.14159345627
1464857918606 lifecam19 2618.49975586 2006.0 3.14159345627
1464857918676 lifecam19 2618.49975586 2006.0 3.14159345627
1464857918740 lifecam19 2618.49975586 2006.0 3.14159345627
1464857918807 lifecam19 2618.49975586 2006.0 3.14159345627
1464857918876 lifecam19 2618.49975586 2006.0 3.14159345627
1464857918945 lifecam19 2618.49951172 2006.17163086 3.13655161858
1464857919007 lifecam19 2618.49951172 2006.17163086 3.13655161858
1464857919076 lifecam19 2618.49951172 2006.17163086 3.13655161858
1464857919144 lifecam19 2618.49951172 2006.53613281 3.12965464592
1464857919208 lifecam19 2618.49951172 2006.54052734 3.13028502464
1464857919276 lifecam19 2618.49951172 2006.52758789 3.12839722633
1464857919343 lifecam19 2618.49951172 2006.17163086 3.13655161858
1464857919406 lifecam19 2618.49951172 2007.09375 3.12096047401
1464857919477 lifecam19 2618.49951172 2008.57348633 3.12677311897
1464857919544 lifecam19 2618.49951172 2006.90063477 3.12280297279
1464857919612 lifecam19 2618.49951172 2007.29077148 3.11974549294
1464857919674 lifecam19 2618.49951172 2007.29077148 3.11974549294
1464857919744 lifecam19 2618.49951172 2008.12329102 3.12113976479
1464857919812 lifecam19 2618.49951172 2007.09375 3.12096047401
1464857919875 lifecam19 2618.49951172 2007.29077148 3.11974549294
1464857919944 lifecam19 2618.49951172 2007.49267578 3.11916041374
1464857920012 lifecam19 2618.49951172 2007.09375 3.12096047401
1464857920075 lifecam19 2618.49951172 2007.09375 3.12096047401
1464857920145 lifecam19 2618.49951172 2007.09375 3.12096047401
1464857920211 lifecam19 2618.49951172 2007.93432617 3.12358880043
1464857920280 lifecam19 2618.49951172 2007.5012207 3.12040781975
1464857920342 lifecam19 2618.49951172 2007.29516602 3.12037062645
1464857920412 lifecam19 2618.49975586 2011.26708984 3.12418007851
1464857920480 lifecam19 2618.49951172 2009.71435547 3.14036631584
1464857920543 lifecam19 2618.49951172 2007.29077148 3.11974549294
1464857920611 lifecam19 2618.49975586 2011.26708984 3.12417960167
1464857920682 lifecam19 2618.49975586 2012.63525391 3.13467001915
1464857920742 lifecam19 2618.49975586 2012.25341797 3.13030314445
1464857920812 lifecam19 2618.49951172 2011.90625 3.12095665932
1464857920880 lifecam19 2618.5 2012.81542969 3.1384408474
1464857920943 lifecam19 2618.5 2013.0 3.14159393311
1464857921010 lifecam19 2618.49975586 2011.46435547 3.1253964901
1464857921080 lifecam19 2618.49975586 2006.0 3.14159345627
1464857921147 lifecam19 2618.49951172 2006.17163086 3.13655161858
1464857921211 lifecam19 2618.49951172 2006.71191406 3.12528157234
1464857921279 lifecam19 2618.50024414 2016.26416016 3.13729786873
1464857921347 lifecam19 2618.5 2034.71630859 3.12590765953
1464857921410 lifecam19 2618.49951172 2062.17138672 3.1365506649
1464857921479 lifecam19 2618.5 2090.17138672 3.13655400276
1464857921546 lifecam19 2618.49975586 2116.70874023 3.11974453926
1464857921611 lifecam19 2618.49975586 2143.87646484 3.12113833427
1464857921679 lifecam19 2618.49951172 2170.72290039 3.13913941383
1464857921746 lifecam19 2618.5 2198.71850586 3.13975214958
1464857921814 lifecam19 2618.49951172 2226.49975586 3.14159226418
1464857921879 lifecam19 2618.49975586 2254.49975586 3.14159393311
1464857921946 lifecam19 2618.49951172 2280.49267578 3.11915898323
1464857922015 lifecam19 2618.49975586 2307.0 3.11532711983
1464857922072 lifecam20 2548.28222656 2304.06665039 3.12552285194
1464857922078 lifecam19 2548.28198242 2317.51953125 3.1283390522
1464857922142 lifecam20 2548.49975586 2331.203125 3.131275177
1464857922148 lifecam19 2548.49975586 2345.10449219 3.13066768646
1464857922207 lifecam20 2548.94995117 2359.10449219 3.12154722214
1464857922215 lifecam19 2548.94995117 2372.0 3.13247060776
1464857922273 lifecam20 2549.34912109 2385.99975586 3.13071918488
1464857922280 lifecam19 2549.34912109 2400.0 3.13072037697
1464857922339 lifecam20 2549.56152344 2414.0 3.13166213036
1464857922347 lifecam19 2549.56152344 2427.87988281 3.12920594215
1464857922409 lifecam20 2550.12573242 2441.67285156 3.13518357277
1464857922416 lifecam19 2550.25244141 2454.42114258 3.11755132675
1464857922475 lifecam20 2550.64501953 2466.16992188 3.10543870926
1464857922483 lifecam19 2551.22363281 2478.87451172 3.10128211975
1464857922541 lifecam20 2551.42285156 2491.83251953 3.10955166817
1464857922549 lifecam19 2552.22949219 2505.0 3.11119413376
1464857922609 lifecam20 2552.66259766 2518.99975586 3.1081199646
1464857922614 lifecam19 2553.52441406 2532.99975586 3.11141991615
1464857922678 lifecam20 2553.92333984 2547.0 3.11316943169
1464857922682 lifecam19 2554.66894531 2560.40087891 3.11472678185
1464857922739 lifecam20 2555.29296875 2574.40087891 3.10877275467
1464857922748 lifecam19 2555.42382812 2587.12841797 3.09970998764
1464857922810 lifecam20 2555.81933594 2599.61132812 3.08661651611
1464857922814 lifecam19 2556.06860352 2612.64746094 3.10168743134
1464857922876 lifecam20 2556.44799805 2625.78320312 3.10843157768
1464857922883 lifecam19 2556.44824219 2639.11865234 3.12016773224
1464857922940 lifecam20 2557.36230469 2652.33496094 3.12479519844
1464857922948 lifecam19 2557.36230469 2665.98095703 3.11832380295
1464857923007 lifecam20 2558.04541016 2679.64599609 3.1245701313
1464857923015 lifecam19 2558.22363281 2692.97900391 3.107660532
1464857923078 lifecam20 2558.63085938 2706.97900391 3.10819482803
1464857923084 lifecam19 2559.34106445 2720.22314453 3.09421992302
1464857923144 lifecam20 2560.07910156 2734.22338867 3.08643865585
1464857923150 lifecam19 2560.87939453 2747.5559082 3.08376836777
1464857923208 lifecam20 2561.36132812 2760.34790039 3.06980109215
1464857923216 lifecam19 2562.15795898 2773.29174805 3.09178447723
1464857923277 lifecam20 2562.98510742 2786.47460938 3.08766555786
1464857923282 lifecam19 2563.68481445 2799.43994141 3.08151817322
1464857923344 lifecam20 2564.37597656 2812.07714844 3.10291147232
1464857923352 lifecam19 2564.60913086 2825.13769531 3.10407829285
1464857923407 lifecam20 2565.38232422 2839.02539062 3.10526132584
1464857923476 lifecam20 2566.109375 2853.02539062 3.10077142715
1464857923543 lifecam20 2501.53710938 2895.5 3.10237288475
1464857923608 lifecam20 2503.26855469 2920.56640625 3.06685471535
1464857923675 lifecam20 2504.76513672 2947.05664062 3.0741121769
1464857923744 lifecam20 2506.36962891 2974.23071289 3.0773665905
1464857923806 lifecam20 2508.21582031 3000.72363281 3.09519124031
1464857923876 lifecam20 2509.95214844 3027.50244141 3.08543038368
1464857923943 lifecam20 2512.04956055 3054.47827148 3.07529854774
1464857924013 lifecam20 2513.90869141 3081.53125 3.06604838371
1464857924075 lifecam20 2515.73950195 3108.64233398 3.05748009682
1464857924143 lifecam20 2517.81591797 3135.71655273 3.06875777245
1464857924212 lifecam20 2520.1171875 3161.96801758 3.08654046059
1464857924276 lifecam20 2521.75 3187.91796875 3.0655143261
1464857924344 lifecam20 2524.15283203 3216.0769043 3.076202631
1464857924412 lifecam20 2526.23144531 3243.46289062 3.07108664513
1464857924474 lifecam20 2527.99389648 3270.58203125 3.05640053749
1464857924544 lifecam20 2529.70605469 3297.25610352 3.05747103691
1464857924607 lifecam20 2532.00537109 3324.48486328 3.07001948357
1464857924680 lifecam20 2534.78100586 3351.30322266 3.06463837624
1464857924743 lifecam20 2536.63964844 3377.07373047 3.052724123
1464857924812 lifecam20 2538.91162109 3403.97290039 3.0594394207
1464857924879 lifecam20 2541.5324707 3431.40698242 3.05778431892
1464857924945 lifecam20 2543.82519531 3458.83789062 3.04877781868
1464857925011 lifecam20 2546.00878906 3485.58666992 3.05463957787
1464857925080 lifecam20 2548.53662109 3511.53344727 3.03844475746
1464857925143 lifecam20 2550.76513672 3537.2421875 3.0491297245
1464857925212 lifecam20 2553.44848633 3564.73608398 3.04980254173
1464857925279 lifecam20 2556.40405273 3592.16601562 3.04996991158
1464857925340 lifecam20 2558.63647461 3618.63134766 3.04281401634
1464857925410 lifecam20 2561.26074219 3645.07104492 3.02860856056
1464857925480 lifecam20 2564.05419922 3671.10498047 3.0350549221
1464857925547 lifecam20 2566.3815918 3693.45214844 3.02388930321
1464857925612 lifecam20 2568.5300293 3711.67822266 3.03186917305
1464857925679 lifecam20 2570.35717773 3728.38208008 3.01593375206
1464857925748 lifecam20 2571.62402344 3740.59082031 3.03138613701
1464857925811 lifecam20 2571.765625 3746.99804688 3.03125834465
1464857925880 lifecam20 2571.57128906 3743.4609375 3.01958203316
1464857925947 lifecam20 2570.15698242 3733.95996094 3.00997710228
1464857926012 lifecam20 2569.4987793 3727.04785156 3.00759530067
1464857926079 lifecam20 2569.65966797 3728.24926758 3.00395226479
1464857926148 lifecam20 2570.13647461 3732.13720703 3.01979327202
1464857926215 lifecam20 2570.20898438 3734.34643555 3.00816702843
1464857926280 lifecam20 2570.83398438 3735.72827148 3.0123360157
1464857926347 lifecam20 2570.7109375 3734.69775391 3.0104868412
1464857926416 lifecam20 2570.41235352 3733.92675781 3.01414752007
1464857926478 lifecam20 2570.65820312 3734.28686523 3.01173567772
