1464857963948 lifecam19 2513.49975586 2022.93798828 3.14959669113
1464857964005 lifecam19 2513.5 2021.80126953 3.16396617889
1464857964080 lifecam19 2513.49975586 2022.73632812 3.15022611618
1464857964148 lifecam19 2513.49975586 2021.77978516 3.16086339951
1464857964215 lifecam19 2513.49975586 2022.55175781 3.15332889557
1464857964280 lifecam19 2513.49975586 2023.5 3.14159274101
1464857964348 lifecam19 2513.5 2024.09179688 3.14528942108
1464857964414 lifecam19 2513.49975586 2023.67578125 3.14588785172
1464857964480 lifecam19 2513.49975586 2025.84179688 3.16034269333
1464857964549 lifecam19 2513.49975586 2026.99975586 3.14159083366
1464857964615 lifecam19 2513.49975586 2028.59082031 3.1633810997
1464857964682 lifecam19 2513.5 2027.47583008 3.15102005005
1464857964748 lifecam19 2513.49975586 2026.99975586 3.14159297943
1464857964817 lifecam19 2513.49975586 2026.06469727 3.15787506104
1464857964883 lifecam19 2513.5 2025.62304688 3.1621799469
1464857964950 lifecam19 2513.5 2026.29199219 3.15477085114
1464857965017 lifecam19 2513.5 2026.75952148 3.14663505554
1464857965083 lifecam19 2513.49975586 2028.37646484 3.16217422485
1464857965148 lifecam19 2513.5 2030.49975586 3.14159226418
1464857965217 lifecam19 2513.49975586 2028.37646484 3.16217422485
1464857965282 lifecam19 2513.49975586 2026.52368164 3.15102529526
1464857965347 lifecam19 2513.5 2020.46728516 3.14976358414
1464857965417 lifecam19 2513.5 2023.10083008 3.14343595505
1464857965483 lifecam19 2513.5 2022.30761719 3.14778184891
1464857965550 lifecam19 2513.49975586 2021.92138672 3.1515288353
1464857965616 lifecam19 2513.49975586 2022.3203125 3.14963912964
1464857965685 lifecam19 2513.49975586 2022.92504883 3.14775037766
1464857965750 lifecam19 2513.49975586 2022.50463867 3.14653730392
1464857965816 lifecam19 2513.5 2022.53491211 3.15085792542
1464857965885 lifecam19 2513.49975586 2021.56103516 3.15903091431
1464857965951 lifecam19 2513.49975586 2021.58691406 3.16276311874
1464857966010 lifecam19 2513.49975586 2022.92504883 3.14775037766
1464857966085 lifecam19 2513.5 2025.84594727 3.15971899033
1464857966153 lifecam19 2513.49975586 2026.52368164 3.15102529526
1464857966218 lifecam19 2513.49975586 2026.99975586 3.14159083366
1464857966283 lifecam19 2513.49975586 2026.99975586 3.14159083366
1464857966353 lifecam19 2513.49975586 2026.99975586 3.14159297943
1464857966419 lifecam19 2513.49975586 2026.99975586 3.14159083366
1464857966484 lifecam19 2513.49975586 2026.99975586 3.14159297943
1464857966553 lifecam19 2513.49975586 2026.99975586 3.14159083366
1464857966619 lifecam19 2513.49975586 2026.99975586 3.14159083366
1464857966683 lifecam19 2513.49975586 2026.99975586 3.14159297943
1464857966753 lifecam19 2513.5 2026.75952148 3.14663505554
1464857966819 lifecam19 2513.49975586 2026.99975586 3.14159083366
1464857966883 lifecam19 2513.49975586 2026.99975586 3.14159083366
1464857966952 lifecam19 2513.49975586 2026.99975586 3.14159083366
1464857967021 lifecam19 2513.49975586 2026.99975586 3.14159083366
1464857967087 lifecam19 2513.49975586 2026.52368164 3.15102529526
1464857967152 lifecam19 2513.49975586 2025.84179688 3.16034269333
1464857967221 lifecam19 2513.5 2025.62304688 3.1621799469
1464857967287 lifecam19 2513.5 2024.21191406 3.15761995316
1464857967351 lifecam19 2513.5 2030.49975586 3.14159226418
1464857967420 lifecam19 2511.9453125 2046.90625 3.18830919266
1464857967487 lifecam19 2510.22827148 2071.53833008 3.21059513092
1464857967552 lifecam19 2508.61181641 2098.90625 3.20109176636
1464857967619 lifecam19 2507.36083984 2125.83374023 3.18274068832
1464857967689 lifecam19 2505.43286133 2153.34521484 3.1965713501
1464857967755 lifecam19 2504.07788086 2180.3984375 3.20924329758
1464857967820 lifecam19 2502.22460938 2208.515625 3.21418333054
1464857967887 lifecam19 2500.63598633 2235.68823242 3.20261049271
1464857967954 lifecam19 2497.84985352 2262.67211914 3.19477796555
1464857968011 lifecam20 2425.43554688 2258.75488281 3.20434999466
1464857968019 lifecam19 2424.85546875 2271.60083008 3.20880293846
1464857968079 lifecam20 2424.2331543 2284.39477539 3.20660662651
1464857968087 lifecam19 2423.34936523 2297.51318359 3.20938682556
1464857968153 lifecam20 2422.69140625 2310.70263672 3.20514297485
1464857968153 lifecam19 2421.82299805 2323.9609375 3.19247412682
1464857968211 lifecam20 2421.05273438 2337.328125 3.19128036499
1464857968221 lifecam19 2420.51586914 2350.72338867 3.1888153553
1464857968279 lifecam20 2419.96923828 2364.43115234 3.18880915642
1464857968288 lifecam19 2418.93554688 2377.64013672 3.19270992279
1464857968348 lifecam20 2418.54931641 2390.98535156 3.19413280487
1464857968356 lifecam19 2417.94262695 2404.28588867 3.20406460762
1464857968411 lifecam20 2417.64160156 2417.6965332 3.20050597191
1464857968420 lifecam19 2416.89941406 2430.90429688 3.20068645477
1464857968479 lifecam20 2415.79248047 2444.25366211 3.1991546154
1464857968487 lifecam19 2414.99560547 2457.07958984 3.17975735664
1464857968546 lifecam20 2414.6640625 2470.27490234 3.17921447754
1464857968555 lifecam19 2414.53808594 2483.52783203 3.16590642929
1464857968622 lifecam20 2413.75 2496.66015625 3.15976762772
1464857968623 lifecam19 2413.00390625 2509.95751953 3.18583106995
1464857968678 lifecam20 2412.72631836 2523.52197266 3.19293308258
1464857968688 lifecam19 2411.99951172 2536.92602539 3.20255589485
1464857968747 lifecam20 2411.73510742 2550.48193359 3.20427393913
1464857968756 lifecam19 2410.98583984 2563.34863281 3.20151686668
1464857968822 lifecam19 2409.98535156 2576.43164062 3.17785072327
1464857968823 lifecam20 2409.61645508 2589.91210938 3.17546439171
1464857968879 lifecam20 2409.18237305 2603.00756836 3.16602158546
1464857968889 lifecam19 2408.90478516 2616.85644531 3.15675854683
1464857968946 lifecam20 2408.12597656 2630.23779297 3.16438007355
1464857968956 lifecam19 2408.12646484 2642.93798828 3.17928791046
1464857969021 lifecam20 2407.82739258 2656.13574219 3.18583703041
1464857969022 lifecam19 2407.40136719 2668.92089844 3.19107198715
1464857969079 lifecam20 2406.89941406 2682.67285156 3.19142961502
1464857969088 lifecam19 2406.09814453 2696.08349609 3.20022702217
1464857969147 lifecam20 2405.52246094 2709.33886719 3.18678951263
1464857969156 lifecam19 2404.69116211 2722.94311523 3.17922878265
1464857969215 lifecam20 2404.69116211 2736.0 3.16297078133
1464857969222 lifecam19 2403.82495117 2749.90625 3.15402746201
1464857969289 lifecam19 2403.32739258 2762.99780273 3.15794086456
1464857969290 lifecam20 2403.32714844 2776.99780273 3.15794229507
1464857969347 lifecam20 2402.94165039 2790.44091797 3.17808413506
1464857969355 lifecam19 2402.78759766 2802.84228516 3.17806386948
1464857969415 lifecam20 2402.38916016 2816.21435547 3.18587756157
1464857969423 lifecam19 2402.46582031 2829.31542969 3.16954731941
1464857969489 lifecam19 2401.64208984 2843.31518555 3.1854455471
1464857969489 lifecam20 2401.35058594 2856.46435547 3.18720197678
1464857969548 lifecam20 2400.93823242 2869.62841797 3.17511129379
1464857969614 lifecam20 2400.67626953 2882.99951172 3.15748953819
1464857969690 lifecam20 2330.96923828 2923.35449219 3.15331172943
1464857969746 lifecam20 2330.19311523 2950.64868164 3.17663764954
1464857969815 lifecam20 2329.31469727 2976.49267578 3.18767166138
1464857969882 lifecam20 2328.0 3001.80151367 3.16741371155
1464857969957 lifecam20 2327.99951172 3028.49975586 3.14159297943
1464857970014 lifecam20 2327.99951172 3056.49975586 3.14159083366
1464857970083 lifecam20 2327.99975586 3084.49975586 3.14159488678
1464857970157 lifecam20 2327.99975586 3112.16894531 3.15010786057
1464857970215 lifecam20 2327.99951172 3138.63134766 3.16994047165
1464857970282 lifecam20 2328.0 3162.16455078 3.15347003937
1464857970357 lifecam20 2327.99975586 3189.50024414 3.14159393311
1464857970414 lifecam20 2327.99975586 3217.5 3.14159083366
1464857970483 lifecam20 2327.99975586 3245.5 3.14159226418
1464857970550 lifecam20 2327.99951172 3273.49951172 3.1415913105
1464857970615 lifecam20 2327.99975586 3301.0534668 3.15005302429
1464857970682 lifecam20 2327.99975586 3323.58935547 3.1586894989
1464857970751 lifecam20 2327.99975586 3350.5 3.14159274101
1464857970825 lifecam20 2327.99975586 3378.5 3.14159297943
1464857970883 lifecam20 2327.99975586 3406.5 3.14159274101
1464857970950 lifecam20 2327.99951172 3434.5 3.14159345627
1464857971026 lifecam20 2328.0 3462.49975586 3.1415913105
1464857971083 lifecam20 2327.99975586 3489.2644043 3.13473153114
1464857971151 lifecam20 2327.99975586 3512.73510742 3.13473057747
1464857971226 lifecam20 2327.99951172 3539.5 3.14159274101
1464857971282 lifecam20 2328.0 3567.5 3.14159345627
1464857971350 lifecam20 2328.0 3595.5 3.14159345627
1464857971419 lifecam20 2327.99975586 3623.5 3.14159297943
1464857971494 lifecam20 2327.99975586 3648.0 3.14159297943
1464857971551 lifecam20 2327.99975586 3672.91162109 3.1321709156
1464857971618 lifecam20 2328.74267578 3699.49121094 3.11012578011
1464857971693 lifecam20 2329.43969727 3719.4519043 3.09191679955
1464857971749 lifecam20 2329.80126953 3735.49975586 3.1198451519
1464857971818 lifecam20 2330.20898438 3749.49975586 3.12037968636
1464857971893 lifecam20 2330.47216797 3760.04663086 3.07927203178
1464857971951 lifecam20 2330.09936523 3760.46679688 3.07733941078
1464857972017 lifecam20 2329.87939453 3755.35009766 3.09595990181
1464857972088 lifecam20 2329.34594727 3744.49267578 3.08657240868
1464857972150 lifecam20 2329.39404297 3742.3034668 3.11673140526
1464857972218 lifecam20 2329.63964844 3745.49853516 3.07805228233
1464857972286 lifecam20 2329.63427734 3749.01806641 3.1087038517
