1464857992260 lifecam19 2640.07568359 2075.16992188 3.16911077499
1464857992326 lifecam19 2640.07568359 2075.16992188 3.16911077499
1464857992392 lifecam19 2640.07568359 2075.16992188 3.16911077499
1464857992459 lifecam19 2640.06494141 2075.4362793 3.16534566879
1464857992527 lifecam19 2640.05273438 2075.71289062 3.16092824936
1464857992594 lifecam19 2639.90625 2078.15600586 3.1871175766
1464857992659 lifecam19 2639.72631836 2076.92138672 3.16328573227
1464857992727 lifecam19 2639.5 2076.23583984 3.15602064133
1464857992796 lifecam19 2639.82592773 2075.14794922 3.16371917725
1464857992857 lifecam19 2639.5 2074.18481445 3.16616344452
1464857992928 lifecam19 2639.67089844 2075.42773438 3.16476774216
1464857992994 lifecam19 2639.5 2077.37646484 3.1621761322
1464857993058 lifecam19 2639.5 2080.05908203 3.16964769363
1464857993127 lifecam19 2640.26098633 2074.93383789 3.17583322525
1464857993195 lifecam19 2639.49975586 2071.77563477 3.17680072784
1464857993259 lifecam19 2639.74804688 2074.8215332 3.16410303116
1464857993327 lifecam19 2639.99853516 2075.52246094 3.16006135941
1464857993394 lifecam19 2639.74169922 2084.14550781 3.16516923904
1464857993463 lifecam19 2639.72216797 2102.60693359 3.16663646698
1464857993525 lifecam19 2637.49047852 2129.32299805 3.20248651505
1464857993595 lifecam19 2635.43066406 2155.11083984 3.20654964447
1464857993661 lifecam19 2634.30102539 2182.03710938 3.20074176788
1464857993726 lifecam19 2631.75292969 2209.4855957 3.19982004166
1464857993794 lifecam19 2629.82470703 2237.06054688 3.21981048584
1464857993861 lifecam19 2628.04541016 2264.0715332 3.21611881256
1464857993927 lifecam19 2625.78759766 2290.17480469 3.19703578949
1464857993987 lifecam20 2554.73339844 2287.94189453 3.20434498787
1464857993993 lifecam19 2553.3984375 2301.54003906 3.21202325821
1464857994051 lifecam20 2552.63427734 2314.51123047 3.21436071396
1464857994055 lifecam19 2552.01000977 2327.56591797 3.21649265289
1464857994125 lifecam20 2551.16113281 2341.08740234 3.21069192886
1464857994130 lifecam19 2550.21728516 2354.25683594 3.20948719978
1464857994189 lifecam20 2549.58251953 2367.00073242 3.2115252018
1464857994194 lifecam19 2548.3425293 2379.75341797 3.19857478142
1464857994256 lifecam20 2547.34619141 2393.00390625 3.19912672043
1464857994263 lifecam19 2546.54589844 2406.60791016 3.20651578903
1464857994325 lifecam20 2545.89599609 2420.24902344 3.20597553253
1464857994329 lifecam19 2545.05957031 2433.32104492 3.20966792107
1464857994388 lifecam20 2544.21386719 2446.5234375 3.21072459221
1464857994395 lifecam19 2543.47241211 2459.60205078 3.20753622055
1464857994457 lifecam20 2542.79956055 2473.03393555 3.20269107819
1464857994461 lifecam19 2541.95751953 2485.77514648 3.18950343132
1464857994525 lifecam20 2541.2746582 2498.89306641 3.18993806839
1464857994531 lifecam19 2540.39208984 2512.40039062 3.19320392609
1464857994586 lifecam20 2539.65991211 2525.36572266 3.18727374077
1464857994595 lifecam19 2538.8059082 2538.86230469 3.19728803635
1464857994656 lifecam20 2538.23754883 2552.24560547 3.20304441452
1464857994661 lifecam19 2537.51513672 2565.13061523 3.20473742485
1464857994726 lifecam20 2536.69775391 2578.51513672 3.20138001442
1464857994730 lifecam19 2535.87744141 2591.26464844 3.17852735519
1464857994785 lifecam20 2535.41650391 2604.61523438 3.17963051796
1464857994796 lifecam19 2534.86376953 2617.99804688 3.1834423542
1464857994857 lifecam20 2534.48242188 2631.2902832 3.17181444168
1464857994861 lifecam19 2533.62060547 2645.08618164 3.18529367447
1464857994924 lifecam20 2532.55175781 2658.46582031 3.18646645546
1464857994931 lifecam19 2531.88598633 2671.18115234 3.19807839394
1464857994994 lifecam20 2531.72021484 2684.29248047 3.20776224136
1464857994998 lifecam19 2530.43798828 2696.57226562 3.17723345757
1464857995057 lifecam20 2529.68408203 2709.5402832 3.17791771889
1464857995062 lifecam19 2529.54638672 2723.31933594 3.16934037209
1464857995126 lifecam20 2528.95117188 2736.48144531 3.15925145149
1464857995130 lifecam19 2528.48974609 2750.4140625 3.17142105103
1464857995193 lifecam20 2528.03125 2764.31298828 3.17296123505
1464857995199 lifecam19 2527.11108398 2777.19042969 3.19897532463
1464857995258 lifecam20 2526.78759766 2790.53173828 3.19624614716
1464857995261 lifecam19 2525.87524414 2802.58056641 3.18611073494
1464857995324 lifecam20 2525.20581055 2815.82348633 3.18820977211
1464857995329 lifecam19 2524.23779297 2829.46459961 3.16473937035
1464857995393 lifecam20 2523.79931641 2842.42822266 3.17364883423
1464857995452 lifecam20 2523.48144531 2855.68798828 3.17021632195
1464857995525 lifecam20 2454.35595703 2895.5 3.14935350418
1464857995592 lifecam20 2453.99975586 2922.77246094 3.15808153152
1464857995661 lifecam20 2453.22216797 2949.40478516 3.19164991379
1464857995723 lifecam20 2452.66796875 2975.89233398 3.20028495789
1464857995793 lifecam20 2451.79418945 3001.40625 3.17927742004
1464857995860 lifecam20 2450.73974609 3028.49975586 3.14648532867
1464857995924 lifecam20 2450.5 3055.7878418 3.15761756897
1464857995992 lifecam20 2450.49951172 3082.76708984 3.16883325577
1464857996061 lifecam20 2450.10131836 3110.09521484 3.18361854553
1464857996120 lifecam20 2449.1940918 3134.71557617 3.18626451492
1464857996193 lifecam20 2448.11938477 3161.5 3.1578130722
1464857996260 lifecam20 2446.99975586 3189.49975586 3.14159345627
1464857996320 lifecam20 2446.99975586 3217.49975586 3.14159035683
1464857996387 lifecam20 2446.99975586 3244.19824219 3.16741323471
1464857996461 lifecam20 2446.99951172 3267.58447266 3.16075754166
1464857996528 lifecam20 2446.99975586 3294.5 3.14159178734
1464857996592 lifecam20 2446.47241211 3322.49975586 3.15414619446
1464857996660 lifecam20 2445.50708008 3350.49975586 3.16328239441
1464857996729 lifecam20 2444.87670898 3378.49975586 3.16157960892
1464857996788 lifecam20 2443.74975586 3401.45874023 3.18040323257
1464857996861 lifecam20 2443.49975586 3427.5 3.14159297943
1464857996928 lifecam20 2443.49975586 3455.5 3.14159297943
1464857996989 lifecam20 2443.5 3483.49975586 3.14159226418
1464857997060 lifecam20 2443.49975586 3511.49975586 3.14159345627
1464857997129 lifecam20 2443.5 3538.79223633 3.15438365936
1464857997196 lifecam20 2443.49975586 3560.96289062 3.14891719818
1464857997261 lifecam20 2443.5 3588.49975586 3.14159226418
1464857997328 lifecam20 2443.49951172 3616.49975586 3.14159226418
1464857997397 lifecam20 2443.5 3644.49975586 3.14159297943
1464857997459 lifecam20 2443.49951172 3672.32836914 3.13669896126
1464857997529 lifecam20 2443.5 3696.78540039 3.14040350914
1464857997595 lifecam20 2443.32836914 3721.49975586 3.13669753075
1464857997657 lifecam20 2443.33862305 3746.23242188 3.14193201065
1464857997729 lifecam20 2443.49975586 3764.79101562 3.12037920952
1464857997798 lifecam20 2443.328125 3784.5 3.13669896126
1464857997863 lifecam20 2443.328125 3798.5 3.13669896126
1464857997929 lifecam20 2443.0793457 3806.37402344 3.11408162117
1464857997997 lifecam20 2443.07055664 3806.18920898 3.11650586128
1464857998065 lifecam20 2442.77392578 3800.62158203 3.08859086037
1464857998128 lifecam20 2442.40576172 3791.5 3.12155842781
