1464858004278 lifecam19 2618.28100586 2079.5 3.13608765602
1464858004343 lifecam19 2618.28393555 2079.26025391 3.13179469109
1464858004412 lifecam19 2618.49975586 2078.79638672 3.12926745415
1464858004476 lifecam19 2618.29150391 2078.55029297 3.12005114555
1464858004545 lifecam19 2618.49975586 2079.04101562 3.11617302895
1464858004612 lifecam19 2618.49975586 2079.02783203 3.11803603172
1464858004681 lifecam19 2618.49975586 2079.04101562 3.11617302895
1464858004744 lifecam19 2618.49975586 2079.2512207 3.1292655468
1464858004813 lifecam19 2618.49975586 2079.95458984 3.10661768913
1464858004880 lifecam19 2618.5 2079.71435547 3.11426329613
1464858004946 lifecam19 2618.5 2083.0 3.14159274101
1464858005011 lifecam19 2618.5 2083.0 3.14159274101
1464858005080 lifecam19 2618.49975586 2081.70874023 3.11974453926
1464858005144 lifecam19 2618.5 2081.30126953 3.11919808388
1464858005213 lifecam19 2618.49975586 2081.70874023 3.11974453926
1464858005280 lifecam19 2618.49975586 2081.30126953 3.11919760704
1464858005345 lifecam19 2618.5 2081.30126953 3.11919808388
1464858005412 lifecam19 2618.49975586 2080.61938477 3.11229777336
1464858005480 lifecam19 2618.49975586 2081.70874023 3.11974453926
1464858005547 lifecam19 2618.49951172 2082.5625 3.13102507591
1464858005613 lifecam19 2618.49975586 2082.34350586 3.12690520287
1464858005679 lifecam19 2618.5 2083.0 3.14159274101
1464858005747 lifecam19 2618.5 2083.0 3.14159274101
1464858005812 lifecam19 2618.5 2083.0 3.14159274101
1464858005881 lifecam19 2618.5 2083.0 3.14159274101
1464858005947 lifecam19 2618.49975586 2083.17163086 3.13655161858
1464858006013 lifecam19 2618.49975586 2084.09350586 3.12095999718
1464858006079 lifecam19 2618.49975586 2083.17163086 3.13655161858
1464858006148 lifecam19 2618.5 2084.69848633 3.11919999123
1464858006216 lifecam19 2618.49975586 2084.29541016 3.12037158012
1464858006281 lifecam19 2618.49975586 2083.90063477 3.12280488014
1464858006348 lifecam19 2618.49975586 2083.17163086 3.13655161858
1464858006416 lifecam19 2618.5 2086.5 3.14159297943
1464858006481 lifecam19 2618.49951172 2088.50732422 3.11915850639
1464858006548 lifecam19 2618.5 2081.70874023 3.11974406242
1464858006615 lifecam19 2618.5 2076.72070312 3.12653565407
1464858006681 lifecam19 2618.49975586 2080.87670898 3.12113928795
1464858006748 lifecam19 2618.49975586 2083.90063477 3.12280488014
1464858006816 lifecam19 2618.49951172 2098.09350586 3.12095808983
1464858006881 lifecam19 2618.49951172 2122.421875 3.12739109993
1464858006950 lifecam19 2618.49975586 2149.5 3.14159345627
1464858007015 lifecam19 2618.49951172 2177.49951172 3.14159274101
1464858007083 lifecam19 2618.49975586 2203.29101562 3.11974740028
1464858007147 lifecam19 2618.49975586 2230.71630859 3.12591290474
1464858007217 lifecam19 2618.49975586 2257.82861328 3.13654875755
1464858007283 lifecam19 2618.5 2285.28344727 3.12590622902
1464858007349 lifecam19 2618.49975586 2310.49975586 3.14159297943
1464858007413 lifecam20 2548.4140625 2309.0 3.13914728165
1464858007415 lifecam19 2548.41430664 2323.0 3.13914752007
1464858007479 lifecam20 2548.5 2335.71728516 3.14973258972
1464858007484 lifecam19 2548.49975586 2348.51416016 3.13941478729
1464858007539 lifecam20 2548.76660156 2360.62744141 3.12273430824
1464858007550 lifecam19 2548.76660156 2373.62353516 3.12087655067
1464858007613 lifecam20 2549.04663086 2387.29296875 3.11940073967
1464858007617 lifecam19 2549.04663086 2400.7956543 3.12071037292
1464858007682 lifecam20 2549.45410156 2414.79541016 3.12017536163
1464858007685 lifecam19 2549.45410156 2427.99975586 3.13104057312
1464858007749 lifecam20 2549.89599609 2442.0 3.13530707359
1464858007752 lifecam19 2549.89599609 2455.53222656 3.12728071213
1464858007807 lifecam20 2550.24975586 2468.00561523 3.12986850739
1464858007818 lifecam19 2550.24975586 2480.71020508 3.11999750137
1464858007882 lifecam20 2550.38085938 2493.66894531 3.11244511604
1464858007885 lifecam19 2550.51123047 2506.62768555 3.11741566658
1464858007950 lifecam20 2550.84765625 2519.6953125 3.12086963654
1464858007953 lifecam19 2551.94824219 2532.99975586 3.11415410042
1464858008007 lifecam20 2552.484375 2547.0 3.11105871201
1464858008018 lifecam19 2552.94238281 2559.72192383 3.09131789207
1464858008082 lifecam20 2553.14648438 2572.8125 3.08326268196
1464858008084 lifecam19 2554.0546875 2586.17919922 3.08682441711
1464858008148 lifecam20 2554.3359375 2599.77978516 3.08722043037
1464858008153 lifecam19 2554.94165039 2612.86083984 3.10399436951
1464858008208 lifecam20 2555.74487305 2625.80273438 3.10171723366
1464858008217 lifecam19 2555.93261719 2639.1328125 3.11801242828
1464858008281 lifecam20 2556.13671875 2651.99975586 3.12794828415
1464858008284 lifecam19 2556.24609375 2665.53662109 3.12147307396
1464858008350 lifecam20 2556.79077148 2679.53662109 3.12092828751
1464858008353 lifecam19 2556.79077148 2692.05029297 3.10886645317
1464858008406 lifecam20 2557.61230469 2705.50195312 3.10648870468
1464858008418 lifecam19 2557.61230469 2718.41918945 3.1197514534
1464858008475 lifecam20 2558.06542969 2731.0559082 3.10337734222
1464858008485 lifecam19 2558.06542969 2744.58837891 3.11140441895
1464858008549 lifecam20 2558.43847656 2757.85083008 3.12033414841
1464858008553 lifecam19 2558.43847656 2771.43920898 3.11113476753
1464858008618 lifecam20 2558.72949219 2784.58813477 3.12205410004
1464858008620 lifecam19 2559.31689453 2797.24731445 3.09812879562
1464858008675 lifecam20 2559.95996094 2811.24731445 3.09394478798
1464858008686 lifecam19 2560.51416016 2824.08911133 3.09287023544
1464858008750 lifecam20 2561.09545898 2838.08911133 3.09684205055
1464858008815 lifecam20 2561.78515625 2850.54321289 3.07299375534
1464858008875 lifecam20 2497.37670898 2888.5 3.12172675133
1464858008947 lifecam20 2498.00732422 2916.5 3.11981129646
1464858009017 lifecam20 2499.03662109 2944.49975586 3.11324286461
1464858009074 lifecam20 2500.33984375 2970.68579102 3.08154845238
1464858009143 lifecam20 2501.81982422 2996.50390625 3.07045483589
1464858009217 lifecam20 2503.25878906 3022.64990234 3.09308218956
1464858009285 lifecam20 2504.80126953 3049.49975586 3.11984848976
1464858009342 lifecam20 2506.29248047 3077.07299805 3.10136389732
1464858009416 lifecam20 2507.55810547 3103.88330078 3.08217406273
1464858009484 lifecam20 2508.87451172 3130.49365234 3.06861329079
1464858009543 lifecam20 2510.86767578 3156.92211914 3.07228732109
1464858009616 lifecam20 2511.87841797 3183.73413086 3.09657692909
1464858009684 lifecam20 2513.52563477 3210.5 3.10610747337
1464858009742 lifecam20 2515.00219727 3236.72460938 3.07290005684
1464858009817 lifecam20 2516.54516602 3263.04003906 3.061388731
1464858009883 lifecam20 2518.79785156 3290.43554688 3.07106375694
1464858009952 lifecam20 2520.23730469 3317.85253906 3.07020449638
1464858010010 lifecam20 2521.69702148 3343.87475586 3.09659695625
1464858010086 lifecam20 2523.74682617 3370.51342773 3.08359646797
1464858010151 lifecam20 2525.44042969 3397.56616211 3.07611632347
1464858010210 lifecam20 2527.16162109 3424.41699219 3.06422877312
1464858010284 lifecam20 2528.81201172 3451.33032227 3.06422638893
1464858010353 lifecam20 2530.67285156 3478.54711914 3.07122826576
1464858010410 lifecam20 2532.38696289 3504.80395508 3.09362721443
1464858010484 lifecam20 2534.50488281 3531.62060547 3.08451104164
1464858010551 lifecam20 2536.41455078 3557.69824219 3.05684733391
1464858010611 lifecam20 2538.19116211 3584.56542969 3.05962491035
1464858010678 lifecam20 2540.20678711 3611.26171875 3.0625269413
1464858010753 lifecam20 2542.62866211 3638.78100586 3.06161618233
1464858010819 lifecam20 2544.39501953 3664.93432617 3.07579255104
1464858010879 lifecam20 2546.3659668 3691.14379883 3.06372523308
1464858010951 lifecam20 2548.31396484 3718.01513672 3.06183791161
1464858011021 lifecam20 2550.4453125 3743.54760742 3.05609679222
1464858011079 lifecam20 2552.07568359 3765.18579102 3.05763554573
1464858011152 lifecam20 2553.53588867 3783.24072266 3.05327248573
1464858011219 lifecam20 2554.94873047 3799.36254883 3.04504704475
1464858011279 lifecam20 2555.8125 3811.19873047 3.05113530159
1464858011346 lifecam20 2555.5 3816.0 3.04760718346
1464858011420 lifecam20 2555.34814453 3812.92919922 3.03585028648
1464858011487 lifecam20 2553.99511719 3803.1394043 3.04514908791
1464858011547 lifecam20 2553.62841797 3797.10009766 3.02851033211
1464858011619 lifecam20 2553.88183594 3799.48852539 3.02666640282
1464858011688 lifecam20 2554.19775391 3802.27197266 3.04605174065
1464858011746 lifecam20 2554.46484375 3803.74023438 3.03833985329
1464858011820 lifecam20 2554.66552734 3803.71923828 3.03955054283
