1464858045011 lifecam19 2626.70556641 2183.14868164 3.24558448792
1464858045078 lifecam19 2626.6809082 2183.35571289 3.24304962158
1464858045142 lifecam19 2626.65722656 2183.56591797 3.2436914444
1464858045210 lifecam19 2626.65722656 2183.56591797 3.2436914444
1464858045278 lifecam19 2626.65722656 2183.56591797 3.2436914444
1464858045341 lifecam19 2626.68481445 2183.33935547 3.24803256989
1464858045410 lifecam19 2626.65722656 2183.56591797 3.2436914444
1464858045477 lifecam19 2626.46118164 2183.54907227 3.24763059616
1464858045542 lifecam19 2626.65722656 2183.56591797 3.2436914444
1464858045609 lifecam19 2626.46118164 2183.54907227 3.24763059616
1464858045677 lifecam19 2626.65722656 2183.56591797 3.2436914444
1464858045746 lifecam19 2626.48730469 2183.34008789 3.24698352814
1464858045809 lifecam19 2626.6809082 2183.35571289 3.24304962158
1464858045877 lifecam19 2626.51416016 2183.12548828 3.24570798874
1464858045946 lifecam19 2626.64892578 2183.35351562 3.24450302124
1464858046009 lifecam19 2626.64892578 2183.35351562 3.24450302124
1464858046077 lifecam19 2626.48730469 2183.34008789 3.24698352814
1464858046145 lifecam19 2626.48730469 2183.34008789 3.24698352814
1464858046210 lifecam19 2626.65454102 2183.36791992 3.23822975159
1464858046277 lifecam19 2626.6237793 2183.546875 3.2463350296
1464858046346 lifecam19 2626.62768555 2183.58374023 3.23951101303
1464858046414 lifecam19 2627.52832031 2184.07080078 3.23535490036
1464858046477 lifecam19 2625.54931641 2193.80639648 3.35249233246
1464858046547 lifecam19 2624.80664062 2193.01098633 3.36466026306
1464858046613 lifecam19 2625.29907227 2193.62744141 3.34033679962
1464858046676 lifecam19 2625.5456543 2193.74243164 3.34718561172
1464858046746 lifecam19 2625.21484375 2194.0324707 3.3400554657
1464858046813 lifecam19 2625.375 2194.10131836 3.34269762039
1464858046877 lifecam19 2625.21484375 2194.0324707 3.3400554657
1464858046944 lifecam19 2625.25439453 2193.84106445 3.34064245224
1464858047013 lifecam19 2625.25097656 2193.80688477 3.33798408508
1464858047080 lifecam19 2625.41992188 2193.90380859 3.34745073318
1464858047145 lifecam19 2625.25927734 2193.81689453 3.34114408493
1464858047213 lifecam19 2625.65844727 2192.79248047 3.34123754501
1464858047281 lifecam19 2625.25683594 2194.63476562 3.33628749847
1464858049817 lifecam19 2626.43212891 2190.36157227 3.27149534225
1464858049883 lifecam19 2626.25732422 2190.51831055 3.26605653763
1464858049949 lifecam19 2626.06420898 2190.48828125 3.26538228989
1464858050015 lifecam19 2626.51147461 2190.32885742 3.26248693466
1464858050084 lifecam19 2626.05859375 2190.28393555 3.26308298111
1464858050152 lifecam19 2626.09326172 2190.28979492 3.26418113708
1464858050216 lifecam19 2626.06420898 2190.48828125 3.26538228989
1464858050283 lifecam19 2625.83666992 2190.45947266 3.26307249069
1464858050352 lifecam19 2626.06298828 2190.49633789 3.2648434639
1464858050416 lifecam19 2626.17285156 2192.16967773 3.27367734909
1464858050484 lifecam19 2625.50366211 2193.19116211 3.26543903351
1464858050551 lifecam19 2625.91577148 2191.54443359 3.26206302643
1464858050616 lifecam19 2626.02099609 2191.93530273 3.26290416718
1464858050684 lifecam19 2625.82666016 2192.20507812 3.26140260696
1464858050752 lifecam19 2625.87792969 2192.17749023 3.2578830719
1464858050819 lifecam19 2625.7890625 2192.82446289 3.26473903656
1464858050884 lifecam19 2625.58032227 2194.41772461 3.27358055115
1464858050952 lifecam19 2626.03198242 2190.68383789 3.26080608368
1464858051020 lifecam19 2626.3515625 2188.32177734 3.26845932007
1464858051083 lifecam19 2626.24414062 2189.09692383 3.27213954926
1464858051152 lifecam19 2625.97607422 2193.04760742 3.26643323898
1464858051219 lifecam19 2625.02832031 2205.87768555 3.26579189301
1464858051284 lifecam19 2622.15576172 2227.78564453 3.26138162613
1464858051352 lifecam19 2618.87573242 2254.76953125 3.27848720551
1464858051420 lifecam19 2616.18408203 2281.48266602 3.27332830429
1464858051487 lifecam19 2613.02392578 2307.20141602 3.27853250504
1464858051546 lifecam20 2541.98681641 2304.52294922 3.28335380554
1464858051552 lifecam19 2540.59521484 2318.14160156 3.28196454048
1464858051614 lifecam20 2538.94921875 2331.64160156 3.27849841118
1464858051620 lifecam19 2537.06591797 2345.50878906 3.2831261158
1464858051683 lifecam20 2535.44189453 2359.6472168 3.2854077816
1464858051689 lifecam19 2533.96411133 2372.89208984 3.28721141815
1464858051746 lifecam20 2532.79003906 2385.77246094 3.29270625114
1464858051752 lifecam19 2530.97119141 2398.72021484 3.28799366951
1464858051815 lifecam20 2529.1953125 2411.84912109 3.28323078156
1464858051821 lifecam19 2527.75634766 2424.73999023 3.28294110298
1464858051881 lifecam20 2526.66870117 2437.64404297 3.28252506256
1464858051888 lifecam19 2525.18457031 2450.81982422 3.27756643295
1464858051947 lifecam20 2523.83349609 2463.99584961 3.27490186691
1464858051951 lifecam19 2522.36743164 2476.93994141 3.28102874756
1464858052013 lifecam20 2520.89892578 2490.13964844 3.28117060661
1464858052020 lifecam19 2519.46826172 2503.24780273 3.27254986763
1464858052083 lifecam20 2518.16210938 2516.890625 3.26873850822
1464858052089 lifecam19 2516.46630859 2529.96826172 3.2729446888
1464858052142 lifecam20 2515.08398438 2542.9074707 3.27123570442
1464858052153 lifecam19 2513.87915039 2555.95654297 3.27173256874
1464858052216 lifecam20 2512.68676758 2569.36767578 3.27465295792
1464858052220 lifecam19 2511.03320312 2582.54223633 3.27187728882
1464858052281 lifecam20 2509.80517578 2595.98583984 3.26920318604
1464858052287 lifecam19 2508.62402344 2609.10009766 3.27012085915
1464858052352 lifecam20 2507.27514648 2622.11230469 3.27258634567
1464858052356 lifecam19 2505.97705078 2634.8671875 3.26728224754
1464858052412 lifecam20 2504.88598633 2647.72558594 3.26187705994
1464858052421 lifecam19 2503.43994141 2660.7265625 3.26544523239
1464858052483 lifecam20 2502.08374023 2674.08935547 3.26548981667
1464858052489 lifecam19 2500.90576172 2687.52514648 3.26818227768
1464858052550 lifecam20 2499.58349609 2701.01855469 3.27380084991
1464858052557 lifecam19 2498.11987305 2713.85595703 3.26191949844
1464858052616 lifecam20 2497.04833984 2726.79882812 3.25435495377
1464858052620 lifecam19 2495.86376953 2739.78466797 3.26333808899
1464858052681 lifecam20 2494.93310547 2752.98095703 3.26030278206
1464858052688 lifecam19 2493.72070312 2766.03515625 3.26080989838
1464858052751 lifecam20 2492.34765625 2779.04370117 3.26354002953
1464858052756 lifecam19 2490.99731445 2791.90185547 3.2505364418
1464858052810 lifecam20 2489.89868164 2805.12817383 3.25010037422
1464858052813 lifecam19 2488.61401367 2818.29931641 3.25546050072
1464858052882 lifecam20 2487.72485352 2831.51464844 3.2565472126
1464858052950 lifecam20 2486.42871094 2845.19970703 3.25436139107
1464858053018 lifecam20 2414.64282227 2885.11157227 3.26052379608
1464858053080 lifecam20 2412.55541992 2911.73974609 3.25365638733
1464858053151 lifecam20 2410.04174805 2938.35253906 3.2606420517
1464858053216 lifecam20 2408.25024414 2964.42919922 3.25821590424
1464858053282 lifecam20 2406.37207031 2990.0402832 3.24542760849
1464858053350 lifecam20 2404.57177734 3017.29663086 3.23201227188
1464858053418 lifecam20 2402.69604492 3044.72460938 3.24078178406
1464858053480 lifecam20 2400.49511719 3070.76928711 3.25183153152
1464858053550 lifecam20 2398.76318359 3097.15039062 3.25038719177
1464858053617 lifecam20 2396.98217773 3123.76342773 3.23688936234
1464858053678 lifecam20 2394.72851562 3150.86279297 3.23736286163
1464858053750 lifecam20 2392.97485352 3176.92895508 3.24967622757
1464858053818 lifecam20 2391.61108398 3203.7734375 3.2487244606
1464858053884 lifecam20 2389.81591797 3230.56787109 3.24654245377
1464858053950 lifecam20 2387.66943359 3256.44335938 3.23191833496
1464858054016 lifecam20 2386.08251953 3283.91845703 3.23053884506
1464858054087 lifecam20 2384.27099609 3309.97460938 3.23420333862
1464858054148 lifecam20 2382.75488281 3335.77539062 3.2396197319
1464858054218 lifecam20 2380.7421875 3362.26586914 3.21911668777
1464858054285 lifecam20 2379.81884766 3389.7980957 3.22377538681
1464858054346 lifecam20 2378.0559082 3416.63623047 3.22661542892
1464858054416 lifecam20 2376.88354492 3442.85424805 3.23684549332
1464858054486 lifecam20 2374.98901367 3469.27954102 3.22655010223
1464858054552 lifecam20 2373.48095703 3495.81103516 3.21535873413
1464858054617 lifecam20 2372.02441406 3522.53100586 3.2305688858
1464858054685 lifecam20 2370.44824219 3549.39331055 3.22334098816
1464858054754 lifecam20 2369.33154297 3576.72167969 3.21886205673
1464858054816 lifecam20 2367.91577148 3603.23632812 3.22214365005
1464858054886 lifecam20 2366.4206543 3629.86523438 3.21136236191
1464858054952 lifecam20 2364.95556641 3656.11328125 3.21949672699
1464858055017 lifecam20 2363.43237305 3682.60131836 3.22395038605
1464858055084 lifecam20 2362.36816406 3709.32104492 3.21457195282
1464858055154 lifecam20 2360.828125 3736.4621582 3.21120023727
1464858055213 lifecam20 2359.60742188 3762.52246094 3.20124721527
1464858055288 lifecam20 2358.78759766 3788.89550781 3.21200704575
1464858055354 lifecam20 2357.01708984 3815.67236328 3.21830606461
1464858055422 lifecam20 2356.31762695 3840.97070312 3.19221496582
1464858055484 lifecam20 2355.27172852 3864.14282227 3.21140956879
1464858055555 lifecam20 2354.64599609 3883.23657227 3.17370605469
1464858055621 lifecam20 2353.65527344 3900.09521484 3.21254205704
1464858055685 lifecam20 2353.65551758 3912.93847656 3.20880889893
1464858055754 lifecam20 2352.87719727 3921.97558594 3.21018362045
1464858055822 lifecam20 2353.08422852 3918.90991211 3.19876909256
1464858055881 lifecam20 2353.40063477 3910.49975586 3.17054605484
1464858055953 lifecam20 2353.61230469 3903.49975586 3.17277431488
1464858056023 lifecam20 2353.82910156 3902.69799805 3.17773151398
1464858056090 lifecam20 2353.63549805 3904.80175781 3.1911034584
1464858056152 lifecam20 2353.40429688 3908.01220703 3.20742082596
1464858056221 lifecam20 2353.38452148 3908.58447266 3.20303058624
1464858056290 lifecam20 2353.79150391 3907.68066406 3.20230054855
