1464858018435 lifecam19 2653.49975586 2037.49975586 3.14159297943
1464858018501 lifecam19 2653.49975586 2037.49975586 3.14159297943
1464858018567 lifecam19 2653.5 2037.07958984 3.14036107063
1464858018634 lifecam19 2653.49975586 2036.44921875 3.13850140572
1464858018702 lifecam19 2653.49975586 2036.25170898 3.13973546028
1464858018766 lifecam19 2653.49975586 2036.46191406 3.14035582542
1464858018836 lifecam19 2653.5 2036.03735352 3.13849043846
1464858018902 lifecam19 2653.49975586 2036.02026367 3.13600802422
1464858018968 lifecam19 2653.5 2035.57421875 3.13100552559
1464858019034 lifecam19 2653.5 2035.76708984 3.12915587425
1464858019103 lifecam19 2653.49975586 2035.78857422 3.13226628304
1464858019168 lifecam19 2653.49975586 2036.00732422 3.13414502144
1464858019235 lifecam19 2653.5 2035.37255859 3.13160777092
1464858019302 lifecam19 2653.5 2035.79736328 3.13351035118
1464858019370 lifecam19 2653.49975586 2036.2175293 3.13477826118
1464858019435 lifecam19 2653.49975586 2035.96435547 3.12793707848
1464858019504 lifecam19 2653.5 2036.65917969 3.13912320137
1464858019569 lifecam19 2653.49975586 2036.00732422 3.13414597511
1464858019635 lifecam19 2653.5 2036.22607422 3.13601756096
1464858019704 lifecam19 2653.5 2036.44482422 3.13788247108
1464858019770 lifecam19 2653.5 2036.23046875 3.13663697243
1464858019837 lifecam19 2653.49975586 2036.45776367 3.13973879814
1464858019903 lifecam19 2653.49975586 2036.25170898 3.13973546028
1464858019970 lifecam19 2653.49975586 2035.79296875 3.13288998604
1464858020037 lifecam19 2653.5 2037.29833984 3.14220476151
1464858020103 lifecam19 2653.49975586 2038.13452148 3.13913035393
1464858020171 lifecam19 2653.49975586 2038.13452148 3.13913035393
1464858020237 lifecam19 2653.49951172 2039.46850586 3.14720106125
1464858020302 lifecam19 2653.5 2039.8762207 3.1553478241
1464858020371 lifecam19 2653.5 2040.29223633 3.15477085114
1464858020438 lifecam19 2653.5 2040.75976562 3.14663028717
1464858020502 lifecam19 2653.5 2040.29223633 3.15477085114
1464858020572 lifecam19 2653.49975586 2038.77368164 3.13601994514
1464858020637 lifecam19 2653.5 2041.0 3.14159083366
1464858020705 lifecam19 2653.5 2034.40771484 3.14096140862
1464858020770 lifecam19 2653.5 2034.0 3.14159297943
1464858020840 lifecam19 2653.5 2034.46313477 3.14913845062
1464858020905 lifecam19 2653.49975586 2039.48999023 3.15156412125
1464858020970 lifecam19 2653.49951172 2051.49975586 3.14159178734
1464858021039 lifecam19 2653.5 2072.9074707 3.14220428467
1464858021106 lifecam19 2653.49951172 2100.49975586 3.14159178734
1464858021170 lifecam19 2653.49951172 2128.49975586 3.14159226418
1464858021243 lifecam19 2652.96948242 2154.29321289 3.1747546196
1464858021305 lifecam19 2650.61523438 2181.8996582 3.19966077805
1464858021373 lifecam19 2649.30688477 2210.07958984 3.20270395279
1464858021438 lifecam19 2647.65893555 2236.68798828 3.17628335953
1464858021506 lifecam19 2646.5 2262.95703125 3.16274595261
1464858021572 lifecam19 2646.49951172 2289.5 3.14159345627
1464858021638 lifecam19 2646.5 2317.50024414 3.14159226418
1464858021699 lifecam20 2575.80615234 2314.44970703 3.16659784317
1464858021709 lifecam19 2575.64306641 2327.09960938 3.17766284943
1464858021773 lifecam20 2574.58691406 2339.48828125 3.16012787819
1464858021773 lifecam19 2574.10498047 2352.4375 3.17235445976
1464858021829 lifecam20 2574.10498047 2366.09936523 3.16488337517
1464858021839 lifecam19 2573.20776367 2379.0 3.16331124306
1464858021897 lifecam20 2573.20776367 2393.0 3.16331171989
1464858021907 lifecam19 2572.04785156 2407.0 3.15437912941
1464858021971 lifecam20 2572.04736328 2420.89672852 3.15658783913
1464858021972 lifecam19 2571.24951172 2434.89697266 3.14380025864
1464858022039 lifecam20 2571.24951172 2447.77319336 3.1556994915
1464858022040 lifecam19 2571.24975586 2459.90283203 3.15821957588
1464858022097 lifecam20 2571.24975586 2472.19287109 3.15554189682
1464858022106 lifecam19 2571.24975586 2484.56323242 3.15302205086
1464858022172 lifecam20 2571.25 2498.0 3.14159369469
1464858022172 lifecam19 2571.25 2511.99975586 3.14159321785
1464858022239 lifecam20 2571.25 2525.99951172 3.1415913105
1464858022240 lifecam19 2571.25 2539.99975586 3.1415913105
1464858022298 lifecam20 2571.07617188 2553.99975586 3.14606785774
1464858022306 lifecam19 2571.07592773 2566.59912109 3.15202999115
1464858022364 lifecam20 2570.7668457 2579.65771484 3.16830730438
1464858022374 lifecam19 2570.76708984 2591.55834961 3.16234588623
1464858022440 lifecam20 2570.56347656 2604.68457031 3.16375732422
1464858022440 lifecam19 2570.56347656 2618.68457031 3.16375803947
1464858022497 lifecam20 2569.5 2631.0 3.14159274101
1464858022506 lifecam19 2569.5 2645.0 3.14159274101
1464858022565 lifecam20 2569.49951172 2659.0 3.14159274101
1464858022574 lifecam19 2569.49951172 2672.57958984 3.1403594017
1464858022639 lifecam20 2569.49951172 2686.57958984 3.14035916328
1464858022640 lifecam19 2569.26171875 2697.49975586 3.14616894722
1464858022698 lifecam20 2569.26171875 2710.83911133 3.15484476089
1464858022706 lifecam19 2568.47070312 2724.83911133 3.16860151291
1464858022761 lifecam20 2568.47070312 2737.97924805 3.17270851135
1464858022767 lifecam19 2567.67041016 2751.97949219 3.17393684387
1464858022840 lifecam20 2567.67041016 2764.12011719 3.16360044479
1464858022840 lifecam19 2566.11767578 2778.11987305 3.14617991447
1464858022907 lifecam20 2566.11767578 2791.99951172 3.14373445511
1464858022908 lifecam19 2566.0 2803.17529297 3.133228302
1464858022966 lifecam20 2566.0 2817.17529297 3.13323020935
1464858023032 lifecam20 2566.09179688 2831.06640625 3.13225436211
1464858023107 lifecam20 2500.80371094 2871.23095703 3.13394474983
1464858023165 lifecam20 2500.99243164 2895.5 3.11981034279
1464858023233 lifecam20 2502.5324707 2923.5 3.13382506371
1464858023307 lifecam20 2502.99951172 2951.49975586 3.14159274101
1464858023366 lifecam20 2502.99975586 2979.49975586 3.14159393311
1464858023432 lifecam20 2502.99975586 3007.5 3.14159297943
1464858023507 lifecam20 2502.99951172 3028.91162109 3.13716578484
1464858023575 lifecam20 2502.99975586 3056.49975586 3.14159297943
1464858023634 lifecam20 2503.23974609 3084.49975586 3.13682293892
1464858023700 lifecam20 2503.70727539 3112.5 3.12902092934
1464858023775 lifecam20 2504.80126953 3140.49975586 3.1198489666
1464858023833 lifecam20 2505.21459961 3164.47924805 3.08602023125
1464858023901 lifecam20 2505.59912109 3189.5 3.12335276604
1464858023975 lifecam20 2505.7878418 3217.5 3.12575650215
1464858024034 lifecam20 2506.32836914 3245.5 3.13669896126
1464858024100 lifecam20 2506.49975586 3273.49975586 3.14159274101
1464858024175 lifecam20 2507.18579102 3301.29077148 3.12324547768
1464858024233 lifecam20 2507.56689453 3326.77050781 3.0804913044
1464858024301 lifecam20 2508.40869141 3350.5 3.12048840523
1464858024375 lifecam20 2509.52368164 3378.49975586 3.13263058662
1464858024443 lifecam20 2510.70751953 3406.49975586 3.1290204525
1464858024500 lifecam20 2511.15771484 3434.49975586 3.12356638908
1464858024569 lifecam20 2512.27685547 3461.39990234 3.09855675697
1464858024643 lifecam20 2512.81762695 3486.40234375 3.08368992805
1464858024701 lifecam20 2513.22290039 3512.05029297 3.11590409279
1464858024768 lifecam20 2514.59350586 3539.5 3.12155985832
1464858024843 lifecam20 2515.40844727 3567.5 3.12048840523
1464858024901 lifecam20 2516.41772461 3594.36035156 3.09748768806
1464858024969 lifecam20 2517.76586914 3620.34667969 3.08464074135
1464858025043 lifecam20 2518.80224609 3646.86816406 3.08125138283
1464858025111 lifecam20 2519.2578125 3673.35498047 3.10341858864
1464858025169 lifecam20 2520.03735352 3699.22998047 3.09785294533
1464858025237 lifecam20 2521.0480957 3720.58251953 3.09167170525
1464858025311 lifecam20 2521.42724609 3739.32080078 3.07021260262
1464858025369 lifecam20 2522.56347656 3755.19775391 3.08714032173
1464858025436 lifecam20 2523.08837891 3767.49511719 3.06863093376
1464858025511 lifecam20 2522.77758789 3772.6159668 3.074873209
1464858025568 lifecam20 2522.99755859 3768.95605469 3.07979464531
1464858025637 lifecam20 2522.01733398 3759.31201172 3.06465601921
1464858025710 lifecam20 2521.57543945 3752.5222168 3.06904625893
1464858025769 lifecam20 2521.66796875 3753.94848633 3.07027220726
1464858025836 lifecam20 2522.38842773 3757.70361328 3.07480740547
1464858025905 lifecam20 2522.19458008 3759.49804688 3.06765246391
1464858025978 lifecam20 2522.40600586 3759.48046875 3.06823420525
