1464857940032 lifecam19 2565.32543945 2124.76733398 3.18943929672
1464857940108 lifecam19 2565.33300781 2124.76660156 3.18884897232
1464857940176 lifecam19 2565.56591797 2124.76953125 3.18925046921
1464857940242 lifecam19 2565.12744141 2124.76464844 3.18878221512
1464857940309 lifecam19 2565.3046875 2125.0 3.18429851532
1464857940375 lifecam19 2565.32543945 2124.76733398 3.18943929672
1464857940443 lifecam19 2565.33300781 2124.76660156 3.18884897232
1464857940510 lifecam19 2564.75390625 2124.75756836 3.18570947647
1464857940574 lifecam19 2565.34814453 2124.76708984 3.18906450272
1464857940643 lifecam19 2565.60986328 2124.32275391 3.19838905334
1464857940712 lifecam19 2565.14672852 2124.53393555 3.19326257706
1464857940776 lifecam19 2565.00854492 2124.29711914 3.19503498077
1464857940844 lifecam19 2565.20214844 2124.3059082 3.19626712799
1464857940911 lifecam19 2564.99511719 2124.07226562 3.19843912125
1464857940977 lifecam19 2564.80029297 2124.0612793 3.19720888138
1464857941043 lifecam19 2565.0234375 2124.07202148 3.19822406769
1464857941111 lifecam19 2564.63378906 2123.81884766 3.19673871994
1464857941176 lifecam19 2564.39404297 2124.03027344 3.19246482849
1464857941244 lifecam19 2565.0234375 2124.07202148 3.19822406769
1464857941311 lifecam19 2564.62597656 2124.04199219 3.19360733032
1464857941379 lifecam19 2564.99511719 2124.07226562 3.19843912125
1464857941444 lifecam19 2564.81591797 2123.83886719 3.19974756241
1464857941512 lifecam19 2564.80029297 2124.0612793 3.19720888138
1464857941578 lifecam19 2565.21875 2124.08300781 3.19945335388
1464857941645 lifecam19 2564.99511719 2124.07226562 3.19843912125
1464857941711 lifecam19 2564.99511719 2124.07226562 3.19843912125
1464857941779 lifecam19 2565.18481445 2124.08496094 3.20026683807
1464857941844 lifecam19 2564.78564453 2123.83569336 3.1992354393
1464857941912 lifecam19 2565.20361328 2123.86645508 3.20280456543
1464857941979 lifecam19 2565.42333984 2123.87597656 3.20311260223
1464857942047 lifecam19 2565.18481445 2124.08496094 3.20026683807
1464857942112 lifecam19 2564.76855469 2124.05834961 3.19670438766
1464857942180 lifecam19 2564.99511719 2124.07226562 3.19843912125
1464857942246 lifecam19 2565.16577148 2124.31103516 3.19646215439
1464857942312 lifecam19 2565.78222656 2124.32324219 3.19724225998
1464857942378 lifecam19 2565.57373047 2124.09082031 3.19866085052
1464857942447 lifecam19 2565.75390625 2124.53857422 3.190574646
1464857942512 lifecam19 2565.54052734 2124.30078125 3.19189310074
1464857942580 lifecam19 2565.53466797 2124.53735352 3.19171190262
1464857942646 lifecam19 2565.77197266 2124.31396484 3.19436073303
1464857942712 lifecam19 2565.77197266 2124.31396484 3.19436073303
1464857942779 lifecam19 2565.77197266 2124.31738281 3.19373989105
1464857942847 lifecam19 2565.75390625 2124.53857422 3.190574646
1464857942914 lifecam19 2565.55932617 2124.0769043 3.19502639771
1464857942980 lifecam19 2565.71655273 2124.99975586 3.18104362488
1464857943047 lifecam19 2565.99975586 2124.99975586 3.18114089966
1464857943115 lifecam19 2565.99975586 2125.0 3.18455886841
1464857943179 lifecam19 2566.22631836 2124.99975586 3.18554449081
1464857943248 lifecam19 2566.23120117 2124.99975586 3.18285369873
1464857943315 lifecam19 2565.76806641 2124.99975586 3.18285369873
1464857943380 lifecam19 2565.99975586 2125.0 3.18455886841
1464857943445 lifecam19 2565.71655273 2124.99975586 3.18104362488
1464857943515 lifecam19 2565.75366211 2124.54199219 3.18994998932
1464857943582 lifecam19 2565.94824219 2124.99975586 3.17932701111
1464857943648 lifecam19 2565.73535156 2124.76708984 3.18613767624
1464857943713 lifecam19 2565.94824219 2124.99975586 3.18275260925
1464857943782 lifecam19 2566.1796875 2124.99975586 3.1810426712
1464857943847 lifecam19 2565.82470703 2123.66503906 3.20128726959
1464857943914 lifecam19 2565.80761719 2123.87573242 3.20001745224
1464857943981 lifecam19 2565.73535156 2124.76708984 3.18613767624
1464857944048 lifecam19 2565.31762695 2132.87158203 3.19821166992
1464857944113 lifecam19 2563.62939453 2153.53100586 3.18311309814
1464857944182 lifecam19 2562.33032227 2180.06494141 3.17561292648
1464857944247 lifecam19 2560.42260742 2207.16333008 3.20919179916
1464857944316 lifecam19 2559.01806641 2233.30493164 3.21638822556
1464857944381 lifecam19 2556.88232422 2260.27441406 3.19649410248
1464857944439 lifecam19 2554.77685547 2288.125 3.18756866455
1464857944505 lifecam20 2483.17236328 2285.34765625 3.20275902748
1464857944515 lifecam19 2482.34716797 2299.07910156 3.21240758896
1464857944579 lifecam20 2481.59960938 2312.42382812 3.20850324631
1464857944582 lifecam19 2480.81054688 2325.83251953 3.213078022
1464857944649 lifecam20 2480.14160156 2339.36523438 3.21465182304
1464857944653 lifecam19 2479.0793457 2352.79736328 3.20523476601
1464857944707 lifecam20 2478.05175781 2366.24023438 3.20242190361
1464857944716 lifecam19 2476.92236328 2379.88037109 3.20244598389
1464857944778 lifecam20 2476.30419922 2393.44335938 3.20517969131
1464857944782 lifecam19 2475.67578125 2406.34765625 3.21331381798
1464857944847 lifecam20 2474.76757812 2419.64794922 3.20664834976
1464857944850 lifecam19 2473.90698242 2433.02392578 3.20174050331
1464857944905 lifecam20 2473.50146484 2446.53271484 3.20364975929
1464857944915 lifecam19 2472.66845703 2459.86523438 3.19837617874
1464857944980 lifecam20 2471.72607422 2473.37207031 3.20060133934
1464857944982 lifecam19 2470.73925781 2486.38916016 3.20149707794
1464857945046 lifecam20 2470.10449219 2499.52441406 3.20049118996
1464857945049 lifecam19 2469.46289062 2512.66601562 3.20032143593
1464857945116 lifecam20 2468.84472656 2525.64453125 3.19436001778
1464857945118 lifecam19 2468.00756836 2538.95751953 3.19816064835
1464857945174 lifecam20 2467.31103516 2552.44921875 3.19810461998
1464857945183 lifecam19 2466.54980469 2565.71166992 3.19681572914
1464857945247 lifecam20 2466.16552734 2579.15478516 3.19931221008
1464857945250 lifecam19 2465.30859375 2591.64111328 3.18388652802
1464857945314 lifecam20 2465.01489258 2605.09716797 3.18095183372
1464857945317 lifecam19 2465.00317383 2618.45361328 3.17903113365
1464857945374 lifecam20 2464.28125 2631.7722168 3.17974424362
1464857945383 lifecam19 2463.33642578 2645.55761719 3.18641591072
1464857945446 lifecam20 2462.70361328 2658.7421875 3.1766397953
1464857945450 lifecam19 2461.99633789 2672.05029297 3.19217276573
1464857945515 lifecam20 2461.52050781 2685.52587891 3.19949746132
1464857945518 lifecam19 2460.91064453 2698.10253906 3.19857096672
1464857945573 lifecam20 2460.40332031 2711.44360352 3.19206976891
1464857945583 lifecam19 2459.52709961 2724.20996094 3.16839337349
1464857945648 lifecam20 2459.34863281 2737.66552734 3.17378425598
1464857945650 lifecam19 2459.07128906 2751.51464844 3.16451978683
1464857945714 lifecam20 2458.890625 2764.26708984 3.15646624565
1464857945718 lifecam19 2458.80078125 2778.15063477 3.16351222992
1464857945783 lifecam20 2458.41357422 2791.88354492 3.15948319435
1464857945786 lifecam19 2457.71948242 2805.17382812 3.18181204796
1464857945841 lifecam20 2457.29492188 2819.17382812 3.18007206917
1464857945851 lifecam19 2456.58447266 2831.49755859 3.1830432415
1464857945916 lifecam20 2456.27734375 2845.20483398 3.18929576874
1464857945982 lifecam20 2456.00537109 2858.14672852 3.19269299507
1464857946042 lifecam20 2386.19824219 2898.32958984 3.2008228302
1464857946114 lifecam20 2385.40722656 2923.86816406 3.17739486694
1464857946184 lifecam20 2383.99951172 2951.49975586 3.14159274101
1464857946241 lifecam20 2383.99975586 2979.5 3.14159274101
1464857946315 lifecam20 2384.0 3006.64501953 3.15896081924
1464857946382 lifecam20 2383.99951172 3032.84985352 3.16958475113
1464857946442 lifecam20 2383.99975586 3059.17871094 3.17793893814
1464857946509 lifecam20 2383.99975586 3084.49975586 3.14159440994
1464857946583 lifecam20 2383.65234375 3112.5 3.15054607391
1464857946651 lifecam20 2383.28759766 3140.49975586 3.15715742111
1464857946710 lifecam20 2382.50708008 3168.5 3.16328382492
1464857946782 lifecam20 2381.84814453 3196.13232422 3.1708278656
1464857946851 lifecam20 2381.62939453 3221.0234375 3.19536972046
1464857946909 lifecam20 2380.97583008 3245.5 3.15074634552
1464857946983 lifecam20 2380.5 3273.5 3.14159297943
1464857947050 lifecam20 2380.49951172 3301.5 3.14159297943
1464857947110 lifecam20 2380.5 3329.5 3.14159274101
1464857947182 lifecam20 2380.49951172 3357.49975586 3.14159393311
1464857947251 lifecam20 2380.49975586 3385.5 3.14159083366
1464857947318 lifecam20 2380.49975586 3408.45141602 3.1567158699
1464857947378 lifecam20 2380.49975586 3434.5 3.1415913105
1464857947450 lifecam20 2380.49975586 3462.5 3.14159297943
1464857947520 lifecam20 2380.6887207 3490.5 3.13914465904
1464857947651 lifecam20 2383.99975586 3546.49975586 3.14159345627
1464857947718 lifecam20 2384.0 3569.93188477 3.12780404091
1464857947778 lifecam20 2383.99975586 3595.49975586 3.14159440994
1464857947850 lifecam20 2383.99975586 3623.49975586 3.14159226418
1464857947919 lifecam20 2384.0 3651.5 3.14159178734
1464857947978 lifecam20 2384.0 3679.49975586 3.14159440994
1464857948045 lifecam20 2384.0 3706.64501953 3.12446570396
1464857948118 lifecam20 2383.99975586 3732.83544922 3.10957789421
1464857948187 lifecam20 2384.67480469 3757.84912109 3.10845398903
1464857948246 lifecam20 2385.36816406 3784.5 3.12293314934
1464857948319 lifecam20 2385.87597656 3806.36425781 3.10239815712
1464857948386 lifecam20 2385.97460938 3826.66210938 3.11624026299
1464857948446 lifecam20 2386.58740234 3842.80297852 3.08675789833
1464857948518 lifecam20 2387.07080078 3855.18945312 3.11650633812
1464857948587 lifecam20 2386.81811523 3862.40893555 3.10404276848
1464857948646 lifecam20 2386.80957031 3861.15332031 3.11744523048
1464857948714 lifecam20 2386.49462891 3851.84057617 3.08122372627
1464857948787 lifecam20 2386.61865234 3843.87719727 3.07489991188
1464857948856 lifecam20 2386.64550781 3844.46484375 3.07570767403
1464857948914 lifecam20 2386.3605957 3847.66064453 3.11823678017
1464857948988 lifecam20 2386.55053711 3849.8840332 3.07984280586
1464857949054 lifecam20 2386.78369141 3850.47021484 3.07776665688
1464857949114 lifecam20 2386.71289062 3849.47314453 3.08529829979
1464857949181 lifecam20 2386.71289062 3849.47314453 3.08529829979
