1464858031189 lifecam19 2547.31518555 2096.82958984 3.07960963249
1464858031256 lifecam19 2547.30224609 2096.64990234 3.08207631111
1464858031320 lifecam19 2547.30224609 2096.64990234 3.08207631111
1464858031388 lifecam19 2547.32128906 2097.03222656 3.08207201958
1464858031454 lifecam19 2547.30224609 2096.64990234 3.08207631111
1464858031520 lifecam19 2547.31518555 2096.82958984 3.07960963249
1464858031589 lifecam19 2547.30224609 2096.64990234 3.08207631111
1464858031655 lifecam19 2547.28881836 2096.4765625 3.08517575264
1464858031720 lifecam19 2547.09960938 2096.49169922 3.08277916908
1464858031789 lifecam19 2546.86328125 2096.51098633 3.07918381691
1464858031857 lifecam19 2547.06225586 2096.6953125 3.08406186104
1464858031923 lifecam19 2547.05249023 2096.49609375 3.08157992363
1464858031988 lifecam19 2547.07446289 2096.86767578 3.08095383644
1464858032057 lifecam19 2547.06225586 2096.6953125 3.08406186104
1464858032123 lifecam19 2547.12109375 2096.86474609 3.08214783669
1464858032188 lifecam19 2547.11572266 2096.66430664 3.07967066765
1464858032256 lifecam19 2546.87255859 2096.70800781 3.08167290688
1464858032322 lifecam19 2546.87255859 2096.70800781 3.08167290688
1464858032388 lifecam19 2547.07446289 2096.86767578 3.08095383644
1464858032456 lifecam19 2547.07446289 2096.86767578 3.08095383644
1464858032524 lifecam19 2547.07446289 2096.86767578 3.08095383644
1464858032588 lifecam19 2546.89526367 2097.07470703 3.08167004585
1464858032656 lifecam19 2547.08349609 2097.06542969 3.08405900002
1464858032725 lifecam19 2546.88720703 2096.87963867 3.07855629921
1464858032791 lifecam19 2546.89526367 2097.07470703 3.08167004585
1464858032856 lifecam19 2546.89526367 2097.07470703 3.08167004585
1464858032924 lifecam19 2546.89526367 2097.07470703 3.08167004585
1464858032990 lifecam19 2546.91650391 2097.44580078 3.08292555809
1464858033056 lifecam19 2547.45678711 2100.71411133 3.07431864738
1464858033124 lifecam19 2547.45678711 2100.71411133 3.07431864738
1464858033192 lifecam19 2547.28369141 2100.95605469 3.07299971581
1464858033256 lifecam19 2547.51220703 2102.06152344 3.08626770973
1464858033323 lifecam19 2548.33496094 2102.40966797 3.11055350304
1464858033392 lifecam19 2547.9362793 2102.71801758 3.10552620888
1464858033457 lifecam19 2548.31298828 2103.08349609 3.1124317646
1464858033524 lifecam19 2547.9362793 2102.71801758 3.10552620888
1464858033593 lifecam19 2547.79589844 2098.24243164 3.10426354408
1464858033657 lifecam19 2547.26733398 2097.05712891 3.08705830574
1464858033723 lifecam19 2548.04907227 2097.42749023 3.10330843925
1464858033793 lifecam19 2548.16723633 2102.0144043 3.10104680061
1464858033857 lifecam19 2548.49951172 2116.30126953 3.11919903755
1464858033924 lifecam19 2548.50024414 2138.27075195 3.11782813072
1464858033992 lifecam19 2548.49975586 2165.50732422 3.11916089058
1464858034061 lifecam19 2548.5 2192.87646484 3.12113785744
1464858034126 lifecam19 2548.49975586 2219.5 3.14159345627
1464858034192 lifecam19 2548.49975586 2246.79638672 3.12926650047
1464858034261 lifecam19 2548.49951172 2274.56469727 3.1255376339
1464858034326 lifecam19 2548.5 2301.09326172 3.12095570564
1464858034327 lifecam20 2478.19213867 2284.72851562 3.13028407097
1464858034384 lifecam20 2478.4140625 2297.29663086 3.12882709503
1464858034392 lifecam19 2479.04150391 2310.80786133 3.11494374275
1464858034452 lifecam20 2479.48339844 2324.80786133 3.10947465897
1464858034461 lifecam19 2479.66699219 2337.84057617 3.10709190369
1464858034527 lifecam19 2481.05371094 2350.86889648 3.110932827
1464858034527 lifecam20 2481.4440918 2364.86889648 3.10795617104
1464858034584 lifecam20 2481.76806641 2376.67285156 3.0995926857
1464858034592 lifecam19 2481.98925781 2389.47485352 3.08845734596
1464858034651 lifecam20 2482.43847656 2402.50170898 3.09466433525
1464858034660 lifecam19 2483.17480469 2415.97753906 3.10203742981
1464858034720 lifecam20 2483.7590332 2429.64672852 3.10879921913
1464858034729 lifecam19 2484.01660156 2442.79394531 3.12212753296
1464858034784 lifecam20 2484.56347656 2456.79370117 3.11754226685
1464858034791 lifecam19 2484.65039062 2470.0 3.13071918488
1464858034853 lifecam20 2484.95483398 2483.65869141 3.12821793556
1464858034860 lifecam19 2484.95507812 2496.97436523 3.11861133575
1464858034919 lifecam20 2485.39648438 2509.9230957 3.1104054451
1464858034929 lifecam19 2485.39624023 2522.95605469 3.0989947319
1464858034993 lifecam19 2485.39624023 2535.90527344 3.10702204704
1464858034994 lifecam20 2485.95996094 2548.90893555 3.10591506958
1464858035051 lifecam20 2486.56347656 2561.79785156 3.11531567574
1464858035061 lifecam19 2487.09570312 2574.78955078 3.11144280434
1464858035118 lifecam19 2488.27050781 2587.92919922 3.08921051025
1464858035192 lifecam19 2489.03271484 2601.19189453 3.09006643295
1464858035194 lifecam20 2490.63378906 2628.83105469 3.08661961555
1464858035251 lifecam20 2490.94726562 2641.74902344 3.07597541809
1464858035260 lifecam19 2491.36816406 2655.31396484 3.08141899109
1464858035321 lifecam20 2492.05493164 2668.69482422 3.07714509964
1464858035328 lifecam19 2492.56933594 2681.83886719 3.09992837906
1464858035387 lifecam20 2493.23803711 2694.76416016 3.11453509331
1464858035395 lifecam19 2493.33325195 2708.01611328 3.11717963219
1464858035451 lifecam20 2494.02001953 2721.65234375 3.12188339233
1464858035460 lifecam19 2494.02026367 2734.44921875 3.1079621315
1464858035518 lifecam20 2494.93798828 2748.44921875 3.11037135124
1464858035527 lifecam19 2495.51171875 2762.04589844 3.09795451164
1464858035588 lifecam20 2495.95605469 2775.48046875 3.08709073067
1464858035595 lifecam19 2496.75634766 2788.89916992 3.0822789669
1464858035663 lifecam19 2497.54150391 2801.46728516 3.09025096893
1464858035662 lifecam20 2498.15869141 2814.28271484 3.07283639908
1464858035720 lifecam20 2498.78271484 2827.35742188 3.0831682682
1464858035729 lifecam19 2499.34521484 2840.39013672 3.0791118145
1464858035787 lifecam20 2500.11083984 2853.56542969 3.09288167953
1464858035863 lifecam20 2501.03955078 2867.56542969 3.09462690353
1464858035919 lifecam20 2435.65600586 2907.43579102 3.07828211784
1464858035987 lifecam20 2436.86767578 2933.97070312 3.06577420235
1464858036062 lifecam20 2438.84863281 2960.86206055 3.06600356102
1464858036119 lifecam20 2440.49511719 2987.65185547 3.09055876732
1464858036186 lifecam20 2442.40625 3014.49975586 3.10869240761
1464858036256 lifecam20 2443.90722656 3041.70458984 3.08747029305
1464858036319 lifecam20 2445.36938477 3067.65576172 3.06069684029
1464858036387 lifecam20 2447.18896484 3094.38110352 3.06501221657
1464858036456 lifecam20 2449.7109375 3122.30053711 3.06810975075
1464858036531 lifecam20 2450.72705078 3148.7878418 3.08211779594
1464858036586 lifecam20 2453.09179688 3174.90429688 3.08754611015
1464858036655 lifecam20 2455.01220703 3201.78833008 3.07554984093
1464858036730 lifecam20 2456.99707031 3228.80517578 3.06423687935
1464858036788 lifecam20 2458.46166992 3255.35766602 3.05807614326
1464858036855 lifecam20 2460.22705078 3282.05566406 3.07120013237
1464858036926 lifecam20 2462.64331055 3308.50170898 3.0788872242
1464858036987 lifecam20 2464.49169922 3335.42358398 3.07965779305
1464858037055 lifecam20 2466.65185547 3362.05541992 3.05893492699
1464858037125 lifecam20 2468.65673828 3388.73608398 3.06021380424
1464858037198 lifecam20 2471.0168457 3415.20043945 3.0580508709
1464858037255 lifecam20 2473.14501953 3441.33105469 3.04933238029
1464858037397 lifecam20 2477.76953125 3495.02954102 3.06074643135
1464858037455 lifecam20 2480.00268555 3521.91723633 3.04840779305
1464858037523 lifecam20 2482.22583008 3549.32666016 3.05518364906
1464858037591 lifecam20 2484.77124023 3575.80126953 3.04841446877
1464858037655 lifecam20 2487.08666992 3601.70068359 3.04720139503
1464858037724 lifecam20 2489.42822266 3627.79370117 3.05235075951
1464858037791 lifecam20 2491.88183594 3655.21044922 3.05442214012
1464858037855 lifecam20 2494.20727539 3682.90014648 3.04842734337
1464858037923 lifecam20 2496.42651367 3709.54760742 3.04885029793
1464858037990 lifecam20 2498.85742188 3735.34985352 3.043145895
1464858038065 lifecam20 2501.22729492 3760.109375 3.04902482033
1464858038122 lifecam20 2503.33056641 3781.89575195 3.0393269062
1464858038191 lifecam20 2505.06835938 3801.09912109 3.03219103813
1464858038265 lifecam20 2506.96679688 3816.16430664 3.05119824409
1464858038323 lifecam20 2508.02441406 3828.61499023 3.03171515465
1464858038390 lifecam20 2508.12744141 3832.50585938 3.02235341072
1464858038459 lifecam20 2507.6472168 3829.05786133 3.03120732307
1464858038522 lifecam20 2506.73925781 3819.87890625 3.01349759102
1464858038592 lifecam20 2506.15014648 3813.18115234 3.00810265541
1464858038658 lifecam20 2506.3659668 3814.81420898 3.02155041695
1464858038733 lifecam20 2506.79589844 3818.40478516 3.00934433937
1464858038790 lifecam20 2506.97998047 3819.84570312 3.01763892174
1464858038859 lifecam20 2506.97998047 3819.84570312 3.01763892174
