1464856941540 lifecam20 2601.22143555 3210.28735352 3.13245224953
1464856941608 lifecam20 2601.24902344 3209.65234375 3.1222846508
1464856941683 lifecam20 2601.71704102 3210.27172852 3.12401938438
1464856941740 lifecam20 2601.70751953 3210.49975586 3.12901854515
1464856941808 lifecam20 2601.70751953 3210.49975586 3.12901854515
1464856941882 lifecam20 2601.70751953 3210.49975586 3.12901854515
1464856941952 lifecam20 2601.70751953 3210.49975586 3.12901854515
1464856942008 lifecam20 2601.70751953 3210.49975586 3.12901854515
1464856942082 lifecam20 2601.47583008 3210.49975586 3.13262724876
1464856942150 lifecam20 2601.23950195 3210.29174805 3.13556647301
1464856942208 lifecam20 2601.23999023 3210.49975586 3.13681960106
1464856942282 lifecam20 2601.47583008 3210.49975586 3.13262724876
1464856942351 lifecam20 2601.47485352 3210.28979492 3.13138508797
1464856942408 lifecam20 2601.47485352 3210.28979492 3.13138508797
1464856942477 lifecam20 2601.47485352 3210.28979492 3.13138508797
1464856942550 lifecam20 2601.47583008 3210.49975586 3.13262724876
1464856942619 lifecam20 2601.47583008 3210.49975586 3.13262724876
1464856942676 lifecam20 2601.47583008 3210.49975586 3.13262724876
1464856942750 lifecam20 2601.47583008 3210.49975586 3.13262724876
1464856942819 lifecam20 2601.47485352 3210.28979492 3.13138508797
1464856942877 lifecam20 2601.47583008 3210.49975586 3.13262724876
1464856942950 lifecam20 2601.47583008 3210.49975586 3.13262724876
1464856943019 lifecam20 2601.25732422 3206.99975586 3.13639044762
1464856943076 lifecam20 2601.50927734 3206.99975586 3.13186097145
1464856943144 lifecam20 2601.25732422 3206.99975586 3.13639044762
1464856943218 lifecam20 2601.25732422 3206.99975586 3.13639044762
1464856943276 lifecam20 2601.44189453 3207.4753418 3.12281394005
1464856943343 lifecam20 2601.0 3206.99975586 3.14159035683
1464856943420 lifecam20 2601.26342773 3207.20019531 3.13314652443
1464856943486 lifecam20 2601.2409668 3208.8293457 3.12221741676
1464856943545 lifecam20 2601.47583008 3210.49975586 3.13262724876
1464856943617 lifecam20 2601.70751953 3210.49975586 3.12901854515
1464856943687 lifecam20 2601.47583008 3210.49975586 3.13262724876
1464856943744 lifecam20 2601.47583008 3210.49975586 3.13262724876
1464856943812 lifecam20 2601.70751953 3210.49975586 3.12901854515
1464856943886 lifecam20 2601.47583008 3210.49975586 3.13262724876
1464856943944 lifecam20 2601.47583008 3210.49975586 3.13262724876
1464856944011 lifecam20 2601.47583008 3210.49975586 3.13262724876
1464856944087 lifecam20 2601.47583008 3210.49975586 3.13262724876
1464856944153 lifecam20 2601.47583008 3210.49975586 3.13262724876
1464856944213 lifecam20 2601.47583008 3210.49975586 3.13262724876
1464856944285 lifecam20 2601.70751953 3210.49975586 3.12901854515
1464856944355 lifecam20 2601.47583008 3210.49975586 3.13262724876
1464856944411 lifecam20 2601.47583008 3210.49975586 3.13262724876
1464856944485 lifecam20 2601.47583008 3210.49975586 3.13262724876
1464856944554 lifecam20 2601.70263672 3210.07983398 3.12717652321
1464856944612 lifecam20 2601.47216797 3210.08227539 3.13076901436
1464856944679 lifecam20 2601.70605469 3210.28833008 3.12778449059
1464856944754 lifecam20 2601.47485352 3210.28979492 3.13138508797
1464856944822 lifecam20 2601.47070312 3209.23974609 3.1244738102
1464856944880 lifecam20 2601.46875 3208.8203125 3.12193036079
1464856944953 lifecam20 2601.70605469 3210.28833008 3.12778449059
1464856945022 lifecam20 2601.70751953 3210.49975586 3.12901854515
1464856945079 lifecam20 2601.70751953 3210.49975586 3.12901854515
1464856945153 lifecam20 2601.70751953 3210.49975586 3.12901854515
1464856945223 lifecam20 2601.70751953 3210.49975586 3.12901854515
1464856945280 lifecam20 2601.70751953 3210.49975586 3.12901854515
1464856945347 lifecam20 2601.47583008 3210.49975586 3.13262724876
1464856945422 lifecam20 2601.70751953 3210.49975586 3.12901854515
1464856945479 lifecam20 2601.47583008 3210.49975586 3.13262724876
1464856945548 lifecam20 2600.99975586 3207.61376953 3.14621067047
1464856945621 lifecam20 2600.41259766 3214.18188477 3.11087584496
1464856945690 lifecam20 2601.0 3231.29394531 3.14601039886
1464856945747 lifecam20 2602.53808594 3251.00585938 3.21157503128
1464856945822 lifecam20 2603.66137695 3271.73999023 3.28853273392
1464856945890 lifecam20 2603.63061523 3293.05737305 3.37143182755
1464856945948 lifecam20 2600.9777832 3314.90527344 3.45277929306
1464856946015 lifecam20 2596.88818359 3336.0690918 3.5062456131
1464856946091 lifecam20 2590.68994141 3355.61547852 3.57574605942
1464856946147 lifecam20 2583.7421875 3376.06665039 3.66469717026
1464856946215 lifecam20 2575.23583984 3395.15576172 3.7363576889
1464856946290 lifecam20 2565.32104492 3414.1262207 3.81351923943
1464856946358 lifecam20 2554.04858398 3432.68701172 3.89494514465
1464856946414 lifecam20 2540.27929688 3449.5793457 3.97469115257
1464856946489 lifecam20 2526.08642578 3465.35351562 4.06285190582
1464856946557 lifecam20 2511.03271484 3479.84277344 4.12938213348
1464856946616 lifecam20 2495.15454102 3492.25195312 4.19956064224
1464856946689 lifecam20 2477.91845703 3504.98583984 4.28017854691
1464856946758 lifecam20 2459.62084961 3516.00146484 4.35394573212
1464856946815 lifecam20 2440.27148438 3525.62207031 4.42989969254
1464856946883 lifecam20 2420.75683594 3533.84033203 4.5118098259
1464856946957 lifecam20 2400.35229492 3539.83081055 4.57252454758
1464856947016 lifecam20 2380.30273438 3545.51879883 4.65433311462
1464856947082 lifecam20 2359.49951172 3547.20751953 4.72517967224
1464856947157 lifecam20 2337.81030273 3550.13598633 4.79282474518
1464856947225 lifecam20 2315.79882812 3550.08886719 4.87891435623
1464856947284 lifecam20 2293.28369141 3548.48657227 4.94058322906
1464856947357 lifecam20 2272.35253906 3545.96069336 5.01833343506
1464856947426 lifecam20 2251.73632812 3541.05908203 5.0917801857
1464856947482 lifecam20 2232.15063477 3535.33300781 5.17246627808
1464856947551 lifecam20 2212.24169922 3527.47631836 5.24295330048
1464856947624 lifecam20 2192.18359375 3518.27612305 5.3281788826
1464856947683 lifecam20 2173.1574707 3507.56738281 5.39224815369
1464856947750 lifecam20 2155.22949219 3495.52148438 5.4517698288
1464856947825 lifecam20 2137.85131836 3482.15136719 5.5529551506
1464856947894 lifecam20 2122.38818359 3468.14038086 5.62390899658
1464856947951 lifecam20 2108.03735352 3452.57519531 5.70524549484
1464856948027 lifecam20 2094.44580078 3436.65014648 5.76289415359
1464856948093 lifecam20 2082.2434082 3418.64916992 5.85447216034
1464856948218 lifecam20 2061.51855469 3381.10742188 5.98476743698
1464856948293 lifecam20 2053.70629883 3361.15551758 6.06259250641
1464856948351 lifecam20 2047.31835938 3341.98046875 6.12425947189
1464856948420 lifecam20 2041.98461914 3321.85668945 6.21062088013
1464856948492 lifecam20 2037.49975586 3301.02368164 0.00915247760713
1464856948551 lifecam20 2036.25195312 3279.30932617 0.0674997121096
1464856948618 lifecam20 2036.63720703 3258.31518555 0.148878753185
1464856948693 lifecam20 2037.83691406 3236.74462891 0.22558376193
1464856948761 lifecam20 2040.30419922 3216.48681641 0.295402467251
1464856948819 lifecam20 2045.0949707 3196.06689453 0.372508734465
1464856948886 lifecam20 2050.94189453 3176.29833984 0.433957278728
1464856948961 lifecam20 2058.75512695 3155.80419922 0.520253837109
1464856949019 lifecam20 2067.52270508 3136.42382812 0.593150615692
1464856949087 lifecam20 2077.86743164 3117.96728516 0.676416456699
1464856949160 lifecam20 2090.03271484 3100.96777344 0.733653247356
1464856949219 lifecam20 2103.00610352 3084.37158203 0.840278565884
1464856949286 lifecam20 2116.02539062 3068.96459961 0.901449263096
1464856949361 lifecam20 2132.44580078 3054.71850586 0.973873913288
1464856949428 lifecam20 2149.00341797 3041.48974609 1.05279195309
1464856949487 lifecam20 2166.7421875 3029.05615234 1.13601875305
1464856949559 lifecam20 2184.60766602 3018.64697266 1.2026321888
1464856949630 lifecam20 2203.27685547 3009.43115234 1.28051710129
1464856949686 lifecam20 2222.92553711 3002.29345703 1.34427058697
1464856949755 lifecam20 2242.50170898 2995.72558594 1.43903040886
1464856949828 lifecam20 2264.47119141 2991.04052734 1.48827672005
1464856949887 lifecam20 2285.99975586 2986.49975586 1.58189499378
1464856949954 lifecam20 2307.27587891 2986.54467773 1.65957987309
1464856950029 lifecam20 2329.08349609 2987.10351562 1.72803843021
1464856950096 lifecam20 2349.76611328 2988.44018555 1.80279314518
1464856950156 lifecam20 2370.17749023 2991.73266602 1.87325584888
1464856950227 lifecam20 2391.58203125 2996.76342773 1.9539347887
1464856950298 lifecam20 2411.37792969 3002.51977539 2.03146457672
1464856950354 lifecam20 2432.04052734 3010.58666992 2.09788584709
1464856950423 lifecam20 2451.28320312 3020.20800781 2.17755961418
1464856950495 lifecam20 2469.88818359 3030.13574219 2.2525396347
1464856950555 lifecam20 2486.35473633 3041.86938477 2.33681511879
1464856950622 lifecam20 2503.81787109 3055.9909668 2.42383265495
1464856950696 lifecam20 2520.14404297 3070.84667969 2.50210309029
1464856950754 lifecam20 2535.05078125 3085.92553711 2.58060336113
1464856950895 lifecam20 2561.01220703 3120.10766602 2.72158813477
1464856950965 lifecam20 2571.62597656 3137.96142578 2.79001784325
1464856951023 lifecam20 2580.68188477 3156.79541016 2.86285328865
1464856951090 lifecam20 2588.59545898 3176.7421875 2.95282483101
1464856951164 lifecam20 2595.51513672 3197.30517578 3.01106309891
1464856951222 lifecam20 2600.33056641 3217.49975586 3.10890364647
1464856951290 lifecam20 2604.49975586 3238.5 3.1415913105
1464856951363 lifecam20 2606.09082031 3260.12084961 3.25339651108
1464856951422 lifecam20 2605.58349609 3280.74707031 3.3171787262
1464856951489 lifecam20 2604.49975586 3301.5 3.38650178909
1464856951564 lifecam20 2600.89672852 3323.49511719 3.46536588669
1464856951633 lifecam20 2596.77685547 3344.19921875 3.54833078384
1464856951691 lifecam20 2590.58666992 3364.54345703 3.62377357483
1464856951763 lifecam20 2583.03588867 3383.8215332 3.68840312958
1464856951832 lifecam20 2574.29638672 3402.38598633 3.77174711227
1464856951889 lifecam20 2563.46069336 3420.29077148 3.84722042084
1464856951959 lifecam20 2551.43334961 3439.23022461 3.92768502235
1464856952031 lifecam20 2538.3996582 3454.98803711 4.01228713989
1464856952091 lifecam20 2523.84375 3471.05786133 4.08566904068
1464856952157 lifecam20 2508.18432617 3485.55273438 4.14511823654
1464856952231 lifecam20 2491.79931641 3498.65673828 4.21598434448
1464856952289 lifecam20 2474.25024414 3509.27490234 4.2977013588
1464856952358 lifecam20 2456.35644531 3520.10327148 4.37103176117
1464856952431 lifecam20 2436.58154297 3529.10693359 4.45368480682
1464856952500 lifecam20 2416.82470703 3537.18945312 4.51525402069
1464856952557 lifecam20 2396.61865234 3543.28173828 4.60153532028
1464856952626 lifecam20 2375.453125 3547.27172852 4.67005348206
1464856952699 lifecam20 2355.81005859 3551.47045898 4.74594402313
1464856952759 lifecam20 2333.30175781 3551.7421875 4.81293392181
1464856952825 lifecam20 2311.69042969 3551.78198242 4.88496637344
1464856952899 lifecam20 2290.27099609 3550.20605469 4.96785497665
1464856952957 lifecam20 2268.5 3546.5 5.0386095047
1464856953026 lifecam20 2247.86328125 3541.79663086 5.11186075211
1464856953099 lifecam20 2228.52954102 3535.52197266 5.17798948288
1464856953168 lifecam20 2208.38037109 3527.48339844 5.25271272659
1464856953225 lifecam20 2189.08544922 3518.5012207 5.32935380936
1464856953294 lifecam20 2170.02539062 3507.11425781 5.40315675735
1464856953367 lifecam20 2152.0168457 3494.9453125 5.51195669174
1464856953426 lifecam20 2135.12939453 3481.24291992 5.56209611893
1464856953493 lifecam20 2119.7890625 3467.08154297 5.64582681656
1464856953567 lifecam20 2105.18920898 3452.3605957 5.70394086838
1464856953625 lifecam20 2092.50537109 3435.78979492 5.77740335464
1464856953694 lifecam20 2080.26855469 3417.86743164 5.84962081909
1464856953767 lifecam20 2069.55712891 3399.29321289 5.92525291443
1464856953827 lifecam20 2059.9152832 3379.88476562 5.9998884201
1464856953893 lifecam20 2051.92724609 3360.28564453 6.07420492172
1464856953966 lifecam20 2046.00244141 3340.27416992 6.14091062546
1464856954035 lifecam20 2041.52197266 3320.15209961 6.21823549271
1464856954096 lifecam20 2037.5 3298.17578125 0.00417131558061
1464856954161 lifecam20 2035.74243164 3277.50390625 0.0716852620244
1464856954234 lifecam20 2036.53173828 3256.9987793 0.151021182537
1464856954293 lifecam20 2037.97485352 3235.50830078 0.229929864407
1464856954362 lifecam20 2040.35400391 3215.00634766 0.30687263608
1464856954434 lifecam20 2045.17578125 3194.68115234 0.372854292393
1464856954495 lifecam20 2051.23925781 3175.27319336 0.431385487318
1464856954561 lifecam20 2058.61474609 3155.26928711 0.517167985439
1464856954635 lifecam20 2067.66967773 3135.296875 0.597601652145
1464856954703 lifecam20 2078.00634766 3117.33862305 0.666875064373
1464856954763 lifecam20 2089.74658203 3099.86181641 0.743845164776
1464856954829 lifecam20 2102.65429688 3083.66308594 0.835517883301
1464856954902 lifecam20 2116.94628906 3068.23413086 0.901451051235
1464856954961 lifecam20 2132.62573242 3054.59692383 0.972764670849
1464856955030 lifecam20 2149.4519043 3040.85668945 1.0536711216
1464856955102 lifecam20 2167.2487793 3029.03881836 1.13572359085
1464856955163 lifecam20 2184.99365234 3018.00561523 1.20133340359
1464856955228 lifecam20 2203.98803711 3008.94995117 1.28691601753
1464856955303 lifecam20 2223.36889648 3001.50634766 1.34898769855
1464856955363 lifecam20 2243.06591797 2995.85717773 1.41814160347
1464856955430 lifecam20 2264.47119141 2991.04052734 1.48827672005
1464856955497 lifecam20 2285.84521484 2986.49975586 1.57449162006
1464856955570 lifecam20 2307.40869141 2986.27880859 1.65228998661
1464856955629 lifecam20 2328.55029297 2986.15527344 1.73091948032
1464856955698 lifecam20 2349.94921875 2987.78735352 1.79610359669
1464856955770 lifecam20 2370.19946289 2991.22387695 1.86262476444
1464856955831 lifecam20 2391.00097656 2996.06396484 1.94725000858
1464856955896 lifecam20 2411.34643555 3002.04003906 2.03444504738
1464856955970 lifecam20 2431.57373047 3010.08154297 2.10123276711
1464856956029 lifecam20 2451.49023438 3018.86083984 2.16888165474
1464856956098 lifecam20 2469.83349609 3029.56567383 2.24598622322
1464856956170 lifecam20 2487.25927734 3040.96362305 2.32682824135
1464856956239 lifecam20 2503.45483398 3054.34594727 2.40547180176
1464856956298 lifecam20 2519.78491211 3068.34375 2.48756456375
1464856956366 lifecam20 2535.02050781 3084.1796875 2.56284332275
1464856956437 lifecam20 2548.33764648 3100.47802734 2.63682055473
1464856956499 lifecam20 2561.30883789 3118.09350586 2.71948552132
1464856956564 lifecam20 2572.140625 3136.43237305 2.78204369545
1464856956638 lifecam20 2581.30883789 3155.2043457 2.85615706444
1464856956696 lifecam20 2589.38134766 3175.31030273 2.94002556801
1464856956766 lifecam20 2596.32641602 3195.41699219 3.00253224373
1464856956838 lifecam20 2601.81274414 3216.1640625 3.07934689522
1464856956907 lifecam20 2604.49975586 3237.97241211 3.1545176506
1464856956964 lifecam20 2607.71826172 3258.06347656 3.23872661591
1464856957034 lifecam20 2606.85961914 3279.49853516 3.31655311584
1464856957106 lifecam20 2605.83813477 3299.96264648 3.38001871109
1464856957166 lifecam20 2603.03466797 3320.72631836 3.4567990303
1464856957232 lifecam20 2598.22070312 3342.40307617 3.5399851799
1464856957306 lifecam20 2592.99487305 3362.17944336 3.61029815674
1464856957364 lifecam20 2585.21118164 3382.34570312 3.68119263649
1464856957434 lifecam20 2576.18457031 3400.89453125 3.75770735741
1464856957505 lifecam20 2566.06933594 3419.15087891 3.82960939407
1464856957566 lifecam20 2554.97167969 3436.79663086 3.91669511795
1464856957632 lifecam20 2540.80224609 3452.88769531 3.99308991432
1464856957702 lifecam20 2526.38549805 3468.40307617 4.06361818314
1464856957773 lifecam20 2511.33154297 3483.59570312 4.15007400513
1464856957834 lifecam20 2494.50854492 3496.82055664 4.2062587738
1464856957901 lifecam20 2477.671875 3508.5390625 4.29273271561
1464856957974 lifecam20 2459.89160156 3518.60083008 4.3543305397
1464856958033 lifecam20 2440.66601562 3527.79956055 4.43510580063
1464856958102 lifecam20 2420.90258789 3536.25927734 4.50705623627
1464856958173 lifecam20 2400.30737305 3542.67602539 4.58567094803
1464856958235 lifecam20 2379.91894531 3547.33325195 4.65696239471
1464856958300 lifecam20 2358.0246582 3551.40136719 4.71530342102
1464856958370 lifecam20 2337.57006836 3552.21020508 4.80318784714
1464856958441 lifecam20 2316.53173828 3552.61938477 4.86864805222
1464856958502 lifecam20 2294.50537109 3550.57714844 4.93893814087
1464856958568 lifecam20 2273.36791992 3547.73681641 5.01813650131
1464856958641 lifecam20 2252.26757812 3543.36962891 5.10597324371
1464856958703 lifecam20 2231.60205078 3536.80712891 5.17281723022
1464856958770 lifecam20 2212.42285156 3529.13769531 5.23452234268
1464856958841 lifecam20 2193.72143555 3520.80151367 5.31045055389
1464856958902 lifecam20 2174.94799805 3510.49682617 5.3840007782
1464856958968 lifecam20 2156.51245117 3498.75927734 5.46150159836
1464856959041 lifecam20 2139.43237305 3485.7355957 5.55844402313
1464856959100 lifecam20 2123.41308594 3471.22680664 5.61887073517
1464856959170 lifecam20 2108.49658203 3456.45727539 5.6880698204
1464856959237 lifecam20 2095.27319336 3439.92602539 5.75664186478
1464856959309 lifecam20 2082.16015625 3422.45996094 5.8227391243
1464856959368 lifecam20 2072.10961914 3404.46972656 5.9027466774
1464856959437 lifecam20 2061.93212891 3385.29907227 5.98144578934
1464856959509 lifecam20 2053.5234375 3365.94628906 6.04859972
1464856959570 lifecam20 2046.78686523 3345.92333984 6.11327457428
1464856959636 lifecam20 2041.64624023 3325.95239258 6.20611429214
1464856959709 lifecam20 2037.49975586 3305.0 6.28318500519
1464856959768 lifecam20 2036.328125 3284.83764648 0.0512792505324
1464856959837 lifecam20 2035.13354492 3263.42626953 0.121491961181
1464856959904 lifecam20 2035.54321289 3242.53857422 0.200005590916
1464856959977 lifecam20 2038.40576172 3221.50048828 0.272927582264
1464856960036 lifecam20 2042.61523438 3201.00708008 0.356454670429
1464856960106 lifecam20 2048.12744141 3180.70581055 0.414883077145
1464856960177 lifecam20 2054.61669922 3161.73608398 0.484848558903
1464856960238 lifecam20 2063.10522461 3142.37573242 0.558815598488
1464856960304 lifecam20 2073.35351562 3123.36987305 0.641173362732
1464856960376 lifecam20 2084.53686523 3105.47119141 0.709260523319
1464856960436 lifecam20 2096.51391602 3088.46972656 0.809019327164
1464856960505 lifecam20 2110.78320312 3073.15429688 0.867770433426
1464856960572 lifecam20 2125.54174805 3058.27832031 0.934797346592
1464856960637 lifecam20 2141.54345703 3045.11181641 1.01080465317
1464856960704 lifecam20 2158.11938477 3032.6015625 1.09443962574
1464856960773 lifecam20 2175.80078125 3021.04418945 1.16847908497
1464856960844 lifecam20 2195.0 3010.99975586 1.25125396252
1464856960905 lifecam20 2214.54052734 3003.30981445 1.31698596478
1464856960972 lifecam20 2234.30273438 2996.60058594 1.39732182026
1464856961044 lifecam20 2254.69921875 2991.56762695 1.45433390141
1464856961104 lifecam20 2275.49951172 2986.71850586 1.5652910471
1464856961173 lifecam20 2296.89868164 2986.43920898 1.59101068974
1464856961244 lifecam20 2318.38452148 2984.4675293 1.69118511677
1464856961305 lifecam20 2340.02612305 2985.49438477 1.77123034
1464856961372 lifecam20 2360.65234375 2988.35400391 1.83803522587
1464856961441 lifecam20 2380.8203125 2991.9831543 1.90218746662
1464856961512 lifecam20 2401.26171875 2997.53735352 1.98606741428
1464856961573 lifecam20 2421.83837891 3003.66894531 2.04811453819
1464856961640 lifecam20 2441.36816406 3012.75415039 2.1310505867
1464856961712 lifecam20 2460.76733398 3022.54492188 2.20915317535
1464856961772 lifecam20 2479.17114258 3034.02636719 2.30356359482
1464856961841 lifecam20 2495.92163086 3046.07788086 2.36038732529
1464856961912 lifecam20 2512.21850586 3059.37011719 2.43979144096
1464856961974 lifecam20 2527.22265625 3074.07202148 2.53036522865
1464856962040 lifecam20 2542.00244141 3090.57226562 2.60621261597
1464856962109 lifecam20 2554.74462891 3106.81103516 2.68147158623
1464856962179 lifecam20 2567.29736328 3125.65380859 2.750467062
1464856962241 lifecam20 2577.0559082 3143.92211914 2.82620549202
1464856962308 lifecam20 2585.99511719 3162.94140625 2.89450454712
1464856962381 lifecam20 2593.59008789 3182.56518555 2.96485495567
1464856962440 lifecam20 2599.73974609 3202.91162109 3.05004000664
1464856962508 lifecam20 2604.5 3224.5 3.14159083366
1464856962581 lifecam20 2606.77709961 3245.0715332 3.19774675369
1464856962642 lifecam20 2608.31542969 3266.75537109 3.27150821686
1464856962709 lifecam20 2607.83642578 3288.30273438 3.34527111053
1464856962778 lifecam20 2605.36401367 3308.55053711 3.4152636528
1464856962840 lifecam20 2601.59887695 3329.0793457 3.50057125092
1464856962911 lifecam20 2596.6628418 3349.90087891 3.58557605743
1464856962976 lifecam20 2590.30029297 3370.22436523 3.65729355812
1464856963049 lifecam20 2581.68334961 3389.74145508 3.72610187531
1464856963108 lifecam20 2572.09130859 3408.1940918 3.80739402771
1464856963178 lifecam20 2560.75976562 3425.96606445 3.88366603851
1464856963249 lifecam20 2547.90966797 3443.79907227 3.9659807682
1464856963310 lifecam20 2534.94970703 3459.16577148 4.02802705765
1464856963376 lifecam20 2520.17382812 3474.20703125 4.09692287445
1464856963449 lifecam20 2503.98632812 3487.84057617 4.17397260666
1464856963509 lifecam20 2486.07568359 3501.38330078 4.26015758514
1464856963577 lifecam20 2469.31713867 3511.70141602 4.32414865494
1464856963645 lifecam20 2451.50097656 3521.24633789 4.39622783661
1464856963716 lifecam20 2431.70410156 3529.15014648 4.48328208923
1464856963777 lifecam20 2411.40307617 3537.3515625 4.54556131363
1464856963845 lifecam20 2390.80859375 3542.81542969 4.61362457275
1464856963916 lifecam20 2369.99975586 3546.49975586 4.71238851547
1464856963978 lifecam20 2348.45727539 3549.25170898 4.76443529129
1464856964044 lifecam20 2327.18115234 3549.89013672 4.83352518082
1464856964116 lifecam20 2306.4934082 3549.46679688 4.91372108459
1464856964177 lifecam20 2284.85498047 3547.38354492 4.98489332199
1464856964245 lifecam20 2263.36108398 3542.81396484 5.05968952179
1464856964313 lifecam20 2242.98803711 3537.56152344 5.13820838928
1464856964378 lifecam20 2222.21704102 3530.55151367 5.20762109756
1464856964444 lifecam20 2202.99072266 3522.40209961 5.27991437912
1464856964512 lifecam20 2184.79833984 3512.67724609 5.34640598297
1464856964582 lifecam20 2166.75830078 3501.78173828 5.41841888428
1464856964645 lifecam20 2149.55126953 3490.23266602 5.512799263
1464856964712 lifecam20 2132.38720703 3475.96582031 5.59401226044
1464856964784 lifecam20 2116.54003906 3460.82177734 5.65641450882
1464856964844 lifecam20 2102.359375 3444.98876953 5.72598743439
1464856964913 lifecam20 2089.55908203 3427.93725586 5.79149484634
1464856964980 lifecam20 2078.31079102 3410.67431641 5.87146472931
1464856965046 lifecam20 2067.85180664 3392.23266602 5.93770456314
1464856965113 lifecam20 2058.51293945 3372.9597168 6.01696634293
1464856965181 lifecam20 2050.65429688 3353.11450195 6.0895152092
1464856965250 lifecam20 2044.81689453 3332.34814453 6.15744876862
1464856965313 lifecam20 2040.17431641 3312.5090332 6.23100376129
1464856965379 lifecam20 2037.49975586 3291.34741211 0.00895220413804
1464856965451 lifecam20 2036.0546875 3271.18432617 0.0914688706398
1464856965513 lifecam20 2036.36132812 3249.81445312 0.170999109745
1464856965581 lifecam20 2037.87768555 3228.0925293 0.239183723927
1464856965648 lifecam20 2041.10888672 3208.26025391 0.310650408268
1464856965714 lifecam20 2046.50024414 3187.60083008 0.382135242224
1464856965780 lifecam20 2052.46313477 3167.11474609 0.462752640247
1464856965848 lifecam20 2059.73974609 3148.68920898 0.529711484909
1464856965913 lifecam20 2068.91357422 3129.69335938 0.606169342995
1464856965980 lifecam20 2080.08007812 3111.57421875 0.678732454777
1464856966047 lifecam20 2092.55371094 3094.0534668 0.769925117493
1464856966119 lifecam20 2105.65307617 3077.03881836 0.841428220272
1464856966180 lifecam20 2119.92675781 3062.53125 0.917220890522
1464856966248 lifecam20 2135.60009766 3048.39013672 0.991402447224
1464856966320 lifecam20 2151.44238281 3035.88696289 1.0625885725
1464856966380 lifecam20 2168.86914062 3023.9152832 1.13796639442
1464856966447 lifecam20 2187.45800781 3013.60986328 1.21396660805
1464856966511 lifecam20 2206.74707031 3004.73974609 1.28362011909
1464856966579 lifecam20 2226.70141602 2997.06054688 1.36125123501
1464856966649 lifecam20 2247.42504883 2991.17895508 1.43409335613
1464856966717 lifecam20 2267.17480469 2986.87670898 1.52392840385
1464856966786 lifecam20 2289.49951172 2986.49975586 1.57079946995
1464856966847 lifecam20 2309.53759766 2982.70117188 1.65756046772
1464856966917 lifecam20 2331.36206055 2982.83325195 1.73198330402
1464856966987 lifecam20 2353.19116211 2984.80566406 1.81745970249
1464856967048 lifecam20 2373.68261719 2988.05859375 1.88198721409
1464856967115 lifecam20 2394.09765625 2993.54174805 1.95326673985
1464856967185 lifecam20 2413.01123047 2999.18676758 2.0386826992
1464856967247 lifecam20 2433.69140625 3006.98046875 2.10913062096
1464856967316 lifecam20 2453.16650391 3016.64453125 2.18862557411
1464856967383 lifecam20 2471.84155273 3027.33178711 2.25130724907
1464856967454 lifecam20 2489.65625 3038.56420898 2.33156371117
1464856967516 lifecam20 2506.76416016 3052.5078125 2.42446494102
1464856967584 lifecam20 2522.3190918 3066.42651367 2.4908914566
1464856967654 lifecam20 2536.02099609 3081.43701172 2.57390332222
1464856967717 lifecam20 2550.50585938 3098.6550293 2.64234614372
1464856967783 lifecam20 2562.68408203 3116.38525391 2.71779704094
1464856967852 lifecam20 2574.16992188 3134.89208984 2.79663395882
1464856967915 lifecam20 2583.13256836 3153.73950195 2.87184500694
1464856967984 lifecam20 2591.00512695 3173.14160156 2.94452834129
1464856968051 lifecam20 2597.8828125 3192.51391602 3.02709984779
1464856968116 lifecam20 2603.26147461 3213.81689453 3.07946228981
1464856968183 lifecam20 2605.62915039 3235.0234375 3.19537162781
1464856968253 lifecam20 2608.0 3256.00024414 3.2271695137
1464856968321 lifecam20 2608.26245117 3277.68530273 3.32156467438
1464856968384 lifecam20 2607.01025391 3298.47729492 3.39012098312
1464856968451 lifecam20 2604.11303711 3318.87182617 3.46371936798
1464856968522 lifecam20 2599.34667969 3339.50512695 3.54371595383
1464856968583 lifecam20 2593.46557617 3359.75976562 3.62681293488
1464856968653 lifecam20 2585.36987305 3380.12719727 3.68834209442
1464856968719 lifecam20 2576.38818359 3399.65039062 3.76651215553
1464856968784 lifecam20 2565.96020508 3417.52612305 3.8504986763
1464856968851 lifecam20 2552.25732422 3434.0546875 3.93176293373
1464856968920 lifecam20 2540.74169922 3451.15844727 3.99803376198
1464856968989 lifecam20 2526.20825195 3466.24438477 4.07004117966
1464856969052 lifecam20 2510.58203125 3481.26782227 4.15383052826
1464856969119 lifecam20 2494.46728516 3494.40991211 4.22180366516
1464856969190 lifecam20 2476.11669922 3506.54077148 4.30880641937
1464856969251 lifecam20 2458.40771484 3516.79541016 4.36768579483
1464856969320 lifecam20 2439.73388672 3525.15966797 4.43662166595
1464856969387 lifecam20 2419.85107422 3532.66357422 4.52481174469
1464856969452 lifecam20 2399.16625977 3539.1784668 4.59005212784
1464856969519 lifecam20 2378.40600586 3543.35107422 4.66098499298
1464856969588 lifecam20 2355.99975586 3546.9465332 4.72085046768
1464856969650 lifecam20 2335.98266602 3548.17504883 4.80751466751
1464856969720 lifecam20 2314.74609375 3548.04956055 4.88301038742
1464856969787 lifecam20 2293.671875 3546.38647461 4.95201206207
1464856969857 lifecam20 2272.06616211 3542.79858398 5.03919219971
1464856969919 lifecam20 2251.52441406 3537.94677734 5.09657478333
1464856969988 lifecam20 2230.42895508 3531.64160156 5.17991876602
1464856970055 lifecam20 2210.44726562 3523.55737305 5.24464273453
1464856970120 lifecam20 2191.85888672 3515.20922852 5.32477426529
1464856970187 lifecam20 2174.09521484 3504.578125 5.38908147812
1464856970256 lifecam20 2155.88916016 3493.15771484 5.46588802338
1464856970318 lifecam20 2139.05908203 3479.71508789 5.56743526459
1464856970388 lifecam20 2122.89038086 3464.92407227 5.62230825424
1464856970455 lifecam20 2108.41601562 3449.72973633 5.69392204285
1464856970525 lifecam20 2094.93212891 3433.00170898 5.76055717468
1464856970587 lifecam20 2082.28466797 3415.58544922 5.81716680527
1464856970656 lifecam20 2071.89331055 3397.97241211 5.90592670441
1464856970726 lifecam20 2062.16625977 3379.39111328 5.97379827499
1464856970789 lifecam20 2053.95385742 3359.61767578 6.06019639969
1464856970854 lifecam20 2047.0690918 3339.29467773 6.12514019012
1464856970925 lifecam20 2042.01269531 3318.68920898 6.20591211319
1464856970987 lifecam20 2037.5 3298.0 6.28318405151
1464856971056 lifecam20 2036.7668457 3278.01660156 0.0423535704613
1464856971123 lifecam20 2036.18261719 3257.2421875 0.132991150022
1464856971188 lifecam20 2036.68334961 3235.734375 0.204857438803
1464856971255 lifecam20 2039.71850586 3214.70922852 0.278188049793
1464856971324 lifecam20 2043.47021484 3194.07910156 0.347637712955
1464856971394 lifecam20 2049.0715332 3173.61279297 0.427905648947
1464856971456 lifecam20 2055.84277344 3154.27807617 0.495045512915
1464856971524 lifecam20 2064.99951172 3135.64746094 0.577901959419
1464856971592 lifecam20 2074.58227539 3117.87817383 0.647077679634
1464856971655 lifecam20 2086.07177734 3099.06347656 0.722094535828
1464856971725 lifecam20 2099.66748047 3081.85620117 0.814577877522
1464856971791 lifecam20 2113.19262695 3066.37036133 0.884329676628
1464856971856 lifecam20 2127.64111328 3052.09179688 0.943039000034
1464856971923 lifecam20 2143.51269531 3038.61279297 1.02101123333
1464856971993 lifecam20 2160.80175781 3026.46557617 1.11536514759
1464856972062 lifecam20 2178.44921875 3015.91625977 1.17114388943
1464856972124 lifecam20 2197.6875 3005.61328125 1.24744355679
1464856972191 lifecam20 2216.84082031 2997.48950195 1.32492530346
1464856972261 lifecam20 2237.62524414 2990.87231445 1.38786900043
1464856972322 lifecam20 2257.72094727 2985.62109375 1.47199177742
1464856972393 lifecam20 2277.10791016 2982.27612305 1.50983941555
1464856972459 lifecam20 2298.29516602 2979.99536133 1.61704647541
1464856972525 lifecam20 2320.26806641 2979.33422852 1.69028007984
1464856972591 lifecam20 2342.50415039 2980.2097168 1.7696839571
1464856972660 lifecam20 2364.09521484 2983.03930664 1.85020840168
1464856972723 lifecam20 2384.16308594 2987.22265625 1.91422760487
1464856972792 lifecam20 2404.06787109 2992.61694336 1.9945589304
1464856972859 lifecam20 2423.42041016 2999.34692383 2.07317233086
1464856972930 lifecam20 2443.73583984 3008.37280273 2.14427423477
1464856972991 lifecam20 2462.64624023 3017.81152344 2.21360182762
1464856973060 lifecam20 2481.68481445 3029.25219727 2.28513407707
1464856973127 lifecam20 2499.27099609 3042.45043945 2.37451076508
1464856973191 lifecam20 2515.73901367 3055.63745117 2.45936918259
1464856973259 lifecam20 2529.67285156 3069.94433594 2.52479791641
1464856973328 lifecam20 2543.40942383 3086.19995117 2.59766936302
1464856973390 lifecam20 2556.78613281 3103.39892578 2.67779803276
1464856973461 lifecam20 2569.08642578 3121.4152832 2.75157165527
1464856973527 lifecam20 2579.74365234 3139.74291992 2.83013701439
1464856973598 lifecam20 2588.28930664 3158.73754883 2.90193462372
1464856973659 lifecam20 2595.18457031 3178.62939453 2.96830654144
1464856973729 lifecam20 2601.03564453 3199.15869141 3.05426192284
1464856973795 lifecam20 2604.49975586 3218.87670898 3.12113642693
1464856973860 lifecam20 2608.03125 3241.57421875 3.21809434891
1464856973927 lifecam20 2609.31787109 3262.328125 3.26349973679
1464856973996 lifecam20 2608.82519531 3283.94824219 3.344602108
1464856974058 lifecam20 2607.43847656 3304.66845703 3.41551160812
1464856974129 lifecam20 2603.35595703 3324.41503906 3.5012140274
1464856974195 lifecam20 2598.18774414 3344.92504883 3.57495164871
1464856974266 lifecam20 2591.80957031 3365.2109375 3.64842915535
1464856974326 lifecam20 2583.00292969 3385.50170898 3.71927928925
1464856974396 lifecam20 2573.9296875 3404.19311523 3.79759526253
1464856974464 lifecam20 2562.66210938 3421.83862305 3.86740422249
1464856974528 lifecam20 2549.86694336 3439.56933594 3.96563982964
1464856974595 lifecam20 2536.64550781 3454.31542969 4.03318881989
1464856974664 lifecam20 2521.90722656 3469.21337891 4.10267019272
1464856974726 lifecam20 2506.23828125 3483.67675781 4.18489170074
1464856974796 lifecam20 2489.8125 3496.60913086 4.24874258041
1464856974864 lifecam20 2471.49975586 3508.0 4.32561969757
1464856974924 lifecam20 2453.0246582 3517.48364258 4.40210771561
1464856974996 lifecam20 2434.25439453 3526.00390625 4.45429039001
1464856975064 lifecam20 2414.35327148 3532.84692383 4.54262685776
1464856975130 lifecam20 2394.08886719 3538.88232422 4.61881828308
1464856975195 lifecam20 2371.89599609 3543.0 4.69117546082
1464856975262 lifecam20 2351.25683594 3546.01171875 4.7638835907
1464856975331 lifecam20 2330.24975586 3546.96484375 4.83497095108
1464856975394 lifecam20 2308.47753906 3546.40966797 4.90686273575
1464856975464 lifecam20 2287.9609375 3544.22460938 4.97423028946
1464856975530 lifecam20 2266.51025391 3540.41186523 5.0418047905
1464856975595 lifecam20 2245.73144531 3535.09082031 5.12547922134
1464856975662 lifecam20 2225.34814453 3527.82714844 5.18973827362
1464856975731 lifecam20 2205.54541016 3520.27709961 5.28019285202
1464856975799 lifecam20 2186.98217773 3510.95849609 5.34496688843
1464856975864 lifecam20 2169.06738281 3500.27880859 5.41249704361
1464856975930 lifecam20 2151.26318359 3488.92724609 5.5061674118
1464856975999 lifecam20 2134.56445312 3474.08886719 5.57513523102
1464856976062 lifecam20 2118.52172852 3459.39355469 5.64847183228
1464856976131 lifecam20 2104.32958984 3444.05517578 5.70772361755
1464856976198 lifecam20 2091.08740234 3427.27832031 5.78510570526
1464856976263 lifecam20 2079.25048828 3409.45483398 5.86421394348
1464856976330 lifecam20 2069.18676758 3391.30615234 5.92174816132
1464856976399 lifecam20 2059.88330078 3372.31567383 6.0013961792
1464856976462 lifecam20 2052.78125 3352.88623047 6.07370758057
1464856976531 lifecam20 2046.0390625 3332.02929688 6.15173530579
1464856976598 lifecam20 2041.3737793 3311.27172852 6.21579790115
1464856976668 lifecam20 2037.49975586 3291.0 6.28318452835
1464856976729 lifecam20 2036.76831055 3270.39941406 0.0731712058187
1464856976799 lifecam20 2036.97460938 3249.74243164 0.154310166836
1464856976866 lifecam20 2038.51074219 3228.24755859 0.22749966383
1464856976931 lifecam20 2040.88354492 3207.56787109 0.299293965101
1464856976998 lifecam20 2045.79541016 3187.74731445 0.373674571514
1464856977067 lifecam20 2051.52294922 3166.70629883 0.458876788616
1464856977129 lifecam20 2059.48632812 3147.13378906 0.518989503384
1464856977199 lifecam20 2069.140625 3128.85571289 0.586838841438
1464856977266 lifecam20 2078.68432617 3111.35327148 0.661158382893
1464856977335 lifecam20 2090.69824219 3093.77612305 0.736845076084
1464856977397 lifecam20 2103.3815918 3076.9375 0.821442425251
1464856977467 lifecam20 2117.92138672 3060.79174805 0.904177188873
1464856977534 lifecam20 2132.65795898 3047.29394531 0.970480501652
1464856977598 lifecam20 2149.52856445 3034.00170898 1.05711317062
1464856977666 lifecam20 2165.98095703 3022.97802734 1.11839926243
1464856977735 lifecam20 2185.1015625 3011.89453125 1.19456601143
1464856977797 lifecam20 2203.91088867 3001.76928711 1.26949894428
1464856977867 lifecam20 2223.42236328 2994.74194336 1.34542584419
1464856977934 lifecam20 2243.42529297 2987.80932617 1.42587327957
1464856977999 lifecam20 2264.61425781 2983.2331543 1.48400461674
1464856978066 lifecam20 2282.49951172 2979.5 1.57079601288
1464856978135 lifecam20 2305.93554688 2978.79272461 1.64353048801
1464856978202 lifecam20 2327.80810547 2978.87963867 1.71955788136
1464856978266 lifecam20 2349.67382812 2979.73803711 1.78908026218
1464856978334 lifecam20 2370.55834961 2983.0402832 1.86452972889
1464856978403 lifecam20 2390.89819336 2987.96826172 1.94116508961
1464856978465 lifecam20 2411.50341797 2993.74487305 2.00356626511
1464856978535 lifecam20 2430.234375 3000.9140625 2.0866496563
1464856978602 lifecam20 2449.578125 3010.13598633 2.15497994423
1464856978666 lifecam20 2468.59667969 3020.45703125 2.23960113525
1464856978734 lifecam20 2487.62133789 3032.50683594 2.32449388504
1464856978803 lifecam20 2504.30493164 3044.79345703 2.40965914726
1464856978870 lifecam20 2520.49902344 3059.2722168 2.48353981972
1464856978934 lifecam20 2535.17236328 3074.52978516 2.55199551582
1464856979002 lifecam20 2548.2878418 3090.24560547 2.62387919426
1464856979071 lifecam20 2561.46630859 3108.1328125 2.70720934868
1464856979133 lifecam20 2572.7421875 3126.19262695 2.79265713692
1464856979203 lifecam20 2582.68212891 3145.05053711 2.86612677574
1464856979270 lifecam20 2590.68774414 3164.57495117 2.92592167854
1464856979334 lifecam20 2597.2734375 3184.36352539 3.00568509102
1464856979402 lifecam20 2602.41748047 3205.14331055 3.08107876778
1464856979471 lifecam20 2604.5 3224.5 3.14159083366
1464856979538 lifecam20 2608.4453125 3247.8293457 3.23477363586
1464856979602 lifecam20 2609.23266602 3268.69677734 3.30553340912
1464856979670 lifecam20 2608.80078125 3290.40356445 3.37932682037
1464856979739 lifecam20 2605.84521484 3311.1940918 3.4644408226
1464856979801 lifecam20 2601.11547852 3331.09472656 3.5297703743
1464856979871 lifecam20 2595.34277344 3351.2109375 3.59573411942
1464856979937 lifecam20 2587.86425781 3371.32763672 3.68716311455
1464856980002 lifecam20 2579.0949707 3391.38012695 3.76124691963
1464856980070 lifecam20 2568.76000977 3409.88208008 3.83051419258
1464856980138 lifecam20 2558.02514648 3428.02929688 3.90741086006
1464856980201 lifecam20 2543.81445312 3444.20849609 4.00396776199
1464856980271 lifecam20 2530.00683594 3458.99536133 4.06437015533
1464856980337 lifecam20 2514.24365234 3473.86865234 4.14691400528
1464856980406 lifecam20 2497.71923828 3486.93237305 4.21904850006
1464856980469 lifecam20 2480.61450195 3499.2043457 4.28356599808
1464856980539 lifecam20 2461.90014648 3509.37524414 4.36498403549
1464856980605 lifecam20 2442.7265625 3519.0065918 4.43702840805
1464856980670 lifecam20 2423.73876953 3526.74194336 4.50591564178
1464856980737 lifecam20 2403.98925781 3532.36938477 4.57618761063
1464856980807 lifecam20 2382.0690918 3538.4309082 4.65978479385
1464856980869 lifecam20 2362.52685547 3540.2421875 4.73625898361
1464856980939 lifecam20 2339.63427734 3542.59130859 4.80478191376
1464856981006 lifecam20 2318.24829102 3542.32617188 4.88200378418
1464856981075 lifecam20 2296.62133789 3540.78027344 4.95507478714
1464856981138 lifecam20 2275.92358398 3537.65576172 5.01763105392
1464856981207 lifecam20 2255.08349609 3533.22827148 5.09972286224
1464856981274 lifecam20 2235.09179688 3527.58105469 5.16442584991
1464856981338 lifecam20 2214.66210938 3519.33056641 5.2424197197
1464856981405 lifecam20 2194.94482422 3510.15112305 5.31226873398
1464856981475 lifecam20 2176.50073242 3499.58984375 5.39715242386
1464856981537 lifecam20 2159.35498047 3487.98657227 5.45725345612
1464856981606 lifecam20 2142.79614258 3474.45874023 5.54039764404
1464856981673 lifecam20 2126.63085938 3459.46655273 5.63042926788
1464856981733 lifecam20 2111.50341797 3444.31445312 5.69954013824
1464856981805 lifecam20 2097.95776367 3428.25854492 5.77138185501
1464856981875 lifecam20 2086.06591797 3410.52490234 5.84107732773
1464856981942 lifecam20 2074.71533203 3392.37182617 5.91976881027
1464856982006 lifecam20 2066.13085938 3373.71508789 5.99180841446
1464856982074 lifecam20 2057.7434082 3354.37036133 6.06251907349
1464856982143 lifecam20 2051.00170898 3334.00024414 6.13493347168
1464856982205 lifecam20 2045.36791992 3312.84106445 6.21258926392
1464856982277 lifecam20 2043.67626953 3291.0 6.27504634857
1464856982341 lifecam20 2040.52441406 3270.76611328 0.0813434794545
1464856982400 lifecam20 2039.68383789 3250.75415039 0.13874360919
1464856982473 lifecam20 2041.33105469 3229.92895508 0.217035830021
1464856982542 lifecam20 2044.33642578 3208.29614258 0.289299786091
1464856982609 lifecam20 2048.72631836 3187.59985352 0.370931476355
1464856982674 lifecam20 2054.48779297 3168.24389648 0.45308765769
1464856982809 lifecam20 2071.36035156 3128.19995117 0.59298992157
1464856982874 lifecam20 2081.57788086 3110.59765625 0.667066395283
1464856982941 lifecam20 2093.02832031 3093.49731445 0.748026013374
1464856983011 lifecam20 2105.86450195 3076.58007812 0.842998862267
1464856983073 lifecam20 2120.45922852 3060.4987793 0.910643041134
1464856983143 lifecam20 2135.90136719 3045.73095703 0.985509335995
1464856983209 lifecam20 2152.6418457 3033.35180664 1.06304550171
1464856983269 lifecam20 2170.10717773 3021.69384766 1.11724901199
1464856983341 lifecam20 2188.35839844 3011.28466797 1.19823777676
1464856983411 lifecam20 2207.75830078 3002.00146484 1.28368139267
1464856983477 lifecam20 2227.67700195 2994.45239258 1.3566403389
1464856983542 lifecam20 2247.76171875 2988.28125 1.43321204185
1464856983609 lifecam20 2268.76220703 2983.82128906 1.52382063866
1464856983679 lifecam20 2289.49975586 2979.5 1.57079601288
1464856983741 lifecam20 2311.04248047 2979.90307617 1.65999281406
1464856983810 lifecam20 2331.85986328 2980.16503906 1.7274671793
1464856983877 lifecam20 2353.98803711 2981.70263672 1.81280195713
1464856983936 lifecam20 2375.56518555 2985.6003418 1.89463102818
1464856984009 lifecam20 2395.90380859 2990.66796875 1.96479809284
1464856984079 lifecam20 2416.43115234 2997.46557617 2.04785203934
1464856984145 lifecam20 2435.98730469 3004.97998047 2.11401247978
1464856984210 lifecam20 2454.91992188 3014.11352539 2.19144630432
1464856984277 lifecam20 2473.79980469 3024.82958984 2.26897192001
1464856984346 lifecam20 2491.17089844 3036.82861328 2.34561538696
1464856984409 lifecam20 2508.32666016 3050.68432617 2.44426202774
1464856984479 lifecam20 2524.14672852 3066.25512695 2.51250195503
1464856984545 lifecam20 2538.59130859 3081.40332031 2.58443236351
1464856984604 lifecam20 2551.48364258 3097.97827148 2.64608335495
1464856984677 lifecam20 2563.42456055 3115.40234375 2.73431229591
1464856984747 lifecam20 2574.10498047 3134.70385742 2.81174516678
1464856984813 lifecam20 2583.79492188 3153.72045898 2.89687657356
1464856984878 lifecam20 2591.18823242 3174.28686523 2.97555804253
1464856984945 lifecam20 2596.97338867 3194.29321289 3.04223704338
1464856985015 lifecam20 2601.94677734 3217.04980469 3.11915135384
1464856985076 lifecam20 2603.75219727 3236.67895508 3.1844625473
1464856985146 lifecam20 2605.77978516 3257.59838867 3.2757768631
1464856985213 lifecam20 2605.5144043 3279.00024414 3.35036468506
1464856985278 lifecam20 2603.56738281 3300.17138672 3.43234348297
1464856985345 lifecam20 2599.45507812 3321.30859375 3.50733327866
1464856985414 lifecam20 2594.54492188 3341.8125 3.57544231415
1464856985471 lifecam20 2587.5546875 3361.30102539 3.64507818222
1464856985546 lifecam20 2579.27832031 3380.99902344 3.73007440567
1464856985613 lifecam20 2569.56933594 3400.41333008 3.80321621895
1464856985682 lifecam20 2558.74560547 3418.34692383 3.87321090698
1464856985745 lifecam20 2546.11083984 3435.39819336 3.96113872528
1464856985814 lifecam20 2531.65771484 3451.8762207 4.05088043213
1464856985881 lifecam20 2516.70214844 3466.19946289 4.11717033386
1464856985946 lifecam20 2500.4453125 3479.77807617 4.19372653961
1464856986013 lifecam20 2483.32617188 3491.85888672 4.26899623871
1464856986082 lifecam20 2465.09716797 3503.53613281 4.34433698654
1464856986139 lifecam20 2445.63256836 3513.25585938 4.41694641113
1464856986214 lifecam20 2425.95507812 3521.56298828 4.50100564957
1464856986281 lifecam20 2406.29467773 3527.81176758 4.56730318069
1464856986350 lifecam20 2386.37011719 3532.9777832 4.64490604401
1464856986412 lifecam20 2364.04980469 3537.56030273 4.71718645096
1464856986482 lifecam20 2342.85327148 3538.83129883 4.80102825165
1464856986549 lifecam20 2321.29736328 3539.47583008 4.86107778549
1464856986614 lifecam20 2299.95410156 3537.80786133 4.94005537033
1464856986681 lifecam20 2278.40332031 3534.57666016 5.02259588242
1464856986750 lifecam20 2257.65332031 3529.94848633 5.08737897873
1464856986807 lifecam20 2237.57055664 3524.35839844 5.16929912567
1464856986882 lifecam20 2217.55004883 3516.39111328 5.23668384552
1464856986949 lifecam20 2198.34716797 3507.89282227 5.31649303436
1464856987007 lifecam20 2178.80444336 3497.79296875 5.38402795792
1464856987081 lifecam20 2160.89892578 3485.71728516 5.45444393158
1464856987150 lifecam20 2144.24829102 3472.61401367 5.55739974976
1464856987217 lifecam20 2128.72973633 3458.59448242 5.61414766312
1464856987282 lifecam20 2113.47045898 3443.23632812 5.69250822067
1464856987349 lifecam20 2099.03198242 3426.4230957 5.76405096054
1464856987418 lifecam20 2086.5769043 3409.75341797 5.82940101624
1464856987480 lifecam20 2076.24316406 3390.84204102 5.91354942322
1464856987617 lifecam20 2058.85766602 3352.7019043 6.05378627777
1464856987675 lifecam20 2052.00610352 3332.41943359 6.12552881241
1464856987749 lifecam20 2046.82104492 3312.32446289 6.20165967941
1464856987816 lifecam20 2044.29394531 3290.99975586 6.27815103531
1464856987885 lifecam20 2041.01733398 3269.80126953 0.0825740844011
1464856987948 lifecam20 2040.01074219 3248.63061523 0.141729533672
1464856988017 lifecam20 2041.59326172 3228.12768555 0.211253479123
1464856988085 lifecam20 2044.20605469 3208.04223633 0.282745182514
1464856988149 lifecam20 2048.14013672 3187.36791992 0.370473474264
1464856988217 lifecam20 2054.47753906 3166.3840332 0.43168848753
1464856988285 lifecam20 2061.46704102 3146.77734375 0.512561380863
1464856988342 lifecam20 2070.57763672 3127.45776367 0.593028664589
1464856988417 lifecam20 2081.22314453 3108.57885742 0.653667747974
1464856988485 lifecam20 2092.60986328 3091.75561523 0.730321884155
1464856988544 lifecam20 2105.30419922 3075.92944336 0.826500952244
1464856988616 lifecam20 2119.14111328 3059.72167969 0.898261785507
1464856988685 lifecam20 2134.69213867 3045.1706543 0.959680914879
1464856988753 lifecam20 2151.48022461 3031.74438477 1.04110765457
1464856988817 lifecam20 2168.27978516 3019.15893555 1.10742473602
1464856988885 lifecam20 2186.89990234 3009.19482422 1.19324612617
1464856988953 lifecam20 2205.41845703 3000.25415039 1.25624620914
1464856989010 lifecam20 2224.71533203 2992.59155273 1.33614683151
1464856989085 lifecam20 2245.62207031 2985.57983398 1.41072833538
1464856989153 lifecam20 2265.71411133 2981.24316406 1.4859598875
1464856989211 lifecam20 2289.49975586 2979.49975586 1.57079637051
1464856989285 lifecam20 2308.46484375 2975.90942383 1.64847052097
1464856989353 lifecam20 2330.11450195 2976.50219727 1.71819698811
1464856989420 lifecam20 2351.12353516 2977.90844727 1.79065287113
1464856989484 lifecam20 2371.8659668 2980.68017578 1.86962091923
1464856989552 lifecam20 2393.35473633 2985.23510742 1.93711721897
1464856989621 lifecam20 2413.11279297 2991.16137695 2.01734995842
1464856989684 lifecam20 2433.25073242 2998.74389648 2.09791064262
1464856989753 lifecam20 2452.63305664 3007.8449707 2.17742276192
1464856989820 lifecam20 2470.91748047 3018.00976562 2.24747252464
1464856989879 lifecam20 2489.89111328 3030.3996582 2.32078289986
1464856989952 lifecam20 2505.9453125 3043.41088867 2.40941309929
1464856990021 lifecam20 2522.33398438 3057.51098633 2.49332690239
1464856990078 lifecam20 2537.38232422 3073.28369141 2.56031918526
1464856990153 lifecam20 2550.81933594 3089.15039062 2.64518475533
1464856990220 lifecam20 2562.97998047 3106.98828125 2.71647047997
1464856990289 lifecam20 2573.71850586 3124.31103516 2.78558373451
1464856990352 lifecam20 2583.60473633 3143.65429688 2.86381316185
1464856990421 lifecam20 2592.12988281 3163.72851562 2.94430851936
1464856990488 lifecam20 2598.77880859 3183.98706055 3.01249814034
1464856990547 lifecam20 2603.74267578 3204.59619141 3.09934782982
1464856990620 lifecam20 2607.47216797 3224.5 3.15414381027
1464856990689 lifecam20 2609.18383789 3246.24853516 3.237885952
1464856990746 lifecam20 2609.95703125 3267.44335938 3.31782197952
1464856990821 lifecam20 2608.6574707 3288.63574219 3.38746356964
1464856990888 lifecam20 2605.21826172 3309.60864258 3.46879148483
1464856990957 lifecam20 2601.14355469 3330.8737793 3.54476451874
1464856991021 lifecam20 2595.07958984 3351.04614258 3.61183643341
1464856991089 lifecam20 2587.48681641 3369.96459961 3.69171857834
1464856991156 lifecam20 2578.58398438 3389.02246094 3.75798821449
1464856991215 lifecam20 2568.27441406 3407.88598633 3.84644722939
1464856991288 lifecam20 2555.5 3424.0 3.92699289322
1464856991359 lifecam20 2542.8347168 3442.42602539 4.00435495377
1464856991415 lifecam20 2528.48193359 3457.39428711 4.07627296448
1464856991490 lifecam20 2512.70825195 3471.60620117 4.15250205994
1464856991556 lifecam20 2496.48754883 3483.9465332 4.21976995468
1464856991626 lifecam20 2479.59423828 3496.36035156 4.29579544067
1464856991688 lifecam20 2460.93505859 3506.94091797 4.37477874756
1464856991758 lifecam20 2441.20825195 3515.89990234 4.44523668289
1464856991824 lifecam20 2421.48388672 3523.98144531 4.51723766327
1464856991883 lifecam20 2401.44824219 3529.76879883 4.59861707687
1464856991956 lifecam20 2380.703125 3533.66040039 4.65282011032
1464856992027 lifecam20 2361.25439453 3538.03271484 4.75420665741
1464856992082 lifecam20 2338.56152344 3538.73413086 4.81423187256
1464856992158 lifecam20 2316.74414062 3538.34741211 4.89089298248
1464856992224 lifecam20 2295.47851562 3536.77661133 4.96431732178
1464856992282 lifecam20 2274.18823242 3533.22412109 5.02701473236
1464856992357 lifecam20 2253.73608398 3529.07958984 5.10043716431
1464856992425 lifecam20 2234.34082031 3523.10571289 5.17174768448
1464856992492 lifecam20 2214.13305664 3514.78100586 5.25031042099
1464856992557 lifecam20 2194.45483398 3505.41748047 5.32177829742
1464856992624 lifecam20 2175.87768555 3494.70263672 5.40050411224
1464856992692 lifecam20 2158.17382812 3482.00976562 5.50283145905
1464856992749 lifecam20 2141.22290039 3469.20898438 5.5463719368
1464856992824 lifecam20 2126.01928711 3454.94628906 5.61313533783
1464856992892 lifecam20 2111.2421875 3439.96240234 5.70035076141
1464856992950 lifecam20 2097.46582031 3423.27514648 5.77330303192
1464856993024 lifecam20 2084.91894531 3405.61669922 5.85176181793
1464856993093 lifecam20 2074.40771484 3387.72558594 5.91494417191
1464856993161 lifecam20 2064.9909668 3368.37817383 5.98796272278
1464856993224 lifecam20 2056.74682617 3349.21240234 6.05729293823
1464856993293 lifecam20 2050.9296875 3329.578125 6.13472700119
1464856993361 lifecam20 2045.97338867 3308.98901367 6.2040104866
1464856993417 lifecam20 2043.40625 3287.5 6.26315164566
1464856993492 lifecam20 2040.18774414 3267.09594727 0.0722368359566
1464856993561 lifecam20 2039.11499023 3245.73339844 0.13998170197
1464856993618 lifecam20 2040.87451172 3225.09301758 0.212391197681
1464856993691 lifecam20 2043.59838867 3205.16943359 0.28755274415
1464856993761 lifecam20 2047.50683594 3184.93481445 0.365825593472
1464856993817 lifecam20 2053.34912109 3164.56201172 0.437110006809
1464856993892 lifecam20 2060.625 3144.20117188 0.497563928366
1464856993960 lifecam20 2069.73779297 3125.33813477 0.567334890366
1464856994028 lifecam20 2079.72314453 3106.70629883 0.651937961578
1464856994085 lifecam20 2090.83227539 3089.00561523 0.73049646616
1464856994160 lifecam20 2103.76318359 3072.52392578 0.825331032276
1464856994228 lifecam20 2117.30371094 3057.99926758 0.883823633194
1464856994286 lifecam20 2132.29833984 3042.92285156 0.962587535381
1464856994360 lifecam20 2148.97851562 3028.80493164 1.04094350338
1464856994428 lifecam20 2166.08544922 3016.65649414 1.10917663574
1464856994485 lifecam20 2184.20996094 3005.85839844 1.17624342442
1464856994560 lifecam20 2202.41113281 2996.86376953 1.25657331944
1464856994628 lifecam20 2221.42626953 2988.88012695 1.31994056702
1464856994696 lifecam20 2241.23291016 2982.22192383 1.40196025372
1464856994759 lifecam20 2263.15454102 2976.6730957 1.48178350925
1464856994828 lifecam20 2282.49951172 2972.49975586 1.57079637051
1464856994896 lifecam20 2304.74609375 2971.73974609 1.62061989307
1464856994954 lifecam20 2325.95532227 2970.98852539 1.69632399082
1464856995028 lifecam20 2347.48779297 2972.43115234 1.77450716496
1464856995096 lifecam20 2367.61328125 2975.16674805 1.84335148335
1464856995153 lifecam20 2388.734375 2979.38598633 1.9204736948
1464856995228 lifecam20 2409.63549805 2984.89257812 2.00311589241
1464856995295 lifecam20 2429.67700195 2991.484375 2.07641816139
1464856995354 lifecam20 2449.09814453 3000.3684082 2.15805268288
1464856995428 lifecam20 2468.15063477 3010.10766602 2.22655081749
1464856995496 lifecam20 2485.45898438 3021.04296875 2.3102543354
1464856995563 lifecam20 2501.92333984 3034.38012695 2.39382123947
1464856995622 lifecam20 2519.75488281 3048.40185547 2.46950793266
1464856995696 lifecam20 2534.95117188 3062.99438477 2.54366111755
1464856995764 lifecam20 2548.97949219 3079.22924805 2.60866308212
1464856995821 lifecam20 2561.8515625 3095.3137207 2.67615818977
1464856995896 lifecam20 2572.97680664 3113.48876953 2.75833106041
1464856995964 lifecam20 2582.56494141 3131.88061523 2.82365965843
1464856996022 lifecam20 2592.02416992 3151.73217773 2.90301537514
1464856996096 lifecam20 2599.39404297 3172.25195312 2.97723484039
1464856996164 lifecam20 2605.54174805 3192.74072266 3.05450320244
1464856996233 lifecam20 2609.49487305 3213.60424805 3.11166882515
1464856996290 lifecam20 2611.96044922 3234.4753418 3.21050024033
1464856996363 lifecam20 2612.44995117 3255.12475586 3.28568887711
1464856996432 lifecam20 2612.55029297 3276.24169922 3.36442184448
1464856996489 lifecam20 2610.35009766 3297.13647461 3.43443107605
1464856996564 lifecam20 2606.22290039 3318.55200195 3.50492525101
1464856996631 lifecam20 2601.15991211 3339.24804688 3.58656978607
1464856996690 lifecam20 2593.92431641 3358.7746582 3.6583108902
1464856996763 lifecam20 2585.69042969 3378.36328125 3.72006464005
1464856996831 lifecam20 2576.22021484 3396.34838867 3.80733466148
1464856996899 lifecam20 2564.41992188 3414.70019531 3.89073729515
1464856996964 lifecam20 2551.39672852 3432.07202148 3.98933315277
1464856997031 lifecam20 2537.98681641 3447.57373047 4.05132341385
1464856997099 lifecam20 2522.93457031 3462.3203125 4.11904382706
1464856997158 lifecam20 2507.13818359 3475.90039062 4.20420598984
1464856997231 lifecam20 2489.93017578 3488.32836914 4.26251840591
1464856997299 lifecam20 2472.26367188 3499.21386719 4.32414388657
1464856997358 lifecam20 2453.890625 3508.91333008 4.40378475189
1464856997431 lifecam20 2434.17944336 3517.39575195 4.47116136551
1464856997499 lifecam20 2413.63989258 3525.09912109 4.55810308456
1464856997557 lifecam20 2394.19091797 3530.02050781 4.63386535645
1464856997631 lifecam20 2372.38037109 3532.5 4.68636655807
1464856997699 lifecam20 2352.49951172 3536.0 4.79033374786
1464856997767 lifecam20 2330.546875 3536.66186523 4.83851909637
1464856997825 lifecam20 2308.33520508 3536.14575195 4.91805267334
1464856997899 lifecam20 2287.23461914 3533.57226562 4.98840236664
1464856997967 lifecam20 2265.99414062 3529.35327148 5.0614771843
1464856998026 lifecam20 2245.77368164 3524.52490234 5.13455438614
1464856998099 lifecam20 2226.28857422 3517.20751953 5.21165370941
1464856998167 lifecam20 2206.625 3509.04052734 5.27979373932
1464856998226 lifecam20 2188.10131836 3499.05029297 5.3521733284
1464856998299 lifecam20 2169.22631836 3487.85913086 5.43557500839
1464856998367 lifecam20 2151.26293945 3474.92724609 5.50616645813
1464856998435 lifecam20 2134.87329102 3461.76098633 5.57869625092
1464856998494 lifecam20 2120.41357422 3446.34936523 5.65938854218
1464856998567 lifecam20 2106.52978516 3431.25415039 5.72716188431
1464856998635 lifecam20 2093.05664062 3413.72143555 5.80683851242
1464856998694 lifecam20 2081.58447266 3396.05004883 5.87481880188
1464856998767 lifecam20 2071.32763672 3376.82763672 5.945084095
1464856998835 lifecam20 2062.43554688 3358.20996094 6.01240873337
1464856998893 lifecam20 2055.15673828 3338.67749023 6.08895921707
1464856998967 lifecam20 2049.66992188 3318.38061523 6.15385341644
1464856999035 lifecam20 2045.08935547 3298.40405273 6.23292922974
1464856999094 lifecam20 2043.49853516 3277.20605469 0.0295153278857
1464856999160 lifecam20 2041.0 3255.99975586 0.0941326096654
1464856999235 lifecam20 2040.58007812 3234.91967773 0.184716880322
1464856999303 lifecam20 2042.36083984 3214.38891602 0.246042311192
1464856999361 lifecam20 2045.96362305 3193.48413086 0.312821090221
1464856999435 lifecam20 2050.49511719 3174.08251953 0.377764642239
1464856999503 lifecam20 2057.66552734 3152.68725586 0.455239117146
1464856999561 lifecam20 2064.9128418 3134.08618164 0.529161036015
1464856999635 lifecam20 2074.19946289 3114.99780273 0.603750765324
1464856999702 lifecam20 2084.84741211 3096.99316406 0.68316924572
1464856999761 lifecam20 2096.56640625 3079.71069336 0.739528357983
1464856999835 lifecam20 2110.14648438 3064.1887207 0.842844307423
1464856999903 lifecam20 2123.75830078 3049.36083984 0.917345643044
1464856999971 lifecam20 2139.2746582 3034.28588867 0.983999669552
1464857000029 lifecam20 2156.34399414 3021.22558594 1.0571615696
1464857000103 lifecam20 2173.47924805 3009.57763672 1.13190245628
1464857000171 lifecam20 2191.57373047 2999.32397461 1.21484863758
1464857000228 lifecam20 2210.50097656 2990.33154297 1.27672111988
1464857000303 lifecam20 2229.66894531 2983.07128906 1.3548694849
1464857000371 lifecam20 2249.79907227 2977.25219727 1.42528140545
1464857000429 lifecam20 2271.35400391 2972.14941406 1.4955919981
1464857000503 lifecam20 2289.75219727 2970.05078125 1.57078826427
1464857000571 lifecam20 2313.27758789 2968.07519531 1.65745031834
1464857000628 lifecam20 2334.55297852 2967.60083008 1.72697031498
1464857000696 lifecam20 2355.75097656 2969.33447266 1.78997910023
1464857000771 lifecam20 2376.1237793 2972.11083984 1.86482393742
1464857000839 lifecam20 2396.77539062 2977.03320312 1.93949472904
1464857000896 lifecam20 2417.47558594 2982.78125 2.01787781715
1464857000971 lifecam20 2437.08203125 2990.33642578 2.09876680374
1464857001039 lifecam20 2457.0546875 2999.20141602 2.16439819336
1464857001096 lifecam20 2475.17797852 3009.63598633 2.2428290844
1464857001170 lifecam20 2492.4230957 3021.32763672 2.32153964043
1464857001240 lifecam20 2509.30175781 3034.54638672 2.40333914757
1464857001296 lifecam20 2525.73999023 3048.87719727 2.48572635651
1464857001364 lifecam20 2540.80371094 3063.95874023 2.5579226017
1464857001438 lifecam20 2554.70654297 3079.76806641 2.63690876961
1464857001507 lifecam20 2567.21191406 3097.11279297 2.70306348801
1464857001564 lifecam20 2578.11767578 3114.97094727 2.77344298363
1464857001638 lifecam20 2587.3815918 3133.4387207 2.83692288399
1464857001707 lifecam20 2596.36499023 3153.36523438 2.9054005146
1464857001765 lifecam20 2603.73046875 3173.96972656 2.99910092354
1464857001838 lifecam20 2608.94775391 3193.90307617 3.06576943398
1464857001907 lifecam20 2611.49951172 3215.80126953 3.16396665573
1464857001964 lifecam20 2615.34790039 3235.66064453 3.22410011292
1464857002039 lifecam20 2616.11645508 3256.40307617 3.30386543274
1464857002106 lifecam20 2614.70361328 3277.33886719 3.36614942551
1464857002175 lifecam20 2611.51367188 3299.30786133 3.4474105835
1464857002232 lifecam20 2608.43359375 3320.06396484 3.53151607513
1464857002306 lifecam20 2603.91845703 3339.76928711 3.61585092545
1464857002375 lifecam20 2595.21313477 3359.83178711 3.6844625473
1464857002432 lifecam20 2585.93774414 3378.80053711 3.73996543884
1464857002506 lifecam20 2576.69335938 3396.42089844 3.82960152626
1464857002575 lifecam20 2564.96044922 3414.5390625 3.90730619431
1464857002631 lifecam20 2550.97265625 3431.71948242 3.99193167686
1464857002706 lifecam20 2536.69897461 3447.25317383 4.07110261917
1464857002774 lifecam20 2521.72436523 3461.63793945 4.13751649857
1464857002832 lifecam20 2504.87670898 3475.12866211 4.21190500259
1464857002899 lifecam20 2488.19238281 3486.05664062 4.26925945282
1464857002974 lifecam20 2470.00878906 3496.83496094 4.35478973389
1464857003042 lifecam20 2450.40234375 3506.34594727 4.42342281342
1464857003100 lifecam20 2431.33251953 3514.69140625 4.50297546387
1464857003174 lifecam20 2410.98657227 3521.71386719 4.58715867996
1464857003243 lifecam20 2390.32495117 3526.20703125 4.66099071503
1464857003299 lifecam20 2369.99951172 3530.22192383 4.7324461937
1464857003374 lifecam20 2348.69042969 3530.43530273 4.78555822372
1464857003442 lifecam20 2326.48803711 3531.31323242 4.86539411545
1464857003500 lifecam20 2305.20800781 3530.37939453 4.94226264954
1464857003567 lifecam20 2284.0703125 3527.12939453 5.02593135834
1464857003642 lifecam20 2262.90136719 3522.95214844 5.08876943588
1464857003711 lifecam20 2242.07226562 3517.08325195 5.15681219101
1464857003768 lifecam20 2223.02148438 3508.86450195 5.23356246948
1464857003841 lifecam20 2203.75512695 3500.12646484 5.30662298203
1464857003911 lifecam20 2184.99829102 3489.87158203 5.37964773178
1464857003967 lifecam20 2166.54858398 3478.43041992 5.44790410995
1464857004042 lifecam20 2149.22143555 3465.29296875 5.53873109818
1464857004110 lifecam20 2133.92675781 3451.13232422 5.6265630722
1464857004168 lifecam20 2119.03955078 3436.17114258 5.68863725662
1464857004241 lifecam20 2105.54174805 3420.1328125 5.75886487961
1464857004310 lifecam20 2093.49975586 3403.0 5.82192754745
1464857004367 lifecam20 2081.8347168 3384.484375 5.89984893799
1464857004435 lifecam20 2071.7121582 3366.11694336 5.97613477707
1464857004509 lifecam20 2063.70288086 3346.5715332 6.05421209335
1464857004579 lifecam20 2056.64477539 3325.89868164 6.10608768463
1464857004635 lifecam20 2051.67675781 3306.16162109 6.17374944687
1464857004709 lifecam20 2047.36181641 3286.18896484 6.24243068695
1464857004778 lifecam20 2045.23120117 3264.54516602 0.0323812402785
1464857004836 lifecam20 2044.28735352 3243.84643555 0.134435117245
1464857004909 lifecam20 2044.92700195 3222.49462891 0.19885930419
1464857004978 lifecam20 2047.46704102 3201.9675293 0.264359623194
1464857005035 lifecam20 2051.43164062 3181.82250977 0.334012836218
1464857005103 lifecam20 2056.54663086 3161.98242188 0.403795748949
1464857005177 lifecam20 2063.26025391 3141.36816406 0.467420011759
1464857005246 lifecam20 2071.43945312 3122.06225586 0.553905963898
1464857005303 lifecam20 2080.83984375 3104.03588867 0.628306031227
1464857005381 lifecam20 2091.88793945 3085.81567383 0.706199288368
1464857005445 lifecam20 2104.13916016 3069.95800781 0.797489464283
1464857005504 lifecam20 2118.25390625 3053.29248047 0.857449114323
1464857005577 lifecam20 2132.47070312 3038.8293457 0.91899138689
1464857005646 lifecam20 2148.8515625 3024.61621094 1.00806808472
1464857005702 lifecam20 2165.3671875 3012.1887207 1.07767510414
1464857005771 lifecam20 2183.19287109 3000.36083984 1.15758264065
1464857005845 lifecam20 2201.92553711 2990.89160156 1.22433185577
1464857005904 lifecam20 2220.68847656 2982.5144043 1.30675768852
1464857005970 lifecam20 2240.14013672 2975.79858398 1.37095618248
1464857006045 lifecam20 2260.99462891 2970.23242188 1.44381308556
1464857006113 lifecam20 2282.28076172 2965.49975586 1.56529128551
1464857006171 lifecam20 2303.62597656 2964.85595703 1.59039461613
1464857006244 lifecam20 2324.64648438 2962.57861328 1.68189394474
1464857006314 lifecam20 2346.18847656 2963.05078125 1.75257217884
1464857006371 lifecam20 2366.67456055 2965.30957031 1.81339848042
1464857006445 lifecam20 2386.59619141 2969.1105957 1.88248741627
1464857006514 lifecam20 2408.07495117 2974.24487305 1.97300541401
1464857006571 lifecam20 2428.29663086 2980.48486328 2.05981111526
1464857006638 lifecam20 2448.09765625 2988.9128418 2.12568497658
1464857006713 lifecam20 2467.27441406 2998.46655273 2.2033996582
1464857006781 lifecam20 2485.68603516 3009.36279297 2.27058815956
1464857006844 lifecam20 2502.80004883 3020.92260742 2.3891377449
1464857006914 lifecam20 2519.05175781 3034.88989258 2.44793152809
1464857006981 lifecam20 2535.09790039 3049.34277344 2.51513266563
1464857007039 lifecam20 2549.17553711 3065.13720703 2.58423471451
1464857007181 lifecam20 2574.78613281 3099.63867188 2.73197054863
1464857007238 lifecam20 2585.32324219 3117.8671875 2.8087079525
1464857007307 lifecam20 2593.78735352 3136.86694336 2.86883807182
1464857007380 lifecam20 2601.96777344 3156.2800293 2.95218205452
1464857007439 lifecam20 2608.60498047 3176.98974609 3.02426075935
1464857007506 lifecam20 2612.79052734 3196.5 3.12038111687
1464857007573 lifecam20 2617.16113281 3218.0559082 3.17453336716
1464857007648 lifecam20 2617.97998047 3239.52832031 3.25816059113
1464857007707 lifecam20 2617.88769531 3260.48022461 3.3252120018
1464857007779 lifecam20 2616.19628906 3281.10522461 3.39993143082
1464857007850 lifecam20 2612.87646484 3302.45385742 3.47954463959
1464857007906 lifecam20 2608.20800781 3323.0390625 3.55464696884
1464857007977 lifecam20 2602.28100586 3343.76879883 3.64152765274
1464857008050 lifecam20 2594.5378418 3362.74194336 3.70819544792
1464857008107 lifecam20 2584.73657227 3381.92700195 3.76969337463
1464857008174 lifecam20 2574.4128418 3399.55444336 3.83939123154
1464857008249 lifecam20 2562.49951172 3416.99975586 3.92699217796
1464857008316 lifecam20 2548.36547852 3433.38183594 4.0100736618
1464857008374 lifecam20 2533.4609375 3449.53393555 4.1053481102
1464857008449 lifecam20 2517.68798828 3462.99023438 4.16524124146
1464857008517 lifecam20 2501.81787109 3476.72265625 4.23101234436
1464857008573 lifecam20 2483.984375 3487.18334961 4.30844926834
1464857008642 lifecam20 2466.48144531 3497.47485352 4.38574457169
1464857008717 lifecam20 2447.11694336 3506.10839844 4.44063472748
1464857008775 lifecam20 2427.23168945 3513.94042969 4.52441883087
1464857008841 lifecam20 2406.23364258 3520.1784668 4.60378170013
1464857008916 lifecam20 2385.41918945 3524.90673828 4.6794500351
1464857008984 lifecam20 2363.0 3526.58959961 4.72948551178
1464857009042 lifecam20 2343.95629883 3527.68286133 4.81007146835
1464857009115 lifecam20 2321.73291016 3528.28735352 4.89430809021
1464857009185 lifecam20 2300.51904297 3526.40185547 4.95786905289
1464857009242 lifecam20 2279.13183594 3523.06201172 5.04397010803
1464857009316 lifecam20 2258.51782227 3517.81347656 5.11446428299
1464857009384 lifecam20 2237.21655273 3511.609375 5.18330001831
1464857009442 lifecam20 2219.15161133 3503.57568359 5.25113296509
1464857009509 lifecam20 2200.13500977 3494.2121582 5.33148622513
1464857009586 lifecam20 2181.56201172 3483.6706543 5.39839601517
1464857009642 lifecam20 2162.51318359 3472.01293945 5.48341655731
1464857009710 lifecam20 2146.10375977 3458.42382812 5.56982898712
1464857009783 lifecam20 2130.88818359 3443.50756836 5.64601612091
1464857009853 lifecam20 2117.28442383 3428.32348633 5.70411634445
1464857009910 lifecam20 2103.88525391 3411.46459961 5.76731061935
1464857009984 lifecam20 2091.65698242 3394.16894531 5.8533821106
1464857010052 lifecam20 2080.28564453 3375.85986328 5.91975784302
1464857010111 lifecam20 2071.31298828 3356.95385742 5.99135780334
1464857010179 lifecam20 2063.03881836 3337.39624023 6.06263494492
1464857010254 lifecam20 2056.95043945 3317.27734375 6.13226461411
1464857010309 lifecam20 2051.61523438 3296.9465332 6.21834468842
1464857010378 lifecam20 2048.0 3277.0 6.28318500519
1464857010452 lifecam20 2046.43603516 3255.2980957 0.0703149437904
1464857010521 lifecam20 2045.77758789 3234.18798828 0.142353832722
1464857010577 lifecam20 2047.49267578 3213.47021484 0.213565528393
1464857010654 lifecam20 2050.12695312 3192.10375977 0.285648554564
1464857010719 lifecam20 2054.80053711 3172.57128906 0.360076963902
1464857010782 lifecam20 2060.28027344 3152.25317383 0.427690088749
1464857010845 lifecam20 2067.02099609 3132.95825195 0.512891471386
1464857010922 lifecam20 2075.53759766 3114.20092773 0.585178613663
1464857010978 lifecam20 2086.52124023 3095.54418945 0.647880494595
1464857011046 lifecam20 2097.92822266 3077.81738281 0.729426562786
1464857011120 lifecam20 2110.02563477 3061.44189453 0.82170343399
1464857011179 lifecam20 2124.54614258 3046.07958984 0.884790420532
1464857011245 lifecam20 2138.91503906 3031.76269531 0.95253688097
1464857011321 lifecam20 2155.09521484 3017.87670898 1.01872467995
1464857011445 lifecam20 2190.9296875 2994.49316406 1.1874614954
1464857011521 lifecam20 2209.66845703 2985.2800293 1.2507237196
1464857011588 lifecam20 2229.24804688 2977.3125 1.32920837402
1464857011645 lifecam20 2248.71850586 2971.43896484 1.40304887295
1464857011714 lifecam20 2269.67626953 2966.37817383 1.46703076363
1464857011789 lifecam20 2289.49975586 2963.90869141 1.54906213284
1464857011845 lifecam20 2311.67919922 2960.15551758 1.62812912464
1464857011914 lifecam20 2333.14453125 2959.77539062 1.7066732645
1464857011988 lifecam20 2354.74902344 2961.27563477 1.78374159336
1464857012057 lifecam20 2375.41455078 2963.72192383 1.84742701054
1464857012113 lifecam20 2395.06494141 2967.85498047 1.91934216022
1464857012189 lifecam20 2415.97363281 2973.97460938 1.99117147923
1464857012256 lifecam20 2436.52661133 2981.16162109 2.08119487762
1464857012313 lifecam20 2456.62597656 2990.17260742 2.14587426186
1464857012382 lifecam20 2475.39550781 3000.04150391 2.22317433357
1464857012457 lifecam20 2493.3527832 3011.45727539 2.30034279823
1464857012513 lifecam20 2510.20166016 3023.86767578 2.39813518524
1464857012581 lifecam20 2526.09350586 3037.38916016 2.46622633934
1464857012656 lifecam20 2541.23193359 3052.59228516 2.55493950844
1464857012714 lifecam20 2555.38452148 3069.02807617 2.62310361862
1464857012781 lifecam20 2568.69824219 3086.26196289 2.69285655022
1464857012856 lifecam20 2580.06982422 3104.36914062 2.76951861382
1464857012924 lifecam20 2590.12817383 3122.4543457 2.85095381737
1464857012982 lifecam20 2597.77050781 3141.47338867 2.90724778175
1464857013048 lifecam20 2605.20825195 3161.79199219 2.99374318123
1464857013124 lifecam20 2611.31396484 3182.76489258 3.0834043026
1464857013181 lifecam20 2615.23999023 3203.5 3.1368200779
1464857013249 lifecam20 2617.61035156 3224.28613281 3.20217561722
1464857013324 lifecam20 2618.67797852 3245.74511719 3.28282117844
1464857013382 lifecam20 2617.58349609 3266.13037109 3.35503005981
1464857013448 lifecam20 2615.59716797 3287.04418945 3.43486595154
1464857013525 lifecam20 2612.12939453 3308.13476562 3.50537919998
1464857013590 lifecam20 2606.71630859 3328.31933594 3.58026361465
1464857013650 lifecam20 2600.11767578 3348.4453125 3.66326165199
1464857013722 lifecam20 2591.109375 3368.41162109 3.73019766808
1464857013792 lifecam20 2582.19311523 3385.80004883 3.79713797569
1464857013850 lifecam20 2570.70263672 3403.56640625 3.86885905266
1464857013918 lifecam20 2558.60302734 3420.29492188 3.93895220757
1464857013992 lifecam20 2544.13964844 3436.75073242 4.03169155121
1464857014050 lifecam20 2529.25195312 3452.32519531 4.09537696838
1464857014116 lifecam20 2513.57250977 3465.71362305 4.17341375351
1464857014192 lifecam20 2496.11401367 3478.60107422 4.25093364716
1464857014259 lifecam20 2479.21362305 3489.14428711 4.32951211929
1464857014318 lifecam20 2461.11450195 3498.96728516 4.4011297226
1464857014391 lifecam20 2441.63989258 3507.49047852 4.47438049316
1464857014459 lifecam20 2421.18164062 3514.39404297 4.53899478912
1464857014516 lifecam20 2400.59228516 3520.20117188 4.62111520767
1464857014586 lifecam20 2379.38037109 3525.49975586 4.68636703491
1464857014659 lifecam20 2359.12158203 3526.90063477 4.76694488525
1464857014718 lifecam20 2338.28100586 3527.0769043 4.82771492004
1464857014784 lifecam20 2316.73022461 3527.26049805 4.91191673279
1464857014860 lifecam20 2295.07128906 3524.68237305 4.97635889053
1464857014916 lifecam20 2274.01513672 3520.60449219 5.05712032318
1464857014985 lifecam20 2253.48535156 3515.25927734 5.12013292313
1464857015059 lifecam20 2233.36474609 3508.65551758 5.20512390137
1464857015127 lifecam20 2214.32641602 3500.89648438 5.25483179092
1464857015186 lifecam20 2195.98681641 3491.78833008 5.33619117737
1464857015254 lifecam20 2177.31298828 3480.56323242 5.41086530685
1464857015327 lifecam20 2159.02172852 3468.48852539 5.49861526489
1464857015386 lifecam20 2142.4609375 3455.0222168 5.55604505539
1464857015452 lifecam20 2126.97021484 3440.90820312 5.64054298401
1464857015527 lifecam20 2112.72949219 3425.18383789 5.70580673218
1464857015584 lifecam20 2100.07739258 3408.80029297 5.77959156036
1464857015653 lifecam20 2087.68237305 3391.35766602 5.8427696228
1464857015728 lifecam20 2077.50634766 3372.42016602 5.91804981232
1464857015795 lifecam20 2068.00268555 3353.47094727 5.98362731934
1464857015852 lifecam20 2059.81518555 3334.30395508 6.05664730072
1464857015921 lifecam20 2053.50878906 3314.22241211 6.1358332634
1464857015995 lifecam20 2048.6171875 3294.44995117 6.2055273056
1464857016053 lifecam20 2044.49975586 3273.5 1.25566600673e-06
1464857016121 lifecam20 2043.45483398 3252.89697266 0.0528962090611
1464857016253 lifecam20 2044.21728516 3210.43652344 0.212183877826
1464857016322 lifecam20 2046.62792969 3190.27148438 0.288955152035
1464857016395 lifecam20 2050.87646484 3169.97436523 0.348162591457
1464857016452 lifecam20 2056.64477539 3150.74169922 0.416885793209
1464857016523 lifecam20 2063.50073242 3131.2019043 0.500522911549
1464857016593 lifecam20 2072.54736328 3111.30273438 0.564270853996
1464857016663 lifecam20 2082.46484375 3093.12695312 0.639142930508
1464857016720 lifecam20 2093.68579102 3075.29638672 0.716609477997
1464857016791 lifecam20 2105.75 3058.24975586 0.785398840904
1464857016861 lifecam20 2119.94335938 3043.32519531 0.878381311893
1464857016921 lifecam20 2134.22558594 3029.04638672 0.946439266205
1464857016989 lifecam20 2150.03710938 3015.19384766 1.02252244949
1464857017062 lifecam20 2167.18676758 3002.28051758 1.09520423412
1464857017120 lifecam20 2185.7722168 2991.1887207 1.1656819582
1464857017190 lifecam20 2203.89404297 2982.11157227 1.23972558975
1464857017260 lifecam20 2223.07446289 2973.53027344 1.31928515434
1464857017331 lifecam20 2242.72827148 2967.7878418 1.38084769249
1464857017388 lifecam20 2263.23266602 2961.59155273 1.4641469717
1464857017457 lifecam20 2283.44677734 2958.24951172 1.54930078983
1464857017529 lifecam20 2304.16162109 2955.62939453 1.62269747257
1464857017589 lifecam20 2326.76513672 2954.45166016 1.67200815678
1464857017655 lifecam20 2348.36523438 2955.29492188 1.7477632761
1464857017730 lifecam20 2368.39648438 2957.40161133 1.82079136372
1464857017788 lifecam20 2388.87304688 2961.20336914 1.89387905598
1464857017858 lifecam20 2409.45507812 2966.54492188 1.97288715839
1464857017930 lifecam20 2429.95019531 2972.72509766 2.04283642769
1464857017989 lifecam20 2450.04418945 2981.65258789 2.11991000175
1464857018055 lifecam20 2469.04296875 2990.74487305 2.20316815376
1464857018127 lifecam20 2487.47705078 3001.69555664 2.27080607414
1464857018198 lifecam20 2504.69775391 3014.44970703 2.34685254097
1464857018257 lifecam20 2521.07666016 3026.4934082 2.43759202957
1464857018323 lifecam20 2536.4519043 3042.1394043 2.51319980621
1464857018399 lifecam20 2550.70410156 3057.55175781 2.5790412426
1464857018456 lifecam20 2563.95947266 3074.578125 2.65791606903
1464857018525 lifecam20 2576.44775391 3092.1628418 2.73491859436
1464857018598 lifecam20 2586.76953125 3110.19482422 2.80764555931
1464857018657 lifecam20 2595.67211914 3128.75610352 2.87096095085
1464857018723 lifecam20 2603.17211914 3148.41357422 2.95739531517
1464857018799 lifecam20 2609.87768555 3169.16674805 3.01979136467
1464857018865 lifecam20 2614.54956055 3189.5 3.11077713966
1464857018925 lifecam20 2618.5 3210.49975586 3.14159178734
1464857018992 lifecam20 2619.67236328 3231.88305664 3.25762844086
1464857019067 lifecam20 2619.61474609 3252.54418945 3.31945753098
1464857019124 lifecam20 2618.18212891 3273.03637695 3.40025281906
1464857019193 lifecam20 2614.99975586 3294.5 3.46113491058
1464857019266 lifecam20 2610.51318359 3315.33374023 3.54021644592
1464857019325 lifecam20 2604.17675781 3336.05957031 3.62440729141
1464857019391 lifecam20 2596.52734375 3355.0859375 3.70432853699
1464857019467 lifecam20 2587.35180664 3373.71020508 3.77107286453
1464857019524 lifecam20 2576.92919922 3391.32519531 3.8396487236
1464857019592 lifecam20 2564.25512695 3408.24487305 3.90442323685
1464857019661 lifecam20 2551.45141602 3425.51391602 4.00933456421
1464857019734 lifecam20 2537.12646484 3441.34399414 4.08857011795
1464857019792 lifecam20 2521.89355469 3455.71386719 4.15260839462
1464857019861 lifecam20 2505.33764648 3468.56665039 4.22209072113
1464857019933 lifecam20 2488.05737305 3480.22729492 4.30363607407
1464857019993 lifecam20 2470.0300293 3490.10961914 4.36942434311
1464857020059 lifecam20 2450.86181641 3499.80175781 4.43374824524
1464857020134 lifecam20 2431.33276367 3507.69189453 4.50297498703
1464857020191 lifecam20 2410.7265625 3514.07397461 4.59546804428
1464857020260 lifecam20 2390.63867188 3518.84277344 4.66490364075
1464857020330 lifecam20 2369.99975586 3521.64331055 4.74533367157
1464857020401 lifecam20 2348.99145508 3522.93408203 4.7968006134
1464857020459 lifecam20 2327.01074219 3523.25488281 4.88283157349
1464857020529 lifecam20 2305.2746582 3521.55126953 4.94803380966
1464857020601 lifecam20 2284.20019531 3518.72070312 5.02273321152
1464857020661 lifecam20 2263.61694336 3514.09985352 5.0915646553
1464857020727 lifecam20 2243.12451172 3507.56738281 5.16216945648
1464857020802 lifecam20 2223.7043457 3500.9921875 5.23624706268
1464857020859 lifecam20 2204.92578125 3491.51855469 5.30481290817
1464857020928 lifecam20 2186.20581055 3481.05249023 5.38313436508
1464857021000 lifecam20 2168.22680664 3469.46191406 5.46961355209
1464857021068 lifecam20 2150.48217773 3456.05834961 5.54512929916
1464857021127 lifecam20 2134.79052734 3442.72143555 5.61327981949
1464857021198 lifecam20 2119.89233398 3427.47875977 5.67897081375
1464857021269 lifecam20 2106.60839844 3411.35620117 5.74478721619
1464857021328 lifecam20 2094.39135742 3394.78735352 5.8290438652
1464857021395 lifecam20 2083.03759766 3375.70410156 5.90457630157
1464857021469 lifecam20 2073.7265625 3357.23950195 5.97578716278
1464857021527 lifecam20 2064.86132812 3337.92163086 6.04098033905
1464857021596 lifecam20 2058.01098633 3318.28540039 6.11451244354
1464857021668 lifecam20 2052.43334961 3298.4765625 6.17820549011
1464857021728 lifecam20 2049.25976562 3277.45751953 6.24341487885
1464857021795 lifecam20 2045.67749023 3256.85083008 0.0351299643517
1464857021864 lifecam20 2045.20678711 3235.51538086 0.118458092213
1464857021935 lifecam20 2046.09082031 3214.22924805 0.18997593224
1464857021996 lifecam20 2047.74169922 3194.01245117 0.259826123714
1464857022063 lifecam20 2051.70458984 3174.02416992 0.333970993757
1464857022136 lifecam20 2056.87304688 3154.20703125 0.408716142178
1464857022195 lifecam20 2063.33642578 3134.21777344 0.463636487722
1464857022264 lifecam20 2071.66333008 3114.6953125 0.546303093433
1464857022335 lifecam20 2081.36450195 3095.57861328 0.623016119003
1464857022396 lifecam20 2092.0769043 3078.14794922 0.694825947285
1464857022463 lifecam20 2104.56982422 3061.56103516 0.752539336681
1464857022532 lifecam20 2117.62597656 3044.86621094 0.851293027401
1464857022603 lifecam20 2132.26318359 3030.77880859 0.919036507607
1464857022665 lifecam20 2147.77978516 3016.8815918 0.988585948944
1464857022731 lifecam20 2164.40136719 3003.54516602 1.07829380035
1464857022804 lifecam20 2182.30566406 2992.42114258 1.15354716778
1464857022863 lifecam20 2200.39550781 2982.24584961 1.21592438221
1464857022932 lifecam20 2219.45629883 2973.79711914 1.29632663727
1464857023003 lifecam20 2238.78271484 2966.89379883 1.35068368912
1464857023064 lifecam20 2258.796875 2960.23901367 1.442532897
1464857023131 lifecam20 2279.74804688 2956.5234375 1.49502182007
1464857023204 lifecam20 2302.84423828 2951.68554688 1.59338486195
1464857023263 lifecam20 2321.80175781 2952.3059082 1.64938414097
1464857023332 lifecam20 2343.9362793 2952.51513672 1.73970758915
1464857023399 lifecam20 2364.51660156 2954.20532227 1.80542528629
1464857023472 lifecam20 2385.01025391 2958.17431641 1.87206757069
1464857023531 lifecam20 2405.43554688 2962.16650391 1.94694006443
1464857023600 lifecam20 2425.37792969 2967.51953125 2.03146386147
1464857023671 lifecam20 2445.71704102 2976.51293945 2.09840106964
1464857023732 lifecam20 2465.47607422 2985.67773438 2.18284320831
1464857023799 lifecam20 2484.01904297 2996.26782227 2.25874018669
1464857023872 lifecam20 2500.07666016 3007.1574707 2.33272910118
1464857023931 lifecam20 2517.41699219 3021.42578125 2.41946911812
1464857024000 lifecam20 2533.58544922 3035.55151367 2.48828911781
1464857024068 lifecam20 2548.3449707 3050.85131836 2.57390022278
1464857024140 lifecam20 2562.12719727 3067.73144531 2.65018415451
1464857024199 lifecam20 2574.5234375 3084.91967773 2.71726346016
1464857024268 lifecam20 2585.50585938 3103.24487305 2.79402852058
1464857024339 lifecam20 2594.31298828 3121.71630859 2.84928774834
1464857024400 lifecam20 2602.51635742 3141.31494141 2.93793416023
1464857024467 lifecam20 2609.56689453 3162.07495117 3.00035023689
1464857024540 lifecam20 2614.77685547 3182.49975586 3.10769486427
1464857024599 lifecam20 2618.49975586 3203.5 3.14159297943
1464857024668 lifecam20 2620.32177734 3224.55957031 3.24573993683
1464857024735 lifecam20 2620.23828125 3245.65161133 3.31374120712
1464857024800 lifecam20 2618.63720703 3265.9609375 3.39349317551
1464857024867 lifecam20 2616.29663086 3287.52807617 3.45709753036
1464857024936 lifecam20 2612.0715332 3308.30200195 3.54029130936
1464857025006 lifecam20 2606.05859375 3329.57641602 3.62191581726
1464857025068 lifecam20 2598.57348633 3348.34790039 3.68457341194
1464857025134 lifecam20 2588.89160156 3367.53759766 3.76733970642
1464857025207 lifecam20 2579.00976562 3385.32299805 3.82508993149
1464857025267 lifecam20 2568.70922852 3403.70263672 3.9023911953
1464857025335 lifecam20 2554.16455078 3419.57299805 4.00435781479
1464857025402 lifecam20 2540.18310547 3434.96826172 4.07285690308
1464857025468 lifecam20 2524.2109375 3449.55834961 4.14972448349
1464857025535 lifecam20 2507.9519043 3462.57788086 4.20962285995
1464857025604 lifecam20 2490.29980469 3474.4753418 4.27669143677
1464857025674 lifecam20 2472.78613281 3484.62426758 4.35846853256
1464857025736 lifecam20 2453.70507812 3494.28662109 4.42373752594
1464857025802 lifecam20 2434.58105469 3501.70703125 4.50368690491
1464857025875 lifecam20 2413.91088867 3509.01757812 4.58275651932
1464857025935 lifecam20 2393.7722168 3512.88769531 4.65276765823
1464857026004 lifecam20 2372.27148438 3517.19433594 4.7110748291
1464857026074 lifecam20 2351.86962891 3518.05175781 4.80078601837
1464857026136 lifecam20 2330.55224609 3517.85644531 4.86243724823
1464857026202 lifecam20 2308.19628906 3516.94482422 4.94141769409
1464857026272 lifecam20 2287.55029297 3514.29492188 5.02237081528
1464857026342 lifecam20 2266.79296875 3509.85107422 5.08689928055
1464857026404 lifecam20 2246.52514648 3504.25317383 5.1437959671
1464857026470 lifecam20 2227.13232422 3496.69921875 5.23296022415
1464857026544 lifecam20 2207.91308594 3487.42114258 5.29264640808
1464857026603 lifecam20 2189.37402344 3477.81811523 5.37161064148
1464857026671 lifecam20 2171.41137695 3466.03344727 5.4416437149
1464857026742 lifecam20 2153.51025391 3453.72875977 5.53758096695
1464857026804 lifecam20 2137.42285156 3439.44677734 5.59361028671
1464857026870 lifecam20 2122.83105469 3424.38769531 5.66682624817
1464857026941 lifecam20 2109.18041992 3408.92407227 5.73816776276
1464857027002 lifecam20 2096.31958008 3391.27124023 5.80259370804
1464857027072 lifecam20 2085.09106445 3373.82666016 5.88505029678
1464857027139 lifecam20 2074.82788086 3354.33666992 5.95756912231
1464857027210 lifecam20 2066.11279297 3335.69604492 6.03009557724
1464857027270 lifecam20 2059.44311523 3315.94165039 6.10105800629
1464857027340 lifecam20 2053.29492188 3295.81933594 6.17073106766
1464857027409 lifecam20 2050.07080078 3275.55444336 6.23825359344
1464857027472 lifecam20 2045.71606445 3255.22241211 0.0410302318633
1464857027539 lifecam20 2045.41210938 3233.81542969 0.106037795544
1464857027609 lifecam20 2045.32202148 3212.6784668 0.181071847677
1464857027670 lifecam20 2047.80322266 3191.83520508 0.247289225459
1464857027740 lifecam20 2051.30737305 3171.9362793 0.317875444889
1464857027807 lifecam20 2056.15869141 3151.47338867 0.390406787395
1464857027879 lifecam20 2063.38647461 3130.69311523 0.461262077093
1464857027938 lifecam20 2070.82861328 3111.78979492 0.540949523449
1464857028007 lifecam20 2079.94140625 3093.32617188 0.609236776829
1464857028079 lifecam20 2090.49536133 3075.14697266 0.685093522072
1464857028140 lifecam20 2102.76416016 3057.97875977 0.757464706898
1464857028206 lifecam20 2116.01074219 3042.08154297 0.84297811985
1464857028279 lifecam20 2130.28808594 3026.99902344 0.914469540119
1464857028338 lifecam20 2145.66455078 3013.50610352 0.994251310825
1464857028407 lifecam20 2162.45458984 3000.31079102 1.06595778465
1464857028476 lifecam20 2180.08837891 2988.39282227 1.1349542141
1464857028539 lifecam20 2198.67700195 2978.30126953 1.225061059
1464857028606 lifecam20 2218.20874023 2970.00317383 1.28881466389
1464857028675 lifecam20 2236.91845703 2962.39379883 1.36013531685
1464857028745 lifecam20 2256.94360352 2957.08422852 1.43551969528
1464857028807 lifecam20 2278.35742188 2952.09619141 1.50350439548
1464857028874 lifecam20 2296.97558594 2951.49975586 1.57994997501
1464857028946 lifecam20 2320.98144531 2948.20849609 1.6563564539
1464857029006 lifecam20 2342.35864258 2948.21020508 1.73374664783
1464857029075 lifecam20 2363.16894531 2950.17138672 1.80727684498
1464857029142 lifecam20 2383.40039062 2953.63525391 1.873726964
1464857029207 lifecam20 2403.56884766 2958.14916992 1.95164978504
1464857029274 lifecam20 2424.0546875 2963.11206055 2.03094482422
1464857029343 lifecam20 2444.26733398 2972.17749023 2.10765099525
1464857029412 lifecam20 2463.97753906 2981.14086914 2.18574953079
1464857029475 lifecam20 2482.66796875 2992.27392578 2.25955343246
1464857029542 lifecam20 2501.4609375 3004.66967773 2.32595825195
1464857029614 lifecam20 2516.87207031 3017.13232422 2.40989398956
1464857029674 lifecam20 2532.46655273 3031.87255859 2.49977660179
1464857029743 lifecam20 2547.58349609 3047.25244141 2.57472658157
1464857029810 lifecam20 2560.93457031 3063.65063477 2.65050148964
1464857029875 lifecam20 2572.92407227 3081.08276367 2.72321462631
1464857029942 lifecam20 2583.87304688 3099.22583008 2.79268574715
1464857030011 lifecam20 2592.9375 3118.17382812 2.85643219948
1464857030074 lifecam20 2601.08789062 3137.41259766 2.93448853493
1464857030143 lifecam20 2608.00488281 3158.03857422 3.02240300179
1464857030210 lifecam20 2612.99047852 3178.96044922 3.0765182972
1464857030281 lifecam20 2617.13623047 3200.38500977 3.19652414322
1464857030344 lifecam20 2618.1640625 3220.83154297 3.23153543472
1464857030411 lifecam20 2618.74560547 3241.82641602 3.3080663681
1464857030480 lifecam20 2617.31054688 3262.50341797 3.39446163177
1464857030543 lifecam20 2613.84375 3283.52734375 3.46280479431
1464857030609 lifecam20 2609.55810547 3303.91625977 3.53998231888
1464857030681 lifecam20 2603.73339844 3325.67700195 3.61719083786
1464857030742 lifecam20 2596.49853516 3344.70678711 3.69359111786
1464857030813 lifecam20 2587.37573242 3363.94604492 3.76195168495
1464857030878 lifecam20 2578.64868164 3380.62890625 3.83869695663
1464857030950 lifecam20 2568.06713867 3397.08447266 3.95999550819
1464857031010 lifecam20 2556.00537109 3413.11865234 4.05718755722
1464857031078 lifecam20 2543.97070312 3427.3581543 4.18060731888
1464857031150 lifecam20 2530.00927734 3440.14599609 4.29483127594
1464857031212 lifecam20 2516.49755859 3450.48193359 4.40291070938
1464857031278 lifecam20 2500.92431641 3459.76098633 4.51886701584
1464857031350 lifecam20 2485.60107422 3467.25024414 4.63966655731
1464857031411 lifecam20 2468.80688477 3472.66235352 4.78532075882
1464857031481 lifecam20 2452.09350586 3475.88330078 4.91274833679
1464857031547 lifecam20 2436.43920898 3478.97290039 5.06879854202
1464857031616 lifecam20 2420.84985352 3478.83837891 5.23174238205
1464857031678 lifecam20 2405.25830078 3476.97192383 5.38413047791
1464857031749 lifecam20 2391.06713867 3471.05078125 5.53945636749
1464857031819 lifecam20 2377.18261719 3463.76513672 5.70327711105
1464857031879 lifecam20 2364.23706055 3453.95898438 5.85535430908
1464857031948 lifecam20 2352.82543945 3442.08666992 6.00268316269
1464857032015 lifecam20 2343.61132812 3429.24755859 6.16730308533
1464857032078 lifecam20 2337.81225586 3415.25366211 0.0334022678435
1464857032149 lifecam20 2331.69824219 3400.7253418 0.171643674374
1464857032214 lifecam20 2329.41650391 3385.89135742 0.325495570898
1464857032279 lifecam20 2329.22729492 3369.65576172 0.491717875004
1464857032346 lifecam20 2331.5300293 3354.67358398 0.63640832901
1464857032416 lifecam20 2336.63818359 3338.86083984 0.801554143429
1464857032483 lifecam20 2343.71679688 3325.57446289 0.961192309856
1464857032547 lifecam20 2352.5 3312.0 1.11375701427
1464857032613 lifecam20 2362.5690918 3302.6965332 1.25603663921
1464857032683 lifecam20 2374.31958008 3293.94506836 1.40755903721
1464857032746 lifecam20 2386.59912109 3287.5 1.55255365372
1464857032817 lifecam20 2395.37719727 3283.34814453 1.63090336323
1464857032882 lifecam20 2403.6105957 3280.87695312 1.72087824345
1464857032947 lifecam20 2410.88623047 3279.2722168 1.79195559025
1464857033015 lifecam20 2417.08837891 3278.20410156 1.8475304842
1464857033082 lifecam20 2421.00683594 3277.92480469 1.88909590244
1464857033152 lifecam20 2420.84204102 3277.87719727 1.89205563068
1464857033215 lifecam20 2417.94140625 3277.68676758 1.86240971088
1464857033281 lifecam20 2414.46801758 3277.63989258 1.85691940784
1464857033352 lifecam20 2413.65112305 3277.41601562 1.84888994694
1464857033414 lifecam20 2414.71435547 3277.49731445 1.85543692112
1464857033482 lifecam20 2415.52197266 3277.63525391 1.86020290852
1464857033551 lifecam20 2415.52197266 3277.63525391 1.86020290852
1464857033615 lifecam20 2415.52197266 3277.63525391 1.86020290852
1464857033681 lifecam20 2415.58618164 3277.42651367 1.85916006565
1464857033751 lifecam20 2415.58618164 3277.42651367 1.85916006565
1464857033814 lifecam20 2415.58618164 3277.42651367 1.85916006565
1464857033882 lifecam20 2415.52197266 3277.63525391 1.86020290852
1464857033949 lifecam20 2415.3215332 3277.57763672 1.86055576801
1464857034021 lifecam20 2415.3215332 3277.57763672 1.86055576801
1464857034082 lifecam20 2415.58618164 3277.42651367 1.85916006565
1464857034218 lifecam20 2415.52197266 3277.63525391 1.86020290852
1464857034283 lifecam20 2415.52197266 3277.63525391 1.86020290852
1464857034351 lifecam20 2415.52197266 3277.63525391 1.86020290852
1464857034418 lifecam20 2415.52197266 3277.63525391 1.86020290852
1464857034484 lifecam20 2415.58618164 3277.42651367 1.85916006565
1464857034550 lifecam20 2415.52197266 3277.63525391 1.86020290852
1464857034620 lifecam20 2415.3215332 3277.57763672 1.86055576801
1464857034687 lifecam20 2415.52197266 3277.63525391 1.86020290852
1464857034751 lifecam20 2415.58618164 3277.42651367 1.85916006565
1464857034819 lifecam20 2415.52197266 3277.63525391 1.86020290852
1464857034888 lifecam20 2415.52197266 3277.63525391 1.86020290852
1464857034950 lifecam20 2415.52197266 3277.63525391 1.86020290852
1464857035020 lifecam20 2415.32226562 3277.57739258 1.85985195637
1464857035149 lifecam20 2415.58618164 3277.42651367 1.85916006565
1464857035219 lifecam20 2415.31396484 3277.66601562 1.85308516026
1464857035285 lifecam20 2415.52197266 3277.63525391 1.86020290852
1464857035350 lifecam20 2415.52197266 3277.63525391 1.86020290852
1464857035417 lifecam20 2415.52197266 3277.63525391 1.86020290852
1464857035487 lifecam20 2415.58618164 3277.42651367 1.85916006565
1464857035555 lifecam20 2415.58618164 3277.42651367 1.85916006565
1464857035619 lifecam20 2415.58618164 3277.42651367 1.85916006565
1464857035685 lifecam20 2415.52197266 3277.63525391 1.86020290852
1464857035754 lifecam20 2415.38623047 3277.36914062 1.85880863667
1464857035817 lifecam20 2415.52197266 3277.63525391 1.86020290852
1464857035887 lifecam20 2415.52197266 3277.63525391 1.86020290852
1464857035953 lifecam20 2415.52197266 3277.63525391 1.86020290852
1464857036021 lifecam20 2415.38574219 3277.36962891 1.85951387882
1464857036085 lifecam20 2415.52197266 3277.63525391 1.86020290852
1464857036155 lifecam20 2415.52197266 3277.63525391 1.86020290852
1464857036223 lifecam20 2415.52197266 3277.63525391 1.86020290852
1464857036286 lifecam20 2415.52197266 3277.63525391 1.86020290852
1464857036353 lifecam20 2415.52197266 3277.63525391 1.86020290852
1464857036423 lifecam20 2415.52197266 3277.63525391 1.86020290852
1464857036485 lifecam20 2415.38574219 3277.36962891 1.85951387882
1464857036555 lifecam20 2415.52197266 3277.63525391 1.86020290852
1464857036621 lifecam20 2415.58618164 3277.42651367 1.85916006565
1464857036686 lifecam20 2415.52197266 3277.63525391 1.86020290852
1464857036753 lifecam20 2415.58618164 3277.42651367 1.85916006565
1464857036822 lifecam20 2415.52197266 3277.63525391 1.86020290852
1464857036885 lifecam20 2415.38574219 3277.36962891 1.85951387882
1464857036954 lifecam20 2415.52197266 3277.63525391 1.86020290852
