1465498241488  3024.5 4957.48388672 3.1355650425
1465498241556  3024.5 4957.45410156 3.13978266716
1465498241629  3024.5 4957.05517578 3.13798642159
1465498241687  3024.5 4956.0 3.14159083366
1465498243159  3024.5 4956.92236328 3.1565823555
1465498243222  3024.5 4957.46679688 3.13797402382
1465498243291  3024.5 4957.27392578 3.1361758709
1465498243359  3024.5 4957.27392578 3.1361758709
1465498243422  3024.5 4957.50976562 3.13194727898
1465498243492  3024.5 4957.05517578 3.13798642159
1465498243563  3024.5 4957.50976562 3.13194727898
1465498243627  3024.5 4957.87841797 3.13796257973
1465498243698  3024.5 4957.8828125 3.13735699654
1465498243759  3024.5 4957.8828125 3.13735699654
1465498243827  3024.5 4957.70263672 3.13374352455
1465498243891  3024.5 4957.8828125 3.13735699654
1465498243958  3024.5 4957.87841797 3.13796257973
1465498244036  3024.5 4958.11474609 3.13371634483
1465498244091  3024.5 4958.11474609 3.13371634483
1465498244159  3024.5 4958.11474609 3.13371634483
1465498244227  3024.5 4958.31201172 3.1349170208
1465498244296  3024.5 4958.11474609 3.13371634483
1465498244427  3024.5 4958.31201172 3.1349170208
1465498244495  3024.5 4958.31201172 3.1349170208
1465498244559  3024.49975586 4959.5 3.14159178734
1465498244628  3024.49975586 4959.5 3.14159178734
1465498244696  3024.49975586 4959.5 3.14159178734
1465498244759  3024.49975586 4959.5 3.14159178734
1465498244827  3024.49975586 4959.5 3.14159178734
1465498244896  3024.49975586 4959.5 3.14159178734
1465498244959  3024.49975586 4959.5 3.14159178734
1465498245027  3024.49975586 4959.5 3.14159178734
1465498245096  3024.49975586 4959.5 3.14159178734
1465498245159  3024.49975586 4959.5 3.14159178734
1465498245228  3024.49975586 4959.5 3.14159178734
1465498245295  3024.49975586 4959.5 3.14159178734
1465498245363  3024.49975586 4959.5 3.14159178734
1465498245426  3024.49975586 4959.5 3.14159178734
1465498245494  3024.49975586 4959.5 3.14159178734
1465498245563  3024.49975586 4959.5 3.14159178734
1465498245626  3024.49975586 4959.5 3.14159178734
1465498245694  3024.49975586 4959.5 3.14159178734
1465498245828  3024.5 4958.03320312 3.14522171021
1465498245896  3024.49975586 4959.5 3.14159178734
1465498245963  3024.5 4966.5 3.1415913105
1465498246031  3024.49975586 4980.5 3.14159345627
1465498246094  3024.49975586 5001.5 3.14159297943
1465498246164  3024.49951172 5023.40478516 3.15949487686
1465498246232  3024.5 5050.5 3.1415977478
1465498246294  3026.1081543 5078.5 3.17288303375
1465498246364  3027.7265625 5100.8828125 3.20829772949
1465498246433  3028.64306641 5127.5 3.18219661713
1465498246495  3030.47460938 5151.55029297 3.20413064957
1465498246563  3031.11083984 5176.5 3.14982128143
1465498246631  3031.49975586 5203.56494141 3.15740013123
1465498246695  3031.5 5225.5 3.14159226418
1465498246762  3031.49951172 5253.49951172 3.14159393311
1465498246831  3031.5 5274.5 3.14159440994
1465498246898  3031.49975586 5302.49951172 3.14159345627
1465498246964  3031.49975586 5323.5 3.14159226418
1465498247030  3032.29760742 5351.5 3.15510797501
1465498247099  3035.78881836 5372.5 3.16873979568
1465498247165  3038.49975586 5400.5 3.1415913105
1465498247230  3038.32983398 5427.30957031 3.15493249893
1465498247298  3038.49975586 5449.5 3.14159178734
1465498247363  3038.49975586 5477.5 3.1415913105
1465498247431  3038.49975586 5498.5 3.14159297943
1465498247506  3038.5 5526.5 3.14159083366
1465498247566  3040.03076172 5547.5 3.15239429474
1465498247630  3044.66333008 5575.5 3.13974070549
1465498247699  3045.49951172 5602.56445312 3.12553524971
1465498247767  3045.49975586 5624.5 3.14159226418
1465498247829  3045.49951172 5652.49951172 3.1415913105
1465498247898  3045.49975586 5673.49951172 3.14159274101
1465498247967  3045.5 5701.49951172 3.14159226418
1465498248033  3046.59350586 5722.49951172 3.14567470551
1465498248100  3052.28955078 5750.5 3.14097809792
1465498248168  3052.5 5777.12695312 3.12175869942
1465498248235  3052.49975586 5799.49951172 3.14159178734
1465498248297  3052.49951172 5827.49951172 3.14159083366
1465498248366  3052.49975586 5848.49951172 3.14159274101
1465498248434  3052.5 5876.49951172 3.14159226418
1465498248497  3056.48486328 5899.17138672 3.100222826
1465498248567  3059.49951172 5925.49951172 3.14159297943
1465498248633  3059.49975586 5953.02392578 3.13237023354
1465498248698  3059.5 5974.5 3.14159345627
1465498248767  3059.49975586 6002.5 3.14159083366
1465498248834  3059.91455078 6024.14892578 3.12934756279
1465498248899  3064.09326172 6051.49951172 3.12095999718
1465498248965  3066.50024414 6076.1796875 3.09724402428
1465498249033  3066.5 6100.49951172 3.14159274101
1465498249104  3066.5 6128.5 3.14159274101
1465498249165  3066.49951172 6150.21142578 3.12575650215
1465498249240  3067.92797852 6177.49951172 3.1434545517
1465498249301  3073.00097656 6199.19335938 3.11655211449
1465498249366  3073.49975586 6226.49951172 3.14159297943
1465498249433  3073.49975586 6253.39306641 3.12062335014
1465498249501  3073.5 6275.5 3.14159440994
1465498249634  3078.42651367 6326.02539062 3.09420657158
1465498249703  3080.49975586 6352.50048828 3.1415913105
1465498249770  3080.49951172 6374.59326172 3.12155747414
1465498249833  3080.49951172 6401.5 3.14159083366
1465498249903  3081.04418945 6425.29199219 3.09808468819
1465498250034  3087.5 6478.49951172 3.14159297943
1465498250102  3087.49975586 6500.79101562 3.12038111687
1465498250171  3087.49975586 6527.49951172 3.14159226418
1465498250237  3090.46240234 6550.16748047 3.08069109917
1465498250302  3093.79174805 6576.49951172 3.12864851952
1465498250369  3094.5 6599.20263672 3.12044882774
1465498250435  3094.49975586 6619.9921875 3.11980986595
1465498250501  3094.71850586 6639.49902344 3.13608813286
1465498250571  3096.41333008 6654.24316406 3.0914747715
1465498250639  3098.39013672 6667.49951172 3.10134387016
1465498250702  3098.83349609 6674.33105469 3.09765219688
1465498250770  3098.56689453 6673.17724609 3.07651877403
1465498250838  3097.78735352 6666.22509766 3.07409405708
1465498250904  3096.49780273 6659.09619141 3.08640027046
1465498250973  3096.83740234 6657.99072266 3.07540869713
1465498251037  3097.40258789 6661.18457031 3.0843307972
1465498251103  3097.42407227 6661.94433594 3.07704138756
1465498251170  3097.86254883 6662.14257812 3.0791656971
1465498251238  3097.62890625 6661.93847656 3.0776283741
1465498251369  3097.67504883 6662.14648438 3.07840800285
1465498251437  3097.83325195 6661.93652344 3.07883858681
1465498251507  3097.44140625 6662.14892578 3.07700800896
1465498251570  3097.65429688 6661.94482422 3.07896161079
1465498251636  3097.4831543 6662.15332031 3.07817864418
1465498251705  3097.83325195 6661.93652344 3.07883858681
1465498251769  3097.83325195 6661.93652344 3.07883858681
1465498251838  3097.46630859 6661.94873047 3.07820916176
1465498251905  3097.84985352 6662.14111328 3.07880759239
1465498251974  3097.64599609 6662.14306641 3.07759547234
1465498252036  3097.83325195 6661.93652344 3.07883858681
1465498252105  3097.64526367 6662.14648438 3.07821726799
1465498252176  3097.62890625 6661.93847656 3.0776283741
1465498252245  3097.64526367 6662.14648438 3.07821726799
1465498252311  3097.44140625 6662.14892578 3.07700800896
1465498252373  3097.84619141 6661.93798828 3.07919621468
1465498252439  3097.64599609 6662.14306641 3.07759547234
1465498252506  3097.45849609 6661.95507812 3.07925343513
1465498252577  3097.62890625 6661.93847656 3.0776283741
