1465498290164  3077.11132812 5015.02197266 3.17808008194
1465498290232  3077.37866211 5015.27050781 3.17849159241
1465498290298  3077.08422852 5015.26269531 3.1731710434
1465498290365  3078.89257812 5015.26757812 3.16618251801
1465498290431  3076.20874023 5015.25439453 3.19287824631
1465498291832  3076.78125 5015.5 3.18048906326
1465498291900  3076.55200195 5015.25830078 3.17825746536
1465498291968  3077.13720703 5015.5 3.17237615585
1465498292033  3077.11572266 5015.5 3.17165899277
1465498292101  3077.10693359 5015.5 3.17043447495
1465498292168  3077.15429688 5015.5 3.17483377457
1465498292234  3077.32568359 5015.5 3.16986989975
1465498292304  3076.75537109 5015.5 3.17912960052
1465498292369  3076.56665039 5015.5 3.18165111542
1465498292435  3076.78125 5015.5 3.18048906326
1465498292502  3076.74682617 5015.5 3.17790222168
1465498292568  3077.17578125 5015.5 3.17433261871
1465498292635  3076.74682617 5015.5 3.17790222168
1465498292701  3076.78125 5015.5 3.18048906326
1465498292768  3076.78125 5015.5 3.18048906326
1465498292837  3076.56665039 5015.5 3.18165111542
1465498292900  3076.78515625 5015.5 3.17987537384
1465498292968  3076.56665039 5015.5 3.18165111542
1465498293036  3076.78125 5015.5 3.18048906326
1465498293102  3076.9699707 5015.5 3.17796516418
1465498293174  3076.78125 5015.5 3.18048906326
1465498293235  3076.78125 5015.5 3.18048906326
1465498293303  3076.78125 5015.5 3.18048906326
1465498293369  3077.18847656 5015.5 3.17618227005
1465498293436  3077.54003906 5015.5 3.16746234894
1465498293570  3077.17993164 5015.5 3.174949646
1465498293637  3079.79223633 5015.5 3.15438461304
1465498293705  3078.94726562 5015.5 3.16228914261
1465498293773  3079.79223633 5015.5 3.15438461304
1465498293836  3077.98193359 5008.5 3.16684770584
1465498293904  3077.75048828 5008.5 3.16680335999
1465498293971  3077.60009766 5010.05029297 3.14734649658
1465498294037  3080.5 5015.5 3.14159345627
1465498294105  3080.49975586 5029.49951172 3.14159226418
1465498294173  3080.5 5045.19824219 3.11984610558
1465498294237  3080.49951172 5071.5 3.14159178734
1465498294305  3080.5 5099.5 3.14159631729
1465498294373  3080.49951172 5120.5 3.14159178734
1465498294439  3080.49975586 5148.5 3.14159274101
1465498294504  3083.26782227 5173.94042969 3.19735813141
1465498294638  3087.31884766 5224.57714844 3.16231584549
1465498294703  3087.49975586 5246.5 3.14159226418
1465498294771  3087.49951172 5274.5 3.14159393311
1465498294839  3087.5 5295.49951172 3.14159345627
1465498294906  3087.49975586 5323.5 3.14158987999
1465498294974  3087.49951172 5344.5 3.1415913105
1465498295042  3090.30908203 5372.49951172 3.16835594177
1465498295105  3094.50024414 5393.71826172 3.1360886097
1465498295171  3094.49951172 5421.5 3.1415913105
1465498295240  3094.49951172 5446.11132812 3.1108019352
1465498295307  3094.49975586 5470.5 3.14159274101
1465498295372  3094.49975586 5498.5 3.1415913105
1465498295439  3097.90966797 5519.5 3.12165474892
1465498295506  3101.49951172 5547.5 3.14159488678
1465498295572  3101.49951172 5568.49951172 3.14159440994
1465498295642  3101.49951172 5596.5 3.14159035683
1465498295707  3101.49951172 5620.73828125 3.10538125038
1465498295771  3101.49951172 5645.49951172 3.14159393311
1465498295842  3105.56616211 5673.5 3.10798716545
1465498295907  3108.49951172 5694.5 3.14159178734
1465498295979  3108.5 5722.5 3.1415913105
1465498296039  3108.49975586 5743.5 3.14159297943
1465498296107  3108.49975586 5771.49951172 3.14159178734
1465498296174  3110.45507812 5795.49365234 3.07819342613
1465498296240  3113.90869141 5820.5 3.11985898018
1465498296375  3115.49975586 5869.49951172 3.14159035683
1465498296441  3115.5 5897.49951172 3.14159297943
1465498296509  3117.42138672 5918.5 3.12172341347
1465498296577  3120.90869141 5946.5 3.11985898018
1465498296643  3122.5 5969.72607422 3.10434556007
1465498296706  3122.49951172 5995.49951172 3.14159297943
1465498296775  3122.50024414 6022.62060547 3.12374424934
1465498296842  3126.38818359 6044.66308594 3.10316872597
1465498296907  3129.49975586 6072.49951172 3.14159297943
1465498296975  3129.49975586 6094.40039062 3.12334990501
1465498297043  3129.5 6121.49951172 3.14159274101
1465498297108  3129.80981445 6144.77978516 3.09630417824
1465498297176  3134.56103516 6170.49951172 3.11064267159
1465498297243  3136.49975586 6197.35449219 3.1183860302
1465498297307  3136.5 6220.21142578 3.12575697899
1465498297380  3136.69018555 6246.0 3.1062681675
1465498297443  3140.3684082 6268.82275391 3.09466814995
1465498297510  3143.49975586 6296.25927734 3.13667702675
1465498297574  3143.49975586 6319.49023438 3.108679533
1465498297643  3143.71850586 6345.49951172 3.13609099388
1465498297774  3150.49951172 6394.84716797 3.13242459297
1465498297843  3150.49975586 6420.93017578 3.11234259605
1465498297911  3150.828125 6444.39013672 3.11651873589
1465498297977  3154.40698242 6470.48876953 3.07778668404
1465498298043  3156.99853516 6493.57080078 3.11234593391
1465498298113  3157.49926758 6520.0625 3.13133597374
1465498298181  3159.9296875 6544.19970703 3.06453299522
1465498298243  3163.08691406 6569.82275391 3.10898470879
1465498298311  3164.49975586 6594.42431641 3.10325455666
1465498298378  3164.91845703 6619.16552734 3.1184527874
1465498298442  3168.13012695 6644.52001953 3.06445002556
1465498298510  3170.45410156 6667.61669922 3.10811591148
1465498298578  3171.26220703 6686.27734375 3.0988919735
1465498298646  3172.34326172 6703.12890625 3.11016774178
1465498298712  3174.00341797 6717.02246094 3.08949255943
1465498298784  3175.03662109 6727.42724609 3.05661988258
1465498298843  3175.19018555 6730.49267578 3.0825111866
1465498298911  3174.60644531 6724.79980469 3.07289004326
1465498298980  3174.02392578 6717.38720703 3.08300042152
1465498299046  3173.14208984 6712.92333984 3.07131505013
1465498299179  3174.02392578 6717.38720703 3.08300042152
1465498299247  3174.26611328 6718.47314453 3.06807208061
1465498299312  3174.26611328 6718.47314453 3.06807208061
1465498299380  3174.26611328 6718.47314453 3.06807208061
1465498299448  3174.26611328 6718.47314453 3.06807208061
1465498299512  3174.24267578 6718.21728516 3.072275877
1465498299579  3174.07617188 6718.69189453 3.06868720055
1465498299647  3174.0534668 6718.43554688 3.07289290428
