1465498158292  3073.5 4714.11816406 3.13731408119
1465498158360  3073.5 4714.30273438 3.14036679268
1465498158427  3073.5 4713.62451172 3.1269929409
1465498158492  3073.5 4713.62451172 3.1269929409
1465498158560  3073.5 4713.84375 3.12879395485
1465498158627  3073.5 4713.62451172 3.1269929409
1465498158692  3073.5 4713.40576172 3.12228560448
1465498158757  3073.5 4713.40576172 3.12228560448
1465498158827  3073.5 4713.40185547 3.12216591835
1465498158895  3073.5 4714.11816406 3.13731408119
1465498159159  3073.27441406 4714.31884766 3.13607811928
1465498159227  3073.5 4713.96777344 3.12939333916
1465498159295  3073.5 4713.40185547 3.12216591835
1465498159360  3073.5 4713.59912109 3.12335085869
1465498159427  3073.5 4713.40185547 3.12216591835
1465498159627  3073.5 4713.40185547 3.12216591835
1465498159695  3073.5 4713.40185547 3.12216591835
1465498159767  3073.5 4713.40185547 3.12216591835
1465498159835  3073.5 4713.40185547 3.12216591835
1465498159907  3073.5 4713.40185547 3.12216591835
1465498159972  3073.5 4712.96875 3.11548018456
1465498160102  3073.5 4713.40185547 3.12216591835
1465498160168  3073.5 4713.40185547 3.12216591835
1465498160233  3073.5 4713.40185547 3.12216591835
1465498160301  3073.5 4713.40185547 3.12216591835
1465498160369  3073.5 4713.40185547 3.12216591835
1465498160438  3073.5 4713.40185547 3.12216591835
1465498160501  3073.5 4713.40185547 3.12216591835
1465498160569  3073.5 4713.40185547 3.12216591835
1465498160636  3073.5 4713.59912109 3.12335085869
1465498160701  3073.5 4713.40185547 3.12216591835
1465498160768  3073.5 4713.59033203 3.12456536293
1465498160836  3073.5 4713.40185547 3.12216591835
1465498160904  3073.5 4713.40185547 3.12216591835
1465498160969  3073.5 4713.59912109 3.12335085869
1465498161037  3073.5 4713.78759766 3.12575650215
1465498161106  3073.5 4713.78759766 3.12575650215
1465498161169  3073.5 4714.49951172 3.1415913105
1465498161238  3073.5 4714.0625 3.13206744194
1465498161303  3073.5 4714.49951172 3.1415913105
1465498161369  3073.5 4714.49951172 3.1415913105
1465498161439  3073.5 4714.49951172 3.1415913105
1465498161507  3073.5 4714.49951172 3.1415913105
1465498161571  3073.5 4714.49951172 3.1415913105
1465498161640  3073.5 4714.49951172 3.1415913105
1465498161707  3073.5 4714.49951172 3.1415913105
1465498161769  3073.5 4714.49951172 3.1415913105
1465498161839  3073.5 4714.49951172 3.1415913105
1465498161906  3073.5 4714.49951172 3.1415913105
1465498161972  3073.5 4714.49951172 3.1415913105
1465498162039  3073.5 4714.49951172 3.1415913105
1465498162173  3073.5 4714.49951172 3.1415913105
1465498162237  3073.5 4714.49951172 3.1415913105
1465498162307  3073.5 4714.49951172 3.1415913105
1465498162373  3073.5 4714.49951172 3.1415913105
1465498162437  3073.5 4714.49951172 3.1415913105
1465498162506  3073.5 4714.49951172 3.1415913105
1465498162573  3073.5 4714.49951172 3.1415913105
1465498162639  3073.5 4714.49951172 3.1415913105
1465498162705  3073.5 4714.49951172 3.1415913105
1465498162773  3073.5 4714.49951172 3.1415913105
1465498162839  3073.5 4714.49951172 3.1415913105
1465498162905  3073.5 4714.49951172 3.1415913105
1465498162974  3073.5 4714.49951172 3.1415913105
1465498163040  3073.5 4714.49951172 3.1415913105
1465498163105  3073.5 4714.49951172 3.1415913105
1465498163173  3073.5 4714.49951172 3.1415913105
1465498163241  3073.5 4714.49951172 3.1415913105
1465498163307  3073.5 4714.49951172 3.1415913105
1465498163373  3073.5 4714.49951172 3.1415913105
1465498163441  3073.5 4714.49951172 3.1415913105
1465498163507  3073.5 4714.49951172 3.1415913105
1465498163573  3073.5 4714.49951172 3.1415913105
1465498163640  3073.49951172 4721.5 3.14158844948
1465498163708  3073.49975586 4734.33349609 3.14036154747
1465498163767  3073.49975586 4749.5 3.1415913105
1465498163837  3073.49975586 4777.5 3.14159393311
1465498163904  3073.49975586 4800.62304688 3.1621723175
1465498163966  3075.95776367 4826.5 3.18022298813
1465498164034  3079.04858398 4854.3515625 3.17315483093
1465498164108  3080.5 4876.41357422 3.15826272964
1465498164170  3080.49975586 4903.5 3.14159584045
1465498164237  3080.49951172 4924.5 3.14159274101
1465498164302  3080.49951172 4952.49951172 3.14159297943
1465498164370  3080.49975586 4980.26416016 3.14587402344
1465498164502  3080.49975586 5029.49951172 3.14159226418
1465498164569  3086.17919922 5050.49951172 3.16111421585
1465498164634  3087.5 5078.5 3.14159631729
1465498164701  3087.49951172 5099.5 3.14159536362
1465498164770  3087.49951172 5127.5 3.14159178734
1465498164838  3087.5 5149.22900391 3.12819600105
1465498164902  3087.49951172 5176.5 3.14159178734
1465498164970  3088.75195312 5204.49951172 3.13323283195
1465498165039  3094.49975586 5225.5 3.14159274101
1465498165101  3094.49951172 5253.5 3.14159226418
1465498165169  3094.49975586 5274.49951172 3.14159178734
1465498165239  3094.49975586 5302.5 3.14159345627
1465498165303  3094.5 5325.19824219 3.11984801292
1465498165369  3098.67749023 5351.49951172 3.15270996094
1465498165440  3101.49975586 5379.5 3.14159274101
1465498165507  3101.49975586 5400.5 3.14159226418
1465498165571  3101.49951172 5428.49951172 3.14158987999
1465498165637  3101.49975586 5449.5 3.1415913105
1465498165706  3101.5 5477.5 3.1415913105
1465498165770  3107.25634766 5502.42626953 3.11750006676
1465498165845  3108.5 5526.5 3.14159178734
1465498165906  3108.49975586 5554.5 3.14159297943
1465498165970  3108.49975586 5575.5 3.14159178734
1465498166038  3108.49975586 5603.5 3.14159226418
1465498166106  3109.55053711 5624.5 3.13850092888
1465498166170  3115.49975586 5652.49951172 3.14159274101
1465498166237  3115.5 5678.23095703 3.11045956612
1465498166305  3115.49975586 5701.49951172 3.14158987999
1465498166374  3115.49975586 5729.5 3.1415913105
1465498166437  3116.1262207 5750.49951172 3.1403605938
1465498166575  3122.49975586 5800.59375 3.12155938148
1465498166638  3122.49975586 5827.49951172 3.14159226418
1465498166705  3122.49951172 5853.89111328 3.11040186882
1465498166775  3123.60644531 5876.49951172 3.13046097755
1465498166838  3127.31225586 5904.49951172 3.11912512779
1465498166906  3129.49975586 5926.59326172 3.12155890465
1465498166974  3129.49975586 5953.5 3.14159178734
1465498167041  3129.49951172 5976.45117188 3.11305117607
1465498167105  3130.34448242 6002.49951172 3.13482928276
1465498167174  3135.51025391 6029.875 3.10864043236
1465498167242  3136.49975586 6051.49951172 3.14159440994
1465498167305  3136.5 6079.49951172 3.14159393311
1465498167373  3136.5 6101.79052734 3.12037920952
1465498167441  3140.94360352 6128.49951172 3.11047911644
1465498167506  3143.5 6152.49804688 3.1041367054
1465498167584  3143.49975586 6177.5 3.14159440994
1465498167645  3143.49975586 6204.54736328 3.12084460258
1465498167715  3146.61425781 6227.56152344 3.08252310753
1465498167782  3150.0234375 6254.5 3.13236355782
1465498167845  3150.5 6277.22412109 3.11613202095
1465498167923  3150.5 6303.5 3.14159226418
1465498167980  3152.35351562 6327.44189453 3.07337975502
1465498168046  3155.90844727 6352.49951172 3.11622929573
1465498168114  3157.25195312 6373.84130859 3.12752318382
1465498168181  3157.49975586 6391.65625 3.1045320034
1465498168255  3157.69873047 6407.22119141 3.11221051216
1465498168315  3159.15771484 6419.36181641 3.07254433632
1465498168374  3160.52148438 6427.39111328 3.06987690926
1465498168442  3160.28051758 6424.60693359 3.08367705345
1465498168508  3158.85986328 6417.09375 3.0920112133
1465498168642  3158.44604492 6409.72216797 3.10064339638
1465498168709  3158.57470703 6413.62695312 3.08934998512
1465498168778  3158.87158203 6415.9375 3.09775471687
1465498168842  3158.87988281 6416.13671875 3.09470963478
1465498168909  3159.09130859 6416.12011719 3.09184670448
1465498168976  3158.87988281 6416.13671875 3.09470963478
1465498169041  3159.10253906 6416.31738281 3.08942103386
1465498169108  3158.87988281 6416.13671875 3.09470963478
1465498169178  3158.87158203 6415.9375 3.09775471687
1465498169245  3158.87988281 6416.13671875 3.09470963478
1465498169309  3158.87158203 6415.9375 3.09775471687
1465498169377  3159.08203125 6416.12451172 3.09340548515
1465498169446  3159.09130859 6416.12011719 3.09184670448
1465498169509  3158.87988281 6416.13671875 3.09470963478
1465498169577  3158.65869141 6416.15771484 3.09912180901
