1465498094598  2968.5 4966.5 3.14159035683
1465498094661  2968.73999023 4966.5 3.14648294449
1465498094726  2968.97607422 4966.5 3.15074682236
1465498094794  2968.97607422 4966.5 3.15074634552
1465498094860  2968.96313477 4966.5 3.14891719818
1465498094926  2968.96313477 4966.5 3.14891719818
1465498094994  2968.96313477 4966.5 3.14891719818
1465498095060  2969.19482422 4966.49951172 3.15255689621
1465498095129  2969.19482422 4966.49951172 3.15255689621
1465498095195  2969.65820312 4966.5 3.15979623795
1465498095263  2969.65820312 4966.5 3.15979623795
1465498095329  2969.65380859 4966.5 3.15918922424
1465498095394  2969.43505859 4966.49951172 3.15739822388
1465498095463  2969.63671875 4966.5 3.15676498413
1465498095533  2969.63671875 4966.5 3.15676498413
1465498095599  2969.16894531 4966.5 3.14890384674
1465498095931  2968.98339844 4966.32519531 3.14894962311
1465498095996  2968.5 4966.49951172 3.14159083366
1465498096397  2968.5 4966.49951172 3.14159083366
1465498096463  2968.5 4966.49951172 3.14159083366
1465498096531  2968.5 4966.49951172 3.14159083366
1465498096596  2968.5 4966.49951172 3.14159083366
1465498096668  2968.5 4966.49951172 3.14159083366
1465498096731  2968.5 4966.49951172 3.14159083366
1465498096798  2968.5 4966.49951172 3.14159083366
1465498096862  2968.5 4966.49951172 3.14159083366
1465498096930  2968.5 4966.49951172 3.14159083366
1465498096999  2968.5 4966.49951172 3.14159083366
1465498097064  2968.5 4966.49951172 3.14159083366
1465498097132  2968.5 4966.49951172 3.14159083366
1465498097198  2968.5 4966.49951172 3.14159083366
1465498097264  2968.5 4966.49951172 3.14159083366
1465498097331  2968.5 4966.49951172 3.14159083366
1465498097398  2968.5 4966.49951172 3.14159083366
1465498097466  2968.5 4966.49951172 3.14159083366
1465498097533  2968.5 4966.49951172 3.14159083366
1465498097598  2968.5 4966.49951172 3.14159083366
1465498097666  2968.5 4966.49951172 3.14159083366
1465498097738  2968.5 4966.49951172 3.14159083366
1465498097801  2968.5 4966.49951172 3.14159083366
1465498097866  2968.73999023 4966.5 3.14648294449
1465498097934  2968.73999023 4966.5 3.14648294449
1465498097998  2968.5 4966.5 3.14159035683
1465498098071  2968.5 4966.49951172 3.14159083366
1465498098134  2968.5 4966.49951172 3.14159083366
1465498098199  2968.5 4966.49951172 3.14159083366
1465498098266  2968.5 4966.49951172 3.14159083366
1465498098334  2968.5 4966.49951172 3.14159083366
1465498098465  2968.5 4966.49951172 3.14159083366
1465498098534  2968.5 4966.49951172 3.14159083366
1465498098603  2968.5 4966.49951172 3.14159083366
1465498098668  2968.5 4966.49951172 3.14159083366
1465498098736  2968.5 4966.49951172 3.14159083366
1465498098802  2968.64599609 4964.37744141 3.14101338387
1465498098867  2968.62890625 4965.35546875 3.13293147087
1465498098934  2968.5 4966.49951172 3.14159083366
1465498099002  2972.19946289 4979.71679688 3.11407399178
1465498099067  2975.5 4994.5 3.14159178734
1465498099135  2975.49951172 5015.5 3.14159226418
1465498099204  2975.49975586 5043.5 3.14159297943
1465498099270  2975.49975586 5071.5 3.14159226418
1465498099335  2975.49975586 5092.49951172 3.14159584045
1465498099402  2977.54541016 5120.5 3.17410564423
1465498099473  2981.17016602 5148.49951172 3.16468143463
1465498099534  2982.5 5169.5 3.14159226418
1465498099602  2982.5 5197.5 3.14159536362
1465498099670  2982.49975586 5224.16601562 3.15552711487
1465498099736  2982.49975586 5246.5 3.14159083366
1465498099870  2982.73974609 5295.5 3.146484375
1465498099937  2988.38452148 5323.49951172 3.15503787994
1465498100004  2989.49975586 5346.20703125 3.11970019341
1465498100071  2989.49975586 5372.5 3.14159226418
1465498100137  2989.49975586 5400.5 3.14159083366
1465498100203  2989.5 5421.5 3.14159393311
1465498100269  2989.92431641 5449.5 3.13974738121
1465498100337  2996.28125 5477.5 3.14048886299
1465498100402  2996.49975586 5498.5 3.14159440994
1465498100470  2996.5 5526.49951172 3.14159345627
1465498100538  2996.49951172 5548.15576172 3.12806725502
1465498100601  2996.49951172 5575.5 3.14159178734
1465498100670  2999.7253418 5602.07080078 3.10837626457
1465498100737  3003.49951172 5624.5 3.14159274101
1465498100805  3003.49975586 5652.5 3.14159274101
1465498100880  3003.5 5674.79052734 3.12037873268
1465498100938  3003.49975586 5701.49951172 3.14159226418
1465498101005  3004.56713867 5726.7578125 3.10095953941
1465498101069  3010.26806641 5750.49951172 3.13791060448
1465498101137  3010.5 5778.49951172 3.14159226418
1465498101271  3010.49975586 5827.5 3.14159345627
1465498101338  3012.06396484 5851.10498047 3.10853552818
1465498101406  3017.25976562 5876.5 3.13668179512
1465498101474  3017.5 5903.82226562 3.12642168999
1465498101539  3017.49975586 5925.84716797 3.13242983818
1465498101606  3017.49951172 5953.5 3.14159178734
1465498101672  3021.16552734 5977.77441406 3.06409096718
1465498101738  3024.5 6002.5 3.14159226418
1465498101805  3024.49975586 6029.73242188 3.12386727333
1465498101873  3024.49975586 6051.5 3.14159488678
1465498101938  3024.9375 6079.15673828 3.12690043449
1465498102007  3030.52197266 6101.36865234 3.10735249519
1465498102075  3031.5 6128.5 3.14159488678
1465498102139  3031.49975586 6154.24804688 3.10298752785
1465498102206  3031.49951172 6177.5 3.14159178734
1465498102282  3036.44213867 6204.54443359 3.09772896767
1465498102340  3038.49975586 6227.59375 3.12155938148
1465498102406  3038.49951172 6254.5 3.14158940315
1465498102473  3038.5 6278.34326172 3.10453677177
1465498102541  3042.37719727 6303.49951172 3.10555815697
1465498102672  3045.50024414 6353.59375 3.12156128883
1465498102743  3045.49975586 6379.96386719 3.13000369072
1465498102808  3049.00732422 6402.54541016 3.08251357079
1465498102875  3051.89697266 6429.30273438 3.12443470955
1465498102941  3052.5 6453.99951172 3.10520672798
1465498103008  3052.5 6479.59326172 3.12155795097
1465498103073  3056.41308594 6505.56347656 3.07894253731
1465498103142  3059.5 6528.79052734 3.12037396431
1465498103209  3059.5 6554.59912109 3.1233522892
1465498103274  3059.83544922 6578.38525391 3.1119287014
1465498103342  3064.30566406 6603.37695312 3.08772873878
1465498103410  3066.05615234 6625.3984375 3.10640263557
1465498103474  3066.49975586 6643.68164062 3.11445069313
1465498103542  3066.90356445 6660.29394531 3.1013944149
1465498103609  3068.05126953 6673.65722656 3.09750008583
1465498103740  3069.86621094 6683.35107422 3.07937169075
1465498103809  3069.05078125 6678.75927734 3.0740582943
1465498103876  3067.67407227 6670.66455078 3.09201645851
1465498103942  3067.45166016 6668.58837891 3.09773373604
1465498104008  3067.42089844 6670.02246094 3.09574580193
1465498104077  3068.35302734 6673.66601562 3.07936787605
1465498104144  3068.63037109 6674.22363281 3.07075572014
1465498104209  3068.58642578 6674.03662109 3.07460570335
1465498104276  3068.57910156 6674.03515625 3.07565188408
1465498104342  3068.38891602 6674.23779297 3.0739543438
1465498104408  3068.37695312 6674.04638672 3.07695364952
1465498104476  3068.58642578 6674.03662109 3.07460570335
1465498104544  3068.79248047 6674.02636719 3.07277274132
1465498104611  3068.79248047 6674.02636719 3.07277274132
1465498104677  3068.38891602 6674.23779297 3.0739543438
1465498104749  3068.58642578 6674.03662109 3.07460570335
