1465498191681  3045.5 4896.5 3.14159488678
1465498191746  3045.5 4896.5 3.14159488678
1465498191814  3045.5 4896.5 3.14159488678
1465498191878  3045.5 4896.5 3.14159488678
1465498191943  3045.5 4896.5 3.14159488678
1465498192012  3045.5 4896.5 3.14159488678
1465498192079  3045.5 4896.5 3.14159488678
1465498192145  3045.5 4896.5 3.14159488678
1465498192213  3045.5 4896.5 3.14159488678
1465498192281  3045.5 4896.5 3.14159488678
1465498192346  3045.5 4896.5 3.14159488678
1465498192412  3045.5 4896.5 3.14159488678
1465498192480  3045.5 4896.5 3.14159488678
1465498192546  3045.5 4896.5 3.14159488678
1465498192617  3045.5 4896.5 3.14159488678
1465498192745  3045.5 4896.5 3.14159488678
1465498192811  3045.5 4896.5 3.14159488678
1465498192879  3045.5 4896.5 3.14159488678
1465498192955  3045.5 4896.5 3.14159488678
1465498193012  3045.5 4896.5 3.14159488678
1465498193080  3045.5 4896.5 3.14159488678
1465498193148  3045.5 4896.5 3.14159488678
1465498193214  3045.5 4896.5 3.14159488678
1465498193413  3045.5 4896.5 3.14159488678
1465498193481  3045.5 4896.5 3.14159488678
1465498193549  3045.5 4896.5 3.14159488678
1465498193617  3045.5 4896.5 3.14159488678
1465498193680  3045.5 4896.5 3.14159488678
1465498193748  3045.5 4896.5 3.14159488678
1465498193820  3045.5 4896.5 3.14159488678
1465498193886  3045.5 4896.5 3.14159488678
1465498194082  3045.5 4896.5 3.14159488678
1465498194148  3045.5 4896.5 3.14159488678
1465498194215  3045.5 4896.5 3.14159488678
1465498194281  3045.5 4896.5 3.14159488678
1465498194415  3045.5 4896.5 3.14159488678
1465498194483  3045.5 4896.5 3.14159488678
1465498194548  3045.5 4896.5 3.14159488678
1465498194617  3045.5 4896.5 3.14159488678
1465498194684  3045.5 4896.5 3.14159488678
1465498194752  3045.5 4896.5 3.14159488678
1465498194817  3045.5 4896.5 3.14159488678
1465498194886  3045.5 4896.5 3.14159488678
1465498194949  3045.5 4896.5 3.14159488678
1465498195015  3045.5 4896.5 3.14159488678
1465498195083  3045.5 4896.5 3.14159488678
1465498195150  3045.5 4896.5 3.14159488678
1465498195215  3045.5 4896.5 3.14159488678
1465498195283  3045.5 4896.5 3.14159488678
1465498195351  3045.5 4896.5 3.14159488678
1465498195419  3045.5 4896.5 3.14159488678
1465498195483  3045.5 4896.5 3.14159488678
1465498195551  3045.5 4896.5 3.14159488678
1465498195616  3045.5 4896.5 3.14159488678
1465498195682  3045.5 4896.5 3.14159488678
1465498195752  3045.5 4896.5 3.14159488678
1465498195818  3045.5 4896.5 3.14159488678
1465498195883  3045.5 4897.43505859 3.1574010849
1465498195951  3045.67578125 4899.93896484 3.178794384
1465498196020  3045.5 4896.5 3.14159488678
1465498196152  3045.5 4896.5 3.14159488678
1465498196219  3045.49975586 4898.22412109 3.17075061798
1465498196287  3045.6328125 4910.5 3.14598226547
1465498196353  3046.50317383 4924.5 3.16365814209
1465498196422  3046.60546875 4945.640625 3.16962623596
1465498196487  3046.73535156 4973.5 3.16728115082
1465498196551  3047.00366211 4999.72558594 3.20461511612
1465498196619  3046.34667969 5023.37646484 3.18138027191
1465498196687  3046.73535156 5050.5 3.16728830338
1465498196752  3046.46630859 5076.0234375 3.20208740234
1465498196819  3046.4387207 5099.86132812 3.16976642609
1465498196887  3045.80053711 5126.91894531 3.15902233124
1465498196955  3045.69677734 5150.48583984 3.18492555618
1465498197021  3045.73999023 5176.5 3.14648342133
1465498197088  3045.65771484 5202.63964844 3.17821645737
1465498197158  3045.49951172 5225.97607422 3.15074682236
1465498197218  3045.6328125 5253.5 3.14598464966
1465498197286  3045.68212891 5275.07910156 3.16054153442
1465498197354  3045.73999023 5302.5 3.14648294449
1465498197419  3045.69555664 5325.51660156 3.18408298492
1465498197555  3046.19335938 5378.94482422 3.16733407974
1465498197621  3046.53857422 5401.45361328 3.1844367981
1465498197688  3047.49853516 5428.5 3.17606115341
1465498197756  3047.99511719 5452.31298828 3.21984481812
1465498197823  3048.15039062 5477.5 3.18212461472
1465498197887  3048.59423828 5504.58789062 3.19600725174
1465498197954  3049.21875 5526.5 3.18048906326
1465498198022  3049.64331055 5554.5 3.18219661713
1465498198088  3050.18652344 5580.47460938 3.21071434021
1465498198156  3050.89135742 5603.5 3.1728811264
1465498198223  3051.01904297 5630.04736328 3.19424819946
1465498198287  3052.49951172 5652.49951172 3.14159345627
1465498198356  3052.49975586 5680.49951172 3.1415913105
1465498198424  3052.49975586 5702.13476562 3.15259599686
1465498198488  3052.49951172 5729.5 3.14159393311
1465498198563  3052.5 5757.0234375 3.15074539185
1465498198622  3052.5 5778.5 3.1415913105
1465498198690  3052.49951172 5806.5 3.14159393311
1465498198754  3052.49951172 5827.49951172 3.14159083366
1465498198823  3052.71875 5855.49951172 3.14637994766
1465498198955  3054.42529297 5904.64648438 3.16816854477
1465498199024  3056.0 5932.5 3.17870903015
1465498199092  3057.53100586 5953.49951172 3.17310333252
1465498199158  3059.49975586 5981.49951172 3.14159297943
1465498199224  3059.32861328 6006.38867188 3.14967393875
1465498199290  3059.49951172 6030.49951172 3.14159440994
1465498199357  3059.5 6058.5 3.14159440994
1465498199423  3059.5 6079.5 3.14159393311
1465498199558  3059.66552734 6132.17675781 3.14931678772
1465498199623  3060.79492188 6156.49951172 3.16265058517
1465498199691  3061.60449219 6184.25195312 3.16592359543
1465498199759  3063.90039062 6205.49951172 3.17140674591
1465498199824  3066.5 6233.5 3.14159488678
1465498199890  3066.49926758 6257.75927734 3.1368200779
1465498199959  3066.5 6282.49951172 3.14159297943
1465498200023  3066.5 6308.36376953 3.15242671967
1465498200089  3066.49951172 6331.49951172 3.14159297943
1465498200157  3066.5 6359.49951172 3.14159297943
1465498200226  3068.4675293 6382.22705078 3.14124464989
1465498200298  3071.16064453 6408.6484375 3.14605951309
1465498200358  3073.33789062 6433.22851562 3.14252758026
1465498200425  3073.49975586 6457.5 3.14159440994
1465498200493  3073.49975586 6483.43652344 3.14219331741
1465498200561  3073.50024414 6506.5 3.1415913105
1465498200631  3073.66381836 6530.99951172 3.14610767365
1465498200691  3074.70019531 6555.49951172 3.14654827118
1465498200757  3078.39916992 6573.99072266 3.108761549
1465498200825  3080.49975586 6591.40039062 3.12335085869
1465498200893  3080.49975586 6605.59375 3.12155842781
1465498200957  3080.49975586 6615.0 3.14159297943
1465498201026  3080.5 6619.59375 3.12155890465
1465498201096  3080.3359375 6614.99951172 3.14611148834
1465498201157  3080.04907227 6607.27685547 3.12026143074
1465498201225  3079.41235352 6603.32275391 3.10401272774
1465498201293  3079.76049805 6605.18701172 3.11285090446
1465498201360  3080.27172852 6607.28222656 3.12401890755
1465498201426  3080.2746582 6607.99951172 3.13707375526
1465498201494  3080.35522461 6608.17578125 3.15139532089
1465498201560  3080.35522461 6608.17578125 3.15139532089
1465498201626  3080.11083984 6607.99951172 3.14159297943
1465498201694  3080.11083984 6607.99951172 3.14159297943
1465498201762  3080.35522461 6608.17578125 3.15139532089
1465498201827  3079.8894043 6607.99951172 3.13759160042
1465498201895  3080.11083984 6607.99951172 3.14159297943
1465498201962  3080.35522461 6608.17578125 3.15139532089
1465498202029  3080.11083984 6607.99951172 3.14159297943
1465498202094  3080.49975586 6607.75976562 3.13682389259
1465498202164  3080.11083984 6607.99951172 3.14159297943
1465498202227  3080.35522461 6608.17578125 3.15139532089
1465498202297  3080.11083984 6607.99951172 3.14159297943
1465498202363  3080.35522461 6608.17578125 3.15139532089
1465498202430  3080.11083984 6607.99951172 3.14159297943
1465498202494  3080.11083984 6607.99951172 3.14159297943
1465498202561  3080.5 6608.17138672 3.14636087418
1465498202629  3080.2746582 6607.99951172 3.13707375526
1465498202761  3080.35522461 6608.17578125 3.15139532089
1465498202829  3080.11083984 6607.99951172 3.14159297943
1465498202895  3080.11083984 6607.99951172 3.14159297943
1465498202962  3080.11083984 6607.99951172 3.14159297943
1465498203030  3080.2746582 6607.99951172 3.13707375526
