1465498122104  3045.49975586 5106.5 3.14159226418
1465498122169  3045.49975586 5106.5 3.14159226418
1465498122237  3045.49975586 5106.5 3.14159226418
1465498122305  3045.49975586 5106.5 3.14159226418
1465498122437  3045.49975586 5106.5 3.14159226418
1465498122505  3045.49975586 5106.5 3.14159226418
1465498122572  3045.49975586 5106.5 3.14159226418
1465498122636  3045.49975586 5106.5 3.14159226418
1465498122704  3045.49975586 5106.5 3.14159226418
1465498122773  3045.49975586 5106.5 3.14159226418
1465498122838  3045.49975586 5106.5 3.14159226418
1465498122904  3045.49975586 5106.5 3.14159226418
1465498122972  3045.49975586 5106.5 3.14159226418
1465498123101  3045.49975586 5106.5 3.14159226418
1465498123173  3045.49975586 5106.5 3.14159226418
1465498123240  3045.49975586 5106.5 3.14159226418
1465498123305  3045.49975586 5106.5 3.14159226418
1465498123385  3045.49975586 5106.5 3.14159226418
1465498123441  3045.49975586 5106.5 3.14159226418
1465498123705  3045.49975586 5106.5 3.14159226418
1465498123772  3045.49975586 5106.5 3.14159226418
1465498123840  3045.49975586 5106.5 3.14159226418
1465498123908  3045.49975586 5106.5 3.14159226418
1465498123972  3045.49975586 5106.5 3.14159226418
1465498124040  3045.49975586 5106.5 3.14159226418
1465498124107  3045.49975586 5106.5 3.14159226418
1465498124178  3045.49975586 5106.5 3.14159226418
1465498124241  3045.49975586 5106.5 3.14159226418
1465498124307  3045.49975586 5106.5 3.14159226418
1465498124371  3045.49975586 5106.5 3.14159226418
1465498124508  3045.49975586 5106.5 3.14159226418
1465498124576  3045.49975586 5106.5 3.14159226418
1465498124639  3045.49975586 5106.5 3.14159226418
1465498124708  3045.49975586 5106.5 3.14159226418
1465498124779  3045.49975586 5106.5 3.14159226418
1465498124841  3045.49975586 5107.375 3.12481045723
1465498124909  3045.49975586 5106.71875 3.13609337807
1465498124977  3045.49975586 5106.71875 3.13609337807
1465498125044  3045.49975586 5106.5 3.14159226418
1465498125110  3045.49975586 5106.5 3.14159226418
1465498125176  3045.49975586 5106.5 3.14159226418
1465498125241  3045.49975586 5106.5 3.14159226418
1465498125309  3045.49975586 5106.5 3.14159226418
1465498125377  3045.49975586 5106.5 3.14159226418
1465498125444  3045.49975586 5106.5 3.14159226418
1465498125508  3045.49975586 5106.5 3.14159226418
1465498125576  3045.49975586 5112.01123047 3.14825153351
1465498125644  3045.49975586 5106.5 3.14159226418
1465498125709  3045.49975586 5106.5 3.14159226418
1465498125775  3045.49975586 5106.5 3.14159226418
1465498125843  3045.49975586 5106.5 3.14159226418
1465498125907  3045.5 5113.5 3.14159035683
1465498125975  3046.08325195 5127.5 3.15508317947
1465498126045  3048.15771484 5148.03076172 3.19022846222
1465498126111  3048.78540039 5169.5 3.18342256546
1465498126243  3050.69555664 5224.47119141 3.19426250458
1465498126311  3051.50927734 5246.96337891 3.17186641693
1465498126375  3051.62036133 5274.49951172 3.15928125381
1465498126443  3051.88134766 5298.37011719 3.19617319107
1465498126514  3052.02368164 5323.5 3.15074491501
1465498126577  3052.49975586 5349.41113281 3.17752361298
1465498126645  3052.49951172 5372.49951172 3.14159488678
1465498126713  3052.49951172 5400.25976562 3.14648723602
1465498126781  3052.49975586 5423.1640625 3.17094516754
1465498126845  3052.49975586 5449.49951172 3.14159297943
1465498126912  3052.49951172 5470.73974609 3.14648389816
1465498126979  3052.93701172 5498.49951172 3.14897441864
1465498127044  3053.96533203 5524.22167969 3.19777393341
1465498127112  3056.0 5547.5 3.17871141434
1465498127180  3056.76025391 5575.31982422 3.1895108223
1465498127247  3059.49951172 5596.49951172 3.1415913105
1465498127311  3059.49951172 5624.5 3.14159178734
1465498127379  3059.49975586 5645.67529297 3.14588832855
1465498127444  3059.50024414 5673.5 3.14159345627
1465498127511  3059.5 5699.359375 3.17135000229
1465498127648  3059.49975586 5750.5 3.14159297943
1465498127710  3061.40478516 5771.71289062 3.16442632675
1465498127779  3062.55371094 5799.49951172 3.17747592926
1465498127849  3064.28173828 5821.09375 3.18211841583
1465498127979  3066.32177734 5876.03125 3.1556596756
1465498128047  3066.49975586 5897.49951172 3.14159297943
1465498128113  3066.5 5925.5 3.14159393311
1465498128181  3066.5 5946.5 3.14159393311
1465498128249  3066.49951172 5974.49951172 3.14159226418
1465498128317  3067.92797852 5999.02587891 3.17777824402
1465498128379  3069.14428711 6023.65673828 3.17068958282
1465498128448  3073.11938477 6050.04443359 3.17017412186
1465498128515  3073.5 6072.5 3.14159178734
1465498128578  3073.5 6100.5 3.1415913105
1465498128648  3073.5 6123.14697266 3.12821650505
1465498128714  3073.5 6149.49951172 3.1415913105
1465498128779  3073.65795898 6173.53125 3.13713812828
1465498128847  3075.62280273 6198.49951172 3.16217708588
1465498128915  3077.45019531 6226.5 3.17326974869
1465498128982  3080.5 6247.5 3.14159035683
1465498129048  3080.5 6275.5 3.14159083366
1465498129117  3080.5 6299.52392578 3.13262677193
1465498129184  3080.5 6324.5 3.14159297943
1465498129246  3080.66357422 6349.0 3.14611101151
1465498129321  3082.19799805 6373.49951172 3.16396856308
1465498129382  3083.97753906 6401.63476562 3.14421319962
1465498129446  3087.5 6423.21191406 3.1257584095
1465498129515  3087.49975586 6450.5 3.14159488678
1465498129583  3087.5 6474.75976562 3.13681817055
1465498129715  3087.66357422 6523.99951172 3.14610767365
1465498129784  3090.45947266 6548.49951172 3.15532779694
1465498129852  3094.49926758 6576.49951172 3.14158987999
1465498129915  3094.5 6598.9921875 3.11980843544
1465498129985  3094.49951172 6625.49951172 3.1415913105
1465498130051  3094.5 6649.99951172 3.14159226418
1465498130115  3094.49951172 6674.49951172 3.1415913105
1465498130183  3096.87255859 6698.60058594 3.14792394638
1465498130251  3101.49951172 6723.5 3.14159274101
1465498130316  3101.5 6746.84179688 3.12356972694
1465498130383  3101.49951172 6768.5234375 3.13262915611
1465498130451  3101.5 6787.59326172 3.12155890465
1465498130521  3101.5 6801.79052734 3.12038350105
1465498130582  3101.49975586 6800.15234375 3.13242888451
1465498130654  3101.5 6801.59375 3.12156462669
1465498130725  3101.49975586 6801.05273438 3.13244891167
1465498130782  3101.49975586 6800.49951172 3.14159727097
1465498130852  3101.49975586 6794.99267578 3.11981225014
1465498130919  3101.5 6793.765625 3.12647891045
1465498130983  3101.49975586 6794.99267578 3.11981225014
1465498131119  3101.5 6795.19824219 3.1198489666
1465498131185  3101.49975586 6795.63134766 3.1229364872
1465498131252  3101.49975586 6795.41308594 3.12109541893
1465498131321  3101.5 6795.19824219 3.1198489666
1465498131389  3101.49975586 6795.63183594 3.1229364872
1465498131451  3101.49975586 6795.63183594 3.1229364872
1465498131519  3101.49975586 6795.40869141 3.12048888206
1465498131587  3101.49975586 6795.40869141 3.12048888206
1465498131648  3101.49975586 6795.40869141 3.12048888206
1465498131719  3101.49975586 6795.63183594 3.1229364872
1465498131786  3101.5 6795.41699219 3.12169623375
1465498131851  3101.49975586 6795.40869141 3.12048888206
1465498131917  3101.49975586 6795.62744141 3.12233281136
1465498131986  3101.5 6795.19824219 3.1198489666
1465498132054  3101.5 6795.41699219 3.12169623375
1465498132186  3101.49975586 6795.62744141 3.12233281136
1465498132254  3101.49975586 6795.84179688 3.12356925011
1465498132318  3101.5 6795.84570312 3.12416958809
1465498132386  3101.5 6795.84570312 3.12416958809
1465498132455  3101.5 6795.62304688 3.12172961235
1465498132520  3101.49975586 6795.62744141 3.12233281136
1465498132587  3101.5 6795.62304688 3.12172961235
1465498132656  3101.49975586 6795.63183594 3.1229364872
1465498132721  3101.49975586 6795.40869141 3.12048888206
1465498132786  3101.49975586 6795.40869141 3.12048888206
1465498132854  3101.49975586 6796.06494141 3.12599873543
1465498132922  3101.49975586 6795.84179688 3.12356925011
1465498132985  3101.49975586 6795.85449219 3.12537264824
1465498133054  3101.49975586 6796.06494141 3.12599873543
1465498133122  3101.49975586 6795.41308594 3.12109541893
1465498133185  3101.49975586 6796.06494141 3.12599873543
1465498133255  3101.49975586 6795.85449219 3.12537264824
1465498133322  3101.49975586 6795.62744141 3.12233281136
1465498133454  3101.5 6795.62304688 3.12172961235
1465498133521  3101.49975586 6796.06494141 3.12599873543
1465498133590  3101.5 6795.84570312 3.12416958809
1465498133653  3101.5 6795.41699219 3.12169623375
1465498133721  3101.49975586 6795.84179688 3.12356925011
1465498133790  3101.49975586 6795.62744141 3.12233281136
1465498133921  3101.49975586 6795.84179688 3.12356925011
1465498133990  3101.5 6795.84570312 3.12416958809
1465498134055  3101.49975586 6795.40869141 3.12048888206
1465498134122  3101.49975586 6795.84179688 3.12356925011
1465498134190  3101.49975586 6795.62744141 3.12233281136
1465498134260  3101.49975586 6796.06494141 3.12599873543
1465498134321  3101.5 6795.84570312 3.12416958809
1465498134392  3101.5 6795.85058594 3.12477183342
1465498134459  3101.5 6795.41699219 3.12169623375
1465498134521  3101.49975586 6795.63183594 3.1229364872
