1465498219589  2996.5 4966.49951172 3.14159274101
1465498219653  2996.5 4966.49951172 3.14159274101
1465498219721  2996.5 4966.49951172 3.14159274101
1465498219789  2996.5 4966.49951172 3.14159274101
1465498219851  2996.5 4966.49951172 3.14159274101
1465498219921  2996.5 4966.49951172 3.14159274101
1465498219992  2996.5 4966.49951172 3.14159274101
1465498220058  2996.5 4966.49951172 3.14159274101
1465498220122  2996.5 4966.49951172 3.14159274101
1465498220189  2996.5 4966.49951172 3.14159274101
1465498220257  2996.5 4966.49951172 3.14159274101
1465498220321  2996.5 4966.49951172 3.14159274101
1465498220391  2996.5 4966.49951172 3.14159274101
1465498220457  2996.5 4966.49951172 3.14159274101
1465498220521  2996.5 4966.49951172 3.14159274101
1465498220589  2996.5 4966.49951172 3.14159274101
1465498220657  2996.5 4966.49951172 3.14159274101
1465498220728  2996.5 4966.49951172 3.14159274101
1465498220789  2996.5 4966.49951172 3.14159274101
1465498220857  2996.5 4966.49951172 3.14159274101
1465498220925  2996.5 4966.49951172 3.14159274101
1465498220988  2996.5 4966.87304688 3.13609576225
1465498221061  2996.63305664 4973.5 3.14598369598
1465498221125  2996.5 4973.25976562 3.146484375
1465498221189  2996.5 4973.25976562 3.146484375
1465498221257  2996.49975586 4972.34619141 3.15918779373
1465498221326  2996.5 4973.5 3.14159226418
1465498221458  2996.49975586 4970.0 3.14159178734
1465498221526  2996.49975586 4970.62597656 3.14039587975
1465498221594  2996.5 4972.79638672 3.15377426147
1465498221658  2996.5 4966.49951172 3.14159274101
1465498221726  2996.5 4966.49951172 3.14159274101
1465498221793  2996.5 4966.49951172 3.14159274101
1465498221858  2996.5 4973.5 3.14159226418
1465498221926  2996.49975586 4980.5 3.14159226418
1465498221994  2996.49975586 5001.49951172 3.14159393311
1465498222057  2996.49951172 5022.5 3.14159226418
1465498222125  2996.5 5048.98144531 3.16236591339
1465498222195  2996.49975586 5071.49951172 3.1415913105
1465498222261  2998.33569336 5099.5 3.17588710785
1465498222324  3000.21728516 5120.6875 3.18811416626
1465498222392  3002.34179688 5148.5 3.15979385376
1465498222460  3002.95239258 5172.74853516 3.1922545433
1465498222525  3003.5 5197.49951172 3.14159631729
1465498222593  3003.49975586 5224.56445312 3.1573972702
1465498222661  3003.49951172 5246.5 3.14159345627
1465498222724  3003.49951172 5274.49951172 3.14159297943
1465498222862  3003.49975586 5323.49951172 3.14159226418
1465498222930  3006.37353516 5344.49951172 3.17371797562
1465498222996  3010.11108398 5372.5 3.1498260498
1465498223064  3010.5 5397.44580078 3.12564969063
1465498223132  3010.49975586 5421.49951172 3.14159178734
1465498223193  3010.49951172 5449.49951172 3.14158987999
1465498223262  3010.5 5470.49951172 3.14159178734
1465498223328  3010.49975586 5498.5 3.14159440994
1465498223393  3013.15087891 5520.61962891 3.13676667213
1465498223461  3017.49951172 5547.5 3.14159440994
1465498223532  3017.49975586 5574.38476562 3.12186360359
1465498223590  3017.49951172 5596.5 3.14159226418
1465498223661  3017.49975586 5624.5 3.14159178734
1465498223729  3017.50024414 5646.60253906 3.1209962368
1465498223797  3018.33227539 5673.5 3.14035820961
1465498223929  3024.49975586 5722.5 3.14159393311
1465498223997  3024.49975586 5749.62060547 3.12374711037
1465498224061  3024.5 5771.5 3.14159178734
1465498224129  3024.49975586 5799.5 3.14159345627
1465498224196  3027.32446289 5822.13427734 3.0915043354
1465498224262  3031.49975586 5848.5 3.14159297943
1465498224332  3031.5 5871.49853516 3.10746026039
1465498224398  3031.49975586 5897.49951172 3.14159345627
1465498224465  3031.49951172 5923.62988281 3.10716032982
1465498224529  3031.95458984 5946.5 3.13544392586
1465498224596  3037.1875 5974.5 3.12077641487
1465498224665  3038.49975586 5997.51171875 3.10795044899
1465498224730  3038.5 6023.5 3.14159274101
1465498224797  3038.49951172 6048.0 3.09746527672
1465498224865  3039.58935547 6072.49951172 3.12926888466
1465498224931  3043.84082031 6099.41845703 3.09645676613
1465498224996  3045.49975586 6121.67138672 3.1366956234
1465498225064  3045.50024414 6149.49951172 3.14159083366
1465498225132  3045.5 6173.57519531 3.09945273399
1465498225196  3049.34716797 6198.49951172 3.11054253578
1465498225275  3051.50073242 6221.68798828 3.09036421776
1465498225332  3052.49975586 6247.49951172 3.14158797264
1465498225396  3052.50024414 6273.89111328 3.11040329933
1465498225465  3053.03173828 6296.94433594 3.1224424839
1465498225533  3057.40209961 6324.49951172 3.10849356651
1465498225666  3059.49951172 6373.49951172 3.14159345627
1465498225734  3059.49951172 6397.57080078 3.10006451607
1465498225798  3063.0 6422.49951172 3.10072398186
1465498225867  3066.02514648 6448.08447266 3.09433484077
1465498225932  3066.49975586 6472.21191406 3.12575793266
1465498226000  3066.71289062 6498.78076172 3.11945700645
1465498226063  3070.02587891 6521.921875 3.07762646675
1465498226133  3073.02392578 6548.49951172 3.13236689568
1465498226201  3073.49975586 6571.19824219 3.11985039711
1465498226265  3073.73291016 6597.33203125 3.13179135323
1465498226332  3076.83032227 6619.73974609 3.07982134819
1465498226401  3078.23779297 6640.15722656 3.08471274376
1465498226462  3080.24682617 6656.28955078 3.10256934166
1465498226532  3080.49975586 6670.78125 3.10331892967
1465498226600  3080.49975586 6682.59375 3.12155652046
1465498226732  3080.49951172 6682.59326172 3.12155747414
1465498226800  3080.49975586 6674.28125 3.11002421379
1465498226868  3080.49975586 6668.79101562 3.12038064003
1465498226931  3080.49975586 6669.40820312 3.1204893589
1465498227069  3080.49951172 6675.59375 3.12155842781
1465498227133  3080.49951172 6675.59375 3.12155842781
1465498227204  3080.49951172 6675.40087891 3.12334942818
1465498227269  3080.49951172 6675.59375 3.12155842781
1465498227330  3080.49951172 6675.59375 3.12155842781
1465498227401  3080.49951172 6675.59375 3.12155842781
1465498227468  3080.49951172 6675.59375 3.12155842781
1465498227536  3080.49975586 6675.37451172 3.11614251137
1465498227601  3080.49951172 6675.59375 3.12155842781
1465498227668  3080.49951172 6675.40087891 3.12334942818
1465498227736  3080.49951172 6675.59375 3.12155842781
1465498227799  3080.49951172 6675.59375 3.12155842781
