1465498267462  3073.49951172 4994.5 3.14159393311
1465498267529  3073.49951172 4994.5 3.14159393311
1465498267597  3073.49951172 4994.5 3.14159393311
1465498267662  3073.49951172 4994.5 3.14159393311
1465498267729  3073.49951172 4994.5 3.14159393311
1465498267797  3073.49951172 4994.5 3.14159393311
1465498267862  3073.49951172 4994.5 3.14159393311
1465498267937  3073.49951172 4994.5 3.14159393311
1465498267997  3073.49951172 4994.5 3.14159393311
1465498268062  3073.49951172 4994.5 3.14159393311
1465498268129  3073.49951172 4994.5 3.14159393311
1465498268196  3073.49951172 4994.5 3.14159393311
1465498268261  3073.49951172 4994.5 3.14159393311
1465498268329  3073.49951172 4994.5 3.14159393311
1465498268399  3073.49951172 4994.5 3.14159393311
1465498268468  3073.49951172 4994.5 3.14159393311
1465498268530  3073.49951172 4994.5 3.14159393311
1465498268599  3073.49951172 4994.5 3.14159393311
1465498268671  3073.49951172 4994.5 3.14159393311
1465498268730  3073.49951172 4994.5 3.14159393311
1465498268798  3073.49951172 4994.5 3.14159393311
1465498268865  3073.49951172 4994.5 3.14159393311
1465498268931  3073.49951172 4997.52832031 3.13322710991
1465498269005  3073.49951172 4994.5 3.14159393311
1465498269064  3073.49951172 4994.5 3.14159393311
1465498269133  3073.49951172 4994.5 3.14159393311
1465498269198  3073.49951172 4995.59375 3.12155842781
1465498269264  3073.49951172 4994.5 3.14159393311
1465498269332  3073.49951172 4994.5 3.14159393311
1465498269398  3073.49951172 4994.5 3.14159393311
1465498269465  3073.49951172 4994.5 3.14159393311
1465498269533  3073.49951172 4994.5 3.14159393311
1465498269599  3073.49951172 4994.5 3.14159393311
1465498269666  3073.49951172 4994.5 3.14159393311
1465498269732  3073.49951172 4994.5 3.14159393311
1465498269799  3073.49951172 4994.5 3.14159393311
1465498269865  3073.49951172 4994.5 3.14159393311
1465498269933  3073.49951172 4994.5 3.14159393311
1465498270001  3073.49951172 5001.25976562 3.14648485184
1465498270068  3073.49975586 5001.5 3.14159297943
1465498270134  3073.6328125 5001.5 3.14598369598
1465498270202  3073.49975586 5001.5 3.14159297943
1465498270266  3073.49975586 5001.08837891 3.14159297943
1465498270333  3073.49975586 5001.5 3.14159297943
1465498270408  3073.49975586 5001.5 3.14159297943
1465498270466  3073.5 5001.5 3.14159226418
1465498270534  3073.49975586 5001.5 3.14159297943
1465498270602  3073.49975586 5001.5 3.14159297943
1465498270668  3073.49975586 5001.5 3.14159297943
1465498270736  3073.49975586 5001.5 3.14159297943
1465498270801  3073.49975586 5001.5 3.14159297943
1465498270868  3073.49975586 5001.5 3.14159297943
1465498270933  3073.49975586 5001.5 3.14159297943
1465498271003  3073.49951172 4994.5 3.14159393311
1465498271069  3073.49951172 4994.5 3.14159393311
1465498271133  3073.49951172 4994.5 3.14159393311
1465498271201  3073.49975586 4998.20556641 3.14159297943
1465498271267  3073.50024414 5008.5 3.14159274101
1465498271336  3073.49951172 5022.5 3.14159178734
1465498271401  3073.5 5043.5 3.14159274101
1465498271467  3073.49975586 5071.25976562 3.14648580551
1465498271535  3073.49951172 5092.5 3.14159536362
1465498271603  3073.49951172 5120.5 3.1415913105
1465498271670  3073.6484375 5147.93212891 3.15623188019
1465498271738  3074.69213867 5169.5 3.16614675522
1465498271805  3076.78540039 5197.5 3.18342685699
1465498271869  3079.56469727 5218.5 3.15740013123
1465498271935  3080.49951172 5246.5 3.14159178734
1465498272002  3080.49975586 5267.5 3.14159226418
1465498272069  3080.49975586 5295.49951172 3.14159488678
1465498272145  3080.49951172 5323.26855469 3.1452627182
1465498272206  3080.49975586 5344.5 3.14159226418
1465498272269  3080.49926758 5368.06054688 3.11926579475
1465498272337  3081.94116211 5393.5 3.1415913105
1465498272405  3087.49975586 5421.5 3.14158987999
1465498272469  3087.49951172 5442.5 3.14159274101
1465498272536  3087.5 5470.5 3.14158987999
1465498272604  3087.49951172 5495.09423828 3.11440682411
1465498272670  3087.5 5519.49951172 3.1415913105
1465498272736  3087.91772461 5546.18359375 3.11767315865
1465498272805  3091.93457031 5568.49951172 3.12781643867
1465498272871  3094.49975586 5596.49951172 3.14159297943
1465498272936  3094.49951172 5617.49951172 3.14159178734
1465498273005  3094.5 5645.5 3.14159297943
1465498273071  3094.5 5671.39404297 3.10883784294
1465498273136  3095.33178711 5694.5 3.14035725594
1465498273204  3099.79833984 5720.96533203 3.09345793724
1465498273273  3101.49951172 5743.5 3.14159297943
1465498273337  3101.5 5771.5 3.14159178734
1465498273405  3101.49951172 5792.5 3.14159345627
1465498273474  3101.5 5820.5 3.14159274101
1465498273539  3105.1027832 5846.99755859 3.08837008476
1465498273604  3108.5 5869.5 3.1415913105
1465498273672  3108.5 5897.25976562 3.13668131828
1465498273739  3108.5 5918.5 3.14159297943
1465498273806  3108.5 5946.49951172 3.14159440994
1465498273883  3109.27441406 5969.92773438 3.09980368614
1465498273939  3114.12719727 5995.49951172 3.12175822258
1465498274007  3115.49975586 6023.49951172 3.14159488678
1465498274073  3115.49951172 6044.49951172 3.14159274101
1465498274139  3115.5 6072.49951172 3.14159274101
1465498274273  3120.52709961 6121.49951172 3.11426329613
1465498274339  3122.5 6145.36914062 3.09937930107
1465498274408  3122.49975586 6170.49951172 3.14159178734
1465498274474  3122.5 6198.328125 3.13669657707
1465498274540  3126.19189453 6220.17919922 3.08920025826
1465498274608  3129.5 6247.49951172 3.14158844948
1465498274673  3129.5 6269.79052734 3.12037920952
1465498274740  3129.49951172 6296.49951172 3.14159083366
1465498274807  3129.91308594 6321.39990234 3.09183573723
1465498274874  3134.4296875 6345.98876953 3.09850144386
1465498274940  3136.49951172 6373.25927734 3.13667941093
1465498275009  3136.49951172 6395.59326172 3.12155270576
1465498275077  3136.73242188 6422.33154297 3.13179135323
1465498275140  3140.03735352 6444.9375 3.08067727089
1465498275209  3143.25976562 6471.49951172 3.13667941093
1465498275284  3143.49975586 6496.86621094 3.1038620472
1465498275341  3143.99682617 6521.58447266 3.11040568352
1465498275408  3147.69165039 6548.33691406 3.0941927433
1465498275474  3150.24829102 6570.97851562 3.11489081383
1465498275540  3150.5 6597.5 3.14159178734
1465498275675  3154.41943359 6645.99755859 3.08759379387
1465498275741  3155.74291992 6666.09423828 3.08338046074
1465498275808  3157.49975586 6682.79052734 3.12038016319
1465498275874  3157.49951172 6697.23291016 3.11492180824
1465498275943  3158.13818359 6709.55566406 3.11862063408
1465498276008  3158.59741211 6715.06787109 3.09328246117
1465498276075  3158.28955078 6711.17285156 3.10221028328
1465498276144  3157.93359375 6703.81054688 3.11161208153
1465498276210  3157.49951172 6697.03125 3.1187274456
1465498276276  3157.49926758 6697.62744141 3.11501383781
1465498276343  3157.70556641 6701.42285156 3.1165997982
1465498276410  3157.9296875 6703.59814453 3.11340880394
1465498276476  3158.14868164 6703.57226562 3.10952305794
1465498276544  3158.14868164 6703.57226562 3.10952305794
1465498276611  3158.14868164 6703.57226562 3.10952305794
1465498276675  3158.14868164 6703.57226562 3.10952305794
1465498276745  3158.14868164 6703.57226562 3.10952305794
1465498276810  3158.14868164 6703.57226562 3.10952305794
1465498276879  3158.14868164 6703.57226562 3.10952305794
1465498276944  3158.14868164 6703.57226562 3.10952305794
1465498277013  3158.14868164 6703.57226562 3.10952305794
1465498277078  3158.14868164 6703.57226562 3.10952305794
1465498277144  3157.9296875 6703.59814453 3.11340880394
