1465498313536  3038.49975586 4945.68847656 3.13914752007
1465498313599  3038.49975586 4945.5 3.14159440994
1465498313668  3038.36425781 4946.12353516 3.14344453812
1465498313736  3038.49951172 4945.5 3.14159178734
1465498313802  3038.49975586 4945.5 3.14159440994
1465498313868  3038.49951172 4945.73583984 3.14587783813
1465498313942  3038.49975586 4945.5 3.14159440994
1465498314004  3038.49951172 4945.73583984 3.14587783813
1465498314068  3038.5 4945.67138672 3.13669371605
1465498314137  3038.49951172 4945.73583984 3.14587783813
1465498314205  3038.49975586 4945.5 3.14159440994
1465498314269  3038.49975586 4945.5 3.14159440994
1465498314335  3038.49951172 4945.73583984 3.14587497711
1465498314404  3038.49951172 4945.73583984 3.14587783813
1465498314468  3038.5 4945.67138672 3.1366956234
1465498314535  3038.49951172 4945.73583984 3.14587783813
1465498314603  3038.49975586 4945.5 3.14159440994
1465498314671  3038.49951172 4945.73583984 3.14587783813
1465498314736  3038.5 4945.90722656 3.14097857475
1465498314803  3038.49951172 4945.73583984 3.14587783813
1465498314871  3038.49975586 4945.5 3.14159440994
1465498314935  3038.34179688 4947.55664062 3.15290975571
1465498315003  3038.49975586 4952.5 3.14159035683
1465498315071  3038.49975586 4952.5 3.14159035683
1465498315135  3038.49975586 4952.5 3.14159035683
1465498315203  3038.49975586 4952.5 3.14159035683
1465498315274  3038.49975586 4952.5 3.14159035683
1465498315338  3038.49975586 4952.5 3.14159035683
1465498315403  3038.49975586 4952.5 3.14159035683
1465498315470  3038.49975586 4952.5 3.14159035683
1465498315538  3038.49975586 4952.5 3.14159035683
1465498315671  3038.5 4947.62744141 3.12233138084
1465498315739  3038.5 4949.0 3.14158892632
1465498315803  3038.49975586 4952.5 3.14159035683
1465498315871  3038.49975586 4959.5 3.14159274101
1465498315939  3038.5 4973.49951172 3.14159178734
1465498316005  3038.49975586 4994.5 3.14159393311
1465498316073  3038.49951172 5015.5 3.14159393311
1465498316140  3042.0 5043.5 3.18226766586
1465498316208  3045.49951172 5071.5 3.14159297943
1465498316270  3045.49975586 5092.49951172 3.14159727097
1465498316339  3045.49975586 5120.49951172 3.14158940315
1465498316408  3045.49951172 5141.73583984 3.1458735466
1465498316470  3045.49975586 5169.49951172 3.1415913105
1465498316538  3045.6328125 5197.5 3.14598464966
1465498316607  3045.49951172 5218.49951172 3.14159178734
1465498316673  3047.09960938 5246.5 3.16438817978
1465498316738  3052.49975586 5267.5 3.14159226418
1465498316806  3052.5 5295.49951172 3.14159274101
1465498316874  3052.49951172 5316.49951172 3.14159536362
1465498316938  3052.49951172 5344.5 3.14158940315
1465498317015  3052.49951172 5366.79052734 3.12037825584
1465498317075  3052.5 5393.5 3.14159178734
1465498317139  3056.21875 5421.5 3.10907721519
1465498317207  3059.5 5442.5 3.14159035683
1465498317274  3059.49975586 5470.5 3.14159083366
1465498317408  3059.5 5519.5 3.14159083366
1465498317476  3059.5 5544.58740234 3.10292553902
1465498317544  3064.09790039 5568.5 3.12158226967
1465498317607  3066.5 5596.5 3.1415913105
1465498317676  3066.49975586 5617.49951172 3.14159226418
1465498317742  3066.49975586 5645.5 3.14159178734
1465498317807  3066.49975586 5666.71875 3.13608670235
1465498317875  3067.52905273 5694.5 3.14159226418
1465498317943  3072.31079102 5719.49072266 3.08056616783
1465498318006  3073.49951172 5743.5 3.14159345627
1465498318075  3073.5 5771.49951172 3.14159178734
1465498318142  3073.49975586 5793.59326172 3.12156319618
1465498318205  3074.16894531 5820.5 3.13419795036
1465498318274  3078.88110352 5842.38134766 3.10486674309
1465498318342  3080.5 5869.5 3.14159345627
1465498318416  3080.5 5895.24804688 3.10298848152
1465498318474  3080.49951172 5918.5 3.14159274101
1465498318543  3081.83886719 5946.33203125 3.12190365791
1465498318611  3085.80957031 5969.58349609 3.08265662193
1465498318674  3087.49975586 5995.5 3.14159297943
1465498318810  3087.49975586 6044.5 3.14159297943
1465498318875  3089.9296875 6070.69873047 3.08047556877
1465498318943  3093.78100586 6093.66357422 3.12376666069
1465498319012  3094.5 6121.5 3.14159083366
1465498319080  3094.5 6144.48535156 3.10928845406
1465498319142  3094.71826172 6170.49951172 3.13608717918
1465498319210  3099.4152832 6193.96582031 3.08362317085
1465498319278  3101.49951172 6219.49951172 3.14159274101
1465498319342  3101.5 6245.93017578 3.11234164238
1465498319411  3101.5 6269.375 3.12407803535
1465498319478  3105.6496582 6296.07519531 3.09174084663
1465498319542  3108.23681641 6319.88330078 3.09726214409
1465498319610  3108.49951172 6345.49951172 3.14159226418
1465498319678  3108.49926758 6368.19824219 3.11984801292
1465498319746  3112.39013672 6394.5 3.10134196281
1465498319813  3115.26806641 6420.50683594 3.10199141502
1465498319877  3115.49975586 6444.59326172 3.12155938148
1465498319945  3116.13671875 6470.78271484 3.11148142815
1465498320010  3120.24682617 6493.94482422 3.08090233803
1465498320077  3122.49951172 6520.49951172 3.14159178734
1465498320154  3122.5 6543.86279297 3.11686587334
1465498320212  3123.60302734 6569.90234375 3.10822224617
1465498320346  3129.25 6613.18359375 3.11491847038
1465498320408  3129.49975586 6632.58984375 3.1186196804
1465498320546  3131.71801758 6659.25634766 3.08033776283
1465498320614  3132.56347656 6665.99023438 3.06991362572
1465498320679  3132.15087891 6663.58496094 3.06863331795
1465498320747  3131.23217773 6655.46044922 3.08698391914
1465498320815  3130.47119141 6649.265625 3.09028124809
1465498320878  3130.60449219 6648.11816406 3.09445786476
1465498320945  3130.94140625 6652.67919922 3.08353829384
1465498321013  3131.29833984 6654.49853516 3.08527350426
1465498321078  3131.45385742 6654.82666016 3.08546042442
1465498321146  3131.29833984 6654.49853516 3.08527350426
1465498321214  3131.29833984 6654.49853516 3.08527350426
1465498321281  3131.29833984 6654.49853516 3.08527350426
1465498321348  3131.29833984 6654.49853516 3.08527350426
1465498321414  3131.50976562 6654.47900391 3.08292460442
1465498321482  3131.31005859 6654.69824219 3.08406043053
1465498321547  3131.29833984 6654.49853516 3.08527350426
1465498321613  3131.73168945 6654.65869141 3.07987570763
1465498321682  3131.50976562 6654.47900391 3.08292460442
