1465498339840  3048.65673828 4882.5 3.16173362732
1465498339909  3045.5 4882.5 3.14159679413
1465498339979  3045.5 4882.5 3.14159679413
1465498340039  3045.5 4882.5 3.14159679413
1465498340108  3045.5 4882.5 3.14159679413
1465498340177  3045.5 4882.5 3.14159679413
1465498340245  3045.5 4882.5 3.14159679413
1465498340310  3045.5 4882.5 3.14159679413
1465498340376  3045.5 4882.5 3.14159679413
1465498340440  3045.5 4882.5 3.14159679413
1465498340508  3045.5 4882.5 3.14159679413
1465498340577  3045.5 4882.5 3.14159679413
1465498340645  3045.5 4882.5 3.14159679413
1465498340708  3045.5 4882.5 3.14159679413
1465498340777  3045.5 4882.5 3.14159679413
1465498340845  3045.5 4882.5 3.14159679413
1465498340910  3045.5 4882.5 3.14159679413
1465498340977  3045.5 4882.5 3.14159679413
1465498341044  3045.5 4882.5 3.14159679413
1465498341107  3045.5 4882.5 3.14159679413
1465498341178  3045.5 4882.5 3.14159345627
1465498341246  3045.5 4882.5 3.14159679413
1465498341308  3045.5 4882.5 3.14159679413
1465498341380  3045.5 4882.5 3.14159679413
1465498341445  3045.5 4884.47265625 3.15846776962
1465498341512  3045.5 4882.5 3.14159679413
1465498341575  3045.5 4883.19873047 3.15316724777
1465498341644  3045.5 4882.5 3.14159345627
1465498341724  3045.5 4885.81542969 3.17014694214
1465498341775  3045.49975586 4889.49951172 3.14159727097
1465498341844  3045.5 4882.5 3.14159679413
1465498341912  3045.5 4882.5 3.14159679413
1465498341977  3045.5 4882.5 3.14159679413
1465498342112  3045.5 4890.84277344 3.15674161911
1465498342180  3045.49975586 4903.5 3.14159345627
1465498342243  3046.19433594 4924.49951172 3.15553283691
1465498342312  3048.35620117 4952.5 3.18219661713
1465498342381  3050.08398438 4973.89257812 3.19086551666
1465498342444  3051.79199219 5001.5 3.15438318253
1465498342513  3052.49951172 5028.51904297 3.16263723373
1465498342582  3052.5 5050.5 3.14159727097
1465498342648  3052.49975586 5078.5 3.1415913105
1465498342712  3052.49951172 5099.49951172 3.1415977478
1465498342780  3052.49975586 5127.49951172 3.14159178734
1465498342849  3052.49975586 5148.5 3.14159083366
1465498342912  3052.49951172 5176.5 3.1415913105
1465498342982  3052.49975586 5204.49951172 3.14159345627
1465498343050  3054.03955078 5225.5 3.16693401337
1465498343114  3057.86791992 5253.125 3.17160987854
1465498343179  3059.49951172 5274.49951172 3.14159393311
1465498343248  3059.49975586 5302.5 3.14159345627
1465498343318  3059.49951172 5323.5 3.14159178734
1465498343379  3059.49951172 5351.49951172 3.14159274101
1465498343452  3059.49975586 5379.49951172 3.1415977478
1465498343512  3059.49951172 5400.49951172 3.14159178734
1465498343580  3061.62304688 5428.5 3.16217756271
1465498343648  3066.08349609 5449.49951172 3.14097857475
1465498343717  3066.5 5477.49951172 3.14159297943
1465498343849  3066.5 5526.5 3.14159226418
1465498343917  3066.49951172 5554.5 3.14159345627
1465498343981  3066.49951172 5575.49951172 3.14159297943
1465498344050  3069.2578125 5603.5 3.15222167969
1465498344119  3073.49975586 5624.5 3.14159297943
1465498344180  3073.5 5652.5 3.14159226418
1465498344247  3073.5 5677.12841797 3.10945820808
1465498344317  3073.50024414 5701.5 3.14159297943
1465498344384  3073.5 5729.5 3.14158987999
1465498344448  3077.52758789 5750.5 3.12839341164
1465498344516  3080.5 5778.5 3.14159274101
1465498344584  3080.49951172 5800.03613281 3.13000226021
1465498344647  3080.5 5827.5 3.14159393311
1465498344719  3080.49951172 5853.77539062 3.11193442345
1465498344786  3080.70996094 5876.49951172 3.14097762108
1465498344853  3085.29077148 5904.5 3.11974406242
1465498344915  3087.49951172 5926.40039062 3.12335133553
1465498344984  3087.5 5953.5 3.14159274101
1465498345047  3087.49951172 5980.39306641 3.120626688
1465498345116  3087.49951172 6002.49951172 3.14159297943
1465498345251  3094.24951172 6052.01904297 3.12387871742
1465498345314  3094.49975586 6079.49951172 3.14159178734
1465498345384  3094.5 6105.0078125 3.10155367851
1465498345453  3094.49975586 6128.49951172 3.1415913105
1465498345516  3099.11328125 6155.34521484 3.09011054039
1465498345583  3101.49975586 6177.5 3.14159440994
1465498345654  3101.49975586 6205.5 3.14159083366
1465498345714  3101.5 6229.58398438 3.09807896614
1465498345783  3104.23608398 6254.49951172 3.1068007946
1465498345852  3106.92626953 6280.37890625 3.0818798542
1465498345920  3108.5 6303.5 3.14159488678
1465498345983  3108.49975586 6331.49951172 3.14159393311
1465498346054  3108.5 6353.59375 3.12155842781
1465498346121  3112.78027344 6380.49951172 3.10320162773
1465498346183  3115.24951172 6405.61669922 3.09346318245
1465498346255  3115.49951172 6430.02734375 3.12878012657
1465498346318  3115.49951172 6456.35888672 3.11844134331
1465498346384  3118.9375 6478.66113281 3.0975086689
1465498346450  3121.86523438 6505.24658203 3.10380101204
1465498346519  3122.49975586 6528.39990234 3.12334704399
1465498346651  3125.00268555 6566.07275391 3.0651037693
1465498346720  3126.51806641 6581.44628906 3.06327366829
1465498346787  3127.65649414 6591.93554688 3.09316039085
1465498346850  3127.66210938 6598.71875 3.09067320824
1465498346922  3127.49560547 6597.09521484 3.09221577644
1465498346989  3126.90234375 6588.3046875 3.0698993206
1465498347053  3125.76660156 6582.79931641 3.07124447823
1465498347119  3125.93457031 6582.37402344 3.0694668293
1465498347189  3126.20922852 6584.71191406 3.07766890526
1465498347253  3126.65429688 6587.62451172 3.06204295158
1465498347318  3126.65356445 6587.61376953 3.0632417202
1465498347387  3126.63647461 6587.40917969 3.06323218346
1465498347454  3126.67163086 6587.83447266 3.06145215034
1465498347518  3126.63647461 6587.40917969 3.06323218346
1465498347587  3126.82421875 6587.39404297 3.06508231163
1465498347655  3126.84033203 6587.60839844 3.06389260292
1465498347719  3126.65429688 6587.62451172 3.06204295158
1465498347787  3126.68896484 6588.0390625 3.0614593029
1465498347855  3126.67163086 6587.83447266 3.06145215034
1465498347919  3126.65429688 6587.62451172 3.06204295158
1465498347987  3126.81835938 6587.39355469 3.0657017231
1465498348054  3126.82421875 6587.39404297 3.06508231163
1465498348124  3126.65380859 6587.61914062 3.06264233589
1465498348185  3126.82421875 6587.39404297 3.06508231163
1465498348254  3126.63647461 6587.40917969 3.06323218346
1465498348386  3126.63623047 6587.40380859 3.06383061409
1465498348455  3126.84057617 6587.59814453 3.06508994102
1465498348522  3126.82421875 6587.39404297 3.06508231163
