1465494788379 2098.35961914 4372.49951172 3.16762208939
1465494788447 2098.56542969 4372.49951172 3.16766643524
1465494788511 2098.35961914 4372.49951172 3.16762208939
1465494788580 2098.35961914 4372.49951172 3.16762208939
1465494788648 2098.56542969 4372.49951172 3.16766643524
1465494788712 2098.56542969 4372.49951172 3.16766643524
1465494788780 2098.35961914 4372.49951172 3.16762208939
1465494788847 2098.35961914 4372.49951172 3.16762208939
1465494788910 2098.69848633 4372.49951172 3.16332483292
1465494788978 2098.56542969 4372.49951172 3.16766643524
1465494789047 2098.33032227 4374.76708984 3.18818330765
1465494789115 2098.4309082 4378.16894531 3.18750524521
1465494789178 2098.46972656 4377.47851562 3.20278072357
1465494789247 2098.48339844 4377.27050781 3.20337629318
1465494789315 2098.41748047 4377.80664062 3.19479370117
1465494789378 2098.41308594 4378.38232422 3.18566274643
1465494789446 2098.48339844 4377.27050781 3.20337629318
1465494789514 2098.5168457 4376.89306641 3.2064332962
1465494789580 2098.27880859 4377.25634766 3.20338964462
1465494789647 2098.0859375 4377.25244141 3.20765209198
1465494789715 2098.26513672 4377.46435547 3.2027926445
1465494789782 2098.35961914 4372.49951172 3.16762208939
1465494789847 2098.32104492 4372.49951172 3.16813611984
1465494789916 2098.49267578 4372.49951172 3.16328811646
1465494789983 2098.49267578 4372.49951172 3.16328811646
1465494790047 2098.49267578 4372.49951172 3.16328811646
1465494790114 2098.49267578 4372.49951172 3.16328811646
1465494790182 2098.32104492 4372.49951172 3.16813611984
1465494790252 2098.32104492 4372.49951172 3.16813611984
1465494790315 2098.32104492 4372.49951172 3.16813611984
1465494790383 2098.32104492 4372.49951172 3.16813611984
1465494790446 2098.69848633 4372.49951172 3.16332483292
1465494790515 2098.32104492 4372.49951172 3.16813611984
1465494790591 2098.36791992 4372.75683594 3.17263364792
1465494790651 2098.11962891 4376.86914062 3.21071386337
1465494790714 2098.09204102 4377.28125 3.21012544632
1465494790784 2098.1953125 4375.3125 3.20336723328
1465494790852 2098.26513672 4377.46435547 3.2027926445
1465494790930 2098.31298828 4376.68310547 3.20399141312
1465494790983 2098.32592773 4376.31738281 3.20215797424
1465494791051 2098.31616211 4376.48632812 3.20214748383
1465494791115 2098.55712891 4374.36523438 3.1881737709
1465494791183 2098.36767578 4374.16503906 3.1893658638
1465494791318 2098.55859375 4374.5859375 3.19120979309
1465494791383 2098.92333984 4376.86572266 3.20182800293
1465494791451 2098.5168457 4376.89306641 3.2064332962
1465494791518 2098.53710938 4376.71386719 3.2088971138
1465494791583 2098.85302734 4377.64208984 3.194835186
1465494791650 2098.5859375 4377.98242188 3.18818569183
1465494791718 2098.82714844 4377.81787109 3.19146060944
1465494791782 2098.5480957 4376.50927734 3.20892000198
1465494791850 2098.57861328 4373.95556641 3.18814849854
1465494791918 2098.69433594 4377.03173828 3.20011377335
1465494791981 2098.50585938 4377.09765625 3.20645284653
1465494792050 2098.59326172 4375.73242188 3.20952367783
1465494792118 2098.61132812 4374.94628906 3.20336580276
1465494792186 2098.61254883 4375.33447266 3.20890665054
1465494792250 2098.58105469 4374.34179688 3.19366312027
1465494792318 2098.57861328 4373.95556641 3.18814849854
1465494792387 2098.78662109 4373.96630859 3.1875538826
1465494792452 2098.69848633 4372.49951172 3.16332483292
1465494792519 2098.69848633 4372.49951172 3.16332483292
1465494792591 2098.69848633 4372.49951172 3.16332483292
1465494792650 2098.69848633 4372.49951172 3.16332483292
1465494792717 2098.69848633 4372.49951172 3.16332483292
1465494792785 2098.69848633 4372.49951172 3.16332483292
1465494792853 2098.69848633 4372.49951172 3.16332483292
1465494792917 2098.69848633 4372.49951172 3.16332483292
1465494792986 2098.69848633 4372.49951172 3.16332483292
1465494793054 2098.69848633 4372.49951172 3.16332483292
1465494793117 2098.69848633 4372.49951172 3.16332483292
1465494793186 2098.69848633 4372.49951172 3.16332483292
1465494793253 2098.69848633 4372.49951172 3.16332483292
1465494793318 2098.69848633 4372.49951172 3.16332483292
1465494793386 2098.69848633 4372.49951172 3.16332483292
1465494793454 2098.69848633 4372.49951172 3.16332483292
1465494793517 2098.69848633 4372.49951172 3.16332483292
1465494793586 2098.69848633 4372.49951172 3.16332483292
1465494793655 2098.69848633 4372.49951172 3.16332483292
1465494793721 2098.69848633 4372.49951172 3.16332483292
1465494793786 2098.69848633 4372.49951172 3.16332483292
1465494793854 2098.69848633 4372.49951172 3.16332483292
1465494793922 2098.69848633 4372.49951172 3.16332483292
1465494793991 2098.69848633 4372.49951172 3.16332483292
1465494794054 2098.69848633 4372.49951172 3.16332483292
1465494794122 2098.69848633 4372.49951172 3.16332483292
1465494794184 2098.69848633 4372.49951172 3.16332483292
1465494794254 2098.69848633 4372.49951172 3.16332483292
1465494794329 2098.69848633 4372.49951172 3.16332483292
1465494794389 2098.69848633 4372.49951172 3.16332483292
1465494794453 2098.69848633 4372.49951172 3.16332483292
1465494794522 2098.69848633 4372.49951172 3.16332483292
1465494794589 2098.69848633 4372.49951172 3.16332483292
1465494794664 2098.69848633 4372.49951172 3.16332483292
1465494794721 2098.69848633 4372.49951172 3.16332483292
1465494794790 2098.69848633 4372.49951172 3.16332483292
1465494794853 2098.69848633 4372.49951172 3.16332483292
1465494794921 2098.62011719 4374.734375 3.20276832581
1465494794998 2098.76489258 4378.54394531 3.17659664154
1465494795057 2098.60351562 4375.73193359 3.21202468872
1465494795122 2098.69848633 4372.49951172 3.16332483292
1465494795189 2098.58251953 4373.72949219 3.18630409241
1465494795257 2098.6081543 4374.35644531 3.1947889328
1465494795335 2098.4284668 4377.85498047 3.19787740707
1465494795389 2098.46972656 4377.47851562 3.20278072357
1465494795457 2098.46972656 4377.47851562 3.20278072357
1465494795521 2098.60888672 4378.38867188 3.18541622162
1465494795589 2098.38256836 4378.22949219 3.19173383713
1465494795666 2098.41308594 4378.38232422 3.18566274643
1465494795722 2098.921875 4379.0390625 3.1705327034
1465494795790 2098.51367188 4379.27001953 3.17178344727
1465494795859 2098.61450195 4374.13818359 3.19356632233
1465494795926 2098.56542969 4372.49951172 3.16766643524
1465494795990 2098.90869141 4379.49951172 3.16275691986
1465494796057 2098.99975586 4389.99951172 3.16177511215
1465494796068 2158.27392578 4390.09863281 3.18407344818
1465494796134 2158.25048828 4398.30761719 3.1890912056
1465494796204 2159.22607422 4414.46191406 3.1454846859
1465494796204 2159.66601562 4422.58740234 3.12631106377
1465494796270 2160.26171875 4432.79199219 3.1116502285
1465494796274 2160.16650391 4443.04589844 3.10553646088
1465494796338 2159.65332031 4452.9609375 3.06744456291
1465494796342 2158.56420898 4462.56933594 3.02463388443
1465494796402 2158.49804688 4472.73144531 2.98765134811
1465494796408 2158.72314453 4483.01953125 2.94988036156
1465494796469 2160.13012695 4493.74902344 2.91454529762
1465494796473 2161.33569336 4503.89111328 2.88200116158
1465494796537 2162.85644531 4513.79833984 2.84557676315
1465494796541 2164.45849609 4523.54833984 2.80980110168
1465494796608 2167.05834961 4533.15478516 2.77711844444
1465494796608 2169.40478516 4542.98242188 2.74681186676
1465494796668 2172.73632812 4552.82421875 2.70094466209
1465494796672 2175.65161133 4562.48242188 2.65890812874
1465494796740 2179.52124023 4571.96582031 2.62647557259
1465494796741 2183.5168457 4581.06640625 2.59446835518
1465494796807 2188.09228516 4590.48828125 2.55690073967
1465494796808 2192.43383789 4599.71923828 2.52010440826
1465494796868 2198.00854492 4608.86621094 2.48916053772
1465494796872 2203.2824707 4617.84814453 2.46380805969
1465494796935 2208.97412109 4625.37402344 2.41378641129
1465494796940 2215.06787109 4633.78466797 2.36646604538
1465494797003 2221.32324219 4641.80859375 2.33621692657
1465494797008 2226.96484375 4648.85400391 2.29824304581
1465494797142 2241.24414062 4663.31738281 2.22498965263
1465494797208 2328.45605469 4688.77197266 2.08592104912
1465494797274 2345.13427734 4700.35888672 2.0150282383
1465494797343 2362.82177734 4710.9296875 1.94609987736
1465494797408 2380.60766602 4719.78369141 1.87433588505
1465494797476 2398.63891602 4727.55419922 1.80457222462
1465494797542 2418.02954102 4733.53808594 1.73139345646
1465494797609 2437.55834961 4738.82861328 1.66234362125
1465494797676 2457.5 4742.5 1.5707937479
1465494797735 2477.80151367 4744.95214844 1.49874567986
1465494797877 2517.33203125 4745.52490234 1.36425960064
1465494797945 2538.16723633 4743.12109375 1.3039624691
1465494798010 2558.62280273 4740.23828125 1.21946752071
1465494798076 2578.31323242 4735.1171875 1.14337897301
1465494798143 2597.30541992 4729.03271484 1.08529984951
1465494798210 2617.10229492 4721.07763672 1.01040732861
1465494798275 2634.98583984 4712.63964844 0.945559084415
1465494798344 2651.43969727 4702.18017578 0.863007247448
1465494798408 2667.15771484 4690.32861328 0.826809585094
1465494798476 2683.60839844 4677.91308594 0.717069864273
1465494798609 2712.85546875 4648.99462891 0.557132303715
1465494798676 2726.23608398 4632.85644531 0.497160494328
1465494798743 2677.86303711 4625.44628906 0.456376940012
1465494798746 2683.27758789 4617.49267578 0.42028555274
1465494798802 2688.45068359 4609.21826172 0.384598493576
1465494798810 2693.45385742 4600.6015625 0.348131626844
1465494798872 2698.14746094 4591.6875 0.316075503826
1465494798876 2702.84350586 4582.79589844 0.280056059361
1465494798941 2706.76000977 4573.45996094 0.246186316013
1465494798944 2710.49975586 4564.24902344 0.209459736943
1465494799007 2713.42041016 4554.81298828 0.166885688901
1465494799013 2716.79052734 4545.14892578 0.126038908958
1465494799072 2719.6015625 4535.20214844 0.0925728082657
1465494799075 2722.20288086 4525.03417969 0.0673552826047
1465494799139 2725.19262695 4514.67285156 0.0372119024396
1465494799207 2725.32983398 4505.22460938 0.00153094704729
1465494799339 2674.66552734 4446.78076172 6.06455612183
1465494799411 2672.85449219 4426.33398438 6.00881290436
1465494799469 2669.41650391 4406.85351562 5.93850231171
1465494799543 2664.84692383 4387.58300781 5.87125062943
1465494799610 2658.39135742 4368.14697266 5.80120420456
1465494799679 2650.87207031 4349.97705078 5.72939872742
1465494799739 2642.16088867 4332.33544922 5.65883111954
1465494799810 2631.86621094 4314.79980469 5.58658409119
1465494799876 2620.27978516 4297.42431641 5.51946973801
1465494799942 2608.49853516 4282.4609375 5.43219900131
1465494800077 2580.39257812 4253.02929688 5.29214715958
1465494800140 2564.9128418 4240.84521484 5.21933031082
1465494800208 2548.39038086 4229.57177734 5.16107749939
1465494800275 2531.19042969 4218.77490234 5.09188365936
1465494800346 2512.39941406 4208.85009766 5.01158952713
1465494800409 2494.2800293 4200.80175781 4.95508384705
1465494800476 2475.25634766 4193.83496094 4.88938331604
1465494800545 2455.72338867 4188.30761719 4.81218528748
1465494800608 2435.59887695 4183.49951172 4.74134111404
1465494800676 2415.54980469 4183.03125 4.65969705582
1465494800808 2374.33300781 4181.19335938 4.53114557266
1465494800880 2353.86450195 4182.88867188 4.47081947327
1465494800944 2333.15942383 4185.73974609 4.39373207092
1465494801005 2313.82104492 4190.57226562 4.31916999817
1465494801075 2295.37915039 4196.43505859 4.24515199661
1465494801144 2275.30664062 4204.13671875 4.18411779404
1465494801212 2256.36035156 4212.54199219 4.12864732742
1465494801277 2238.37817383 4222.06054688 4.04243326187
1465494801344 2221.00292969 4233.51953125 3.98461842537
1465494801414 2203.49414062 4245.24560547 3.89827227592
1465494801545 2174.79589844 4273.19726562 3.75605559349
1465494801612 2161.42114258 4288.63867188 3.69639968872
1465494801675 2148.7253418 4304.91455078 3.61554670334
1465494801743 2137.31933594 4321.30322266 3.54042482376
1465494801812 2127.24902344 4339.83056641 3.47308921814
1465494801881 2118.25585938 4358.98144531 3.39890384674
1465494801945 2111.38916016 4377.04833984 3.33897542953
1465494802012 2106.11279297 4396.69140625 3.26717281342
1465494802017 2164.23022461 4397.29882812 3.26306152344
1465494802079 2161.69848633 4407.14355469 3.22853016853
1465494802082 2159.62402344 4416.99316406 3.20052337646
1465494802146 2157.59912109 4427.16357422 3.16215205193
1465494802149 2155.46289062 4436.59570312 3.10582065582
1465494802282 2154.89404297 4457.21679688 3.03358364105
1465494802283 2154.67675781 4477.59667969 2.97856807709
1465494802341 2155.45654297 4487.81054688 2.94474554062
1465494802350 2156.43994141 4497.81738281 2.90373849869
1465494802411 2158.02001953 4507.65820312 2.86963391304
1465494802416 2159.62524414 4517.30957031 2.84475278854
1465494802481 2161.98583984 4527.61083984 2.80968618393
1465494802484 2164.00878906 4537.29736328 2.76533079147
1465494802541 2166.66357422 4547.234375 2.72632193565
1465494802549 2169.77587891 4556.96679688 2.69734525681
1465494802615 2172.82397461 4566.20605469 2.65616726875
1465494802615 2176.38671875 4575.5625 2.61858820915
1465494802680 2180.87841797 4584.80957031 2.58720850945
1465494802683 2185.3046875 4593.79443359 2.5471777916
1465494802750 2190.11962891 4602.86914062 2.50664663315
1465494802751 2194.84326172 4611.99414062 2.48032546043
1465494802812 2200.28198242 4620.14257812 2.45217251778
1465494802815 2205.58789062 4628.12158203 2.41679596901
1465494802883 2211.95239258 4636.19042969 2.37691235542
1465494802882 2218.48193359 4643.98681641 2.34648990631
1465494802962 2224.6652832 4651.41699219 2.31222867966
1465494803014 2231.61743164 4658.75292969 2.27601289749
1465494803083 2318.44580078 4684.59033203 2.12515544891
1465494803152 2334.14819336 4697.25390625 2.05128836632
1465494803218 2351.04248047 4708.93017578 1.97854483128
1465494803353 2386.05712891 4726.19580078 1.83716499805
1465494803421 2404.66870117 4733.60595703 1.7753111124
1465494803483 2424.13183594 4739.24755859 1.69648897648
1465494803551 2443.41748047 4743.80761719 1.62142336369
1465494803619 2464.49975586 4749.28076172 1.565289855
1465494803751 2503.95800781 4749.15917969 1.41500556469
1465494803820 2523.56152344 4748.07226562 1.34613120556
1465494803887 2543.84960938 4745.33935547 1.27650868893
1465494803952 2563.66015625 4741.96337891 1.21482026577
1465494804019 2583.18432617 4736.58349609 1.12631821632
1465494804087 2602.43896484 4729.82910156 1.05613744259
1465494804151 2621.14208984 4721.71191406 0.992335855961
1465494804220 2639.01123047 4712.72167969 0.923939526081
1465494804287 2655.45288086 4702.68310547 0.860301971436
1465494804353 2672.29077148 4691.29052734 0.773201525211
1465494804486 2702.27050781 4664.08447266 0.623867988586
1465494804552 2716.18310547 4649.04785156 0.554536879063
1465494804619 2728.44726562 4633.49511719 0.481729626656
1465494804684 2680.28076172 4625.94775391 0.446883708239
1465494804688 2685.86254883 4617.56201172 0.413286715746
1465494804748 2691.11132812 4608.9296875 0.382414102554
1465494804753 2696.21166992 4600.28662109 0.350622951984
1465494804814 2700.63134766 4591.28222656 0.313208639622
1465494804820 2705.28125 4582.29199219 0.274189740419
1465494804882 2709.06298828 4573.32177734 0.235927283764
1465494804886 2712.93457031 4564.27880859 0.202045500278
1465494804950 2716.40820312 4554.75390625 0.169935658574
1465494804954 2719.36230469 4545.18457031 0.135819151998
1465494805015 2722.00927734 4534.95898438 0.102613642812
1465494805018 2724.70263672 4524.64208984 0.0650672987103
1465494805086 2726.32446289 4514.54931641 0.030913297087
1465494805218 2677.08374023 4467.49609375 6.14739942551
1465494805285 2676.94335938 4447.01025391 6.07697582245
1465494805351 2674.68383789 4427.39746094 6.0068063736
1465494805414 2671.69433594 4407.88427734 5.93036079407
1465494805483 2667.11450195 4387.70654297 5.87194156647
1465494805552 2661.17138672 4369.60351562 5.80485677719
1465494805611 2653.72167969 4350.9453125 5.73333930969
1465494805682 2644.78710938 4332.68066406 5.66153383255
1465494805750 2634.84423828 4315.32666016 5.60482406616
1465494805819 2625.01196289 4298.34130859 5.52495670319
1465494805953 2598.42602539 4267.40966797 5.38397693634
1465494806021 2584.36474609 4254.07128906 5.31322240829
1465494806081 2569.38330078 4241.38818359 5.24854135513
1465494806153 2553.45727539 4229.71972656 5.17480897903
1465494806220 2535.90478516 4218.81640625 5.10842704773
1465494806277 2518.14257812 4209.06738281 5.04458236694
1465494806351 2500.01245117 4200.72705078 4.9758849144
1465494806418 2481.10498047 4193.45703125 4.90838766098
1465494806489 2461.65356445 4187.96582031 4.83897972107
1465494806555 2442.22827148 4183.26660156 4.74868679047
1465494806688 2401.37890625 4178.59082031 4.63549995422
1465494806752 2381.88720703 4177.72753906 4.56800699234
1465494806819 2360.59033203 4178.99462891 4.49733352661
1465494806874 2340.03076172 4181.17285156 4.42077302933
1465494806948 2320.43945312 4185.45117188 4.37032079697
1465494807019 2301.51123047 4190.9375 4.2890920639
1465494807087 2281.71923828 4197.63232422 4.22100973129
1465494807157 2262.38037109 4205.17919922 4.15392589569
1465494807220 2244.44482422 4214.55908203 4.09987258911
1465494807289 2226.94238281 4224.38183594 4.02435159683
1465494807421 2193.92602539 4248.66503906 3.86866354942
1465494807487 2179.40185547 4262.42871094 3.80731892586
1465494807554 2165.4675293 4277.375 3.73458385468
1465494807616 2152.20361328 4292.90429688 3.66656088829
1465494807686 2140.39306641 4309.72705078 3.59381484985
1465494807757 2129.05859375 4327.18164062 3.51971721649
1465494807813 2119.76416016 4344.98730469 3.45936346054
1465494807887 2111.91015625 4362.90136719 3.38174533844
1465494807957 2105.00268555 4381.91992188 3.31671476364
1465494808025 2099.71972656 4402.68408203 3.2482419014
1465494808026 2157.97119141 4402.74609375 3.23769569397
1465494808156 2154.68017578 4422.4609375 3.17200660706
1465494808159 2152.29248047 4442.13964844 3.11258769035
1465494808222 2151.26855469 4452.43945312 3.06706261635
1465494808227 2150.03662109 4462.51660156 3.02627897263
1465494808286 2150.09375 4472.76757812 2.99275898933
1465494808289 2150.03125 4482.43994141 2.95510601997
1465494808356 2150.97167969 4492.28710938 2.92192673683
1465494808358 2151.94873047 4502.08007812 2.88945364952
1465494808422 2153.79296875 4512.07861328 2.85309576988
1465494808425 2155.70214844 4522.01855469 2.83003377914
1465494808484 2158.00390625 4531.9765625 2.80157136917
1465494808494 2160.04785156 4541.5859375 2.75849246979
1465494808557 2163.02001953 4551.15625 2.71815133095
1465494808558 2165.93652344 4560.38769531 2.68510198593
1465494808624 2169.37890625 4570.05078125 2.65714478493
1465494808626 2173.03613281 4579.66162109 2.61618471146
1465494808693 2177.40625 4589.1796875 2.57682585716
1465494808695 2181.59594727 4598.52734375 2.5492837429
1465494808758 2186.63037109 4607.11425781 2.51108407974
1465494808760 2191.43066406 4615.39306641 2.47231912613
1465494808890 2203.45800781 4631.53417969 2.4054813385
1465494808893 2215.14746094 4647.87304688 2.33844566345
1465494808958 2221.57666016 4655.35449219 2.29867720604
1465494809026 2228.62109375 4662.06884766 2.26618814468
1465494809093 2315.36621094 4687.62255859 2.12713122368
1465494809161 2331.18994141 4700.33740234 2.05136275291
1465494809227 2347.671875 4710.87988281 1.9849768877
1465494809294 2365.15820312 4720.1640625 1.91582214832
1465494809359 2382.6809082 4728.77246094 1.84098160267
1465494809431 2401.25097656 4735.87939453 1.77279722691
1465494809502 2420.1081543 4741.97509766 1.7104331255
1465494809572 2440.36767578 4746.86083984 1.64839184284
1465494809631 2459.90625 4749.5 1.55016028881
1465494809699 2479.80981445 4751.55566406 1.50511884689
1465494809769 2499.19555664 4751.63085938 1.43202328682
1465494809832 2519.48095703 4751.69482422 1.35827422142
1465494809967 2559.04931641 4745.52441406 1.21880722046
1465494810035 2578.71582031 4740.85546875 1.14770507812
1465494810099 2598.73632812 4734.31103516 1.06798577309
1465494810167 2616.75146484 4727.08349609 1.01656162739
1465494810235 2633.88427734 4718.08984375 0.942884683609
1465494810301 2651.48828125 4707.92041016 0.877153337002
1465494810367 2668.99755859 4695.49951172 0.806777060032
1465494810436 2683.64672852 4684.38183594 0.71919053793
1465494810501 2698.87744141 4670.36376953 0.64746594429
1465494810568 2712.91308594 4655.73242188 0.579694867134
1465494810636 2725.35424805 4640.625 0.503570020199
1465494810677 2677.73388672 4632.86425781 0.465855747461
1465494810690 2683.74267578 4624.56152344 0.433207154274
1465494810761 2689.03540039 4615.64501953 0.398750424385
1465494810761 2694.21142578 4607.01074219 0.362114071846
1465494810828 2698.9050293 4598.31640625 0.332818776369
1465494810830 2703.44433594 4589.79296875 0.295039176941
1465494810886 2707.33325195 4580.64257812 0.260749518871
1465494810897 2711.24438477 4571.13671875 0.224029377103
1465494810961 2715.04272461 4561.60595703 0.185625612736
1465494810964 2718.79150391 4552.04003906 0.148749366403
1465494811026 2721.37304688 4542.3046875 0.118262954056
1465494811029 2723.74804688 4532.58300781 0.0880575329065
1465494811094 2725.80273438 4522.20019531 0.0477069690824
1465494811160 2726.52514648 4513.54443359 0.0109505075961
1465494811229 2677.87133789 4475.12060547 6.16165781021
1465494811353 2675.35058594 4434.83740234 6.02214574814
1465494811429 2672.93115234 4415.01855469 5.95515823364
1465494811498 2668.81518555 4395.88378906 5.8922419548
1465494811554 2663.13354492 4376.59570312 5.80356836319
1465494811627 2656.25 4358.47070312 5.75339794159
1465494811689 2648.24853516 4341.10791016 5.68692111969
1465494811755 2638.42163086 4322.81298828 5.62528181076
1465494811820 2627.38134766 4306.22949219 5.56153488159
1465494811889 2615.25341797 4288.70458984 5.51911878586
1465494811956 2602.63867188 4274.5078125 5.40559053421
1465494812023 2588.81420898 4260.91699219 5.33301210403
1465494812088 2573.80444336 4247.69335938 5.27468252182
1465494812155 2558.10327148 4235.55664062 5.18989467621
1465494812219 2541.08569336 4223.95898438 5.13525342941
1465494812288 2524.19458008 4213.95410156 5.06900978088
1465494812362 2505.29663086 4204.96386719 4.99961328506
1465494812424 2487.17480469 4197.23681641 4.93178367615
1465494812488 2468.31542969 4191.09033203 4.8605427742
1465494812556 2448.87866211 4186.70507812 4.79860305786
1465494812623 2426.71191406 4183.49951172 4.72795343399
1465494812757 2387.76586914 4179.97119141 4.60368299484
1465494812824 2366.45629883 4179.78564453 4.51658153534
1465494812887 2347.13061523 4182.12792969 4.45135688782
1465494812955 2327.58105469 4186.10888672 4.38848400116
1465494813023 2307.24267578 4190.58203125 4.31542730331
1465494813087 2288.15283203 4196.54296875 4.24300003052
1465494813155 2268.48486328 4204.03662109 4.18298482895
1465494813224 2249.53686523 4212.4296875 4.1290397644
1465494813292 2231.70288086 4222.23681641 4.04411125183
1465494813355 2215.04150391 4233.59667969 3.97761082649
1465494813423 2199.34082031 4245.33007812 3.88843917847
1465494813491 2183.93603516 4259.25292969 3.82494258881
1465494813555 2168.96386719 4273.66894531 3.75769400597
1465494813623 2155.65673828 4288.78662109 3.68142580986
1465494813691 2142.61865234 4305.67578125 3.60691308975
1465494813755 2131.93286133 4322.16455078 3.53958320618
1465494813824 2122.29443359 4339.56542969 3.47157049179
1465494813892 2113.88891602 4358.41259766 3.40655469894
1465494813960 2105.77978516 4377.95947266 3.33802223206
1465494814023 2100.30078125 4397.21191406 3.25206565857
1465494814038 2158.60302734 4397.58984375 3.24769377708
1465494814092 2156.32885742 4407.28710938 3.22523117065
1465494814107 2154.12890625 4417.40039062 3.19810891151
1465494814160 2152.89648438 4427.50292969 3.15587925911
1465494814173 2152.64257812 4437.19628906 3.10513806343
1465494814223 2151.36035156 4447.70556641 3.06613278389
1465494814237 2149.7355957 4457.61328125 3.04149079323
1465494814292 2149.63037109 4467.64160156 3.01408171654
1465494814305 2149.54345703 4477.23144531 2.98238515854
1465494814360 2150.2331543 4487.33105469 2.94178199768
1465494814373 2150.94921875 4497.0 2.91333341599
1465494814424 2152.38964844 4506.92041016 2.88086032867
1465494814436 2153.77124023 4517.18066406 2.84908270836
1465494814500 2155.67163086 4526.84667969 2.80377650261
1465494814500 2157.83349609 4537.06103516 2.76770591736
1465494814567 2160.77099609 4546.77441406 2.73330330849
1465494814569 2163.84033203 4556.53076172 2.69777917862
1465494814624 2167.15527344 4566.41308594 2.65893149376
1465494814636 2170.37939453 4575.72021484 2.62986087799
1465494814702 2174.80688477 4584.67578125 2.59691381454
1465494814702 2178.81225586 4593.54589844 2.56696152687
1465494814835 2189.31201172 4610.96386719 2.50130295753
1465494814837 2199.05175781 4627.83984375 2.42986917496
1465494814900 2205.24609375 4635.52832031 2.39524531364
1465494814900 2211.47998047 4643.98046875 2.35285234451
1465494814952 2217.83154297 4651.97070312 2.30751800537
1465494814962 2223.57373047 4659.24023438 2.2844824791
1465494815036 2230.54736328 4666.5703125 2.24332046509
1465494815101 2238.07519531 4673.47265625 2.21129608154
1465494815168 2325.84423828 4697.29443359 2.07814908028
1465494815236 2342.44580078 4708.18505859 2.00294589996
1465494815301 2359.63183594 4718.25732422 1.94710838795
1465494815368 2377.60595703 4726.94189453 1.86362230778
1465494815436 2395.90966797 4734.92041016 1.79139101505
1465494815569 2434.24780273 4746.31787109 1.64899837971
1465494815637 2453.61108398 4749.5 1.57927429676
1465494815704 2473.23193359 4751.14746094 1.51596260071
1465494815770 2493.57446289 4752.90478516 1.45817494392
1465494815836 2513.85327148 4752.46191406 1.37891900539
1465494815906 2534.08837891 4750.20117188 1.30936658382
1465494815969 2553.66796875 4747.62451172 1.23973894119
1465494816037 2573.91894531 4743.07666016 1.16272783279
1465494816106 2592.33300781 4736.72070312 1.08939778805
1465494816170 2610.62158203 4729.35009766 1.02906405926
1465494816300 2646.54736328 4710.86376953 0.889144599438
1465494816371 2663.29101562 4700.421875 0.830893218517
1465494816436 2679.95996094 4687.25097656 0.725352108479
1465494816505 2694.68945312 4674.26953125 0.670295834541
1465494816573 2708.42480469 4660.10302734 0.597830414772
1465494816639 2721.20458984 4645.0078125 0.521839439869
1465494816704 2733.56201172 4628.45898438 0.459870427847
1465494816771 2744.05078125 4611.93457031 0.380988299847
1465494816771 2690.37451172 4612.640625 0.380616933107
1465494816827 2694.94287109 4603.89257812 0.347672760487
1465494816839 2699.87744141 4594.98144531 0.315288692713
1465494816901 2704.34179688 4585.77734375 0.280127316713
1465494816903 2708.68652344 4576.37353516 0.245721235871
1465494817038 2715.08056641 4557.69384766 0.184962034225
1465494817039 2721.17871094 4539.19921875 0.118867091835
1465494817102 2723.60986328 4529.28222656 0.0789125561714
1465494817103 2725.95678711 4519.45996094 0.0237579401582
1465494817172 2727.2421875 4509.19335938 6.26739215851
1465494817240 2728.05688477 4499.76367188 6.23892641068
1465494817295 2676.96166992 4461.16503906 6.1092338562
1465494817372 2675.68505859 4440.58349609 6.04521942139
1465494817438 2673.18310547 4421.48681641 5.96980953217
1465494817494 2669.10595703 4402.03417969 5.92158508301
1465494817570 2664.16357422 4383.32714844 5.83155298233
1465494817639 2657.75097656 4364.38720703 5.78059864044
1465494817708 2649.99267578 4346.40039062 5.71642923355
1465494817772 2641.34643555 4328.51904297 5.66094732285
1465494817838 2630.9543457 4310.77587891 5.58191633224
1465494817905 2620.45800781 4294.16796875 5.53503322601
1465494817967 2607.49291992 4279.77832031 5.43053722382
1465494818106 2579.30322266 4251.57275391 5.2907075882
1465494818162 2563.49951172 4238.59228516 5.23624515533
1465494818231 2547.8515625 4226.92089844 5.17486619949
1465494818298 2530.41064453 4215.8984375 5.0961022377
1465494818362 2512.74438477 4206.78369141 5.02572011948
1465494818431 2494.4230957 4198.81640625 4.95966672897
1465494818498 2475.53173828 4192.22509766 4.89880561829
1465494818566 2456.234375 4186.67919922 4.81183433533
1465494818630 2436.26367188 4183.06445312 4.75707387924
1465494818708 2415.76171875 4178.2734375 4.65267181396
1465494818767 2394.6027832 4177.69873047 4.62029457092
1465494818830 2375.65917969 4177.45263672 4.563601017
1465494818898 2355.81860352 4179.23388672 4.48963594437
1465494818968 2335.70800781 4182.01904297 4.4243850708
1465494819030 2315.19335938 4186.12890625 4.34715795517
1465494819099 2295.14892578 4191.52294922 4.29319953918
1465494819167 2275.99707031 4197.87548828 4.21374320984
1465494819234 2256.60717773 4206.31494141 4.15368461609
1465494819299 2238.81665039 4215.12158203 4.07957458496
1465494819367 2221.72851562 4225.69824219 4.01323270798
1465494819441 2205.86376953 4236.60791016 3.92848825455
1465494819498 2189.79833984 4249.93017578 3.86722302437
1465494819567 2174.65185547 4263.65234375 3.79063177109
1465494819635 2160.35522461 4278.99511719 3.71912336349
1465494819698 2146.97705078 4294.37255859 3.6631758213
1465494819834 2125.68286133 4327.46240234 3.52135419846
1465494819898 2115.83984375 4345.99121094 3.45306158066
1465494819967 2107.48583984 4364.66796875 3.3841791153
1465494820035 2100.78173828 4383.22460938 3.31910943985
1465494820049 2158.94116211 4384.14697266 3.31345558167
1465494820103 2156.13916016 4394.29638672 3.2760488987
1465494820119 2153.44824219 4403.74707031 3.2437183857
1465494820172 2151.44726562 4413.22851562 3.21316933632
1465494820174 2149.47460938 4422.35058594 3.19457960129
1465494820242 2148.33789062 4432.34667969 3.15592265129
1465494820242 2146.92871094 4442.77441406 3.11309909821
1465494820309 2146.26123047 4452.53027344 3.08527469635
1465494820311 2146.13427734 4462.59863281 3.03223419189
1465494820366 2146.33081055 4472.88574219 2.99864077568
1465494820377 2146.53173828 4483.00634766 2.97889709473
1465494820441 2147.4855957 4493.27099609 2.9424097538
1465494820442 2148.26757812 4502.77490234 2.89921331406
1465494820511 2149.62304688 4512.87353516 2.86401963234
1465494820511 2150.87011719 4522.609375 2.82874727249
1465494820569 2153.11401367 4532.93066406 2.7933511734
1465494820577 2155.41113281 4543.07519531 2.75507473946
1465494820643 2158.2421875 4552.53271484 2.72245883942
1465494820644 2161.13085938 4561.546875 2.69207167625
1465494820711 2164.98974609 4570.58007812 2.65925955772
1465494820713 2168.44042969 4579.36425781 2.62734389305
1465494820776 2172.76074219 4588.72949219 2.59206104279
1465494820845 2181.76904297 4606.54199219 2.5216050148
1465494820911 2192.33935547 4624.09863281 2.4562253952
1465494820913 2197.97509766 4632.42480469 2.43098521233
1465494820978 2203.71142578 4640.19628906 2.38820457458
1465494820980 2208.84472656 4648.34472656 2.34942746162
1465494821045 2215.63256836 4656.10058594 2.30805897713
1465494821110 2222.74926758 4663.1796875 2.27277588844
1465494821181 2309.34716797 4688.54150391 2.12946844101
1465494821247 2324.81347656 4700.42578125 2.07223820686
1465494821311 2341.16894531 4711.81005859 1.99885618687
1465494821379 2358.7565918 4721.75732422 1.92486393452
1465494821447 2376.70727539 4730.59228516 1.85598480701
1465494821506 2395.07226562 4738.24023438 1.78286039829
1465494821647 2432.96630859 4748.14355469 1.65030348301
1465494821714 2451.72705078 4750.55664062 1.59223997593
1465494821780 2472.95703125 4755.11669922 1.52210867405
1465494821847 2492.20996094 4755.70410156 1.43497765064
1465494821914 2512.23266602 4754.47167969 1.36924219131
1465494821981 2533.30126953 4753.22509766 1.30708169937
1465494822047 2552.83227539 4749.86865234 1.22953248024
1465494822114 2571.58520508 4745.14892578 1.17195403576
1465494822178 2590.44580078 4739.23779297 1.09934937954
1465494822247 2609.32250977 4732.296875 1.02041637897
1465494822380 2645.1862793 4713.79931641 0.896567523479
1465494822448 2662.64208984 4702.43066406 0.811118483543
1465494822514 2677.66333008 4690.41064453 0.749039888382
1465494822577 2692.41870117 4677.4296875 0.66946709156
1465494822649 2706.98046875 4663.109375 0.601404547691
1465494822714 2719.77050781 4648.06103516 0.539069354534
1465494822782 2731.88574219 4631.44775391 0.4603548944
1465494822846 2683.53491211 4623.98242188 0.423082560301
1465494822848 2688.92480469 4615.75097656 0.387610375881
1465494822913 2693.8984375 4606.49121094 0.35344606638
1465494822915 2699.03271484 4597.22167969 0.324123322964
1465494822970 2703.22363281 4588.54199219 0.290129214525
1465494822981 2707.3737793 4580.0625 0.254809379578
1465494823046 2710.79199219 4571.27539062 0.218696057796
1465494823047 2714.05810547 4562.1875 0.18371629715
1465494823113 2717.20605469 4552.69628906 0.154857873917
1465494823114 2720.16259766 4542.88476562 0.118330426514
1465494823181 2722.47290039 4533.18359375 0.0937151312828
1465494823183 2725.15332031 4523.64160156 0.0607987754047
1465494823238 2726.77001953 4514.05224609 0.0256393589079
1465494823314 2727.6953125 4503.53857422 6.26239156723
1465494823439 2675.6472168 4445.52246094 6.05499649048
1465494823513 2673.30517578 4425.50146484 5.99491691589
1465494823582 2669.99804688 4406.12060547 5.92702436447
1465494823638 2665.15478516 4387.22167969 5.86634874344
1465494823712 2658.67333984 4367.93457031 5.80805301666
1465494823782 2651.41870117 4349.65136719 5.73070955276
1465494823851 2642.73022461 4331.38769531 5.66125440598
1465494823909 2632.91137695 4315.19873047 5.59124279022
1465494823982 2621.99951172 4298.99951172 5.56048774719
1465494824051 2609.04907227 4283.37451172 5.43352794647
1465494824105 2595.77563477 4267.76416016 5.37519550323
1465494824182 2581.12890625 4254.16308594 5.31371021271
1465494824249 2566.35449219 4241.27490234 5.24893903732
1465494824306 2550.62768555 4228.71875 5.17863035202
1465494824381 2533.74414062 4218.82666016 5.11228561401
1465494824448 2516.34863281 4209.40332031 5.04290485382
1465494824513 2498.22021484 4200.87841797 4.97351980209
1465494824579 2479.54907227 4193.78369141 4.91263818741
1465494824650 2459.58618164 4188.52685547 4.84565162659
1465494824718 2439.69091797 4183.25537109 4.74525594711
1465494824773 2419.0 4180.78515625 4.7113494873
1465494824917 2379.88037109 4178.33935547 4.57938337326
1465494824973 2359.33203125 4179.05664062 4.50483179092
1465494825048 2339.02636719 4181.19140625 4.43814849854
1465494825118 2319.12304688 4185.37646484 4.37313842773
1465494825173 2298.99267578 4189.66992188 4.30412149429
1465494825246 2279.31884766 4196.82373047 4.23166799545
1465494825317 2261.08447266 4203.83203125 4.17532253265
1465494825386 2242.82250977 4212.91552734 4.10165739059
1465494825441 2225.59008789 4222.72119141 4.03019380569
1465494825518 2208.20532227 4234.38476562 3.96764302254
1465494825584 2192.09179688 4246.22705078 3.87125515938
1465494825642 2176.12280273 4259.94384766 3.81548142433
1465494825716 2162.5480957 4274.52636719 3.75216317177
1465494825785 2149.89624023 4289.54052734 3.6868493557
1465494825843 2138.12426758 4305.98193359 3.61071634293
1465494825984 2116.55639648 4340.70800781 3.48057794571
1465494826054 2108.22802734 4358.70556641 3.40666055679
1465494826113 2100.37744141 4378.23388672 3.33910608292
1465494826117 2158.29492188 4379.39453125 3.3327729702
1465494826187 2155.89794922 4388.28613281 3.30063962936
1465494826185 2152.83447266 4398.07421875 3.26302909851
1465494826254 2150.98291016 4407.79443359 3.2390961647
1465494826254 2149.01171875 4417.13574219 3.20996618271
1465494826309 2147.10766602 4427.28417969 3.16734218597
1465494826320 2146.0 4436.55029297 3.11735153198
1465494826385 2144.84155273 4447.02294922 3.08695197105
1465494826384 2144.58300781 4457.30273438 3.05456280708
1465494826452 2144.34912109 4467.63964844 3.02386116982
1465494826454 2144.56542969 4477.39111328 2.99485850334
1465494826508 2144.66650391 4487.31738281 2.95264863968
1465494826519 2144.8449707 4497.4296875 2.91003036499
1465494826584 2146.35009766 4507.60351562 2.87769174576
1465494826585 2147.64746094 4517.54882812 2.84284973145
1465494826661 2150.0690918 4526.75732422 2.81153869629
1465494826709 2155.0925293 4546.34375 2.74521541595
1465494826720 2157.63476562 4555.81933594 2.71441292763
1465494826782 2161.25146484 4565.21289062 2.68550992012
1465494826786 2164.69140625 4574.86181641 2.65325140953
1465494826853 2168.52978516 4583.65966797 2.6208615303
1465494826852 2172.29150391 4593.12988281 2.58180999756
1465494826921 2177.11572266 4602.01953125 2.54949617386
1465494826920 2182.25878906 4610.99414062 2.51844930649
1465494826977 2187.32910156 4619.65136719 2.47847294807
1465494827053 2198.42138672 4636.66796875 2.40777373314
1465494827052 2204.44238281 4644.22460938 2.37282085419
1465494827121 2210.09863281 4651.29101562 2.33158349991
1465494827121 2216.20581055 4659.46728516 2.29207491875
1465494827188 2222.859375 4666.57128906 2.25739192963
1465494827254 2230.328125 4673.32128906 2.22044277191
1465494827323 2317.96386719 4697.51171875 2.08759665489
1465494827392 2334.75 4709.24169922 2.02542853355
1465494827452 2352.15209961 4719.49365234 1.94176638126
1465494827522 2369.58886719 4728.60644531 1.87430584431
1465494827591 2387.86572266 4735.8359375 1.80576193333
1465494827655 2405.73828125 4742.71142578 1.7399340868
1465494827790 2444.28808594 4751.33984375 1.6224719286
1465494827855 2464.49951172 4755.60351562 1.55162501335
1465494827921 2484.49511719 4756.21044922 1.44770109653
1465494827990 2505.50708008 4755.48974609 1.40565311909
1465494828056 2524.54003906 4754.44726562 1.32830297947
1465494828120 2544.19555664 4750.87255859 1.26201963425
1465494828190 2564.66430664 4746.93066406 1.18869745731
1465494828257 2583.04956055 4741.50537109 1.11552047729
1465494828320 2602.48388672 4734.65185547 1.05995881557
1465494828389 2620.97436523 4725.90820312 0.979259610176
1465494828523 2654.77832031 4705.56982422 0.845355272293
1465494828590 2671.13671875 4694.31201172 0.749659061432
1465494828724 2700.7043457 4667.66845703 0.616196453571
1465494828791 2714.48754883 4652.44921875 0.551614940166
1465494828858 2727.38378906 4636.07568359 0.471671313047
1465494828912 2678.87109375 4628.48339844 0.435914516449
1465494828922 2684.24389648 4620.22558594 0.402669847012
1465494828985 2689.09375 4611.97314453 0.368288397789
1465494828988 2693.56835938 4603.53320312 0.334504902363
1465494829057 2697.96777344 4594.58154297 0.299648106098
1465494829056 2702.23364258 4585.52148438 0.27068567276
1465494829124 2706.15283203 4576.02490234 0.235242053866
1465494829124 2709.97070312 4566.7421875 0.200112864375
1465494829184 2713.16821289 4557.09619141 0.163133621216
1465494829257 2718.43945312 4537.82910156 0.0976634547114
1465494829257 2720.78564453 4528.20996094 0.0629653409123
1465494829323 2722.62890625 4518.80078125 0.0266042351723
1465494829384 2723.81347656 4508.25292969 6.27612161636
1465494829459 2674.04638672 4470.33496094 6.14257335663
1465494829524 2673.34423828 4450.74511719 6.07491445541
1465494829586 2671.39648438 4430.640625 5.99822854996
1465494829654 2668.10327148 4411.42529297 5.93461322784
1465494829724 2662.81689453 4391.68408203 5.87876272202
1465494829792 2657.36621094 4372.31835938 5.8008890152
1465494829853 2649.83032227 4354.35107422 5.72862529755
1465494829992 2631.90087891 4319.66162109 5.5958533287
1465494830049 2621.52758789 4302.23095703 5.51840353012
1465494830109 2608.58813477 4287.13769531 5.44988155365
1465494830193 2595.08447266 4271.85253906 5.38880395889
1465494830251 2580.828125 4257.59375 5.32302808762
1465494830322 2566.11669922 4244.74560547 5.25584936142
1465494830393 2550.01855469 4232.73876953 5.19531440735
1465494830452 2533.28393555 4221.78417969 5.11735534668
1465494830521 2516.08886719 4212.08544922 5.04753494263
1465494830592 2497.51831055 4203.89501953 4.98193740845
1465494830655 2478.27319336 4196.69238281 4.91267633438
1465494830717 2458.8059082 4190.04638672 4.85162353516
1465494830784 2439.46679688 4186.17871094 4.77945566177
1465494830851 2418.99951172 4183.5 4.71238946915
1465494830915 2399.54492188 4181.31835938 4.646504879
1465494831052 2358.53393555 4181.53320312 4.50747776031
1465494831115 2337.89355469 4183.56005859 4.4378862381
1465494831184 2317.40332031 4187.89550781 4.36442184448
1465494831251 2298.14355469 4192.76416016 4.29730701447
1465494831316 2279.04321289 4199.25439453 4.2285323143
1465494831385 2259.89990234 4207.19677734 4.1719326973
1465494831459 2241.41748047 4216.28417969 4.10130214691
1465494831529 2224.36743164 4225.81542969 4.04179191589
1465494831584 2206.51269531 4237.19921875 3.9588534832
1465494831659 2191.32568359 4250.10595703 3.89196062088
1465494831732 2176.65966797 4263.34619141 3.81245517731
1465494831784 2162.83422852 4277.54785156 3.74546813965
1465494831855 2149.10375977 4293.98046875 3.67082953453
1465494831927 2136.82324219 4309.87207031 3.60404539108
1465494831985 2126.13623047 4327.46240234 3.53695678711
1465494832057 2115.54272461 4345.28564453 3.46925735474
1465494832127 2107.74853516 4363.90869141 3.39857244492
1465494832196 2162.36791992 4373.77441406 3.35838127136
1465494832195 2158.87524414 4382.71679688 3.32631349564
1465494832252 2156.08544922 4392.65478516 3.29148721695
1465494832262 2153.64379883 4402.11914062 3.2609140873
1465494832327 2151.51147461 4412.03417969 3.21399831772
1465494832328 2149.45532227 4421.0 3.17606139183
1465494832457 2147.20117188 4441.39404297 3.11495399475
1465494832463 2145.07666016 4462.01464844 3.04036808014
1465494832523 2144.79760742 4472.56103516 3.0052421093
1465494832527 2144.95507812 4482.57714844 2.97502398491
1465494832596 2145.72363281 4492.38867188 2.94053959846
1465494832595 2146.48779297 4502.10449219 2.90471839905
1465494832656 2148.25610352 4511.93261719 2.86894083023
1465494832664 2149.83447266 4521.50585938 2.84150123596
1465494832724 2151.87207031 4531.65478516 2.80973529816
1465494832727 2153.93310547 4541.45410156 2.77053952217
1465494832799 2156.44628906 4550.90966797 2.73559427261
1465494832799 2159.23071289 4560.62695312 2.69978308678
1465494832865 2162.88256836 4569.90966797 2.66879081726
1465494832864 2166.29516602 4579.39941406 2.63277864456
1465494832920 2170.71826172 4588.78125 2.5999455452
1465494832930 2174.86669922 4597.72265625 2.56632566452
1465494832996 2179.62670898 4606.80566406 2.53162384033
1465494832995 2184.61083984 4615.70800781 2.49455857277
1465494833066 2189.65087891 4623.82177734 2.46136474609
1465494833065 2194.91552734 4632.06591797 2.43219828606
1465494833120 2201.23876953 4639.38574219 2.39320850372
1465494833131 2207.87451172 4647.49121094 2.34743452072
1465494833196 2213.51757812 4654.87255859 2.31988525391
1465494833263 2220.48510742 4661.95996094 2.28564333916
1465494833325 2306.31445312 4688.40136719 2.13591098785
1465494833395 2321.97216797 4700.97753906 2.07104039192
1465494833531 2355.55859375 4721.98193359 1.93657076359
1465494833598 2373.07373047 4730.54638672 1.88024199009
1465494833664 2391.77807617 4738.32470703 1.80246984959
1465494833732 2410.87670898 4744.52880859 1.73300325871
1465494833800 2429.91259766 4749.78955078 1.66776669025
1465494833937 2469.17089844 4756.49951172 1.53550517559
1465494834005 2489.04541016 4756.93164062 1.45475947857
1465494834067 2508.234375 4756.27636719 1.40281927586
1465494834136 2528.14453125 4755.04882812 1.31872820854
1465494834207 2548.18164062 4751.86279297 1.25290799141
1465494834265 2567.9777832 4747.0625 1.17941832542
1465494834337 2587.24658203 4741.33203125 1.09900557995
1465494834407 2606.68823242 4734.29785156 1.04239165783
1465494834474 2624.08056641 4726.16748047 0.976661622524
1465494834540 2641.66210938 4716.87792969 0.89417129755
1465494834604 2658.67236328 4705.8515625 0.836899340153
1465494834674 2674.5859375 4694.20654297 0.755151569843
1465494834733 2689.92431641 4681.20458984 0.678441762924
1465494834805 2704.20703125 4667.19433594 0.608359456062
1465494834873 2717.82470703 4651.78857422 0.554690599442
1465494834932 2729.17578125 4636.52636719 0.467487514019
1465494834991 2680.80615234 4629.02978516 0.434911668301
1465494835007 2686.38574219 4620.71972656 0.403142929077
1465494835056 2691.37695312 4611.91162109 0.363755702972
1465494835075 2696.39355469 4603.265625 0.330605149269
1465494835122 2701.08398438 4594.17871094 0.297962188721
1465494835140 2705.48291016 4584.99804688 0.261268079281
1465494835192 2708.96191406 4575.97851562 0.235741794109
1465494835209 2712.65332031 4566.55908203 0.204232156277
1465494835260 2716.17919922 4556.671875 0.165798798203
1465494835274 2719.27709961 4547.02587891 0.13217240572
1465494835322 2721.70727539 4537.62695312 0.107046067715
1465494835341 2724.21044922 4528.1953125 0.0730890706182
1465494835391 2726.12524414 4519.87890625 0.033037610352
1465494835459 2726.76513672 4508.68066406 0.00372195173986
1465494835527 2676.74072266 4470.63427734 6.13560342789
1465494835590 2676.48754883 4451.44335938 6.07702970505
1465494835658 2674.21386719 4430.9765625 6.02115917206
1465494835722 2671.19384766 4410.93554688 5.95028924942
1465494835792 2666.55102539 4391.89550781 5.86969089508
1465494835858 2660.50292969 4374.13134766 5.8103556633
1465494835926 2653.44628906 4355.82128906 5.73758077621
1465494835990 2644.96142578 4337.84130859 5.67473888397
1465494836058 2634.91894531 4319.83251953 5.61254739761
1465494836126 2623.94750977 4303.77148438 5.54298686981
1465494836190 2611.7331543 4286.72070312 5.44884109497
1465494836259 2598.93432617 4272.16650391 5.40724849701
1465494836327 2585.20166016 4258.72851562 5.33939933777
1465494836391 2570.57421875 4245.33740234 5.26469945908
1465494836459 2555.25024414 4233.5546875 5.20619297028
1465494836527 2538.1027832 4222.50732422 5.1236000061
1465494836595 2520.74072266 4211.97851562 5.06468486786
1465494836658 2502.63085938 4202.96630859 4.99613666534
1465494836726 2484.21948242 4195.90771484 4.93465900421
1465494836794 2465.76171875 4190.43164062 4.86764955521
1465494836859 2446.08837891 4185.76513672 4.79220676422
1465494836928 2426.0 4183.5 4.71238899231
1465494836994 2405.25317383 4179.62304688 4.6646490097
1465494837058 2384.89770508 4178.59228516 4.59169816971
1465494837131 2364.15576172 4178.92431641 4.52809286118
1465494837202 2343.94165039 4180.56835938 4.45475053787
1465494837263 2324.41430664 4183.74853516 4.39261341095
1465494837334 2304.75878906 4188.49072266 4.32589101791
1465494837404 2284.71044922 4194.828125 4.25201702118
1465494837472 2266.05371094 4201.56542969 4.18507862091
1465494837530 2247.64306641 4210.00195312 4.12234067917
1465494837671 2212.52294922 4230.84423828 3.99260520935
1465494837729 2198.21264648 4243.49121094 3.90629172325
1465494837799 2181.71728516 4255.71191406 3.84039950371
1465494837870 2166.76074219 4270.19433594 3.77072501183
1465494837927 2153.67285156 4285.50976562 3.70656752586
1465494838002 2140.67675781 4301.12646484 3.64484524727
1465494838072 2129.21191406 4318.55957031 3.57646560669
1465494838139 2118.41821289 4335.1953125 3.49431419373
1465494838198 2110.50024414 4353.00976562 3.4353928566
1465494838272 2102.3125 4371.81738281 3.36678314209
1465494838399 2091.06201172 4410.89794922 3.23144626617
1465494838406 2149.66796875 4411.07958984 3.22472524643
1465494838469 2147.9375 4421.29589844 3.18369340897
1465494838471 2146.55078125 4431.33886719 3.12996149063
1465494838538 2145.1953125 4441.22607422 3.10452222824
1465494838537 2143.88574219 4451.14941406 3.07001614571
1465494838599 2143.76928711 4460.90576172 3.0374956131
1465494838606 2143.69140625 4470.38867188 3.01960277557
1465494838670 2143.92089844 4480.07910156 2.9825155735
1465494838670 2144.09619141 4489.93896484 2.95117282867
1465494838738 2145.12060547 4499.88134766 2.91230249405
1465494838738 2146.12036133 4510.31347656 2.87757301331
1465494838795 2147.83398438 4520.45703125 2.84122037888
1465494838806 2149.64697266 4530.21191406 2.80570268631
1465494838864 2152.23828125 4539.953125 2.77203130722
1465494838873 2154.74707031 4549.48339844 2.74024128914
1465494838940 2157.64306641 4559.39550781 2.70260357857
1465494838940 2160.44970703 4569.08007812 2.6704249382
1465494839006 2164.35742188 4578.52099609 2.64078807831
1465494839008 2168.47900391 4587.77441406 2.60917067528
1465494839066 2172.68383789 4596.70410156 2.5797123909
1465494839078 2176.86914062 4605.32470703 2.548204422
1465494839136 2182.12353516 4613.82763672 2.51172304153
1465494839140 2186.97851562 4622.0625 2.47163772583
1465494839206 2192.26220703 4630.08935547 2.4370405674
1465494839205 2197.62915039 4638.30761719 2.40823245049
1465494839265 2203.68920898 4646.28320312 2.35825276375
1465494839274 2209.84521484 4654.34619141 2.32742714882
1465494839338 2216.27612305 4661.78125 2.28514528275
1465494839475 2310.69238281 4694.11816406 2.11962151527
1465494839538 2326.53833008 4705.31396484 2.0483481884
1465494839606 2343.0612793 4716.15771484 1.99053394794
1465494839675 2360.79248047 4726.23535156 1.92113745213
1465494839742 2378.2043457 4734.40332031 1.85198652744
1465494839810 2396.55322266 4741.66699219 1.77405369282
1465494839875 2415.90283203 4748.109375 1.7059212923
1465494839941 2434.80981445 4752.52246094 1.64253246784
1465494840006 2453.99975586 4756.5 1.5707975626
1465494840074 2473.73583984 4757.30664062 1.52052974701
1465494840207 2514.15917969 4757.41455078 1.37199914455
1465494840274 2534.0012207 4755.3203125 1.2905421257
1465494840340 2554.57885742 4751.92871094 1.22639119625
1465494840410 2573.29931641 4747.27832031 1.16638875008
1465494840475 2591.47338867 4741.58642578 1.09166514874
1465494840544 2610.43261719 4733.59179688 1.03004872799
1465494840608 2628.59863281 4724.74951172 0.953106045723
1465494840674 2646.09790039 4715.52880859 0.896785855293
1465494840744 2662.44091797 4704.06347656 0.835742771626
1465494840809 2679.09863281 4692.03759766 0.746894240379
1465494840943 2707.62573242 4666.03271484 0.604505836964
1465494841011 2719.89648438 4650.66015625 0.540396392345
1465494841073 2732.01977539 4634.69287109 0.4624748528
1465494841143 2683.89233398 4626.80224609 0.423302769661
1465494841143 2689.52148438 4618.12011719 0.388619661331
1465494841209 2694.54858398 4609.27587891 0.362746328115
1465494841210 2699.03125 4600.66210938 0.330715924501
1465494841273 2703.68310547 4591.40527344 0.293796300888
1465494841338 2711.55419922 4573.18310547 0.217714190483
1465494841341 2715.13183594 4564.046875 0.187508389354
1465494841412 2717.76318359 4554.69824219 0.155299216509
1465494841412 2720.49438477 4545.49414062 0.130993872881
1465494841467 2723.04931641 4535.84472656 0.0888635143638
1465494841477 2725.51147461 4525.99511719 0.0370370820165
1465494841539 2726.69458008 4515.20800781 0.0133631853387
1465494841605 2727.98291016 4506.39550781 6.25736188889
1465494841670 2677.57373047 4468.06298828 6.14024162292
1465494841741 2677.15307617 4447.41162109 6.07288265228
1465494841810 2674.91381836 4428.42041016 6.00444746017
1465494841877 2671.33789062 4409.52832031 5.93228054047
1465494841935 2666.359375 4390.67480469 5.87009572983
1465494842010 2660.78369141 4371.72265625 5.79846191406
1465494842079 2653.20166016 4353.20019531 5.7448592186
1465494842137 2645.32373047 4335.21337891 5.66456031799
1465494842207 2635.64331055 4317.73144531 5.61163282394
1465494842280 2624.82763672 4300.70361328 5.55305051804
1465494842336 2611.86376953 4284.8828125 5.48610973358
1465494842410 2599.65527344 4270.99755859 5.40762090683
1465494842477 2585.95336914 4257.26367188 5.34252023697
1465494842539 2571.11132812 4243.99658203 5.26272678375
1465494842603 2555.55883789 4231.75683594 5.20398521423
1465494842748 2521.40649414 4210.36914062 5.06395435333
1465494842804 2503.58081055 4202.61865234 5.00108289719
1465494842874 2484.77807617 4195.28027344 4.93621683121
1465494842945 2465.70898438 4189.19726562 4.86198568344
1465494843003 2445.87158203 4184.17480469 4.80409097672
1465494843077 2425.99975586 4181.49755859 4.74449396133
1465494843147 2405.63256836 4177.06396484 4.68789625168
1465494843202 2385.71337891 4176.87158203 4.59561634064
1465494843262 2366.04443359 4177.72558594 4.52523469925
1465494843346 2345.82666016 4178.89013672 4.47078466415
1465494843414 2325.49584961 4182.63134766 4.40125894547
1465494843472 2305.98925781 4186.52783203 4.34238100052
1465494843543 2286.67504883 4191.94580078 4.26813983917
1465494843614 2266.49194336 4199.50537109 4.19599342346
1465494843675 2249.18066406 4207.50195312 4.13396883011
1465494843813 2214.15917969 4227.98681641 4.00740909576
1465494843874 2197.21289062 4239.43408203 3.9257068634
1465494843943 2182.3762207 4252.74023438 3.85206270218
1465494844013 2167.43383789 4266.81103516 3.79248738289
1465494844072 2153.45117188 4282.01416016 3.71941876411
1465494844139 2140.67089844 4297.05712891 3.64862704277
1465494844212 2129.43310547 4313.609375 3.576379776
1465494844281 2119.15087891 4331.18408203 3.51101779938
1465494844330 2109.53027344 4348.74658203 3.44234895706
1465494844412 2101.61572266 4367.26025391 3.38064098358
1465494844491 2156.76635742 4377.69189453 3.33599448204
1465494844540 2150.86010742 4397.12792969 3.26525378227
1465494844548 2148.33081055 4406.58496094 3.23819422722
1465494844613 2147.10302734 4416.73535156 3.20131516457
1465494844613 2145.37915039 4426.97851562 3.17927479744
1465494844682 2143.24169922 4435.88964844 3.13573241234
1465494844682 2141.56396484 4445.37109375 3.09219455719
1465494844740 2141.08569336 4455.71826172 3.05783987045
1465494844748 2141.44848633 4465.80859375 3.04194927216
1465494844811 2141.69140625 4475.97949219 3.006305933
1465494844881 2142.53491211 4495.38964844 2.93506360054
1465494844880 2143.47753906 4505.42578125 2.89991831779
1465494844949 2144.67333984 4515.63574219 2.86152243614
1465494844950 2146.06884766 4525.62011719 2.82339191437
1465494845007 2148.32983398 4535.68261719 2.791472435
1465494845015 2150.81640625 4545.25878906 2.75600528717
1465494845079 2153.84521484 4554.25244141 2.72454166412
1465494845080 2156.65454102 4563.57128906 2.69336366653
1465494845151 2160.109375 4572.39257812 2.66423606873
1465494845152 2163.57958984 4581.99609375 2.63025021553
1465494845211 2167.70214844 4591.03125 2.60224938393
1465494845219 2171.79785156 4599.78222656 2.57166385651
1465494845280 2177.10498047 4608.63232422 2.53461837769
1465494845282 2181.81958008 4617.58886719 2.49390220642
1465494845350 2187.23950195 4625.97314453 2.45901083946
1465494845350 2192.30126953 4634.49707031 2.42243766785
1465494845407 2198.60009766 4642.50097656 2.38488721848
1465494845416 2204.69360352 4651.19335938 2.34689021111
1465494845480 2210.95996094 4658.15625 2.31214427948
1465494845616 2303.89282227 4690.25878906 2.14860033989
1465494845684 2319.47094727 4702.89355469 2.07377076149
1465494845750 2335.99853516 4713.97216797 2.01159620285
1465494845818 2352.4140625 4723.55029297 1.9429012537
1465494845884 2370.4206543 4732.98193359 1.8694344759
1465494845949 2389.15429688 4740.72753906 1.79973804951
1465494846084 2425.71728516 4751.97900391 1.66731131077
1465494846150 2445.40844727 4756.5 1.59258854389
1465494846218 2465.32250977 4756.88427734 1.54603898525
1465494846353 2506.09228516 4758.7578125 1.39944279194
1465494846418 2525.03930664 4757.27587891 1.31933987141
1465494846484 2544.2578125 4754.75830078 1.26816654205
1465494846553 2564.27026367 4749.90136719 1.1966574192
1465494846618 2583.49755859 4744.890625 1.12819242477
1465494846691 2602.05761719 4737.77832031 1.04915809631
1465494846757 2620.18896484 4729.4453125 0.996446013451
1465494846819 2638.375 4720.44238281 0.906700253487
1465494846889 2655.07519531 4710.51611328 0.85547965765
1465494846958 2671.70263672 4698.42773438 0.754818499088
1465494847021 2685.45654297 4686.4375 0.710185408592
1465494847087 2700.28369141 4672.54785156 0.627791881561
1465494847156 2713.90283203 4657.40136719 0.559819281101
1465494847226 2726.67480469 4642.09033203 0.497266083956
1465494847277 2678.92382812 4634.1640625 0.457948923111
1465494847286 2684.62792969 4625.87402344 0.420056521893
1465494847344 2689.51000977 4617.75 0.388315558434
1465494847358 2694.56738281 4609.13818359 0.358186274767
1465494847408 2699.03881836 4600.40429688 0.325433313847
1465494847425 2703.61938477 4591.74804688 0.291389465332
1465494847475 2707.27539062 4582.63476562 0.260947436094
1465494847486 2710.91845703 4573.44824219 0.224615812302
1465494847555 2714.61157227 4564.28417969 0.18970875442
1465494847555 2718.20800781 4554.88769531 0.154568240047
1465494847610 2720.6953125 4545.37207031 0.119180865586
1465494847619 2723.08203125 4536.18457031 0.0860882028937
1465494847752 2726.48950195 4516.62304688 0.0247784294188
1465494847814 2677.83959961 4477.90869141 6.15948963165
1465494847880 2677.45581055 4458.41064453 6.09849405289
1465494847950 2675.7265625 4438.69921875 6.03375434875
1465494848082 2668.92578125 4399.72460938 5.89550638199
1465494848150 2662.95629883 4381.04785156 5.83307647705
1465494848221 2657.33203125 4362.36083984 5.76678323746
1465494848280 2649.13256836 4344.09912109 5.7089881897
1465494848350 2640.25952148 4327.17285156 5.63318014145
1465494848412 2630.19702148 4310.27636719 5.5915055275
1465494848477 2618.5 4291.99951172 5.49778699875
1465494848543 2606.24414062 4278.45410156 5.43108224869
1465494848611 2592.69799805 4263.98828125 5.36372613907
1465494848680 2577.80712891 4249.67626953 5.30077600479
1465494848748 2562.81494141 4237.27099609 5.22196149826
1465494848811 2547.8515625 4226.92089844 5.17486619949
1465494848883 2529.91308594 4216.5625 5.09619379044
1465494848943 2512.74438477 4206.78369141 5.02572011948
1465494849011 2493.44921875 4198.56982422 4.96529817581
1465494849086 2474.77416992 4192.08935547 4.90052461624
1465494849143 2454.99658203 4186.46875 4.82534837723
1465494849212 2435.921875 4181.88378906 4.7767162323
1465494849280 2417.35742188 4177.15185547 4.676633358
1465494849343 2395.57885742 4177.95068359 4.63997220993
1465494849481 2355.73388672 4178.2734375 4.49762678146
1465494849550 2335.37792969 4180.67675781 4.42353057861
1465494849611 2315.26977539 4184.63671875 4.36902475357
1465494849679 2295.47485352 4189.61474609 4.2990899086
1465494849749 2277.09716797 4195.375 4.23842906952
1465494849811 2257.9934082 4203.86035156 4.17031431198
1465494849880 2240.01000977 4212.47412109 4.09358406067
1465494849947 2221.91845703 4222.94384766 4.0383682251
1465494850011 2205.83935547 4234.07568359 3.98138451576
1465494850080 2188.53198242 4245.96728516 3.89260315895
1465494850148 2174.19848633 4259.93212891 3.81828808784
1465494850215 2160.83886719 4274.20410156 3.75030970573
1465494850279 2147.421875 4289.31738281 3.68544864655
1465494850347 2134.76342773 4305.67626953 3.62020969391
1465494850415 2123.72412109 4322.67529297 3.54735946655
1465494850479 2114.12109375 4340.52294922 3.47175168991
1465494850548 2105.12866211 4359.43115234 3.40580320358
1465494850616 2098.64550781 4377.75 3.34037446976
1465494850679 2092.95898438 4396.2109375 3.26548290253
1465494850696 2151.30761719 4396.70117188 3.25863909721
1465494850748 2148.75170898 4406.68798828 3.22825741768
1465494850759 2146.24511719 4416.56738281 3.20212721825
1465494850816 2144.64331055 4426.57714844 3.17362999916
1465494850829 2143.32177734 4435.79101562 3.13717508316
1465494850880 2142.27294922 4445.84326172 3.09310126305
1465494850895 2141.65234375 4456.08789062 3.0546848774
1465494850947 2141.45214844 4466.31738281 3.02185702324
1465494850963 2140.95458984 4476.43994141 2.99251747131
1465494851015 2141.51123047 4486.96972656 2.95716190338
1465494851026 2142.45336914 4496.68457031 2.92136526108
1465494851083 2143.94140625 4506.45117188 2.88935709
1465494851096 2145.15649414 4516.12744141 2.85459756851
1465494851148 2147.02734375 4525.91503906 2.82036209106
1465494851163 2149.04858398 4535.63037109 2.7884042263
1465494851215 2151.80810547 4545.39257812 2.75397014618
1465494851226 2154.64672852 4554.80224609 2.72184872627
1465494851283 2157.90478516 4564.19335938 2.68729710579
1465494851296 2160.88964844 4573.74853516 2.65369153023
1465494851349 2165.00170898 4583.01074219 2.61432504654
1465494851415 2169.859375 4592.31933594 2.58040618896
1465494851426 2178.28613281 4610.21044922 2.50601768494
1465494851484 2183.51855469 4618.59375 2.47659754753
1465494851495 2188.90039062 4627.11279297 2.45774650574
1465494851548 2193.96777344 4635.30126953 2.42796397209
1465494851563 2199.41748047 4643.12109375 2.37940239906
1465494851615 2206.14990234 4650.55273438 2.33536434174
1465494851631 2212.18774414 4657.9453125 2.3068189621
1465494851694 2218.97998047 4665.68847656 2.27006363869
1465494851766 2297.97460938 4684.26757812 2.1590616703
1465494851827 2313.93798828 4696.76269531 2.10452580452
1465494851891 2330.74755859 4708.99023438 2.03444600105
1465494851960 2347.19946289 4719.04882812 1.96185219288
1465494852091 2381.52490234 4735.51757812 1.81583845615
1465494852227 2419.41552734 4747.75830078 1.69036591053
1465494852296 2439.63964844 4751.72460938 1.64042007923
1465494852360 2459.30126953 4756.5 1.5484033823
1465494852426 2478.97949219 4757.06005859 1.47795212269
1465494852495 2498.56616211 4757.02392578 1.41824626923
1465494852560 2518.49267578 4755.70849609 1.34856688976
1465494852627 2538.57177734 4753.83837891 1.28206825256
1465494852696 2557.39428711 4749.64306641 1.21993947029
1465494852759 2577.03613281 4744.23339844 1.14660406113
1465494852829 2597.02416992 4738.03759766 1.07246494293
1465494852958 2632.26220703 4721.02441406 0.951348304749
1465494853026 2648.8347168 4711.19091797 0.868640899658
1465494853096 2665.56958008 4698.76074219 0.794472932816
1465494853163 2680.83251953 4686.99365234 0.716382801533
1465494853227 2695.79614258 4673.60107422 0.64980918169
1465494853295 2709.9765625 4659.04150391 0.582299292088
1465494853363 2722.20141602 4643.49853516 0.523847997189
1465494853427 2733.18725586 4628.22705078 0.45865008235
1465494853427 2679.35400391 4628.09130859 0.448971301317
1465494853495 2684.83691406 4619.11425781 0.406349569559
1465494853495 2690.32275391 4611.2109375 0.372695207596
1465494853553 2695.16821289 4602.23974609 0.342902541161
1465494853562 2699.74658203 4593.49804688 0.30310857296
1465494853627 2703.4753418 4584.5546875 0.267239093781
1465494853635 2707.41601562 4575.40527344 0.245061665773
1465494853694 2711.06689453 4566.30078125 0.20588041842
1465494853693 2714.71142578 4557.078125 0.168731734157
1465494853753 2717.72705078 4547.20410156 0.1341817379
1465494853762 2720.80249023 4537.23339844 0.0931972339749
1465494853821 2723.08544922 4527.91894531 0.0508443191648
1465494853829 2725.30322266 4519.0 0.00999296177179
1465494853895 2726.33691406 4508.74902344 6.27210521698
1465494854026 2675.13623047 4460.25976562 6.11919641495
1465494854093 2673.99755859 4440.52880859 6.04176902771
1465494854164 2671.99829102 4421.19873047 5.98737382889
1465494854223 2668.21337891 4401.39648438 5.92105817795
1465494854294 2663.59228516 4382.18457031 5.84629106522
1465494854359 2656.81201172 4364.40869141 5.78264331818
1465494854425 2649.06494141 4346.44628906 5.72059583664
1465494854489 2639.70092773 4328.24853516 5.65128898621
1465494854561 2629.65136719 4312.04785156 5.5940246582
1465494854623 2619.11181641 4294.48046875 5.54660654068
1465494854764 2593.50585938 4264.86523438 5.37037229538
1465494854833 2579.30175781 4251.85888672 5.3071846962
1465494854890 2563.67285156 4238.87792969 5.24632358551
1465494854963 2547.8515625 4226.92089844 5.17486619949
1465494855032 2531.03417969 4215.96484375 5.10588598251
1465494855091 2513.49658203 4206.75244141 5.05361270905
1465494855161 2494.96484375 4198.01708984 4.98153114319
1465494855230 2476.3215332 4191.17431641 4.9127202034
1465494855288 2457.77441406 4185.05273438 4.85367393494
1465494855358 2437.93066406 4181.09033203 4.782081604
1465494855499 2398.21069336 4175.46679688 4.66146183014
1465494855559 2377.25341797 4175.45361328 4.57368183136
1465494855630 2356.93823242 4176.02490234 4.50602006912
1465494855700 2336.7890625 4178.28759766 4.44389915466
1465494855758 2317.22607422 4182.36669922 4.37940359116
1465494855831 2297.58911133 4186.86865234 4.31822538376
1465494855900 2277.57128906 4192.70996094 4.23893022537
1465494855959 2259.46557617 4200.20800781 4.17781019211
1465494856027 2241.25830078 4208.66503906 4.11462068558
1465494856097 2223.2578125 4218.64208984 4.06029033661
1465494856226 2191.734375 4242.96435547 3.90495753288
1465494856297 2175.64453125 4255.10009766 3.83990764618
1465494856366 2161.05615234 4268.95654297 3.76102852821
1465494856426 2147.66601562 4284.33886719 3.70079135895
1465494856497 2134.96899414 4300.41113281 3.62388324738
1465494856565 2123.26635742 4317.32910156 3.56755971909
1465494856628 2113.91552734 4334.23925781 3.49439811707
1465494856696 2105.45825195 4352.09472656 3.43083047867
1465494856765 2097.42163086 4371.05712891 3.3574347496
1465494856827 2091.22460938 4390.95654297 3.29681158066
1465494856835 2149.43798828 4391.32421875 3.29153704643
1465494856892 2146.93945312 4400.74121094 3.25877857208
1465494856902 2144.63330078 4409.83203125 3.22741007805
1465494856965 2142.75585938 4419.1875 3.18883800507
1465494856966 2140.48632812 4428.0 3.14787125587
1465494857028 2140.29492188 4439.265625 3.1283955574
1465494857093 2138.7487793 4459.95703125 3.06401610374
1465494857101 2138.26416016 4469.29101562 3.01704859734
1465494857167 2138.57666016 4478.93457031 2.98182845116
1465494857167 2139.07080078 4488.42773438 2.95634365082
1465494857294 2141.61132812 4508.68945312 2.88656044006
1465494857301 2144.39599609 4528.31933594 2.81911897659
1465494857364 2147.03271484 4538.22998047 2.78374481201
1465494857365 2149.37158203 4548.10693359 2.74617099762
1465494857434 2152.79638672 4557.8828125 2.71517562866
1465494857435 2155.89697266 4567.45263672 2.68853926659
1465494857493 2159.41870117 4577.00097656 2.65016055107
1465494857502 2162.52246094 4585.73242188 2.61622905731
1465494857564 2166.921875 4594.70605469 2.58467674255
1465494857569 2170.91455078 4603.59472656 2.55315327644
1465494857634 2176.10571289 4611.91162109 2.51969027519
1465494857633 2180.97241211 4620.31542969 2.48208713531
1465494857697 2186.7121582 4628.79248047 2.45244789124
1465494857702 2191.79003906 4637.11572266 2.40970873833
1465494857760 2197.69311523 4644.96777344 2.35503935814
1465494857769 2203.90136719 4652.8984375 2.32065296173
1465494857833 2210.27148438 4660.171875 2.2865023613
1465494857904 2217.26220703 4667.35595703 2.25492119789
1465494857975 2304.12475586 4692.91845703 2.13279628754
1465494858037 2318.94360352 4704.43359375 2.05953836441
1465494858102 2335.49584961 4715.47216797 2.00267839432
1465494858171 2352.40893555 4725.23583984 1.93486559391
1465494858237 2370.27587891 4733.62255859 1.8553725481
1465494858370 2407.88842773 4748.1953125 1.73125469685
1465494858438 2426.87231445 4752.66113281 1.65206301212
1465494858501 2446.06469727 4756.5 1.58707678318
1465494858569 2465.76831055 4757.74121094 1.52391517162
1465494858637 2485.49902344 4759.79394531 1.46024823189
1465494858701 2505.16845703 4759.37939453 1.3801125288
1465494858770 2525.03930664 4757.27587891 1.31933987141
1465494858838 2546.50073242 4754.99804688 1.24279332161
1465494858902 2564.89550781 4750.27929688 1.17618620396
1465494858969 2583.47558594 4744.14550781 1.11691749096
1465494859105 2620.54882812 4728.390625 0.984537005424
1465494859171 2637.99169922 4719.95263672 0.900596678257
1465494859237 2654.88232422 4709.68310547 0.85003644228
1465494859305 2671.51391602 4697.51416016 0.770676910877
1465494859369 2686.45800781 4684.51269531 0.689959645271
1465494859438 2700.3125 4670.68017578 0.62420719862
1465494859505 2713.51635742 4656.21191406 0.551492035389
1465494859568 2725.95922852 4639.94873047 0.490955740213
1465494859635 2677.80908203 4632.30273438 0.451132267714
1465494859637 2683.26245117 4624.25634766 0.416424930096
1465494859697 2688.40869141 4616.01367188 0.38399887085
1465494859706 2693.58007812 4607.24804688 0.348605781794
1465494859837 2701.94677734 4589.34082031 0.276504784822
1465494859837 2710.25830078 4571.30224609 0.20933778584
1465494859898 2712.97290039 4562.19384766 0.171796381474
1465494859905 2715.89501953 4552.81933594 0.136708393693
1465494859964 2718.34863281 4543.29150391 0.102745063603
1465494859972 2720.82617188 4533.6953125 0.0776354670525
1465494860038 2722.87060547 4522.78515625 0.0490763820708
1465494860106 2724.44970703 4513.89453125 0.00667268177494
1465494860165 2674.83276367 4475.1640625 6.16492462158
1465494860238 2674.92456055 4454.97705078 6.09852313995
1465494860304 2673.5847168 4435.92382812 6.02377986908
1465494860367 2670.83398438 4417.37939453 5.95649814606
1465494860437 2666.2253418 4397.69189453 5.8930773735
1465494860498 2661.46118164 4378.27978516 5.83447217941
1465494860566 2653.47216797 4360.62451172 5.77637624741
1465494860632 2645.73413086 4342.87548828 5.69802331924
1465494860704 2636.0534668 4324.19189453 5.64444446564
1465494860776 2625.70263672 4307.875 5.56286334991
1465494860907 2601.83642578 4277.21484375 5.42502307892
1465494860977 2588.20849609 4262.88867188 5.35313606262
1465494861035 2573.77124023 4248.85107422 5.29221487045
1465494861104 2558.30175781 4236.76611328 5.22726535797
1465494861173 2541.84399414 4224.80273438 5.16097259521
1465494861230 2525.01538086 4214.66308594 5.09619760513
1465494861301 2507.45483398 4205.60302734 5.04156303406
1465494861372 2489.70654297 4197.70556641 4.95873355865
1465494861431 2470.61108398 4191.15478516 4.89132595062
1465494861503 2451.39331055 4185.95556641 4.8147778511
1465494861570 2431.83129883 4182.10253906 4.75856351852
1465494861645 2411.99975586 4177.00195312 4.70049476624
1465494861703 2390.66259766 4177.31396484 4.62532186508
1465494861773 2370.703125 4177.25 4.5672416687
1465494861839 2351.1496582 4178.34667969 4.50146198273
1465494861905 2330.17138672 4181.11230469 4.43254804611
1465494861971 2310.93554688 4184.50830078 4.35863876343
1465494862040 2291.27099609 4189.94628906 4.29582071304
1465494862100 2271.80004883 4196.21972656 4.2217040062
1465494862170 2252.98608398 4203.74365234 4.16603946686
1465494862242 2235.30981445 4212.55712891 4.09961128235
1465494862306 2218.09716797 4222.83398438 4.02470254898
1465494862371 2201.02392578 4235.02441406 3.93998599052
1465494862443 2185.61474609 4246.92431641 3.87946200371
1465494862510 2169.97705078 4260.58886719 3.81390166283
1465494862568 2155.46533203 4274.98291016 3.74550247192
1465494862710 2131.14697266 4305.77734375 3.61047506332
1465494862768 2119.99145508 4322.83544922 3.55495262146
1465494862839 2109.90917969 4340.63867188 3.48194551468
1465494862909 2101.44702148 4358.703125 3.40762376785
1465494862968 2094.49804688 4377.82080078 3.35118675232
1465494862977 2152.56835938 4378.8359375 3.34784555435
1465494863038 2149.42553711 4388.56445312 3.30718016624
1465494863045 2146.8359375 4397.75292969 3.27144527435
1465494863109 2144.80859375 4407.00927734 3.24789977074
1465494863110 2142.56201172 4416.58007812 3.21799945831
1465494863177 2141.10961914 4425.45996094 3.17582464218
1465494863178 2139.57910156 4435.0 3.15069508553
1465494863239 2138.69140625 4445.20898438 3.10349225998
1465494863246 2137.75683594 4455.51708984 3.06277775764
1465494863310 2137.75097656 4465.52148438 3.03182792664
1465494863311 2137.24169922 4475.81152344 3.00050330162
1465494863437 2138.90380859 4496.1328125 2.93083381653
1465494863445 2140.43041992 4516.47705078 2.8646979332
1465494863507 2142.33886719 4526.51464844 2.83317756653
1465494863513 2144.26660156 4535.92089844 2.79865789413
1465494863577 2146.68164062 4545.10644531 2.77136611938
1465494863577 2149.41821289 4554.63720703 2.74194192886
1465494863639 2152.53662109 4563.96289062 2.70648765564
1465494863644 2155.55200195 4573.06738281 2.67357826233
1465494863707 2159.40917969 4582.42871094 2.63524055481
1465494863713 2163.25732422 4591.66699219 2.59782767296
1465494863776 2167.63012695 4600.42773438 2.5622215271
1465494863777 2172.15014648 4609.43701172 2.53367328644
1465494863845 2177.1550293 4617.70410156 2.50504350662
1465494863847 2182.33203125 4626.16650391 2.46740007401
1465494863904 2188.20117188 4634.58984375 2.43744921684
1465494863911 2193.60864258 4642.90332031 2.39505529404
1465494863977 2199.71533203 4650.76855469 2.36789226532
1465494863977 2205.82226562 4658.76757812 2.32378602028
1465494864045 2212.40600586 4666.15527344 2.28379225731
1465494864180 2305.99316406 4696.93115234 2.1205906868
1465494864246 2321.98608398 4709.16650391 2.05071187019
1465494864314 2338.55541992 4719.72021484 1.9803134203
1465494864379 2355.31640625 4729.54296875 1.90770971775
1465494864445 2374.04711914 4738.53564453 1.85207283497
1465494864513 2391.99145508 4745.18652344 1.78169691563
1465494864579 2410.34570312 4750.60302734 1.71993219852
1465494864644 2429.79003906 4755.10888672 1.64472258091
1465494864713 2450.49975586 4756.5 1.57079613209
1465494864782 2468.484375 4761.25146484 1.49371683598
1465494864914 2509.50976562 4761.54833984 1.36436617374
1465494864982 2528.19873047 4759.45849609 1.30541038513
1465494865049 2547.92529297 4756.07910156 1.23630511761
1465494865112 2567.97631836 4751.07617188 1.17508733273
1465494865179 2587.171875 4745.08886719 1.10430049896
1465494865251 2605.85400391 4737.46630859 1.03560304642
1465494865317 2624.06640625 4729.35351562 0.971386671066
1465494865384 2641.40625 4719.84130859 0.897724509239
1465494865452 2657.03564453 4709.44921875 0.823579967022
1465494865517 2673.22802734 4696.85791016 0.745818853378
1465494865585 2688.37207031 4684.24072266 0.682406365871
1465494865651 2702.42871094 4669.94238281 0.607482433319
1465494865720 2715.86914062 4654.69091797 0.544792115688
1465494865784 2728.18212891 4638.52441406 0.470017373562
1465494865837 2679.94238281 4630.87792969 0.429780244827
1465494865852 2685.32958984 4622.70361328 0.391763031483
1465494865905 2689.48046875 4614.11865234 0.362682163715
1465494865921 2694.04443359 4605.48681641 0.335902273655
1465494865973 2698.45800781 4596.79882812 0.298974215984
1465494865984 2702.61279297 4587.81054688 0.265530377626
1465494866039 2706.53613281 4578.60302734 0.238942697644
1465494866053 2710.08056641 4569.44726562 0.198984846473
1465494866104 2713.15332031 4559.91113281 0.154107153416
1465494866119 2716.31567383 4550.01367188 0.114745557308
1465494866172 2718.42382812 4540.27148438 0.0854070782661
1465494866184 2720.67089844 4530.80273438 0.0652690529823
1465494866240 2722.65087891 4521.19580078 0.0373122729361
1465494866304 2723.78149414 4511.35400391 0.00580215221271
1465494866373 2673.70141602 4472.8203125 6.14506721497
1465494866440 2673.04150391 4453.29638672 6.07496976852
1465494866504 2671.35131836 4433.93212891 5.99951887131
1465494866573 2667.91357422 4414.54394531 5.94017696381
1465494866650 2663.28149414 4395.47412109 5.87940788269
1465494866708 2657.5324707 4375.74169922 5.81413269043
1465494866776 2649.96582031 4357.59960938 5.74502182007
1465494866848 2641.95092773 4340.703125 5.68195962906
1465494866978 2620.83154297 4306.41601562 5.56383752823
1465494867049 2608.84033203 4290.16308594 5.45782470703
1465494867116 2596.33740234 4275.55419922 5.41216230392
1465494867177 2582.47094727 4261.18066406 5.33162498474
1465494867244 2567.66821289 4248.23339844 5.27530241013
1465494867317 2552.05712891 4236.41357422 5.19571495056
1465494867376 2535.69116211 4225.82958984 5.14001321793
1465494867445 2518.76708984 4215.61767578 5.07558012009
1465494867516 2500.81787109 4206.71191406 5.00329828262
1465494867584 2482.58691406 4199.00634766 4.93553209305
1465494867716 2443.46826172 4187.390625 4.79342508316
1465494867782 2424.90600586 4183.5 4.7322063446
1465494867846 2405.0 4182.88183594 4.69922161102
1465494867912 2383.06323242 4180.44580078 4.60832500458
1465494867983 2363.57983398 4180.69970703 4.53937101364
1465494868047 2343.27539062 4181.97509766 4.47175645828
1465494868112 2323.03100586 4184.81591797 4.41391563416
1465494868184 2302.99926758 4189.06591797 4.33512210846
1465494868240 2284.44116211 4194.14892578 4.27058124542
1465494868312 2265.15380859 4202.06298828 4.20580530167
1465494868378 2246.53051758 4209.89355469 4.13809394836
1465494868450 2228.66357422 4219.52929688 4.07477855682
1465494868514 2210.87304688 4230.32226562 4.01306343079
1465494868587 2193.59570312 4241.59570312 3.93798780441
1465494868651 2178.95800781 4254.22265625 3.86570239067
1465494868785 2150.94018555 4282.27148438 3.71677446365
1465494868852 2138.00830078 4298.46875 3.65952754021
1465494868911 2126.93945312 4314.96337891 3.60364675522
1465494868979 2115.66040039 4332.40966797 3.52598524094
1465494869051 2105.96655273 4350.59472656 3.4556145668
1465494869121 2097.76538086 4368.79882812 3.38440895081
1465494869182 2091.11425781 4387.08349609 3.31676006317
1465494869188 2149.64648438 4387.87402344 3.31012773514
1465494869253 2147.02783203 4397.20605469 3.27644920349
1465494869253 2144.47070312 4406.89892578 3.24190831184
1465494869321 2142.24975586 4416.984375 3.19463562965
1465494869320 2139.88720703 4427.3984375 3.16740489006
1465494869381 2138.99951172 4437.08398438 3.12524914742
1465494869387 2138.84423828 4446.51171875 3.1032333374
1465494869520 2137.49658203 4466.48242188 3.03492736816
1465494869520 2136.44091797 4486.92675781 2.96433186531
1465494869580 2137.2253418 4497.11181641 2.93336844444
1465494869586 2138.22900391 4506.7421875 2.90382504463
1465494869648 2139.89892578 4516.32373047 2.86688566208
1465494869654 2141.26904297 4525.86035156 2.83740210533
1465494869720 2143.60131836 4535.46972656 2.80286216736
1465494869720 2145.74853516 4545.53125 2.76780104637
1465494869775 2148.9296875 4555.53125 2.73602104187
1465494869786 2151.42431641 4565.31787109 2.70929121971
1465494869839 2154.76416016 4574.25732422 2.67579340935
1465494869850 2158.31298828 4583.32617188 2.6359834671
1465494869921 2162.35375977 4592.02392578 2.59606456757
1465494869921 2166.47460938 4601.35546875 2.5666513443
1465494869987 2171.20654297 4610.31982422 2.53499627113
1465494869988 2175.86474609 4619.25488281 2.49536252022
1465494870050 2181.44897461 4627.61376953 2.45592141151
1465494870055 2186.92407227 4635.95214844 2.42322540283
1465494870121 2192.62597656 4643.54003906 2.3836517334
1465494870121 2198.20654297 4651.43457031 2.35115337372
1465494870255 2211.39746094 4665.92919922 2.27870225906
1465494870323 2297.31005859 4692.08105469 2.14936566353
1465494870387 2313.45214844 4704.78564453 2.0844681263
1465494870454 2329.59741211 4716.26416016 2.00709700584
1465494870522 2345.84130859 4725.26708984 1.94579422474
1465494870588 2363.55517578 4734.51416016 1.89012825489
1465494870657 2382.26977539 4742.0625 1.81066048145
1465494870723 2400.78637695 4748.83544922 1.73752224445
1465494870786 2419.75610352 4753.45263672 1.6637083292
1465494870854 2439.07714844 4756.64697266 1.59184420109
1465494870991 2478.27832031 4761.46337891 1.46024692059
1465494871054 2498.29125977 4761.49707031 1.40256154537
1465494871122 2518.58813477 4760.04931641 1.34072458744
1465494871192 2538.05371094 4757.22753906 1.26336789131
1465494871255 2557.91040039 4752.9609375 1.19888412952
1465494871323 2577.52539062 4747.87597656 1.12969624996
1465494871390 2595.98925781 4741.43408203 1.05982196331
1465494871448 2614.0234375 4733.48681641 1.00330293179
1465494871522 2631.54443359 4723.95410156 0.925008416176
1465494871591 2648.7512207 4713.58984375 0.864834308624
1465494871722 2679.87890625 4689.39404297 0.706147789955
1465494871791 2695.02587891 4675.84423828 0.634992241859
1465494871857 2708.31298828 4660.94873047 0.571607351303
1465494871924 2720.00756836 4645.76464844 0.506305992603
1465494871989 2731.42773438 4629.63818359 0.429213434458
1465494872052 2682.96850586 4621.73242188 0.393007814884
1465494872058 2688.29223633 4613.3984375 0.360304117203
1465494872123 2692.97875977 4604.33691406 0.327156245708
1465494872123 2697.77197266 4595.71777344 0.294365853071
1465494872190 2701.69555664 4586.58300781 0.255035102367
1465494872190 2705.43676758 4577.42285156 0.220027759671
1465494872254 2708.99047852 4568.15917969 0.188777625561
1465494872260 2712.37744141 4558.51464844 0.158050075173
1465494872322 2714.61889648 4548.86230469 0.123965270817
1465494872324 2717.18554688 4539.12402344 0.0931741595268
1465494872384 2719.02587891 4528.91552734 0.0492212176323
1465494872394 2719.99951172 4519.17333984 0.00460958853364
1465494872454 2720.91162109 4510.22070312 6.25029850006
1465494872519 2722.21655273 4500.30273438 6.23195886612
1465494872590 2671.77539062 4462.71679688 6.11055898666
1465494872648 2670.35595703 4443.2578125 6.03260374069
1465494872776 2663.83837891 4403.59667969 5.90716600418
1465494872858 2658.35571289 4385.20410156 5.84158325195
1465494872923 2651.25 4366.95703125 5.77793169022
1465494872993 2644.0715332 4348.18652344 5.71325683594
1465494873059 2635.6105957 4330.66503906 5.64558792114
1465494873122 2624.89379883 4314.15625 5.57830619812
1465494873188 2613.15673828 4297.34228516 5.49351739883
1465494873259 2601.23681641 4282.51074219 5.43271541595
1465494873316 2587.79785156 4267.74755859 5.3699259758
1465494873390 2573.46728516 4254.74121094 5.31151771545
1465494873516 2542.28320312 4230.9140625 5.17041969299
1465494873587 2525.265625 4220.06591797 5.10654354095
1465494873659 2507.2253418 4210.07177734 5.0351099968
1465494873725 2489.81787109 4201.81982422 4.97664880753
1465494873788 2471.48339844 4195.76806641 4.90723896027
1465494873858 2452.40454102 4190.12792969 4.85398387909
1465494873926 2432.05761719 4184.953125 4.7761926651
1465494873988 2412.0 4183.5 4.71238899231
1465494874057 2392.32373047 4180.37646484 4.64544963837
1465494874126 2371.35058594 4179.34375 4.58268690109
1465494874187 2351.44238281 4179.95410156 4.51403427124
1465494874244 2332.03198242 4182.70458984 4.45332670212
1465494874326 2312.26708984 4185.71142578 4.37227535248
1465494874395 2292.43774414 4190.6875 4.30732584
1465494874458 2272.54052734 4197.23242188 4.23931312561
1465494874596 2234.93310547 4213.06005859 4.10722923279
1465494874656 2217.86132812 4223.29443359 4.04178333282
1465494874724 2201.78344727 4234.63476562 3.98861098289
1465494874796 2186.34350586 4246.49707031 3.8973839283
1465494874854 2170.09936523 4259.40283203 3.83160376549
1465494874924 2155.70043945 4273.81689453 3.76874017715
1465494874995 2142.58764648 4288.67529297 3.70417761803
1465494875051 2129.74414062 4304.88476562 3.62106847763
1465494875124 2118.18725586 4321.70556641 3.55416822433
1465494875195 2108.7277832 4338.96044922 3.49959230423
1465494875262 2100.38891602 4356.44628906 3.42982149124
1465494875326 2092.71679688 4375.84033203 3.36674690247
1465494875392 2085.95800781 4394.98681641 3.2868847847
1465494875400 2144.49462891 4395.47070312 3.28636360168
1465494875461 2142.09326172 4404.875 3.24836492538
1465494875462 2139.59716797 4414.71777344 3.21071982384
1465494875518 2137.66113281 4425.13183594 3.18562912941
1465494875529 2136.44384766 4435.0 3.16630458832
1465494875661 2135.12109375 4454.25537109 3.08839392662
1465494875662 2133.84082031 4473.55175781 3.02072525024
1465494875721 2134.20800781 4483.77246094 2.98013830185
1465494875729 2134.63085938 4493.87744141 2.94394922256
1465494875790 2135.77368164 4504.03808594 2.91285276413
1465494875796 2136.71386719 4513.81835938 2.88486504555
1465494875861 2138.23120117 4523.37207031 2.84525251389
1465494875862 2139.76708984 4533.34570312 2.80692672729
1465494875930 2142.30615234 4543.00878906 2.77378368378
1465494875931 2144.72460938 4552.59375 2.74224305153
1465494875991 2147.94848633 4562.38867188 2.70521950722
1465494875998 2151.06347656 4571.91015625 2.66531944275
1465494876062 2154.87158203 4580.92724609 2.63552308083
1465494876063 2158.56298828 4590.30175781 2.60259437561
1465494876130 2162.75585938 4598.88476562 2.5763926506
1465494876131 2167.02392578 4607.51074219 2.55410170555
1465494876191 2172.40014648 4616.18457031 2.51536846161
1465494876196 2177.41894531 4624.77099609 2.48497486115
1465494876259 2183.10351562 4633.26757812 2.45416522026
1465494876266 2188.37231445 4641.69824219 2.41194581985
1465494876397 2200.83105469 4657.04150391 2.33997964859
1465494876464 2285.65576172 4684.27441406 2.19236302376
1465494876529 2300.52539062 4696.77246094 2.11639475822
1465494876599 2316.11181641 4708.40576172 2.06530618668
1465494876667 2333.01342773 4719.3984375 1.98704969883
1465494876730 2350.11401367 4729.05224609 1.92166340351
1465494876798 2367.81884766 4737.37988281 1.86028158665
1465494876865 2386.66113281 4745.15283203 1.77836239338
1465494876932 2405.59350586 4751.11816406 1.70293819904
1465494876997 2424.65039062 4755.16210938 1.63672268391
1465494877132 2463.02172852 4760.88867188 1.50361955166
1465494877197 2483.36279297 4761.75390625 1.44469845295
1465494877266 2503.53442383 4760.50878906 1.36832308769
1465494877334 2523.20507812 4759.38183594 1.30671405792
1465494877397 2543.11889648 4756.01611328 1.23940634727
1465494877467 2562.30224609 4751.18896484 1.17406439781
1465494877533 2581.37158203 4745.34814453 1.12223422527
1465494877600 2599.75952148 4738.18798828 1.03109610081
1465494877665 2617.61352539 4729.81787109 0.968230366707
1465494877733 2634.640625 4719.85205078 0.899248301983
1465494877865 2668.52587891 4696.41601562 0.732349038124
1465494877933 2682.90966797 4683.54785156 0.681983590126
1465494878000 2696.62695312 4669.92724609 0.621206998825
1465494878061 2709.85742188 4654.94580078 0.547329127789
1465494878133 2722.17919922 4639.52587891 0.477001875639
1465494878197 2673.62158203 4631.45703125 0.435396194458
1465494878201 2679.03125 4622.89697266 0.397325068712
1465494878268 2684.27416992 4614.1875 0.365441203117
1465494878270 2689.31494141 4605.67773438 0.326617181301
1465494878332 2693.15307617 4596.51904297 0.288486540318
1465494878333 2697.63964844 4587.59277344 0.262885302305
1465494878396 2701.03369141 4578.59863281 0.232069253922
1465494878402 2704.70654297 4569.44726562 0.201763764024
1465494878462 2707.67407227 4560.24023438 0.160941436887
1465494878469 2710.53100586 4551.05957031 0.126921877265
1465494878532 2713.15087891 4541.13574219 0.0968683436513
1465494878535 2715.68164062 4531.36328125 0.0708183050156
1465494878593 2717.74487305 4521.48046875 0.0294349770993
1465494878600 2719.35400391 4512.0 6.27257919312
1465494878662 2719.95703125 4502.66992188 6.24629402161
1465494878733 2720.41845703 4492.13671875 6.21209144592
1465494878792 2667.69824219 4453.1484375 6.07024049759
1465494878935 2662.57592773 4414.87158203 5.95559835434
1465494879001 2657.90795898 4395.76464844 5.87750577927
1465494879065 2652.02978516 4376.94238281 5.80158567429
1465494879134 2644.45874023 4358.57128906 5.74725818634
1465494879201 2636.36401367 4340.50878906 5.67397594452
1465494879260 2626.81591797 4322.76806641 5.60983467102
1465494879335 2616.21240234 4306.36523438 5.56754398346
1465494879401 2604.65136719 4291.84814453 5.4935874939
1465494879457 2591.50366211 4276.79736328 5.40360069275
1465494879531 2577.64233398 4262.11230469 5.34185361862
1465494879670 2546.62402344 4236.23974609 5.20033311844
1465494879734 2530.76245117 4224.9765625 5.13612794876
1465494879802 2514.21044922 4215.47460938 5.08001470566
1465494879870 2496.37939453 4206.85205078 5.01431083679
1465494879926 2477.26806641 4199.10107422 4.94784450531
1465494879999 2458.61694336 4192.61328125 4.88054800034
1465494880070 2439.01660156 4188.08789062 4.81561279297
1465494880127 2418.99951172 4183.5 4.71238946915
1465494880199 2397.99951172 4182.41943359 4.69074440002
1465494880270 2379.43554688 4180.04345703 4.62344169617
1465494880401 2339.32324219 4181.45166016 4.48311519623
1465494880470 2318.77319336 4184.79003906 4.41685342789
1465494880537 2299.25195312 4188.99316406 4.34650182724
1465494880598 2278.56689453 4194.57470703 4.29384279251
1465494880667 2259.91967773 4201.32226562 4.2102355957
1465494880738 2242.08789062 4208.83056641 4.15787649155
1465494880794 2224.52148438 4217.89306641 4.09671974182
1465494880866 2206.56542969 4228.67236328 4.0189447403
1465494880938 2190.43359375 4238.39697266 3.95083904266
1465494880993 2174.98413086 4250.53662109 3.85204410553
1465494881067 2160.48901367 4263.32519531 3.75958848
1465494881138 2147.43652344 4275.23144531 3.6595864296
1465494881204 2135.9597168 4288.02148438 3.5516705513
1465494881266 2125.44042969 4301.81542969 3.44602584839
1465494881335 2116.7277832 4316.21630859 3.32078552246
1465494881464 2103.2409668 4347.59570312 3.08741736412
1465494881537 2099.45019531 4362.79492188 2.96192622185
1465494881606 2097.14038086 4378.39990234 2.83076119423
1465494881664 2094.82470703 4392.8828125 2.67913866043
1465494881735 2096.40527344 4407.18505859 2.51379442215
1465494881740 2155.25585938 4407.04052734 2.50239253044
1465494881804 2157.50292969 4413.98486328 2.42237186432
1465494881805 2158.82788086 4421.86474609 2.35160803795
1465494881860 2161.96899414 4428.08789062 2.27170467377
1465494881872 2164.75439453 4434.65527344 2.20243859291
1465494881934 2168.40527344 4440.91503906 2.12544584274
1465494881939 2172.22753906 4447.02929688 2.04690217972
1465494882004 2177.375 4453.06542969 1.97017109394
1465494882006 2182.47363281 4459.15087891 1.89392602444
1465494882073 2187.82714844 4463.90087891 1.82767236233
1465494882074 2193.49145508 4468.96337891 1.7530258894
1465494882140 2199.51953125 4473.2734375 1.67520272732
1465494882203 2212.30419922 4480.08496094 1.53645646572
1465494882209 2218.90527344 4482.40478516 1.4711458683
1465494882272 2226.0078125 4484.42871094 1.39252352715
1465494882272 2233.43041992 4486.625 1.31493961811
1465494882329 2240.71655273 4487.78662109 1.23804855347
1465494882338 2248.09521484 4488.76367188 1.16246891022
1465494882402 2255.8190918 4488.76269531 1.09682667255
1465494882407 2263.59741211 4488.73046875 1.02398586273
1465494882474 2270.83691406 4487.19042969 0.951608419418
1465494882533 2285.68261719 4483.90527344 0.790257811546
1465494882540 2292.67822266 4481.765625 0.712338149548
1465494882602 2299.25732422 4478.74023438 0.643369615078
1465494882607 2305.78125 4475.48242188 0.566637277603
1465494882658 2311.89892578 4471.31494141 0.491022199392
1465494882665 2317.81005859 4467.24707031 0.419406950474
1465494882740 2323.20019531 4462.31054688 0.346920490265
1465494882741 2328.85839844 4457.34960938 0.275760799646
1465494882797 2333.71533203 4451.85693359 0.203763455153
1465494882807 2338.21728516 4445.99902344 0.132867395878
1465494882872 2342.43603516 4439.40917969 0.0578942373395
1465494882941 2345.21264648 4432.40332031 6.26802539825
1465494882997 2298.23144531 4407.33203125 5.98867511749
1465494883070 2299.54321289 4393.68408203 5.84014844894
1465494883141 2299.05249023 4379.26611328 5.70273160934
1465494883197 2296.78100586 4364.44140625 5.55540657043
1465494883270 2291.6159668 4350.16699219 5.41171121597
1465494883340 2285.0480957 4337.1328125 5.26385831833
1465494883410 2276.12890625 4325.09082031 5.1212182045
1465494883473 2265.64599609 4314.54589844 4.97209596634
1465494883610 2241.34448242 4297.07373047 4.64967536926
1465494883664 2227.12939453 4293.23291016 4.53694629669
1465494883737 2212.00146484 4290.49316406 4.396276474
1465494883809 2197.36206055 4288.65625 4.25274753571
1465494883865 2181.7590332 4290.60009766 4.12088060379
1465494883933 2167.62011719 4293.37939453 3.97854971886
1465494884001 2154.40527344 4298.76025391 3.82136011124
1465494884063 2141.06054688 4305.55273438 3.67732810974
1465494884131 2129.09643555 4314.67822266 3.52781152725
1465494884200 2118.64746094 4325.70507812 3.38040208817
1465494884269 2109.57275391 4337.30322266 3.22411060333
1465494884332 2102.13134766 4351.6484375 3.08694005013
1465494884400 2097.56396484 4365.18115234 2.93434262276
1465494884468 2095.09155273 4379.41894531 2.79011821747
1465494884532 2094.203125 4394.31494141 2.64557051659
1465494884603 2095.90087891 4409.05419922 2.50709366798
1465494884616 2155.24951172 4408.75488281 2.48873949051
1465494884667 2156.79931641 4415.97753906 2.40932559967
1465494884681 2158.6484375 4423.05175781 2.33509373665
1465494884731 2161.98266602 4429.99511719 2.25303459167
1465494884749 2165.33935547 4436.93164062 2.1769592762
1465494884800 2169.37890625 4443.73242188 2.10210847855
1465494884816 2173.51074219 4449.74121094 2.03053116798
1465494884868 2178.09423828 4454.81835938 1.96772181988
1465494884881 2182.59863281 4460.22753906 1.88853514194
1465494884936 2188.34887695 4465.11523438 1.80773150921
1465494884950 2193.71142578 4469.69580078 1.74189507961
1465494885001 2200.58129883 4473.49072266 1.67532622814
1465494885017 2207.26611328 4477.50488281 1.60273039341
1465494885068 2213.63110352 4480.765625 1.52257418633
1465494885083 2220.22900391 4483.78027344 1.44502580166
1465494885137 2227.65576172 4486.02929688 1.37034142017
1465494885150 2234.56347656 4487.69140625 1.29677855968
1465494885201 2242.27685547 4488.73095703 1.22072005272
1465494885218 2249.86181641 4489.5078125 1.14572989941
1465494885276 2257.39990234 4489.39550781 1.07712709904
1465494885286 2265.19799805 4489.30810547 1.00411581993
1465494885337 2272.65039062 4488.03515625 0.928523421288
1465494885350 2279.55224609 4487.00878906 0.85378831625
1465494885401 2286.48876953 4484.62988281 0.776366174221
1465494885417 2293.52612305 4482.00390625 0.704886734486
1465494885470 2300.26953125 4478.76269531 0.632235586643
1465494885484 2306.89355469 4475.45849609 0.553019583225
1465494885537 2312.86474609 4470.97167969 0.478110343218
1465494885610 2324.47363281 4461.81103516 0.33140796423
1465494885676 2329.48730469 4455.82958984 0.257182896137
1465494885680 2339.53710938 4444.671875 0.108874671161
1465494885745 2343.34667969 4438.76464844 0.040610846132
1465494885814 2345.88427734 4431.65332031 6.25096464157
1465494885870 2297.66552734 4407.05615234 5.97784471512
1465494885943 2299.29614258 4392.50683594 5.83595371246
1465494886015 2298.37744141 4377.31787109 5.6874256134
1465494886061 2296.56787109 4362.49951172 5.5458741188
1465494886144 2291.00585938 4349.09423828 5.39635801315
1465494886213 2283.55859375 4335.703125 5.23728609085
1465494886272 2274.86035156 4324.05859375 5.09955358505
1465494886413 2252.79394531 4305.81005859 4.8111205101
1465494886480 2238.64697266 4298.16064453 4.64264392853
1465494886536 2224.70410156 4293.29541016 4.52221107483
1465494886609 2209.95654297 4290.16699219 4.37697124481
1465494886680 2194.59228516 4288.91699219 4.24317932129
1465494886737 2179.89941406 4291.08935547 4.10148906708
1465494886810 2166.04199219 4294.75292969 3.95822453499
1465494886880 2151.81005859 4300.14257812 3.79673814774
1465494886939 2138.40356445 4307.82763672 3.64689779282
1465494887012 2127.37133789 4317.01025391 3.50062990189
1465494887140 2107.55517578 4340.24707031 3.21589517593
1465494887207 2101.23535156 4354.00390625 3.0611770153
1465494887277 2096.74633789 4367.39648438 2.92432165146
1465494887348 2094.17993164 4382.49365234 2.77134895325
1465494887404 2094.27490234 4397.51025391 2.61705851555
1465494887478 2095.81713867 4412.42773438 2.48035001755
1465494887482 2155.29492188 4412.12792969 2.46412944794
1465494887548 2157.49145508 4419.24804688 2.3914847374
1465494887549 2159.87207031 4426.62304688 2.307076931
1465494887606 2162.92236328 4433.37597656 2.24009418488
1465494887614 2166.05810547 4439.90039062 2.15922737122
1465494887678 2170.33691406 4445.59521484 2.0800113678
1465494887683 2174.44384766 4451.42138672 2.01012706757
1465494887747 2179.29003906 4456.50244141 1.93668007851
1465494887749 2184.04638672 4462.26171875 1.86173856258
1465494887821 2189.12939453 4466.4921875 1.79866302013
1465494887879 2199.01245117 4474.15234375 1.68034040928
1465494887882 2203.71923828 4477.61425781 1.61526691914
1465494887947 2208.07421875 4479.47167969 1.56171059608
1465494887949 2213.34667969 4481.97558594 1.50969743729
1465494888014 2217.22363281 4483.4609375 1.48638606071
1465494888015 2220.86132812 4484.734375 1.44049882889
1465494888075 2224.13134766 4485.97070312 1.40703248978
1465494888082 2227.47851562 4487.11621094 1.36904084682
1465494888215 2232.82763672 4488.22167969 1.32143068314
1465494888216 2238.62207031 4489.27148438 1.27076292038
1465494888272 2239.28808594 4489.37597656 1.26288664341
1465494888281 2239.38037109 4489.46679688 1.2539857626
1465494888345 2239.0090332 4489.58544922 1.25566804409
1465494888350 2238.88769531 4489.57910156 1.25802373886
1465494888415 2237.41601562 4489.62792969 1.26767861843
1465494888416 2236.08911133 4489.61816406 1.28011643887
1465494888472 2235.68554688 4490.19335938 1.27023088932
1465494888482 2235.26660156 4490.546875 1.27384567261
1465494888547 2235.24072266 4490.45996094 1.27535569668
1465494888551 2235.36181641 4490.53369141 1.27444684505
1465494888615 2235.33349609 4490.43261719 1.27564573288
1465494888617 2235.33349609 4490.43261719 1.27564573288
1465494888671 2235.33349609 4490.43261719 1.27564573288
1465494888681 2235.33349609 4490.43261719 1.27564573288
1465494888740 2235.33349609 4490.43261719 1.27564573288
1465494888749 2235.36181641 4490.53369141 1.27444684505
1465494888814 2235.38769531 4490.62011719 1.27293682098
1465494888819 2235.359375 4490.51953125 1.27413582802
1465494888940 2235.29736328 4490.31054688 1.27812433243
1465494888949 2235.29736328 4490.31054688 1.27812433243
