1465494316314  2926.93115234 4139.01123047 3.09107518196
1465494316381  2927.01171875 4138.80712891 3.08768773079
1465494316449  2927.04980469 4139.59326172 3.09349799156
1465494316513  2927.20092773 4138.98974609 3.08544898033
1465494316581  2927.00610352 4138.61230469 3.08738160133
1465494316651  2927.01171875 4138.80712891 3.08768773079
1465494316711  2927.00610352 4138.61230469 3.08738160133
1465494316780  2927.16552734 4138.02050781 3.08409762383
1465494316848  2927.16845703 4138.2109375 3.08335757256
1465494316911  2927.15673828 4137.82128906 3.0835249424
1465494316984  2926.99072266 4138.03417969 3.08714318275
1465494317048  2927.01171875 4138.80712891 3.08768773079
1465494317117  2926.99316406 4138.22509766 3.08640789986
1465494317181  2926.99072266 4138.03417969 3.08714318275
1465494317247  2927.01171875 4138.80712891 3.08768773079
1465494317323  2927.0390625 4139.39208984 3.09164834023
1465494317380  2927.01171875 4138.80712891 3.08768773079
1465494317449  2926.99731445 4138.41796875 3.08619523048
1465494317517  2926.99731445 4138.41796875 3.08619523048
1465494317579  2926.99731445 4138.41796875 3.08619523048
1465494317653  2927.01171875 4138.80712891 3.08768773079
1465494317717  2927.00195312 4138.41943359 3.08759665489
1465494317780  2926.99731445 4138.41796875 3.08619523048
1465494317850  2927.25439453 4139.78710938 3.09279751778
1465494317917  2927.38989258 4141.171875 3.11651873589
1465494317989  2926.87915039 4141.33203125 3.13050293922
1465494318047  2926.99316406 4138.22509766 3.08640789986
1465494318118  2926.49951172 4141.328125 3.13669991493
1465494318187  2926.49951172 4148.5 3.14159679413
1465494318247  2926.97607422 4162.5 3.15074682236
1465494318319  2929.26049805 4176.49951172 3.17461633682
1465494318385  2930.14941406 4195.8046875 3.23522186279
1465494318447  2930.33520508 4216.75244141 3.31139612198
1465494318515  2930.04541016 4237.11279297 3.37911653519
1465494318585  2928.65966797 4257.34277344 3.45500850677
1465494318653  2925.1015625 4277.29199219 3.53153133392
1465494318716  2920.26611328 4297.68701172 3.60406112671
1465494318785  2914.25756836 4316.13037109 3.69414925575
1465494318853  2906.37255859 4335.16943359 3.76527547836
1465494318915  2897.15356445 4352.99072266 3.83774495125
1465494318985  2885.65600586 4370.15625 3.90974497795
1465494319053  2874.40869141 4386.98339844 4.00138473511
1465494319115  2861.79296875 4402.66308594 4.07171726227
1465494319186  2847.54492188 4417.31347656 4.14218473434
1465494319253  2832.41894531 4430.68945312 4.22307729721
1465494319321  2816.9387207 4442.98242188 4.29852342606
1465494319384  2799.86230469 4453.66894531 4.36328172684
1465494319452  2781.16967773 4463.50048828 4.45061683655
1465494319522  2762.96484375 4471.95751953 4.5181889534
1465494319583  2743.98828125 4478.62646484 4.59277582169
1465494319654  2724.28149414 4484.15283203 4.67656612396
1465494319721  2704.00732422 4488.29101562 4.77618360519
1465494319782  2683.86352539 4490.03759766 4.81354618073
1465494319852  2663.859375 4490.88037109 4.88623380661
1465494319920  2643.3737793 4490.78369141 4.96845674515
1465494319982  2623.55541992 4489.19970703 5.03853273392
1465494320054  2603.41748047 4485.60302734 5.11884593964
1465494320121  2584.46899414 4479.7890625 5.17909526825
1465494320188  2564.61401367 4474.11328125 5.26122665405
1465494320250  2546.27270508 4465.89208984 5.32990598679
1465494320320  2528.171875 4456.80810547 5.40491914749
1465494320389  2512.19042969 4447.54296875 5.46578168869
1465494320450  2494.11865234 4434.89111328 5.54460382462
1465494320520  2478.82446289 4422.42773438 5.63727521896
1465494320590  2464.34204102 4407.71435547 5.702917099
1465494320650  2451.13574219 4393.12451172 5.77856063843
1465494320725  2439.08422852 4376.41357422 5.85674953461
1465494320788  2427.61181641 4359.44433594 5.92298555374
1465494320856  2417.7565918 4342.53955078 5.99548816681
1465494320920  2409.70849609 4324.68896484 6.07267093658
1465494320988  2402.31152344 4305.89794922 6.15042114258
1465494321061  2396.51831055 4286.79248047 6.22319412231
1465494321119  2393.79199219 4267.49951172 0.0127882407978
1465494321189  2390.37402344 4247.87402344 0.07722479105
1465494321257  2388.98583984 4226.94189453 0.147843644023
1465494321320  2389.55102539 4207.64404297 0.218597322702
1465494321389  2390.86230469 4187.38330078 0.293807327747
1465494321457  2394.37646484 4167.48486328 0.366188585758
1465494321518  2399.27392578 4148.10107422 0.440356820822
1465494321588  2405.78320312 4129.69726562 0.506477296352
1465494321656  2412.80786133 4110.62890625 0.590071260929
1465494321724  2422.22363281 4092.82910156 0.658111035824
1465494321787  2432.59472656 4075.90112305 0.73598921299
1465494321857  2443.80737305 4059.69897461 0.82216489315
1465494321925  2456.4362793 4043.87207031 0.902073264122
1465494321987  2469.85693359 4029.14331055 0.971763014793
1465494322057  2484.92358398 4015.31298828 1.04429531097
1465494322125  2500.11669922 4002.82470703 1.10834002495
1465494322186  2517.06811523 3991.61791992 1.18965828419
1465494322256  2534.89135742 3981.68310547 1.25125443935
1465494322324  2553.33032227 3972.91943359 1.33492910862
1465494322393  2571.43725586 3966.02294922 1.4156845808
1465494322458  2591.39404297 3959.77416992 1.45793676376
1465494322524  2611.5 3953.79101562 1.54958224297
1465494322591  2631.38745117 3951.69189453 1.61061823368
1465494322654  2650.75585938 3950.40991211 1.69948494434
1465494322723  2671.11694336 3949.43017578 1.77736580372
1465494322793  2691.19750977 3950.51708984 1.85401833057
1465494322854  2711.46875 3953.63623047 1.92728579044
1465494322924  2731.17480469 3958.29833984 2.00333237648
1465494322991  2750.84350586 3963.9987793 2.0687994957
1465494323054  2769.9284668 3971.34277344 2.14427542686
1465494323129  2788.23583984 3979.6418457 2.22820687294
1465494323191  2805.70605469 3989.55029297 2.30162143707
1465494323259  2822.71972656 3999.78198242 2.37527275085
1465494323321  2838.3347168 4012.71557617 2.45426845551
1465494323391  2853.29589844 4026.80493164 2.53269863129
1465494323464  2867.33398438 4041.59155273 2.61205863953
1465494323523  2878.82470703 4056.8828125 2.67913866043
1465494323592  2891.64697266 4072.64160156 2.75643754005
1465494323659  2902.39892578 4089.52880859 2.8362622261
1465494323722  2911.39550781 4108.00585938 2.90293765068
1465494323792  2918.85131836 4126.72167969 2.98497319221
1465494323860  2925.29833984 4145.4609375 3.05638384819
1465494323928  2929.99975586 4163.73486328 3.12100529671
1465494323989  2933.60595703 4184.93261719 3.19229841232
1465494324059  2934.84741211 4205.04980469 3.27972412109
1465494324127  2935.57226562 4225.51855469 3.35459470749
1465494324189  2933.87719727 4245.09228516 3.42886543274
1465494324259  2930.921875 4266.10498047 3.49797344208
1465494324327  2927.05786133 4285.47021484 3.57545280457
1465494324389  2921.47900391 4303.96972656 3.64885950089
1465494324459  2914.98266602 4322.91650391 3.73180866241
1465494324528  2906.60546875 4341.45019531 3.79941368103
1465494324591  2896.87768555 4358.55761719 3.87451076508
1465494324660  2884.50024414 4376.0 3.92699146271
1465494324727  2872.82226562 4391.41894531 4.01970100403
1465494324795  2859.34765625 4406.53564453 4.10560369492
1465494324857  2845.30810547 4420.79785156 4.17402172089
1465494324928  2829.23706055 4433.61474609 4.25317525864
1465494324995  2813.26367188 4445.56005859 4.31989479065
1465494325057  2795.75 4456.08349609 4.39799642563
1465494325127  2777.29174805 4464.88623047 4.46966028214
1465494325195  2758.64794922 4472.62988281 4.53402614594
1465494325257  2739.96362305 4479.12402344 4.613904953
1465494325327  2720.0 4484.5 4.71238994598
1465494325395  2700.38818359 4487.87841797 4.78231716156
1465494325463  2680.73608398 4489.77929688 4.84271907806
1465494325526  2660.7409668 4489.71630859 4.90783071518
1465494325595  2640.29833984 4489.24414062 4.97278833389
1465494325663  2619.71142578 4486.49365234 5.05224943161
1465494325725  2599.78076172 4482.52246094 5.13210630417
1465494325795  2579.99975586 4477.49951172 5.19240236282
1465494325864  2561.1862793 4470.47363281 5.27339458466
1465494325926  2542.66577148 4462.12353516 5.34107112885
1465494325995  2525.33276367 4451.95898438 5.41959571838
1465494326063  2509.74633789 4442.29492188 5.51912164688
1465494326131  2492.57421875 4430.32080078 5.57535266876
1465494326198  2477.1574707 4417.58789062 5.64506959915
1465494326264  2462.39453125 4403.62011719 5.72781038284
1465494326331  2449.24365234 4388.72216797 5.80369758606
1465494326394  2437.21142578 4372.17626953 5.85243368149
1465494326463  2426.63232422 4354.97705078 5.93741464615
1465494326536  2417.06567383 4337.10400391 6.01300144196
1465494326594  2408.50048828 4319.17773438 6.08309221268
1465494326664  2402.12890625 4300.75048828 6.15284395218
1465494326733  2396.63330078 4281.16943359 6.24865436554
1465494326793  2393.34179688 4260.49951172 0.0182030852884
1465494326872  2391.07617188 4241.77783203 0.0805007815361
1465494326929  2389.86181641 4221.35302734 0.160989463329
1465494327000  2390.79785156 4202.16259766 0.222973644733
1465494327062  2392.24658203 4182.29638672 0.30153220892
1465494327132  2395.88623047 4162.74365234 0.371399462223
1465494327210  2400.29345703 4143.38525391 0.436501204967
1465494327261  2407.20458984 4124.74462891 0.526367485523
1465494327332  2414.59838867 4106.70849609 0.601550221443
1465494327399  2424.10083008 4088.43457031 0.668411612511
1465494327461  2433.97509766 4070.83569336 0.765822708607
1465494327537  2445.89135742 4055.19335938 0.839555859566
1465494327599  2458.92578125 4038.84716797 0.897206842899
1465494327667  2472.7746582 4024.81665039 0.960731625557
1465494327730  2487.49804688 4011.44067383 1.03636026382
1465494327799  2503.69628906 3998.88378906 1.11798596382
1465494327868  2519.42285156 3987.82250977 1.18845713139
1465494327929  2537.21044922 3978.03173828 1.27158105373
1465494327999  2554.91967773 3969.27636719 1.33587408066
1465494328068  2574.03759766 3961.77368164 1.40985250473
1465494328130  2593.38671875 3956.05224609 1.48521959782
1465494328199  2611.49975586 3952.5 1.57079637051
1465494328267  2633.34716797 3948.35107422 1.63257181644
1465494328329  2653.55078125 3946.53613281 1.708999753
1465494328400  2673.11645508 3946.82373047 1.78030312061
1465494328468  2693.74731445 3947.97167969 1.85615599155
1465494328536  2714.26708984 3951.02075195 1.93142187595
1465494328597  2734.26708984 3955.40942383 2.00290775299
1465494328666  2753.27856445 3961.41552734 2.07699656487
1465494328734  2772.10546875 3968.47900391 2.15292954445
1465494328796  2790.22094727 3977.171875 2.23095989227
1465494328868  2807.65966797 3986.46386719 2.30823111534
1465494328935  2824.90063477 3997.40087891 2.3971760273
1465494328997  2840.33227539 4009.78027344 2.46502804756
1465494329066  2855.32543945 4023.48608398 2.53262901306
1465494329134  2869.78271484 4038.08056641 2.61415266991
1465494329202  2881.12158203 4053.67822266 2.68874907494
1465494329266  2893.65869141 4070.0559082 2.7531812191
1465494329336  2904.44335938 4087.97436523 2.83346891403
1465494329404  2913.62084961 4105.80224609 2.89775204659
1465494329466  2920.69824219 4123.78857422 2.9769847393
1465494329533  2927.12255859 4143.72998047 3.0484650135
1465494329604  2933.328125 4162.5 3.13669848442
1465494329665  2935.2668457 4182.12060547 3.20188140869
1465494329734  2936.91918945 4202.45996094 3.28635597229
1465494329803  2937.18798828 4222.03808594 3.35047578812
1465494329866  2935.81713867 4242.04296875 3.43039083481
1465494329936  2932.58105469 4262.06933594 3.49451398849
1465494330002  2928.77246094 4282.38818359 3.57401657104
1465494330070  2922.89599609 4301.10205078 3.65076112747
1465494330132  2915.93457031 4320.23193359 3.71919369698
1465494330202  2907.47900391 4338.50488281 3.80450868607
1465494330274  2897.31201172 4356.26367188 3.88218474388
1465494330332  2887.29736328 4371.99511719 3.94654393196
1465494330402  2873.54418945 4388.65380859 4.02954339981
1465494330470  2860.77392578 4403.70117188 4.10353851318
1465494330532  2846.39941406 4417.52294922 4.18061637878
1465494330607  2830.98364258 4430.45800781 4.25524950027
1465494330671  2814.87231445 4442.35009766 4.32625818253
1465494330738  2797.49365234 4452.60107422 4.39952373505
1465494330801  2779.21289062 4461.29980469 4.47158956528
1465494330871  2760.05761719 4469.21777344 4.54002904892
1465494330943  2741.16967773 4475.30566406 4.61339712143
1465494331001  2721.58349609 4479.87060547 4.65439653397
1465494331072  2701.54956055 4484.49951172 4.73971366882
1465494331140  2681.48022461 4486.34326172 4.83609104156
1465494331201  2661.52392578 4486.79003906 4.90449571609
1465494331272  2641.28808594 4485.43896484 4.97508239746
1465494331338  2621.29882812 4483.48535156 5.05336046219
1465494331406  2601.33300781 4479.51416016 5.12417316437
1465494331468  2581.61938477 4474.53027344 5.19358539581
1465494331539  2563.52050781 4467.97460938 5.26409292221
1465494331606  2545.20898438 4459.89941406 5.33755970001
1465494331668  2526.65478516 4450.45166016 5.41698360443
1465494331739  2511.77172852 4440.97070312 5.4635219574
1465494331807  2493.32958984 4428.04003906 5.55626249313
1465494331869  2478.81347656 4415.70751953 5.63804912567
1465494331939  2464.56030273 4401.03369141 5.71549987793
1465494332007  2450.58129883 4385.75634766 5.78999519348
1465494332067  2438.68261719 4369.84179688 5.87213754654
1465494332139  2427.92626953 4352.6640625 5.91813898087
1465494332207  2418.42358398 4335.55029297 5.99389314651
1465494332275  2410.2175293 4317.22949219 6.07394933701
1465494332339  2402.68896484 4298.73388672 6.1428232193
1465494332406  2397.46044922 4279.97216797 6.22081184387
1465494332474  2394.11083984 4260.49951172 0.00822860375047
1465494332537  2391.14770508 4240.93261719 0.0786619782448
1465494332606  2389.58398438 4220.28857422 0.144918262959
1465494332680  2390.24829102 4200.63330078 0.212395250797
1465494332737  2391.76074219 4181.06933594 0.295472204685
1465494332807  2395.37329102 4161.00488281 0.366692125797
1465494332875  2399.93505859 4141.35888672 0.449909031391
1465494332942  2406.34228516 4122.57226562 0.516450345516
1465494333006  2414.20239258 4104.75732422 0.589387536049
1465494333075  2422.78637695 4086.44677734 0.662285983562
1465494333143  2433.03369141 4069.31274414 0.737376689911
1465494333204  2444.65307617 4052.83349609 0.8122138381
1465494333275  2456.72338867 4037.95654297 0.895749270916
1465494333346  2470.29980469 4022.81982422 0.980564415455
1465494333404  2485.45776367 4009.22436523 1.04094207287
1465494333474  2500.3840332 3996.36694336 1.11479902267
1465494333542  2517.62597656 3985.52050781 1.18334257603
1465494333604  2535.14453125 3975.44897461 1.25390267372
1465494333743  2571.84375 3959.03955078 1.41147339344
1465494333811  2591.79199219 3952.7578125 1.47309362888
1465494333872  2611.5 3947.88476562 1.54053139687
1465494333942  2631.65478516 3945.27197266 1.59314978123
1465494334010  2651.85498047 3943.80712891 1.70116865635
1465494334071  2671.33496094 3943.49804688 1.77287590504
1465494334141  2691.36279297 3944.44311523 1.84323894978
1465494334211  2711.58398438 3946.890625 1.93114340305
1465494334271  2731.27734375 3951.29931641 1.99993240833
1465494334341  2750.8203125 3957.47705078 2.06394982338
1465494334409  2769.91064453 3964.74609375 2.14554858208
1465494334477  2788.02099609 3973.23046875 2.22604942322
1465494334539  2805.64453125 3982.76123047 2.29425835609
1465494334609  2823.24145508 3992.74169922 2.3481991291
1465494334677  2838.44775391 4005.859375 2.45674276352
1465494334739  2853.36987305 4019.53076172 2.52831053734
1465494334810  2867.390625 4033.99365234 2.59470176697
1465494334881  2880.49243164 4049.05151367 2.67136263847
1465494334940  2892.11352539 4065.35961914 2.7403819561
1465494335010  2902.97949219 4081.67626953 2.8204100132
1465494335076  2911.72631836 4099.69677734 2.89200520515
1465494335140  2919.75097656 4118.62841797 2.97403311729
1465494335207  2925.98388672 4137.66650391 3.03947281837
1465494335277  2931.97460938 4155.66210938 3.11623883247
1465494335346  2934.87646484 4176.5 3.16158390045
1465494335407  2936.60742188 4196.88085938 3.26602125168
1465494335478  2937.24243164 4216.90917969 3.33394145966
1465494335545  2936.07861328 4236.97460938 3.41228914261
1465494335607  2933.49951172 4256.99951172 3.47499036789
1465494335678  2929.22363281 4276.80566406 3.55175065994
1465494335745  2924.62646484 4296.3828125 3.62398099899
1465494335807  2917.52709961 4314.88476562 3.70008611679
1465494335877  2909.55297852 4333.38867188 3.78013420105
1465494335945  2900.390625 4350.64208984 3.86296844482
1465494336014  2890.38378906 4367.71484375 3.94627261162
1465494336075  2876.98364258 4383.96777344 4.01220655441
1465494336145  2864.00390625 4398.95996094 4.06754302979
1465494336214  2849.98022461 4413.47363281 4.15452289581
1465494336274  2834.71289062 4426.74316406 4.23544216156
1465494336345  2818.78076172 4438.49072266 4.30753564835
1465494336413  2801.5859375 4449.48681641 4.37108659744
1465494336475  2783.58251953 4458.61230469 4.4489159584
1465494336545  2764.79882812 4466.48632812 4.51447582245
1465494336613  2745.9074707 4473.24316406 4.60018634796
1465494336675  2726.96337891 4478.08935547 4.69017028809
1465494336743  2706.79101562 4484.01123047 4.73820209503
1465494336812  2687.38745117 4485.43066406 4.81979084015
1465494336881  2667.12353516 4486.16894531 4.88120651245
1465494336943  2647.07348633 4485.47900391 4.95963954926
1465494337013  2626.80517578 4483.84912109 5.03523874283
1465494337087  2607.11743164 4480.50390625 5.10020828247
1465494337142  2587.2109375 4475.20263672 5.16718149185
1465494337210  2568.22802734 4469.26660156 5.23917913437
1465494337281  2549.32617188 4461.81054688 5.30918598175
1465494337342  2531.515625 4452.90283203 5.38103675842
1465494337414  2514.21289062 4442.60644531 5.43894338608
1465494337481  2498.53125 4430.83740234 5.5352602005
1465494337549  2482.26635742 4419.34277344 5.61980390549
1465494337610  2467.32226562 4405.35058594 5.68518447876
1465494337681  2454.09228516 4391.55615234 5.76023817062
1465494337752  2440.45825195 4375.77734375 5.81773757935
1465494337810  2429.96850586 4358.86572266 5.90252399445
1465494337881  2420.25073242 4341.66845703 5.96199560165
1465494337949  2411.41552734 4323.6484375 6.02960348129
1465494338010  2403.31787109 4304.83740234 6.10796403885
1465494338085  2397.46557617 4285.99414062 6.18628263474
1465494338148  2393.40600586 4267.49951172 6.26315689087
1465494338217  2389.54199219 4246.90820312 0.0311116632074
1465494338279  2388.30957031 4227.04296875 0.130401089787
1465494338348  2388.23754883 4207.96630859 0.18791732192
1465494338422  2388.95629883 4187.38916016 0.262194901705
1465494338478  2391.47436523 4168.28564453 0.326310008764
1465494338549  2395.76757812 4148.57666016 0.404939353466
1465494338617  2401.4765625 4129.76708984 0.483140707016
1465494338678  2408.36328125 4110.99316406 0.551359951496
1465494338748  2416.63183594 4092.86621094 0.624370515347
1465494338816  2426.15258789 4075.12670898 0.699765264988
1465494338878  2437.51611328 4059.11328125 0.763925611973
1465494338946  2448.47558594 4042.50878906 0.859597444534
1465494339016  2462.49316406 4027.17871094 0.923846781254
1465494339084  2476.04174805 4013.26074219 0.990494072437
1465494339147  2492.26855469 4000.16113281 1.06731271744
1465494339217  2507.9296875 3988.13598633 1.14217889309
1465494339285  2524.58837891 3977.88525391 1.20302987099
1465494339347  2542.20239258 3968.28100586 1.29403173923
1465494339417  2560.12451172 3959.99267578 1.37107086182
1465494339486  2579.30029297 3953.20629883 1.44264698029
1465494339548  2599.08740234 3948.06884766 1.50110471249
1465494339615  2618.5 3945.49975586 1.57079660892
1465494339686  2638.31274414 3941.74365234 1.64668715
1465494339753  2659.50488281 3939.88769531 1.72530806065
1465494339815  2679.20410156 3940.32519531 1.80409157276
1465494339884  2698.67407227 3942.14306641 1.88148224354
1465494339952  2719.66430664 3945.36572266 1.94747841358
1465494340014  2739.12475586 3950.55029297 2.01861023903
1465494340084  2758.09667969 3957.0222168 2.09530901909
1465494340152  2776.44726562 3964.52783203 2.16867041588
1465494340214  2794.38476562 3973.09204102 2.23892045021
1465494340284  2811.71582031 3982.52587891 2.31935715675
1465494340352  2827.97973633 3993.87744141 2.40682172775
1465494340414  2843.96411133 4006.50830078 2.47529864311
1465494340482  2858.76977539 4019.76025391 2.54269337654
1465494340552  2872.12329102 4035.07519531 2.62182211876
1465494340620  2885.49438477 4050.04980469 2.68631052971
1465494340682  2896.50830078 4067.20703125 2.76332163811
1465494340752  2906.13012695 4084.25268555 2.82984757423
1465494340822  2915.62402344 4102.13378906 2.91336512566
1465494340883  2922.6706543 4120.96240234 2.9829390049
1465494340953  2929.42480469 4139.66308594 3.05298399925
1465494341020  2933.49975586 4157.43847656 3.11496281624
1465494341082  2937.37597656 4177.99414062 3.21253395081
1465494341152  2939.60253906 4198.01123047 3.27857398987
1465494341221  2939.65991211 4218.33496094 3.34623765945
1465494341289  2938.6262207 4237.91162109 3.42181587219
1465494341351  2936.078125 4257.81640625 3.48345756531
1465494341421  2932.03295898 4277.37841797 3.56381225586
1465494341490  2926.12548828 4297.17919922 3.62398481369
1465494341550  2919.73388672 4315.46923828 3.7108566761
1465494341621  2911.24023438 4333.34570312 3.77903223038
1465494341689  2902.10595703 4351.58837891 3.84156274796
1465494341750  2891.49951172 4368.99951172 3.92699217796
1465494341827  2878.41308594 4384.51367188 4.01383972168
1465494341889  2866.33105469 4399.31445312 4.07295703888
1465494341950  2852.43701172 4413.64599609 4.14765691757
1465494342018  2837.79589844 4427.13818359 4.21336507797
1465494342165  2805.02392578 4450.12890625 4.37216854095
1465494342218  2786.94067383 4459.10400391 4.44159698486
1465494342288  2768.87890625 4467.46533203 4.5116353035
1465494342356  2749.53857422 4474.78515625 4.57896184921
1465494342418  2730.25170898 4480.22216797 4.63471841812
1465494342493  2710.65795898 4484.5 4.73059463501
1465494342557  2690.95629883 4487.34912109 4.79821634293
1465494342617  2670.89208984 4488.60888672 4.87861633301
1465494342685  2650.08544922 4488.08056641 4.93808507919
1465494342757  2631.109375 4486.16796875 5.01079177856
1465494342825  2611.06811523 4483.17333984 5.0831489563
1465494342885  2591.57373047 4478.95019531 5.16047096252
1465494342956  2572.13793945 4473.11181641 5.23093605042
1465494343024  2553.25048828 4465.75488281 5.2969865799
1465494343085  2535.49389648 4457.24267578 5.37077951431
1465494343156  2518.41601562 4447.25244141 5.44882726669
1465494343224  2503.14111328 4435.796875 5.51749753952
1465494343287  2485.26611328 4424.41894531 5.60163879395
1465494343355  2470.61352539 4410.90478516 5.6698846817
1465494343424  2456.69384766 4396.10253906 5.73661613464
1465494343493  2443.45336914 4381.15625 5.81490325928
1465494343556  2431.92724609 4363.41943359 5.88000440598
1465494343621  2422.28393555 4346.82666016 5.94931936264
1465494343692  2413.63085938 4329.65185547 6.02098321915
1465494343753  2405.2878418 4311.27587891 6.09374570847
1465494343823  2398.8671875 4292.76806641 6.17552709579
1465494343895  2394.31542969 4274.49951172 6.25469112396
1465494343955  2390.47241211 4253.5 0.0125518478453
1465494344024  2388.51391602 4234.2734375 0.106198966503
1465494344092  2387.82958984 4214.09423828 0.162962257862
1465494344155  2388.22119141 4194.55419922 0.244638621807
1465494344227  2390.97924805 4175.09375 0.305103600025
1465494344294  2394.48925781 4154.87646484 0.383017033339
1465494344361  2399.33642578 4135.21728516 0.463639587164
1465494344423  2406.37182617 4116.60107422 0.531126976013
1465494344493  2414.14428711 4098.71435547 0.606602907181
1465494344564  2423.33154297 4081.62329102 0.676888406277
1465494344622  2433.43017578 4063.89013672 0.787132799625
1465494344693  2445.18481445 4047.87402344 0.847676336765
1465494344761  2457.94824219 4032.84863281 0.918892085552
1465494344822  2472.21875 4018.50048828 0.97793084383
1465494344899  2487.32470703 4004.91308594 1.04933929443
1465494344960  2503.06542969 3992.27758789 1.13079881668
1465494345029  2519.13476562 3981.35742188 1.20338666439
1465494345089  2537.29394531 3971.97412109 1.27144443989
1465494345159  2555.54516602 3963.19555664 1.35037124157
1465494345290  2594.54272461 3950.44604492 1.49129736423
1465494345360  2611.49975586 3945.5 1.57079708576
1465494345427  2633.48291016 3943.10864258 1.64169895649
1465494345490  2653.95166016 3941.84472656 1.71677935123
1465494345560  2673.93994141 3941.6340332 1.78800833225
1465494345627  2693.48681641 3943.02124023 1.86583387852
1465494345689  2713.66552734 3946.18212891 1.93535578251
1465494345757  2734.23730469 3950.73461914 2.00802993774
1465494345827  2753.35205078 3956.80566406 2.08499693871
1465494345895  2772.03271484 3963.94824219 2.15207576752
1465494345956  2790.02490234 3972.75854492 2.22800469398
1465494346028  2808.18530273 3982.89379883 2.3057141304
1465494346095  2824.15844727 3993.90795898 2.38892149925
1465494346156  2840.30395508 4006.79882812 2.46908307076
1465494346227  2855.20166016 4020.96142578 2.54221272469
1465494346295  2868.48388672 4035.33447266 2.61492180824
1465494346357  2881.91845703 4049.8449707 2.70520663261
1465494346425  2892.98925781 4067.24414062 2.76619124413
1465494346496  2903.1953125 4083.64428711 2.8298163414
1465494346564  2911.78735352 4101.74804688 2.91338324547
1465494346626  2919.59082031 4121.12841797 2.99557137489
1465494346695  2925.63256836 4139.65332031 3.0745704174
1465494346763  2929.99975586 4160.89257812 3.12090420723
1465494346826  2933.13330078 4179.43115234 3.21652269363
1465494346895  2934.58300781 4199.38037109 3.28746271133
1465494346965  2935.05126953 4220.09228516 3.35748243332
1465494347025  2933.36621094 4240.11035156 3.43022584915
1465494347093  2930.15356445 4260.10791016 3.50391244888
1465494347163  2926.10424805 4278.90380859 3.59243345261
1465494347226  2920.33789062 4298.30273438 3.65526080132
1465494347294  2913.36791992 4317.00830078 3.73330974579
1465494347364  2904.72949219 4334.90039062 3.81241035461
1465494347432  2894.70556641 4352.75097656 3.88848042488
1465494347494  2883.390625 4369.30419922 3.97470974922
1465494347564  2870.3449707 4385.33544922 4.0257601738
1465494347632  2857.50952148 4399.76513672 4.11430549622
1465494347692  2842.89624023 4413.85498047 4.18990850449
1465494347764  2827.76855469 4427.29492188 4.25503730774
1465494347832  2810.39941406 4438.59326172 4.33284235001
1465494347892  2793.13012695 4448.38330078 4.39902925491
1465494347967  2774.49658203 4456.81445312 4.46969556808
1465494348031  2756.54394531 4464.9296875 4.54787254333
1465494348099  2737.36621094 4471.31884766 4.6248793602
1465494348161  2717.79101562 4477.5 4.69117546082
1465494348231  2698.35522461 4479.14453125 4.77298164368
1465494348306  2678.17651367 4481.65283203 4.83433771133
1465494348362  2657.2578125 4481.67578125 4.91419267654
1465494348431  2637.36962891 4480.76757812 4.98806095123
1465494348499  2617.65185547 4477.66210938 5.05310916901
1465494348562  2597.80078125 4473.91992188 5.13749837875
1465494348698  2559.25732422 4462.03955078 5.27663660049
1465494348766  2540.69946289 4453.1171875 5.35012102127
1465494348828  2522.99389648 4444.20947266 5.41646814346
1465494348898  2506.49975586 4431.99951172 5.4977850914
1465494348967  2490.42797852 4422.09277344 5.59259271622
1465494349028  2474.97045898 4409.21630859 5.64875364304
1465494349099  2460.78369141 4395.22753906 5.71447706223
1465494349166  2447.78540039 4379.62255859 5.79547643661
1465494349228  2435.58129883 4362.98730469 5.86470842361
1465494349299  2425.20117188 4346.08203125 5.93597602844
1465494349366  2415.52099609 4328.83251953 6.01036977768
1465494349428  2407.34375 4310.74511719 6.07491397858
1465494349496  2400.52783203 4291.94433594 6.15999984741
1465494349567  2395.14208984 4272.32958984 6.21483564377
1465494349635  2390.99975586 4253.5 6.283182621
1465494349696  2389.60742188 4233.10449219 0.0911883786321
1465494349766  2387.984375 4213.05517578 0.158451378345
1465494349834  2389.13476562 4193.60302734 0.238414943218
1465494349896  2390.65234375 4173.68261719 0.294826567173
1465494349966  2394.20556641 4154.38232422 0.373311132193
1465494350034  2399.22680664 4135.11328125 0.459201723337
1465494350096  2405.47851562 4115.75634766 0.522537767887
1465494350164  2412.93505859 4097.17626953 0.604763388634
1465494350234  2422.23461914 4079.87353516 0.669103443623
1465494350302  2432.46972656 4063.16894531 0.73624932766
1465494350364  2444.08740234 4046.37939453 0.813334465027
1465494350434  2457.06103516 4030.97558594 0.899986088276
1465494350502  2470.859375 4016.41259766 0.979928314686
1465494350564  2486.22412109 4003.02905273 1.04096794128
1465494350634  2501.25415039 3991.2421875 1.11613333225
1465494350701  2517.62060547 3978.984375 1.18871903419
1465494350764  2534.90771484 3969.27172852 1.26442098618
1465494350832  2552.76953125 3960.81787109 1.33758509159
1465494350902  2571.23706055 3953.55908203 1.41776144505
1465494350964  2591.28369141 3948.10546875 1.48072743416
1465494351032  2611.5 3945.15234375 1.56163620949
1465494351102  2631.20654297 3939.84887695 1.6252809763
1465494351170  2651.27514648 3938.43237305 1.70477259159
1465494351232  2671.15234375 3938.19091797 1.77559292316
1465494351302  2691.79003906 3939.21972656 1.85771143436
1465494351371  2711.5859375 3942.31982422 1.92565786839
1465494351432  2731.75488281 3946.68896484 1.99805605412
1465494351502  2751.18066406 3952.77563477 2.07749891281
1465494351570  2769.29931641 3959.44335938 2.14850783348
1465494351631  2787.7512207 3968.20068359 2.21257281303
1465494351701  2805.16577148 3977.5144043 2.29654788971
1465494351770  2821.77490234 3989.09985352 2.40214562416
1465494351837  2838.33837891 4000.25488281 2.46157383919
1465494351900  2853.29785156 4014.58862305 2.52831673622
1465494351970  2867.19335938 4028.90893555 2.60493683815
1465494352040  2879.4699707 4044.41088867 2.68267321587
1465494352099  2891.42578125 4060.82177734 2.74879312515
1465494352169  2901.75219727 4077.76733398 2.82549023628
1465494352238  2910.98168945 4095.93432617 2.90368819237
1465494352299  2918.54248047 4114.76367188 2.97884631157
1465494352370  2925.18945312 4134.04101562 3.04230427742
1465494352438  2930.0 4154.47070312 3.12284636497
1465494352499  2933.52099609 4172.42578125 3.20047044754
1465494352568  2934.89453125 4192.33642578 3.27315378189
1465494352639  2935.85693359 4213.09277344 3.35572576523
1465494352713  2934.57568359 4233.04345703 3.42094135284
1465494352767  2931.67138672 4253.00732422 3.49630403519
1465494352838  2927.77319336 4272.19628906 3.56413078308
1465494352906  2922.05981445 4291.35253906 3.63130092621
1465494352967  2915.24780273 4309.96484375 3.70869684219
1465494353035  2907.26342773 4328.29052734 3.79170441628
1465494353105  2897.28295898 4346.16699219 3.86040854454
1465494353167  2885.33911133 4362.83886719 3.9424431324
1465494353235  2873.10253906 4379.67919922 4.02413225174
1465494353303  2860.56665039 4394.76318359 4.10264396667
1465494353375  2846.60839844 4408.11669922 4.16960573196
1465494353435  2831.57666016 4421.70898438 4.24277973175
1465494353505  2815.15600586 4433.04736328 4.31330108643
1465494353574  2798.3293457 4443.40771484 4.38782119751
1465494353635  2780.16259766 4452.83105469 4.45862483978
1465494353705  2761.28076172 4460.75830078 4.52877902985
1465494353773  2742.34985352 4466.98095703 4.61254072189
1465494353836  2722.28564453 4471.62207031 4.66801595688
1465494353903  2702.70776367 4477.26806641 4.73775625229
1465494353974  2683.0078125 4478.42578125 4.8226313591
1465494354035  2662.94458008 4478.93603516 4.89708137512
1465494354103  2641.96191406 4478.65136719 4.97338056564
1465494354175  2622.59692383 4476.46484375 5.03868865967
1465494354242  2603.07250977 4472.82177734 5.10885095596
1465494354304  2583.41674805 4468.15820312 5.17825841904
1465494354375  2564.60522461 4461.63037109 5.25635719299
1465494354441  2546.04077148 4453.67675781 5.32862901688
1465494354503  2527.77978516 4445.00048828 5.39708757401
1465494354571  2510.94116211 4434.80517578 5.47045564651
1465494354641  2494.38500977 4423.02246094 5.56836938858
1465494354703  2478.89379883 4410.70263672 5.62001752853
1465494354771  2464.10180664 4396.09619141 5.68742847443
1465494354841  2450.77490234 4381.38867188 5.76718235016
1465494354909  2438.25634766 4365.90478516 5.83240604401
1465494354971  2427.46313477 4348.30175781 5.90497684479
1465494355041  2417.0559082 4331.31054688 5.99029874802
1465494355109  2408.97143555 4313.51074219 6.05519008636
1465494355171  2401.46582031 4295.27246094 6.13477611542
1465494355241  2394.98974609 4276.98388672 6.2077331543
1465494355309  2390.99975586 4257.0 4.35510764873e-06
1465494355371  2388.09594727 4237.21044922 0.0647239089012
1465494355441  2387.43408203 4217.44824219 0.138795077801
1465494355510  2386.93798828 4196.91503906 0.209234789014
1465494355578  2388.90234375 4177.52001953 0.271392166615
1465494355640  2392.04785156 4157.35791016 0.35239610076
1465494355709  2396.32373047 4138.14355469 0.421917408705
1465494355781  2402.37109375 4119.09423828 0.499479353428
1465494355840  2410.24462891 4099.96972656 0.574971020222
1465494355910  2418.56762695 4082.39916992 0.64905756712
1465494355975  2428.22167969 4065.38818359 0.720168590546
1465494356040  2439.41845703 4049.953125 0.813743650913
1465494356113  2451.57983398 4032.90625 0.877487123013
1465494356179  2465.41162109 4018.31054688 0.949221611023
1465494356239  2479.65429688 4004.50488281 1.02444016933
1465494356307  2494.97583008 3991.75219727 1.10348594189
1465494356379  2511.82958984 3980.11572266 1.16968655586
1465494356450  2528.54150391 3969.64794922 1.24798083305
1465494356507  2546.95458984 3960.50488281 1.31767570972
1465494356578  2565.93774414 3953.44091797 1.38626241684
1465494356645  2585.36547852 3946.90869141 1.45491206646
1465494356707  2604.49975586 3942.64306641 1.53056120872
1465494356845  2644.62207031 3936.79736328 1.68123781681
1465494356908  2664.40673828 3936.1027832 1.76501333714
1465494356976  2685.09716797 3937.13525391 1.84052574635
1465494357046  2705.02197266 3939.42358398 1.92072069645
1465494357114  2725.17211914 3943.7890625 1.98716175556
1465494357175  2744.78588867 3949.40527344 2.06099390984
1465494357245  2763.64453125 3956.3449707 2.13861966133
1465494357313  2782.51904297 3964.39331055 2.21253418922
1465494357374  2799.54614258 3973.65087891 2.27977108955
1465494357445  2816.36376953 3985.86401367 2.35249328613
1465494357512  2832.78125 3996.74951172 2.4519109726
1465494357575  2848.0300293 4010.54980469 2.5178103447
1465494357643  2862.18041992 4024.95214844 2.59069228172
1465494357712  2874.89428711 4040.39355469 2.66530108452
1465494357775  2886.84912109 4055.78735352 2.74160718918
1465494357842  2897.86987305 4072.77636719 2.81654858589
1465494357914  2907.13232422 4090.39599609 2.88557887077
1465494357986  2914.97045898 4108.96240234 2.95565581322
1465494358043  2921.69580078 4128.11767578 3.02764582634
1465494358113  2926.49951172 4148.328125 3.13669800758
1465494358182  2930.44213867 4167.88085938 3.21370315552
1465494358242  2932.52416992 4186.9140625 3.24965190887
1465494358310  2932.86914062 4206.81933594 3.33188390732
1465494358381  2932.14892578 4227.46289062 3.40968799591
1465494358442  2929.65527344 4247.48144531 3.48055744171
1465494358510  2926.01245117 4267.10839844 3.54950714111
1465494358580  2920.94458008 4286.25341797 3.63889169693
1465494358648  2914.78198242 4304.53613281 3.69549751282
1465494358710  2906.58007812 4323.22705078 3.77535200119
1465494358780  2897.33691406 4340.53271484 3.85000228882
1465494358848  2887.53955078 4358.07958984 3.95373725891
1465494358910  2873.80761719 4374.79736328 4.01521873474
1465494358978  2860.87304688 4390.10791016 4.08425855637
1465494359048  2847.29882812 4404.09716797 4.14996528625
1465494359110  2832.14550781 4416.83349609 4.2162771225
1465494359179  2816.37719727 4429.18164062 4.28649330139
1465494359248  2799.15625 4440.06201172 4.36732959747
1465494359310  2780.87133789 4449.15869141 4.44672775269
1465494359378  2762.64453125 4457.63916016 4.51286840439
1465494359448  2744.40673828 4464.34472656 4.58554172516
1465494359517  2725.14306641 4469.81787109 4.67565202713
1465494359579  2705.66162109 4474.40576172 4.74217033386
1465494359648  2685.5300293 4476.60107422 4.80641794205
1465494359716  2665.77368164 4477.90234375 4.87067508698
1465494359778  2645.04931641 4477.58056641 4.95669031143
1465494359848  2624.32519531 4476.08154297 5.02691984177
1465494359915  2604.67333984 4472.60253906 5.09732818604
1465494359980  2585.79492188 4467.81103516 5.14536190033
1465494360048  2566.12768555 4461.81835938 5.22986316681
1465494360116  2547.81103516 4453.99755859 5.30749511719
1465494360186  2529.50830078 4445.0703125 5.37524366379
1465494360245  2511.77416992 4434.69433594 5.44847583771
1465494360316  2495.28125 4424.51171875 5.57140731812
1465494360384  2479.91650391 4411.86865234 5.6123008728
1465494360445  2465.44238281 4399.45605469 5.67900466919
1465494360518  2452.07177734 4384.42529297 5.75638198853
1465494360584  2439.97314453 4369.1953125 5.81669092178
1465494360646  2427.36132812 4352.16552734 5.88836765289
1465494360713  2417.45947266 4334.26513672 5.96571016312
1465494360784  2408.15136719 4316.75439453 6.03082942963
1465494360855  2401.04345703 4298.67431641 6.10198831558
1465494360913  2394.43261719 4279.18847656 6.17581892014
1465494360984  2389.19824219 4260.49951172 6.26144218445
1465494361052  2386.37084961 4240.16943359 0.0299324411899
1465494361113  2385.06079102 4220.81201172 0.105711758137
1465494361189  2384.85888672 4200.734375 0.193013504148
1465494361252  2385.93261719 4181.34179688 0.262646138668
1465494361315  2388.23168945 4162.02197266 0.331085145473
1465494361382  2391.86328125 4142.61572266 0.402446687222
1465494361452  2397.79541016 4123.56787109 0.473137289286
1465494361519  2403.99511719 4104.46777344 0.545582890511
1465494361583  2412.92529297 4086.11572266 0.624584317207
1465494361653  2422.41821289 4068.40673828 0.688480198383
1465494361721  2432.24121094 4051.42480469 0.783248126507
1465494361783  2445.0402832 4036.06201172 0.839575231075
1465494361851  2458.07885742 4020.83447266 0.92350846529
1465494361920  2472.38549805 4006.67895508 1.0035674572
1465494361981  2487.92163086 3993.64526367 1.07697105408
1465494362049  2503.92749023 3981.47558594 1.14564013481
1465494362120  2520.30078125 3970.55200195 1.21591067314
1465494362181  2538.21948242 3961.26196289 1.28941178322
1465494362250  2556.26855469 3953.12670898 1.35607337952
1465494362320  2575.36523438 3946.26147461 1.43500316143
1465494362393  2594.71679688 3940.85449219 1.4912815094
1465494362449  2614.78100586 3938.5 1.60969603062
1465494362520  2635.39746094 3934.7409668 1.65697395802
1465494362588  2654.98876953 3932.95385742 1.72743952274
1465494362650  2675.47973633 3933.80273438 1.7995210886
1465494362718  2695.5625 3936.14794922 1.87700521946
1465494362788  2715.61767578 3939.06152344 1.94695007801
1465494362849  2734.56616211 3944.35351562 2.02631425858
1465494362918  2754.62866211 3950.92651367 2.10349202156
1465494362987  2773.11694336 3958.08276367 2.16874289513
1465494363049  2790.71728516 3966.95043945 2.25386452675
1465494363117  2808.18676758 3977.05371094 2.32224678993
1465494363188  2824.73779297 3987.89868164 2.40898776054
1465494363256  2840.14526367 4000.90820312 2.49458098412
1465494363317  2855.33789062 4015.203125 2.5646584034
1465494363388  2868.4440918 4030.44262695 2.63259911537
1465494363455  2880.87255859 4046.00463867 2.70533871651
1465494363517  2892.03735352 4062.27392578 2.77578616142
1465494363587  2901.88647461 4080.4206543 2.8515188694
1465494363656  2910.47436523 4098.02734375 2.93034291267
1465494363718  2917.66943359 4117.15722656 2.99344563484
1465494363786  2923.78051758 4136.68798828 3.06514906883
1465494363856  2927.43505859 4155.49951172 3.1573972702
1465494363926  2930.74487305 4175.01757812 3.22627305984
1465494363986  2932.30883789 4195.20214844 3.30076599121
1465494364056  2931.69482422 4215.19873047 3.37384986877
1465494364125  2930.81860352 4235.24121094 3.45052957535
1465494364186  2927.00219727 4255.17529297 3.51812696457
1465494364258  2922.03637695 4274.65869141 3.59114646912
1465494364325  2916.66943359 4293.79589844 3.66670966148
1465494364385  2909.24560547 4311.93212891 3.74027514458
1465494364453  2900.67260742 4330.35205078 3.81361985207
1465494364525  2890.2421875 4348.0859375 3.88907408714
1465494364653  2865.96313477 4380.46484375 4.04991149902
1465494364724  2852.38818359 4395.50195312 4.12157344818
1465494364792  2837.71289062 4408.55126953 4.19497537613
1465494364853  2822.97753906 4421.33398438 4.26163053513
1465494364929  2806.56225586 4432.94824219 4.33517313004
1465494364992  2788.76879883 4442.67919922 4.40788984299
1465494365054  2770.53320312 4451.8125 4.48080396652
1465494365122  2751.71118164 4458.95361328 4.55252838135
1465494365192  2732.49047852 4465.33300781 4.62104463577
1465494365253  2712.99975586 4470.5 4.71238899231
1465494365320  2692.83520508 4473.03759766 4.78226089478
1465494365391  2673.35693359 4475.38378906 4.83579921722
1465494365460  2652.80175781 4475.33447266 4.91104650497
1465494365520  2632.56933594 4474.02734375 4.98750162125
1465494365591  2612.73803711 4471.76367188 5.05693769455
1465494365659  2593.17773438 4467.85791016 5.13847446442
1465494365722  2574.27050781 4462.88867188 5.20685768127
1465494365790  2555.35400391 4455.98095703 5.26735687256
1465494365860  2537.19775391 4448.20458984 5.33711147308
1465494365921  2518.89135742 4438.11914062 5.41583061218
1465494365990  2502.99975586 4428.49951172 5.50618362427
1465494366060  2485.83764648 4415.94677734 5.56890058517
1465494366121  2470.59082031 4403.13476562 5.63909959793
1465494366190  2456.54199219 4389.21582031 5.71747303009
1465494366259  2443.26342773 4373.79003906 5.78736257553
1465494366328  2430.86474609 4358.11376953 5.84104537964
1465494366388  2420.3125 4340.46826172 5.91996049881
1465494366456  2410.33789062 4323.13574219 6.00643253326
1465494366527  2402.40966797 4305.19726562 6.07784891129
1465494366588  2395.21313477 4287.74755859 6.14498233795
1465494366658  2389.97607422 4268.921875 6.22144651413
1465494366727  2386.57495117 4246.73095703 0.0202452596277
1465494366789  2383.58007812 4229.16845703 0.086194448173
1465494366857  2381.97949219 4209.21923828 0.14254039526
1465494366927  2383.05053711 4189.17431641 0.217129409313
1465494366996  2383.94726562 4169.48339844 0.295845508575
1465494367057  2387.29614258 4150.04736328 0.35801717639
1465494367127  2392.26806641 4130.36914062 0.431446045637
1465494367195  2398.48583984 4111.77832031 0.499978989363
1465494367257  2406.21875 4092.56201172 0.579580724239
1465494367326  2415.10351562 4074.63720703 0.659723997116
1465494367397  2424.38818359 4057.69042969 0.728636085987
1465494367457  2435.66748047 4040.85595703 0.814579308033
1465494367525  2447.97729492 4026.19116211 0.875834465027
1465494367596  2461.56884766 4011.30249023 0.95463436842
1465494367666  2476.69824219 3997.33105469 1.02003324032
1465494367724  2491.97265625 3985.60595703 1.09287619591
1465494367796  2508.85058594 3973.32885742 1.17342710495
1465494367865  2526.22998047 3963.08325195 1.23938822746
1465494367924  2543.45922852 3954.30151367 1.31893599033
1465494368063  2581.68701172 3940.94555664 1.46943283081
1465494368125  2602.61474609 3936.9921875 1.50594961643
1465494368192  2622.28369141 3931.68969727 1.61851274967
1465494368263  2641.60961914 3930.70825195 1.69583761692
1465494368326  2661.46826172 3929.79736328 1.76535904408
1465494368392  2681.44873047 3931.01489258 1.83185827732
1465494368464  2701.56152344 3932.91235352 1.9074498415
1465494368532  2721.94970703 3937.34130859 1.98629820347
1465494368592  2741.49804688 3942.86938477 2.05986189842
1465494368663  2760.375 3950.16992188 2.13326025009
1465494368730  2779.01708984 3958.37207031 2.21509933472
1465494368792  2796.6809082 3968.08032227 2.28850674629
1465494368860  2813.62597656 3977.89746094 2.3831577301
1465494368931  2830.25439453 3990.52392578 2.4515337944
1465494368992  2844.62597656 4004.4765625 2.51698231697
1465494369060  2859.11254883 4019.07617188 2.58813071251
1465494369131  2871.8515625 4034.80029297 2.67067790031
1465494369199  2883.70263672 4050.19873047 2.74158024788
1465494369261  2893.70678711 4066.68237305 2.80579447746
1465494369332  2903.84619141 4084.66601562 2.88728451729
1465494369399  2911.55053711 4103.09863281 2.95498108864
1465494369460  2917.98828125 4122.36279297 3.03352808952
1465494369528  2923.2355957 4141.5 3.12782263756
1465494369598  2927.18383789 4161.89111328 3.16708660126
1465494369661  2928.85546875 4181.07861328 3.25565671921
1465494369729  2929.56054688 4201.13427734 3.33872079849
1465494369799  2928.56347656 4221.61865234 3.40212249756
1465494369862  2925.99511719 4241.76123047 3.48272943497
1465494369929  2922.26806641 4261.47705078 3.55179405212
1465494370000  2917.09521484 4280.34863281 3.63916492462
1465494370068  2910.68969727 4298.97021484 3.70265960693
1465494370129  2902.7890625 4317.06347656 3.77289676666
1465494370198  2893.99121094 4334.83984375 3.85353398323
1465494370268  2881.51904297 4352.03710938 3.94715929031
1465494370328  2870.39379883 4367.98486328 4.0037112236
1465494370466  2842.98876953 4397.93505859 4.15104579926
1465494370528  2828.19067383 4411.17089844 4.22062301636
1465494370596  2812.37353516 4422.70410156 4.29164218903
1465494370667  2795.62573242 4433.53759766 4.36360549927
1465494370740  2777.45068359 4442.92285156 4.44272232056
1465494370797  2758.82421875 4451.59082031 4.51503229141
1465494370867  2740.42480469 4458.17871094 4.58573722839
1465494370934  2721.45727539 4463.35986328 4.67177152634
1465494370997  2701.96850586 4469.21630859 4.74427223206
1465494371064  2682.10083008 4470.61767578 4.79147768021
1465494371134  2662.00732422 4471.46972656 4.86424732208
1465494371196  2642.17456055 4471.69580078 4.93112850189
1465494371264  2622.02319336 4469.71337891 5.00869464874
1465494371334  2601.63330078 4467.00976562 5.08239507675
1465494371396  2582.47998047 4462.82080078 5.14998674393
1465494371463  2563.78417969 4456.87451172 5.2205824852
1465494371535  2544.83007812 4449.87841797 5.28576231003
1465494371603  2526.84448242 4441.05664062 5.36689043045
1465494371664  2509.36645508 4431.43896484 5.4372253418
1465494371732  2493.35375977 4419.3203125 5.53145551682
1465494371802  2476.96899414 4409.43310547 5.59442329407
1465494371864  2461.44042969 4396.234375 5.65656614304
1465494371932  2447.66259766 4382.11816406 5.72215270996
1465494372003  2434.90576172 4366.91015625 5.78904294968
1465494372063  2423.05566406 4350.83935547 5.85491037369
1465494372133  2412.78662109 4333.71630859 5.93027353287
1465494372202  2402.96191406 4316.23730469 6.0089430809
1465494372270  2394.66894531 4298.12792969 6.07025289536
1465494372331  2388.37109375 4279.88916016 6.14743280411
1465494372399  2382.97070312 4261.07177734 6.22895860672
1465494372470  2380.49975586 4239.5 2.5669680781e-06
1465494372531  2376.86791992 4221.17041016 0.0831412672997
1465494372599  2375.81396484 4202.17773438 0.149189054966
1465494372669  2376.37719727 4182.15429688 0.216558307409
1465494372731  2377.59716797 4162.68408203 0.29919975996
1465494372801  2380.1340332 4143.61767578 0.363694339991
1465494372870  2385.21240234 4123.99609375 0.429434835911
1465494372938  2391.02099609 4105.18164062 0.502882003784
1465494373000  2398.15551758 4086.76953125 0.573396623135
1465494373070  2406.86206055 4068.59082031 0.642205774784
1465494373139  2416.58764648 4051.32519531 0.725148975849
1465494373200  2427.56933594 4034.76074219 0.79447221756
1465494373268  2440.09057617 4019.70214844 0.863756775856
1465494373339  2453.90087891 4004.76367188 0.936563491821
1465494373400  2468.65869141 3990.88354492 0.99927264452
1465494373468  2483.77978516 3978.12573242 1.08608531952
1465494373537  2499.24902344 3966.79467773 1.1519780159
1465494373599  2516.07348633 3955.88354492 1.22109222412
1465494373666  2533.73876953 3946.51318359 1.29494822025
1465494373737  2552.11328125 3939.05688477 1.3677687645
1465494373807  2570.89257812 3932.33789062 1.43258607388
1465494373866  2590.33081055 3927.0090332 1.52609872818
1465494373934  2611.5 3924.5 1.57079529762
1465494374005  2630.27734375 3920.86425781 1.65825331211
1465494374067  2650.48706055 3919.37670898 1.73935997486
1465494374138  2670.10449219 3920.39648438 1.80800831318
1465494374205  2690.80444336 3922.44287109 1.87049019337
1465494374267  2710.97753906 3925.95068359 1.9460350275
1465494374334  2730.86816406 3930.55541992 2.02131700516
1465494374405  2749.1081543 3936.58398438 2.09792327881
1465494374474  2768.05078125 3944.1640625 2.1736228466
1465494374534  2786.24584961 3953.13623047 2.24870443344
1465494374605  2802.90454102 3963.23120117 2.31983351707
1465494374673  2819.05859375 3974.35424805 2.41613149643
1465494374734  2835.1652832 3987.32299805 2.47484755516
1465494374807  2849.95947266 4001.71313477 2.55678129196
1465494374873  2864.00048828 4015.99291992 2.63740897179
1465494374935  2876.37597656 4030.98071289 2.69260072708
1465494375002  2887.18066406 4048.39819336 2.77285933495
1465494375074  2897.32373047 4065.51074219 2.83917975426
1465494375138  2906.12597656 4083.71362305 2.91050457954
1465494375202  2913.4675293 4102.42578125 2.98956513405
1465494375273  2919.31811523 4120.76025391 3.07194781303
1465494375341  2925.34155273 4141.5 3.1597943306
1465494375402  2927.43774414 4160.24511719 3.21518182755
1465494375470  2928.28686523 4180.23681641 3.28453063965
1465494375541  2928.76733398 4200.11181641 3.35563278198
1465494375602  2926.79052734 4220.56152344 3.43946170807
1465494375670  2924.4050293 4240.46240234 3.50341939926
1465494375738  2919.85180664 4260.2265625 3.56871700287
1465494375802  2914.30957031 4279.23828125 3.64640855789
1465494375870  2906.73242188 4297.4765625 3.72158837318
1465494375938  2898.28881836 4315.83789062 3.80311870575
1465494376009  2888.06420898 4333.78759766 3.86643481255
1465494376070  2876.40869141 4350.26611328 3.97190260887
1465494376138  2864.87890625 4365.76513672 4.04714202881
1465494376209  2851.93115234 4381.27392578 4.10222244263
1465494376270  2837.10400391 4394.66064453 4.18705654144
1465494376338  2821.60302734 4407.70605469 4.25388622284
1465494376409  2805.74414062 4419.04443359 4.32392787933
1465494376471  2788.30371094 4429.21728516 4.39761304855
1465494376539  2769.7890625 4438.77685547 4.47717905045
1465494376609  2751.5 4445.99951172 4.53569793701
1465494376671  2732.0559082 4452.55712891 4.61433601379
1465494376739  2712.99975586 4456.70556641 4.70735692978
1465494376808  2692.87792969 4461.39111328 4.76560783386
1465494376878  2672.91552734 4463.31982422 4.83611392975
1465494376938  2651.94750977 4463.32080078 4.89774847031
1465494377006  2632.65405273 4462.92822266 4.97053813934
1465494377077  2612.7487793 4461.09179688 5.0579533577
1465494377138  2592.55957031 4457.38720703 5.12379980087
1465494377206  2573.04882812 4452.01708984 5.19573831558
1465494377277  2554.64111328 4445.17333984 5.25611162186
1465494377338  2535.90649414 4437.40283203 5.32774114609
1465494377406  2517.88037109 4427.90576172 5.39963150024
1465494377477  2500.05517578 4417.44482422 5.48219823837
1465494377545  2484.51367188 4405.99169922 5.57360172272
1465494377606  2468.99414062 4393.16699219 5.64253997803
1465494377674  2454.89697266 4378.92919922 5.70670843124
1465494377745  2441.40356445 4363.42773438 5.77595853806
1465494377806  2429.30200195 4347.60400391 5.84494304657
1465494377877  2418.52661133 4330.875 5.91402959824
1465494377945  2408.45849609 4313.68017578 5.99161052704
1465494378006  2399.81396484 4296.44140625 6.0692152977
1465494378074  2393.00244141 4277.69189453 6.13730573654
1465494378145  2387.79785156 4258.390625 6.21045923233
1465494378211  2383.99975586 4239.49951172 2.44775878855e-06
1465494378276  2380.94921875 4219.30419922 0.0638186410069
1465494378345  2379.93652344 4198.87353516 0.147504866123
1465494378413  2379.99169922 4179.49072266 0.213559567928
1465494378476  2381.40234375 4159.38085938 0.283723980188
1465494378544  2384.37597656 4139.92871094 0.359055221081
1465494378614  2388.84423828 4120.4375 0.426969021559
1465494378676  2395.62792969 4101.29248047 0.506999015808
1465494378743  2402.69824219 4083.2277832 0.570132374763
1465494378814  2411.39355469 4065.03369141 0.644685566425
1465494378879  2420.81591797 4047.21948242 0.727265834808
1465494378943  2431.93041992 4030.98120117 0.810895860195
1465494379014  2444.76147461 4015.93115234 0.88745456934
1465494379082  2458.7253418 4000.93725586 0.967914760113
1465494379142  2473.09912109 3987.37109375 1.03049492836
1465494379281  2504.71484375 3962.84130859 1.1797837019
1465494379343  2522.79760742 3952.1184082 1.24575614929
1465494379410  2540.93505859 3943.34082031 1.32225430012
1465494379481  2559.63916016 3936.07763672 1.3878339529
1465494379545  2579.28662109 3930.15478516 1.46673607826
1465494379611  2597.49975586 3924.5 1.57079470158
1465494379682  2618.3059082 3922.03393555 1.61546385288
1465494379750  2639.02490234 3919.49316406 1.70117914677
1465494379809  2658.61279297 3919.26489258 1.77265512943
1465494379878  2678.74682617 3920.53100586 1.84627020359
1465494379948  2698.92260742 3923.56225586 1.92324268818
1465494380010  2719.37988281 3927.98046875 1.9913431406
1465494380078  2738.99755859 3933.5 2.06947302818
1465494380148  2757.88256836 3940.33203125 2.14425325394
1465494380210  2776.21386719 3949.16113281 2.21881318092
1465494380277  2793.55224609 3958.85888672 2.30038952827
1465494380349  2810.63598633 3969.83984375 2.37380290031
1465494380411  2826.31982422 3982.31176758 2.45510029793
1465494380478  2840.97338867 3995.55224609 2.53375911713
1465494380548  2854.91796875 4009.67211914 2.60035252571
1465494380617  2868.41479492 4025.2824707 2.68753170967
1465494380677  2880.31689453 4041.59204102 2.74868226051
1465494380745  2890.38891602 4058.11035156 2.82506632805
1465494380816  2899.74169922 4076.5625 2.89479756355
1465494380877  2907.65429688 4095.44165039 2.96572184563
1465494380946  2913.84985352 4114.41064453 3.04385304451
1465494381016  2919.49975586 4134.5 3.14159297943
1465494381077  2922.27490234 4153.58642578 3.21617126465
1465494381145  2924.05957031 4174.04785156 3.26481580734
1465494381216  2923.98071289 4194.19921875 3.3440413475
1465494381284  2922.49951172 4214.45898438 3.41304540634
1465494381346  2920.18212891 4234.19335938 3.4967956543
1465494381413  2916.13305664 4253.65917969 3.56593561172
1465494381485  2910.9230957 4273.16015625 3.65464735031
1465494381545  2903.73486328 4291.55322266 3.72716808319
1465494381615  2895.9453125 4309.21191406 3.79240345955
1465494381684  2885.99365234 4327.21386719 3.87191486359
1465494381745  2874.0 4344.49951172 3.93538784981
1465494381813  2861.60327148 4360.24609375 4.02889633179
1465494381884  2848.52099609 4375.0 4.0933303833
1465494381953  2833.89794922 4389.59521484 4.17200565338
1465494382013  2818.18017578 4402.42431641 4.24670410156
1465494382081  2802.28466797 4414.03759766 4.31748533249
1465494382151  2784.85180664 4423.98583984 4.3911690712
1465494382213  2766.35717773 4432.81933594 4.46450042725
1465494382283  2748.33544922 4440.98535156 4.5424451828
1465494382352  2729.33764648 4447.38867188 4.62376260757
1465494382413  2709.65771484 4451.70263672 4.67764091492
1465494382480  2690.28588867 4456.28271484 4.73858547211
1465494382551  2669.99267578 4457.72802734 4.8335146904
1465494382618  2649.48925781 4458.44726562 4.91243934631
1465494382681  2629.2355957 4457.76269531 4.98350000381
1465494382752  2609.11938477 4455.23339844 5.05291223526
1465494382819  2589.35522461 4451.64208984 5.13178443909
1465494382881  2569.70776367 4445.61376953 5.20373821259
1465494382954  2550.97436523 4439.32958984 5.26503229141
1465494383019  2532.78637695 4430.72998047 5.33793449402
1465494383081  2514.41186523 4421.36816406 5.41406726837
1465494383149  2499.19506836 4411.3046875 5.48996925354
1465494383220  2481.5690918 4399.47705078 5.59676170349
1465494383285  2466.09301758 4386.39501953 5.664955616
1465494383349  2451.97436523 4372.54150391 5.72606992722
1465494383419  2438.69628906 4357.39453125 5.78202009201
1465494383482  2426.17919922 4341.35888672 5.8525724411
1465494383549  2415.72387695 4324.17382812 5.93265724182
1465494383621  2406.74414062 4306.70947266 6.00197839737
1465494383688  2397.6652832 4287.92089844 6.08312273026
1465494383751  2391.24267578 4269.26953125 6.15216875076
1465494383818  2386.20996094 4250.66015625 6.21321964264
1465494383887  2381.65795898 4232.49951172 0.0182016529143
1465494383954  2379.94238281 4210.58056641 0.0796193480492
1465494384018  2379.03735352 4190.53710938 0.154714643955
1465494384089  2379.52685547 4171.51171875 0.23354524374
1465494384149  2381.29199219 4151.32226562 0.304814279079
1465494384218  2384.62475586 4132.12841797 0.387143999338
1465494384289  2389.66357422 4112.78173828 0.463641345501
1465494384356  2395.83251953 4093.9375 0.519636869431
1465494384417  2403.34863281 4075.25195312 0.595106065273
1465494384485  2412.79980469 4057.61401367 0.668901145458
1465494384556  2422.69067383 4039.53613281 0.765504002571
1465494384617  2434.31591797 4024.00317383 0.842002511024
1465494384685  2447.97363281 4008.68603516 0.897421658039
1465494384755  2461.58862305 3994.1237793 0.964279055595
1465494384818  2476.80981445 3980.4675293 1.05236876011
1465494384886  2492.85693359 3967.84301758 1.11593186855
1465494384956  2508.67333984 3957.17456055 1.19828605652
1465494385025  2526.04589844 3947.18969727 1.27488017082
1465494385084  2544.60473633 3938.56201172 1.35383474827
1465494385152  2563.15673828 3931.5871582 1.42178916931
1465494385224  2581.97412109 3926.40576172 1.49623453617
1465494385284  2604.49951172 3922.47949219 1.55141019821
1465494385356  2623.0 3918.98583984 1.64112341404
1465494385423  2642.79516602 3917.23974609 1.72164309025
1465494385487  2663.14306641 3916.95458984 1.79329741001
1465494385553  2683.04370117 3918.84375 1.8790179491
1465494385624  2703.13208008 3921.67236328 1.93212807178
1465494385687  2722.91601562 3926.43920898 2.00582408905
1465494385754  2742.52734375 3932.53759766 2.08321690559
1465494385822  2761.08837891 3939.86669922 2.15265679359
1465494385892  2778.98779297 3948.03515625 2.2334125042
1465494385954  2796.73486328 3957.84814453 2.31753063202
1465494386025  2813.24511719 3968.74487305 2.36615777016
1465494386093  2828.69921875 3980.95800781 2.46943950653
1465494386153  2843.33666992 3994.98754883 2.55104470253
1465494386221  2857.36743164 4010.17626953 2.62312650681
1465494386293  2870.49951172 4025.99975586 2.68455433846
1465494386421  2892.24414062 4059.66845703 2.83446407318
1465494386492  2900.63549805 4077.13208008 2.89661717415
1465494386559  2908.28442383 4096.56347656 2.96865963936
1465494386621  2914.76220703 4115.515625 3.04764819145
1465494386691  2919.49975586 4134.5 3.14159297943
1465494386759  2922.84179688 4153.84277344 3.2161359787
1465494386822  2924.94384766 4173.96435547 3.27240180969
1465494386889  2924.91796875 4193.66650391 3.3528470993
1465494386960  2923.39746094 4213.46484375 3.42711019516
1465494387020  2920.90869141 4233.63769531 3.48329162598
1465494387088  2916.6184082 4253.07226562 3.56591081619
1465494387158  2911.01806641 4272.99267578 3.65260958672
1465494387220  2903.875 4291.38574219 3.7205862999
1465494387288  2895.9453125 4309.21191406 3.79240345955
1465494387356  2886.38696289 4327.02832031 3.87628626823
1465494387427  2874.0 4344.49951172 3.93538784981
1465494387489  2862.08154297 4360.3125 4.02465105057
1465494387557  2849.17749023 4374.78857422 4.09859800339
1465494387627  2834.83740234 4388.9609375 4.1768746376
1465494387689  2819.99414062 4402.47167969 4.2464222908
1465494387757  2803.51220703 4413.84375 4.31956911087
1465494387826  2787.42724609 4423.52832031 4.39220523834
1465494387888  2768.31469727 4433.00683594 4.45241260529
1465494387956  2749.54174805 4440.58154297 4.54001951218
1465494388027  2730.71582031 4447.1796875 4.6152176857
1465494388095  2710.70703125 4451.64257812 4.65750646591
1465494388156  2691.09912109 4456.5 4.73037672043
1465494388224  2671.15283203 4458.25732422 4.82436847687
1465494388295  2650.72436523 4458.49316406 4.90362071991
1465494388356  2630.77612305 4457.56396484 4.96592140198
1465494388424  2610.60791016 4455.96337891 5.04963493347
1465494388495  2591.38330078 4452.08447266 5.12205600739
1465494388556  2571.62890625 4447.25683594 5.1966342926
1465494388624  2552.60058594 4441.01367188 5.26443719864
1465494388695  2534.81762695 4432.93359375 5.32770633698
1465494388757  2517.03735352 4423.47216797 5.39900064468
1465494388825  2498.46923828 4412.25585938 5.4688243866
1465494388893  2483.27539062 4402.03466797 5.55176353455
1465494388963  2467.60839844 4389.48193359 5.642537117
1465494389025  2453.07739258 4375.25097656 5.6977353096
1465494389093  2439.69262695 4359.98486328 5.77394533157
1465494389163  2427.84667969 4344.30126953 5.83626699448
1465494389225  2416.30981445 4326.96875 5.90663146973
1465494389293  2406.87426758 4310.01367188 5.98525571823
1465494389363  2398.46630859 4292.31835938 6.07134962082
1465494389430  2390.91040039 4273.90136719 6.13902950287
1465494389492  2385.26806641 4255.03857422 6.21154499054
1465494389561  2380.49975586 4235.31787109 6.27420759201
1465494389632  2378.72241211 4216.16845703 0.0667716786265
1465494389692  2377.19287109 4195.95703125 0.128397032619
1465494389766  2377.85375977 4175.43896484 0.215391457081
1465494389831  2379.03198242 4156.32470703 0.284712523222
1465494389892  2381.92529297 4136.47802734 0.350813120604
1465494389960  2386.34716797 4116.47607422 0.424860656261
1465494390031  2392.36938477 4098.25 0.493072003126
1465494390160  2407.92407227 4061.71777344 0.648160636425
1465494390231  2418.19384766 4044.35766602 0.70830321312
1465494390301  2428.81542969 4026.71337891 0.814559280872
1465494390360  2441.46606445 4011.78320312 0.875842571259
1465494390432  2454.58496094 3997.26757812 0.94096916914
1465494390498  2469.3515625 3983.86376953 1.01335144043
1465494390561  2484.84838867 3970.98632812 1.08520650864
1465494390629  2501.54467773 3959.04467773 1.16215157509
1465494390699  2518.10644531 3949.0078125 1.22923278809
1465494390759  2536.12402344 3939.78076172 1.30909335613
1465494390827  2555.09716797 3932.08422852 1.38902997971
1465494390898  2574.14453125 3925.59106445 1.45675218105
1465494390959  2593.79541016 3921.01733398 1.48399841785
1465494391027  2612.20727539 3917.5 1.58358585835
1465494391095  2633.68603516 3914.70483398 1.68016922474
1465494391166  2653.49731445 3914.19677734 1.75868141651
1465494391228  2673.4206543 3914.81298828 1.82909548283
1465494391296  2693.46533203 3917.15576172 1.90544474125
1465494391367  2713.07983398 3920.81323242 1.97174847126
1465494391428  2733.02490234 3926.58300781 2.03887963295
1465494391496  2752.64501953 3933.36083984 2.1246612072
1465494391567  2770.84082031 3941.31152344 2.19986462593
1465494391629  2788.76074219 3950.72119141 2.26234674454
1465494391696  2805.74951172 3961.24951172 2.3561937809
1465494391766  2821.77294922 3972.37890625 2.43622374535
1465494391835  2837.10424805 3986.19311523 2.49467158318
1465494391895  2851.375 4000.60449219 2.57864975929
1465494391963  2864.50048828 4015.18066406 2.65814232826
1465494392034  2877.25634766 4031.10644531 2.72597670555
1465494392095  2887.80126953 4048.17626953 2.79969096184
1465494392164  2897.578125 4065.16210938 2.87116289139
1465494392234  2904.92773438 4083.15161133 2.94265341759
1465494392295  2912.65332031 4102.19335938 3.01970028877
1465494392363  2918.25683594 4121.39990234 3.10111546516
1465494392434  2921.30078125 4141.5 3.16332054138
1465494392497  2924.25341797 4160.46435547 3.23597240448
1465494392565  2925.87548828 4181.38574219 3.31389331818
1465494392632  2924.90380859 4201.24121094 3.38631010056
1465494392702  2922.09326172 4221.04638672 3.45604991913
1465494392765  2919.2421875 4241.15722656 3.53273963928
1465494392832  2914.66333008 4259.78173828 3.60523176193
1465494392903  2908.87646484 4279.34082031 3.68919634819
1465494392965  2901.56445312 4297.66650391 3.76294493675
1465494393033  2892.56420898 4315.33642578 3.83857369423
1465494393103  2881.92089844 4331.67138672 3.90638279915
1465494393167  2870.07836914 4349.00585938 3.98633646965
1465494393233  2857.20507812 4364.45947266 4.04517650604
1465494393300  2843.27172852 4379.00244141 4.12750768661
1465494393371  2828.52490234 4392.74511719 4.20955085754
1465494393433  2812.73510742 4405.43066406 4.28148508072
1465494393503  2796.03588867 4416.60693359 4.35430812836
1465494393571  2778.72753906 4425.89160156 4.4271979332
1465494393631  2760.11865234 4434.31494141 4.49065923691
1465494393701  2741.36230469 4442.28125 4.57305812836
1465494393771  2722.65039062 4447.46435547 4.64328765869
1465494393838  2702.49975586 4450.08300781 4.70750999451
1465494393899  2683.06811523 4454.87548828 4.78155946732
1465494393970  2662.73681641 4456.7734375 4.85995292664
1465494394031  2642.75952148 4456.65917969 4.92556905746
1465494394100  2622.33862305 4455.40283203 5.00623559952
1465494394171  2602.61401367 4452.27832031 5.07759141922
1465494394239  2582.73413086 4448.71582031 5.14818716049
1465494394299  2563.07177734 4442.50439453 5.21951818466
1465494394367  2544.60375977 4435.48486328 5.29784536362
1465494394438  2526.78515625 4426.75878906 5.36479377747
1465494394499  2509.49853516 4417.2890625 5.43799543381
1465494394567  2492.87695312 4404.54101562 5.52198171616
1465494394638  2476.21655273 4394.25292969 5.59710502625
1465494394699  2461.10083008 4381.4296875 5.66774368286
1465494394767  2447.46508789 4367.10253906 5.73953008652
1465494394835  2434.15917969 4350.92675781 5.81349992752
1465494394905  2422.64868164 4335.04394531 5.87887763977
1465494394968  2412.37304688 4317.86669922 5.94554853439
1465494395036  2402.71313477 4300.51171875 6.01386022568
1465494395107  2395.42626953 4282.43798828 6.09781885147
1465494395167  2388.40380859 4263.32617188 6.17516422272
1465494395235  2383.06689453 4244.07128906 6.23050165176
1465494395305  2380.49951172 4225.25927734 0.00489288941026
1465494395367  2378.50732422 4204.26513672 0.106378369033
1465494395435  2377.82080078 4184.63330078 0.176980808377
1465494395503  2378.20458984 4164.61816406 0.24267321825
1465494395569  2380.56640625 4144.79882812 0.318547308445
1465494395636  2384.26098633 4125.63183594 0.399884551764
1465494395703  2389.54638672 4106.140625 0.473271131516
1465494395773  2396.15161133 4087.87744141 0.534067809582
1465494395836  2403.9440918 4069.51904297 0.611673533916
1465494395904  2413.54541016 4051.74804688 0.688066542149
1465494395971  2425.07861328 4035.31225586 0.753674983978
1465494396036  2436.06225586 4018.70751953 0.846194565296
1465494396104  2449.59643555 4003.02441406 0.917939722538
1465494396174  2463.84179688 3988.92871094 0.984892427921
1465494396238  2478.36157227 3976.14624023 1.05119895935
1465494396303  2494.98974609 3963.96240234 1.12570393085
1465494396372  2510.94335938 3952.7902832 1.20571660995
1465494396443  2528.3503418 3943.74853516 1.28579711914
1465494396503  2546.71289062 3935.11352539 1.36274218559
1465494396578  2565.5625 3927.67871094 1.44217324257
1465494396641  2585.67456055 3922.57470703 1.49800562859
1465494396703  2604.49975586 3917.5 1.57079529762
1465494396771  2624.91455078 3915.53491211 1.64623653889
1465494396841  2645.1784668 3914.94873047 1.726598382
1465494396970  2685.72827148 3916.5144043 1.86478531361
1465494397039  2705.24902344 3919.58398438 1.95159447193
1465494397110  2725.42431641 3925.11401367 2.00652194023
1465494397172  2744.76220703 3931.17163086 2.09656596184
1465494397243  2763.38867188 3938.65698242 2.17713999748
1465494397310  2781.02075195 3947.12207031 2.24044680595
1465494397370  2798.59594727 3956.765625 2.31398797035
1465494397439  2815.55859375 3968.12060547 2.41911697388
1465494397510  2830.91918945 3981.04492188 2.48525595665
1465494397570  2844.92333984 3994.80957031 2.55445361137
1465494397638  2858.79077148 4009.74926758 2.62496066093
1465494397708  2871.74804688 4025.66894531 2.70632958412
1465494397770  2882.99365234 4042.30883789 2.77362322807
1465494397838  2892.92260742 4060.11083984 2.84911990166
1465494397906  2901.6340332 4077.7565918 2.9180457592
1465494397976  2908.65698242 4096.45117188 2.97822403908
1465494398039  2914.45800781 4116.27539062 3.06062102318
1465494398107  2919.49975586 4134.5 3.14159297943
1465494398180  2922.6784668 4153.83251953 3.21561098099
1465494398238  2923.81420898 4174.19921875 3.29957056046
1465494398306  2923.97680664 4194.66796875 3.36450242996
1465494398376  2921.92382812 4214.56396484 3.4470205307
1465494398438  2918.75708008 4234.00976562 3.50759458542
1465494398506  2914.00976562 4254.06787109 3.58365106583
1465494398574  2908.67919922 4273.1796875 3.66339874268
1465494398644  2901.80712891 4291.91015625 3.74409580231
1465494398706  2892.94091797 4310.10498047 3.80851101875
1465494398774  2882.95922852 4327.94970703 3.88339877129
1465494398844  2871.24267578 4343.83007812 3.97896790504
1465494398906  2858.26977539 4359.99072266 4.04278945923
1465494398974  2844.93066406 4374.95166016 4.11490440369
1465494399044  2830.31054688 4388.21142578 4.18867063522
1465494399106  2815.13427734 4401.17480469 4.27000951767
1465494399173  2798.57568359 4412.75292969 4.34017562866
1465494399241  2780.99560547 4422.93603516 4.4179315567
1465494399306  2762.99951172 4431.29199219 4.48914527893
1465494399373  2744.29760742 4438.82324219 4.54927396774
1465494399442  2724.50073242 4444.98925781 4.62668037415
1465494399512  2705.99951172 4449.49951172 4.71238994598
1465494399575  2684.81689453 4452.77783203 4.79078006744
1465494399642  2665.0769043 4454.81591797 4.85025835037
1465494399714  2644.98266602 4454.75732422 4.92048358917
1465494399773  2624.68261719 4453.12402344 4.98586177826
1465494399841  2604.8527832 4450.88769531 5.05968523026
1465494399913  2585.72070312 4446.97900391 5.14383554459
1465494399975  2566.31469727 4441.59423828 5.21450710297
1465494400042  2546.92773438 4434.86083984 5.28456735611
1465494400109  2528.64306641 4426.11865234 5.35742616653
1465494400181  2511.45507812 4416.81689453 5.42198085785
1465494400241  2494.25830078 4405.96630859 5.53588914871
1465494400311  2478.31738281 4393.64794922 5.58599090576
1465494400380  2462.97412109 4380.92480469 5.65761613846
1465494400442  2448.35009766 4366.31201172 5.7281627655
1465494400510  2435.61401367 4350.30908203 5.80410957336
1465494400581  2424.04345703 4334.46533203 5.87655639648
1465494400644  2413.84814453 4317.25537109 5.93649291992
1465494400711  2404.171875 4299.62597656 6.01362991333
1465494400778  2396.61132812 4282.01220703 6.09151172638
1465494400842  2389.73095703 4263.27539062 6.17067909241
1465494400909  2384.10009766 4244.95068359 6.23117542267
1465494400980  2380.49951172 4225.25927734 0.00489288941026
1465494401049  2378.61865234 4205.08203125 0.10347456485
1465494401109  2377.99682617 4184.84863281 0.171659395099
1465494401178  2378.59057617 4164.71679688 0.238405764103
1465494401250  2380.7734375 4144.17333984 0.311465114355
1465494401315  2384.62451172 4125.12841797 0.387146174908
1465494401378  2389.66333008 4105.78173828 0.463636815548
1465494401448  2396.44677734 4086.90039062 0.533748269081
1465494401509  2404.65112305 4068.53295898 0.614631593227
1465494401578  2413.7265625 4051.14086914 0.683131992817
1465494401648  2424.46557617 4034.15917969 0.741893589497
1465494401716  2435.80004883 4018.40673828 0.846218407154
1465494401777  2448.86254883 4002.28955078 0.925230503082
1465494401845  2463.359375 3987.94360352 0.995961725712
1465494401916  2477.96679688 3975.17529297 1.06456077099
1465494401977  2494.22436523 3963.17822266 1.13812565804
1465494402045  2511.42382812 3952.13623047 1.2005918026
1465494402116  2528.80615234 3942.32373047 1.28640878201
1465494402177  2546.59716797 3934.25634766 1.36399936676
1465494402245  2566.09863281 3927.15209961 1.43620765209
1465494402313  2586.01196289 3921.51318359 1.48827219009
1465494402384  2604.49975586 3917.5 1.57079529762
1465494402447  2625.94140625 3915.28955078 1.65115368366
1465494402514  2645.68212891 3913.99487305 1.7303134203
1465494402584  2666.30004883 3914.28515625 1.80708277225
1465494402714  2705.4777832 3919.02294922 1.95634949207
1465494402783  2725.66308594 3923.78198242 2.03443813324
1465494402845  2744.62524414 3930.62402344 2.09664773941
1465494402913  2763.92456055 3938.25708008 2.17796945572
1465494402981  2781.73217773 3947.1887207 2.25067329407
1465494403044  2798.89746094 3957.02856445 2.31773066521
1465494403113  2815.29541016 3969.421875 2.429271698
1465494403181  2831.44360352 3981.6472168 2.49765753746
1465494403252  2845.51757812 3996.02001953 2.56541848183
1465494403313  2858.83129883 4010.66259766 2.62972712517
1465494403381  2870.96362305 4026.55273438 2.70606660843
1465494403451  2882.49707031 4042.92529297 2.78218269348
1465494403513  2892.08544922 4060.81982422 2.85618805885
1465494403580  2901.22998047 4078.70410156 2.93266415596
1465494403651  2907.91943359 4097.49511719 3.00620722771
1465494403713  2913.35913086 4116.77490234 3.07374548912
1465494403781  2919.49975586 4134.5 3.14159274101
1465494403849  2921.19165039 4156.32568359 3.22955942154
1465494403921  2922.00048828 4176.34521484 3.30431509018
1465494403981  2922.04638672 4196.62744141 3.37031459808
1465494404050  2920.06860352 4216.49804688 3.44391155243
1465494404119  2916.28857422 4236.34619141 3.52682733536
1465494404181  2911.66772461 4255.52197266 3.58095836639
1465494404248  2906.03173828 4274.57714844 3.66342997551
1465494404319  2898.72412109 4293.07373047 3.74517607689
1465494404383  2890.04589844 4311.14160156 3.82777905464
1465494404449  2880.35449219 4329.59277344 3.90222883224
1465494404517  2868.29199219 4345.13183594 3.97647619247
1465494404581  2855.56274414 4360.72949219 4.04639005661
1465494404649  2841.61669922 4375.41650391 4.1162853241
1465494404718  2826.41210938 4389.23291016 4.1920633316
1465494404787  2811.31958008 4401.25341797 4.27587985992
1465494404849  2794.51220703 4412.47558594 4.34132862091
1465494404916  2776.71655273 4423.1328125 4.41516113281
1465494404988  2758.90869141 4431.70556641 4.49672317505
1465494405053  2739.89550781 4438.56787109 4.55466079712
1465494405116  2720.5078125 4444.51123047 4.64013433456
1465494405184  2700.44921875 4449.5 4.71118450165
1465494405248  2681.52807617 4452.61279297 4.79034900665
1465494405316  2660.95581055 4454.13818359 4.85312414169
1465494405388  2641.56201172 4453.99609375 4.93076038361
1465494405455  2621.09399414 4452.54443359 4.99884557724
1465494405516  2600.84887695 4449.89453125 5.07044649124
1465494405584  2581.13256836 4445.83935547 5.14310693741
1465494405655  2562.86987305 4441.45751953 5.23089885712
1465494405722  2545.18701172 4435.78125 5.32231473923
1465494405784  2527.82470703 4428.7109375 5.43345546722
1465494405855  2512.64672852 4421.17138672 5.55358505249
1465494405917  2498.29174805 4411.76220703 5.65340805054
1465494405985  2484.28808594 4401.390625 5.77635955811
1465494406057  2472.21557617 4390.17285156 5.89231967926
1465494406118  2461.38769531 4377.98583984 6.00498485565
1465494406185  2452.62695312 4365.0234375 6.12851142883
1465494406253  2445.33618164 4352.74462891 6.23853778839
1465494406323  2440.91796875 4344.29638672 0.0492801144719
1465494406389  2437.01904297 4336.75048828 0.147829949856
1465494406454  2434.61206055 4330.43701172 0.234534114599
1465494406524  2432.71362305 4324.24169922 0.301942288876
1465494406586  2433.75952148 4319.14746094 0.347194761038
1465494406654  2434.01098633 4317.24853516 0.344444572926
1465494406722  2433.78613281 4318.51611328 0.351332038641
1465494406785  2433.93164062 4319.66308594 0.337710827589
1465494406853  2433.19750977 4321.75048828 0.333756148815
1465494406920  2433.19750977 4321.75048828 0.333756148815
1465494406992  2433.08837891 4321.52294922 0.336379349232
1465494407053  2433.19750977 4321.75048828 0.333756148815
1465494407120  2433.25415039 4321.57421875 0.331457644701
