1465495532556  2372.32006836 5169.66992188 3.15644216537
1465495532624  2372.32006836 5169.66992188 3.15644216537
1465495532687  2372.12280273 5169.49951172 3.16157817841
1465495532757  2372.32006836 5169.66992188 3.15644216537
1465495532824  2372.34179688 5169.49951172 3.15979480743
1465495532884  2372.34179688 5169.49951172 3.15979480743
1465495532956  2372.12280273 5169.49951172 3.16157817841
1465495533023  2372.27490234 5169.91162109 3.15080213547
1465495533085  2372.34179688 5169.49951172 3.15979480743
1465495533156  2372.12280273 5169.49951172 3.16157817841
1465495533223  2372.34179688 5169.49951172 3.15979480743
1465495533292  2372.34179688 5169.49951172 3.15979480743
1465495533355  2372.32006836 5169.66992188 3.15644216537
1465495533424  2372.12280273 5169.49951172 3.16157817841
1465495533494  2372.12280273 5169.49951172 3.16157817841
1465495533557  2372.12280273 5169.49951172 3.16157817841
1465495533624  2372.09863281 5169.67285156 3.15822410583
1465495533691  2372.34179688 5169.49951172 3.15979480743
1465495533758  2372.32006836 5169.66992188 3.15644216537
1465495533818  2372.34179688 5169.49951172 3.15979480743
1465495533885  2372.32006836 5169.66992188 3.15644216537
1465495533950  2372.34179688 5169.49951172 3.15979480743
1465495534017  2372.34179688 5169.49951172 3.15979480743
1465495534154  2372.34179688 5169.49951172 3.15979480743
1465495534218  2372.32006836 5169.66992188 3.15644216537
1465495534285  2372.09863281 5169.67285156 3.15822410583
1465495534353  2372.32006836 5169.66992188 3.15644216537
1465495534419  2372.32006836 5169.66992188 3.15644216537
1465495534486  2372.32006836 5169.66992188 3.15644216537
1465495534552  2372.32006836 5169.66992188 3.15644216537
1465495534622  2372.34179688 5169.49951172 3.15979480743
1465495534686  2372.32006836 5169.66992188 3.15644216537
1465495534754  2372.12280273 5169.49951172 3.16157817841
1465495534889  2372.12280273 5169.49951172 3.16157817841
1465495534952  2372.32006836 5169.66992188 3.15644216537
1465495535021  2372.12280273 5169.49951172 3.16157817841
1465495535086  2372.09863281 5169.67285156 3.15822410583
1465495535221  2372.09863281 5169.67285156 3.15822410583
1465495535286  2372.09863281 5169.67285156 3.15822410583
1465495535354  2371.60546875 5169.66455078 3.1437458992
1465495535621  2372.07592773 5169.91796875 3.1520409584
1465495535687  2372.12280273 5169.49951172 3.16157817841
1465495535754  2372.3269043 5169.68115234 3.15800333023
1465495535822  2372.08203125 5169.85644531 3.15643930435
1465495535955  2372.05517578 5170.12646484 3.14961862564
1465495536024  2372.34179688 5169.49951172 3.15979480743
1465495536090  2372.34179688 5169.49951172 3.15979480743
1465495536155  2372.34179688 5169.49951172 3.15979480743
1465495536221  2372.34179688 5169.49951172 3.15979480743
1465495536357  2372.34179688 5169.49951172 3.15979480743
1465495536422  2372.34179688 5169.49951172 3.15979480743
1465495536491  2372.34179688 5169.49951172 3.15979480743
1465495536556  2372.34179688 5169.49951172 3.15979480743
1465495536625  2372.34179688 5169.49951172 3.15979480743
1465495536690  2372.34179688 5169.49951172 3.15979480743
1465495536757  2372.34179688 5169.49951172 3.15979480743
1465495536822  2372.34179688 5169.49951172 3.15979480743
1465495536891  2372.34179688 5169.49951172 3.15979480743
1465495537023  2372.34179688 5176.5 3.1597943306
1465495537090  2372.38574219 5175.59570312 3.17424821854
1465495537159  2372.41015625 5173.0 3.1586894989
1465495537227  2372.41796875 5173.44921875 3.16440057755
1465495537289  2372.34179688 5176.5 3.1597943306
1465495537359  2372.36376953 5175.81933594 3.17057228088
1465495537424  2372.38964844 5176.05322266 3.16724872589
1465495537491  2372.34179688 5176.5 3.1597943306
1465495537559  2372.42578125 5176.49951172 3.16255617142
1465495537624  2372.38574219 5175.59570312 3.17424821854
1465495537758  2372.34179688 5176.5 3.1597943306
1465495537823  2372.41796875 5173.44921875 3.16440057755
1465495537891  2372.41015625 5173.0 3.15868902206
1465495537958  2372.56469727 5176.5 3.15739631653
1465495538159  2373.49975586 5213.19824219 3.11985039711
1465495538226  2373.49975586 5233.375 3.11614346504
1465495538292  2373.18481445 5252.89453125 3.00700306892
1465495538358  2373.61474609 5272.70410156 2.94327092171
1465495538426  2375.28686523 5293.54785156 2.87946105003
1465495538491  2379.33007812 5312.70068359 2.81582784653
1465495538559  2383.63720703 5331.28320312 2.74363803864
1465495538625  2388.83349609 5350.90039062 2.66674637794
1465495538690  2396.55786133 5369.03125 2.59429502487
1465495538771  2405.02978516 5386.95507812 2.51570534706
1465495538825  2414.88085938 5404.07910156 2.46355605125
1465495538894  2426.33691406 5421.16259766 2.37349057198
1465495538960  2438.51904297 5436.06396484 2.31733226776
1465495539025  2451.45922852 5450.83447266 2.24976181984
1465495539159  2480.76098633 5478.08447266 2.10658407211
1465495539226  2496.92822266 5489.62109375 2.03909373283
1465495539293  2513.68115234 5500.40283203 1.96588718891
1465495539361  2531.80249023 5509.81298828 1.89978325367
1465495539429  2549.07568359 5517.70410156 1.82764971256
1465495539495  2567.74072266 5524.84472656 1.7619343996
1465495539560  2587.44799805 5530.44628906 1.68006908894
1465495539628  2606.13623047 5534.41845703 1.61917698383
1465495539694  2625.49975586 5538.28222656 1.53855061531
1465495539762  2646.51660156 5538.64208984 1.47717249393
1465495539894  2685.63623047 5537.94238281 1.34686255455
1465495539963  2704.92626953 5535.19873047 1.28204810619
1465495540028  2724.84667969 5531.26660156 1.20551776886
1465495540096  2743.6550293 5526.37255859 1.12636554241
1465495540162  2762.53857422 5519.20166016 1.06041753292
1465495540227  2781.24267578 5511.65429688 1.00099861622
1465495540296  2799.48950195 5502.53369141 0.926112651825
1465495540361  2815.67016602 5492.30175781 0.877645969391
1465495540429  2831.99975586 5480.99951172 0.785396695137
1465495540495  2847.29248047 5468.62890625 0.70846670866
1465495540566  2861.70507812 5454.27050781 0.640151500702
1465495540628  2875.39111328 5439.61523438 0.567991912365
1465495540696  2888.39746094 5424.14697266 0.495369523764
1465495540765  2899.44433594 5407.30957031 0.43566185236
1465495540829  2909.28271484 5390.94873047 0.366355329752
1465495540965  2926.23461914 5355.10644531 0.222474396229
1465495541028  2933.20117188 5336.42724609 0.154280841351
1465495541098  2938.01855469 5316.98730469 0.0892596840858
1465495541163  2940.5 5295.5 6.28318500519
1465495541229  2944.796875 5277.53857422 6.19943189621
1465495541298  2945.90454102 5257.98828125 6.164706707
1465495541362  2945.60791016 5237.91796875 6.09445619583
1465495541428  2943.77441406 5217.87402344 6.02697706223
1465495541497  2940.99951172 5198.44384766 5.95239782333
1465495541564  2936.93505859 5179.1328125 5.87933397293
1465495541696  2924.3203125 5140.66894531 5.75233793259
1465495541764  2916.06274414 5123.41650391 5.68217945099
1465495541831  2906.32128906 5105.70605469 5.61503219604
1465495541898  2895.71435547 5088.03320312 5.55381441116
1465495541964  2884.71899414 5072.41064453 5.46098136902
1465495542031  2871.84692383 5057.6953125 5.38173913956
1465495542096  2857.59570312 5043.20361328 5.31422424316
1465495542164  2842.98242188 5030.03271484 5.24870586395
1465495542230  2827.27148438 5018.70117188 5.19378471375
1465495542298  2810.51489258 5007.54394531 5.11802387238
1465495542374  2793.69506836 4997.44824219 5.05451440811
1465495542431  2775.30126953 4988.70068359 4.9842209816
1465495542499  2756.8203125 4981.10302734 4.9124994278
1465495542565  2737.79248047 4974.36865234 4.84758377075
1465495542632  2719.77978516 4970.18847656 4.79917907715
1465495542765  2680.82128906 4964.64404297 4.64174222946
1465495542832  2661.04541016 4964.37646484 4.57238531113
1465495542899  2641.78222656 4964.09863281 4.51525402069
1465495542967  2621.63720703 4965.97998047 4.4374294281
1465495543032  2601.53076172 4969.63085938 4.37254190445
1465495543100  2583.03808594 4973.89697266 4.29633378983
1465495543166  2563.82470703 4979.88330078 4.24993658066
1465495543232  2545.61572266 4986.41650391 4.1711730957
1465495543298  2527.52099609 4995.00976562 4.12075376511
1465495543366  2509.97949219 5004.515625 4.04031562805
1465495543501  2477.52246094 5026.93505859 3.89363598824
1465495543568  2462.72314453 5039.50146484 3.83375477791
1465495543633  2448.97119141 5052.87255859 3.76432132721
1465495543702  2435.66333008 5067.81298828 3.70195817947
1465495543766  2423.40429688 5083.42919922 3.63303041458
1465495543835  2412.78100586 5099.12988281 3.56069517136
1465495543899  2402.67675781 5116.64697266 3.49743938446
1465495543968  2393.94848633 5134.99023438 3.4282283783
1465495544035  2386.42553711 5152.55615234 3.36490678787
1465495544099  2380.60107422 5170.15332031 3.2898144722
1465495544170  2375.75683594 5189.66503906 3.23989915848
1465495544234  2372.4284668 5209.95410156 3.17971134186
1465495544299  2367.73071289 5228.46533203 3.08445429802
1465495544369  2368.14453125 5248.40185547 3.02511572838
1465495544434  2368.40722656 5268.15917969 2.97311520576
1465495544570  2373.07324219 5306.14404297 2.83623957634
1465495544634  2377.41381836 5325.92333984 2.76111507416
1465495544704  2382.953125 5344.91748047 2.6984231472
1465495544767  2389.22802734 5362.84326172 2.62532639503
1465495544835  2397.34814453 5381.49707031 2.5570435524
1465495544903  2406.63183594 5399.27636719 2.49354219437
1465495544967  2417.08911133 5415.32373047 2.44897937775
1465495545030  2427.74975586 5430.24951172 2.35619473457
1465495545103  2441.17480469 5446.55419922 2.29320526123
1465495545167  2454.68261719 5460.77539062 2.22288537025
1465495545235  2469.23754883 5474.24804688 2.14988160133
1465495545302  2484.62060547 5486.57373047 2.08399915695
1465495545370  2501.19067383 5498.16210938 2.00734877586
1465495545435  2517.61962891 5507.92431641 1.94602930546
1465495545502  2534.87304688 5516.83398438 1.8719278574
1465495545636  2572.79345703 5530.83105469 1.74269974232
1465495545703  2592.21411133 5536.22216797 1.66892874241
1465495545772  2611.5 5540.49951172 1.57079899311
1465495545837  2631.99951172 5541.37988281 1.54334998131
1465495545903  2650.18359375 5543.81787109 1.4825605154
1465495545971  2670.34326172 5543.49804688 1.39135444164
1465495546039  2690.03076172 5542.02392578 1.32965505123
1465495546103  2709.85668945 5538.86230469 1.26143312454
1465495546172  2728.63745117 5534.53173828 1.1943385601
1465495546237  2748.31494141 5528.98779297 1.1340123415
1465495546306  2766.63525391 5521.91748047 1.0529769659
1465495546373  2784.76220703 5514.70117188 0.978901863098
1465495546438  2802.08325195 5504.83544922 0.921622395515
1465495546503  2819.1328125 5494.41845703 0.843740820885
1465495546571  2833.56958008 5482.76025391 0.794473290443
1465495546708  2865.30712891 5455.72119141 0.626776218414
1465495546771  2878.53588867 5440.87011719 0.559296190739
1465495546839  2889.8762207 5425.22949219 0.494467437267
1465495546906  2900.82080078 5409.39990234 0.422717273235
1465495546970  2911.48339844 5392.20117188 0.347332209349
1465495547039  2920.62524414 5373.66894531 0.289292752743
1465495547106  2928.08398438 5356.00537109 0.213823258877
1465495547171  2934.56347656 5337.23095703 0.142979696393
1465495547240  2939.16333008 5318.13671875 0.0678520873189
1465495547305  2940.49951172 5297.62304688 0.0205850042403
1465495547439  2946.21142578 5258.79003906 6.15464544296
1465495547505  2945.796875 5238.95263672 6.0946969986
1465495547575  2944.07763672 5219.09179688 6.01946878433
1465495547640  2941.50585938 5198.83886719 5.94495582581
1465495547706  2937.16455078 5179.88476562 5.87915563583
1465495547773  2931.078125 5161.28369141 5.80944442749
1465495547839  2924.61694336 5142.52441406 5.74946165085
1465495547907  2916.06787109 5124.17431641 5.68183231354
1465495547974  2906.67675781 5106.77050781 5.6188621521
1465495548040  2895.87060547 5090.65966797 5.5419049263
1465495548108  2884.22607422 5073.50048828 5.45812654495
1465495548173  2871.96826172 5059.14941406 5.38618898392
1465495548241  2857.86938477 5045.52880859 5.31974124908
1465495548307  2842.90966797 5032.50048828 5.2551612854
1465495548373  2827.98095703 5020.03857422 5.18191576004
1465495548507  2793.32592773 4999.04394531 5.05299282074
1465495548574  2775.46435547 4989.85400391 4.98005962372
1465495548643  2757.73461914 4982.64257812 4.91836023331
1465495548708  2739.30175781 4977.16601562 4.84915065765
1465495548775  2720.0859375 4971.66210938 4.78919458389
1465495548843  2702.5 4966.5 4.71238899231
1465495548910  2681.31884766 4966.09423828 4.67291259766
1465495548974  2661.18261719 4965.34570312 4.57299423218
1465495549042  2641.69628906 4965.14355469 4.51141738892
1465495549109  2621.91772461 4967.56982422 4.43413162231
1465495549177  2603.18530273 4971.4296875 4.37511110306
1465495549242  2583.7421875 4975.34179688 4.31087827682
1465495549309  2564.18701172 4980.82714844 4.2489066124
1465495549374  2545.71411133 4987.53369141 4.17874002457
1465495549437  2527.44726562 4995.67285156 4.11802816391
1465495549520  2509.99951172 5005.0 4.04710006714
1465495549575  2494.078125 5015.93652344 3.98717617989
1465495549642  2478.49975586 5025.99951172 3.92699027061
1465495549710  2462.98510742 5039.76464844 3.83287334442
1465495549778  2448.79248047 5053.24121094 3.77009344101
1465495549842  2435.81030273 5067.90576172 3.70511984825
1465495549909  2423.12084961 5083.94384766 3.62180089951
1465495549978  2411.88354492 5100.60742188 3.56582117081
1465495550042  2402.55688477 5116.97314453 3.50110769272
1465495550109  2394.20996094 5134.19335938 3.44748258591
1465495550178  2386.21923828 5152.51269531 3.36839056015
1465495550244  2379.71264648 5170.74462891 3.303835392
1465495550310  2374.55810547 5189.55810547 3.24482536316
1465495550376  2371.07714844 5209.99707031 3.19954681396
1465495550445  2367.17382812 5228.27587891 3.09308791161
1465495550510  2367.27416992 5248.0859375 3.03115487099
1465495550646  2368.93017578 5286.77099609 2.90930247307
1465495550710  2371.92333984 5306.47607422 2.83391690254
1465495550779  2375.88208008 5325.41162109 2.773614645
1465495550846  2380.97216797 5345.01318359 2.70542693138
1465495550910  2387.39672852 5364.10546875 2.63616204262
1465495550979  2395.06689453 5380.82666016 2.57322311401
1465495551046  2404.53320312 5398.17529297 2.49856805801
1465495551111  2414.90258789 5415.39648438 2.43966126442
1465495551178  2426.09472656 5431.90527344 2.36647295952
1465495551245  2438.57446289 5446.53320312 2.29616641998
1465495551314  2452.19677734 5461.51464844 2.22639870644
1465495551371  2466.61328125 5475.14013672 2.15290355682
1465495551445  2481.22998047 5487.12353516 2.09321928024
1465495551512  2497.85302734 5497.55957031 2.01489520073
1465495551578  2514.20410156 5508.296875 1.94956457615
1465495551712  2550.87060547 5525.30371094 1.82204067707
1465495551779  2569.67749023 5532.45556641 1.73906767368
1465495551845  2589.05322266 5537.81982422 1.67578613758
1465495551914  2607.94335938 5541.50537109 1.62724077702
1465495551982  2625.98657227 5544.45507812 1.52723491192
1465495552045  2647.09570312 5544.98095703 1.46935784817
1465495552114  2666.74584961 5545.61962891 1.40682828426
1465495552181  2686.72949219 5543.796875 1.33719468117
1465495552239  2706.25878906 5541.28320312 1.25388944149
1465495552314  2725.70776367 5537.05175781 1.19915246964
1465495552383  2744.68457031 5531.46044922 1.13536345959
1465495552446  2762.47070312 5525.09033203 1.06907367706
1465495552516  2781.36303711 5517.03466797 0.9950928092
1465495552580  2798.13134766 5507.40185547 0.931744039059
1465495552648  2816.25683594 5497.37744141 0.865052878857
1465495552780  2847.52954102 5472.52148438 0.709255814552
1465495552849  2861.56518555 5459.25927734 0.642608940601
1465495552913  2874.63964844 5444.90087891 0.576980054379
1465495552980  2887.4609375 5429.01757812 0.50397080183
1465495553050  2898.9050293 5412.71728516 0.424388021231
1465495553114  2909.12939453 5396.09765625 0.359661996365
1465495553181  2918.62402344 5378.07958984 0.295784652233
1465495553250  2925.83837891 5360.30078125 0.218809664249
1465495553315  2932.63110352 5341.33007812 0.150021031499
1465495553381  2937.32958984 5321.66503906 0.0912962704897
1465495553450  2940.49975586 5302.5 5.40410155736e-07
1465495553516  2943.76416016 5282.33203125 6.22081232071
1465495553582  2945.41699219 5262.92285156 6.17413759232
1465495553649  2945.00756836 5242.16210938 6.08781528473
1465495553715  2943.90942383 5223.23974609 6.01864051819
1465495553850  2936.19995117 5184.54882812 5.89200210571
1465495553918  2930.77661133 5164.10546875 5.82609653473
1465495553983  2923.99731445 5146.45898438 5.74283027649
1465495554049  2915.89990234 5128.37304688 5.68499898911
1465495554117  2906.63891602 5110.38085938 5.61419200897
1465495554185  2896.13647461 5093.47460938 5.5426402092
1465495554249  2884.52661133 5078.24707031 5.45144510269
1465495554319  2871.44995117 5063.35205078 5.38526725769
1465495554384  2858.14013672 5049.06884766 5.3212146759
1465495554451  2843.12646484 5035.47949219 5.25996494293
1465495554585  2810.8972168 5011.74511719 5.11423158646
1465495554649  2793.921875 5002.30957031 5.05786180496
1465495554718  2776.32006836 4994.03613281 4.99593067169
1465495554783  2757.70166016 4986.09277344 4.92410469055
1465495554851  2739.234375 4979.85986328 4.84980916977
1465495554917  2720.75854492 4975.1953125 4.78634691238
1465495554984  2702.49951172 4973.49951172 4.71238803864
1465495555053  2681.06567383 4968.80615234 4.64236450195
1465495555117  2661.5925293 4968.24658203 4.57722711563
1465495555186  2642.66259766 4969.25097656 4.50995779037
1465495555253  2623.07836914 4970.53857422 4.44705104828
1465495555317  2603.26000977 4973.71972656 4.39006996155
1465495555385  2583.38427734 4977.25537109 4.31817388535
1465495555451  2565.08520508 4982.65673828 4.25076961517
1465495555516  2545.6472168 4989.91210938 4.17864751816
1465495555651  2511.14306641 5007.39453125 4.0560631752
1465495555721  2494.18896484 5018.16992188 3.98881220818
1465495555784  2478.22509766 5029.77441406 3.89909243584
1465495555852  2463.26928711 5041.7265625 3.84077835083
1465495555922  2448.859375 5055.48974609 3.77535390854
1465495555984  2435.04980469 5070.20605469 3.70436048508
1465495556053  2423.10180664 5085.35009766 3.64652609825
1465495556121  2412.38183594 5101.34667969 3.5762591362
1465495556185  2402.80004883 5118.12451172 3.51480007172
1465495556253  2394.00585938 5136.04833984 3.44036388397
1465495556328  2385.73803711 5154.12792969 3.37535953522
1465495556389  2379.38671875 5172.96728516 3.30922412872
1465495556452  2374.27783203 5191.96191406 3.24292993546
1465495556519  2370.98583984 5211.05810547 3.18717432022
1465495556589  2366.84765625 5229.80419922 3.0967104435
1465495556654  2366.57299805 5249.42480469 3.03581023216
1465495556719  2366.75830078 5268.77099609 2.97357773781
1465495556789  2368.734375 5288.53955078 2.9106938839
1465495556854  2371.43505859 5308.39257812 2.8478243351
1465495556920  2374.84057617 5328.38476562 2.77686333656
1465495556987  2379.80444336 5346.56640625 2.70799827576
1465495557058  2386.89672852 5364.37451172 2.64429759979
1465495557121  2394.31835938 5382.82373047 2.57978367805
1465495557188  2403.88989258 5400.55126953 2.51183152199
1465495557256  2413.48608398 5417.62597656 2.4462890625
1465495557320  2424.72509766 5433.27441406 2.3690059185
1465495557456  2450.47338867 5463.24267578 2.22825407982
1465495557520  2464.74316406 5476.39453125 2.16135430336
1465495557587  2480.12060547 5488.84423828 2.10318231583
1465495557655  2495.49926758 5499.62988281 2.03749775887
1465495557720  2513.00488281 5510.25 1.95553028584
1465495557789  2530.56567383 5520.2421875 1.89017307758
1465495557855  2549.5 5528.41113281 1.82401382923
1465495557923  2567.87695312 5534.75683594 1.75006735325
1465495557989  2586.28808594 5540.00048828 1.69339668751
1465495558056  2605.45996094 5543.99072266 1.63234388828
1465495558190  2644.96240234 5548.33349609 1.47556900978
1465495558258  2665.24951172 5548.35400391 1.40926337242
1465495558323  2685.28051758 5546.97802734 1.34150004387
1465495558388  2704.16381836 5544.15820312 1.2793289423
1465495558455  2723.34399414 5540.06982422 1.21949636936
1465495558524  2742.92285156 5535.11962891 1.14429938793
1465495558592  2760.97167969 5527.97851562 1.07141542435
1465495558658  2779.39819336 5520.50048828 1.01006042957
1465495558723  2797.70947266 5511.22119141 0.931115686893
1465495558791  2814.68969727 5501.50146484 0.857176780701
1465495558924  2845.65698242 5477.19628906 0.726158320904
1465495558991  2860.24975586 5463.16308594 0.637841820717
1465495559058  2874.12207031 5448.87207031 0.570939898491
1465495559123  2886.38012695 5433.48632812 0.511660516262
1465495559191  2897.91918945 5417.23730469 0.441877573729
1465495559257  2908.06005859 5400.57226562 0.369420945644
1465495559324  2917.13085938 5383.41992188 0.286738842726
1465495559391  2924.89257812 5364.74951172 0.232737973332
1465495559459  2931.46923828 5346.32373047 0.168975308537
1465495559524  2937.03222656 5327.19189453 0.0903137326241
1465495559659  2944.62744141 5287.73974609 6.22711515427
1465495559725  2945.83154297 5267.90429688 6.15999507904
1465495559794  2945.32958984 5248.43847656 6.09787130356
1465495559859  2943.45849609 5228.82324219 6.04074048996
1465495559924  2941.39770508 5208.95654297 5.96965312958
1465495559993  2937.32617188 5189.70849609 5.90419340134
1465495560059  2931.77392578 5170.31835938 5.81237268448
1465495560127  2925.33520508 5150.98095703 5.75482988358
1465495560192  2916.93066406 5132.99267578 5.69158124924
1465495560260  2908.38720703 5115.73339844 5.61791753769
1465495560394  2886.83300781 5083.39746094 5.48647451401
1465495560460  2873.82617188 5067.34130859 5.41101837158
1465495560527  2860.38891602 5052.83349609 5.33942461014
1465495560592  2845.90917969 5039.01123047 5.26205873489
1465495560659  2830.45947266 5027.52636719 5.20260763168
1465495560727  2814.43945312 5016.57714844 5.13876676559
1465495560859  2780.13525391 4996.6015625 4.99603271484
1465495560926  2761.93603516 4989.14599609 4.93010377884
1465495560994  2743.37939453 4982.06835938 4.86319637299
1465495561063  2724.50195312 4977.04443359 4.79231882095
1465495561127  2702.97583008 4973.49951172 4.72154331207
1465495561194  2686.02270508 4972.08544922 4.64696979523
1465495561261  2666.37255859 4969.89355469 4.60815286636
1465495561327  2646.47045898 4969.82910156 4.53613567352
1465495561394  2626.70239258 4971.23339844 4.46649074554
1465495561460  2607.4152832 4973.10351562 4.39716720581
1465495561527  2587.07763672 4977.80615234 4.33225727081
1465495561596  2569.08007812 4983.16113281 4.26633405685
1465495561664  2550.75537109 4989.44482422 4.20153665543
1465495561728  2531.69335938 4997.60351562 4.1280798912
1465495561801  2514.70800781 5006.375 4.06575870514
1465495561863  2498.15136719 5016.88037109 4.01335334778
1465495561928  2481.56494141 5029.10644531 3.94977545738
1465495561995  2465.61816406 5040.49365234 3.84646630287
1465495562062  2451.91699219 5053.37597656 3.78931379318
1465495562193  2426.00537109 5082.67480469 3.66542983055
1465495562263  2414.30957031 5098.41455078 3.58498001099
1465495562331  2404.3359375 5115.42480469 3.52718400955
1465495562395  2394.54321289 5133.48486328 3.46612453461
1465495562465  2386.47509766 5151.32910156 3.38713932037
1465495562536  2380.00073242 5168.8984375 3.3207783699
1465495562600  2374.64501953 5187.30664062 3.25152349472
1465495562668  2370.51416016 5205.83300781 3.20373630524
1465495562735  2366.49975586 5225.67138672 3.13670039177
1465495562799  2366.18408203 5245.50683594 3.06614089012
1465495562868  2365.7109375 5265.83447266 2.99587273598
1465495562934  2366.11547852 5285.48632812 2.92876315117
1465495562998  2368.67871094 5304.87890625 2.86388468742
1465495563067  2372.67089844 5323.49658203 2.80653834343
1465495563134  2376.97753906 5342.44384766 2.72646069527
1465495563206  2383.17138672 5361.21191406 2.66001987457
1465495563267  2390.88037109 5379.30273438 2.59878087044
1465495563334  2399.42431641 5397.20996094 2.52722907066
1465495563402  2409.19970703 5414.46533203 2.46361279488
1465495563467  2420.31079102 5430.08251953 2.39806771278
1465495563541  2432.52172852 5445.79541016 2.32460188866
1465495563603  2445.36914062 5460.53710938 2.2532017231
1465495563668  2459.85766602 5474.19482422 2.18793535233
1465495563735  2474.37402344 5486.68603516 2.1177380085
1465495563802  2490.06835938 5498.83837891 2.05509281158
1465495563934  2524.16918945 5518.8828125 1.9155575037
1465495563999  2541.76806641 5527.28369141 1.85161173344
1465495564068  2560.90698242 5534.43994141 1.78079044819
1465495564130  2580.20581055 5540.53076172 1.712844491
1465495564199  2599.25976562 5544.67041016 1.64282238483
1465495564268  2618.5 5547.5 1.57079851627
1465495564330  2637.52392578 5550.27294922 1.4945782423
1465495564399  2657.70385742 5550.15527344 1.4378991127
1465495564466  2677.23681641 5549.40722656 1.36646413803
1465495564531  2696.90698242 5547.10693359 1.29719007015
1465495564667  2735.39160156 5538.72070312 1.15991425514
1465495564733  2755.29150391 5532.33105469 1.09243631363
1465495564799  2773.62597656 5525.73535156 1.02005732059
1465495564866  2790.57397461 5517.07177734 0.942194223404
1465495564933  2807.48461914 5506.92529297 0.899784326553
1465495564999  2824.65307617 5494.47070312 0.802791833878
1465495565067  2839.97412109 5483.75146484 0.73451602459
1465495565134  2855.02197266 5470.32568359 0.667641818523
1465495565198  2869.08398438 5456.01757812 0.60810726881
1465495565266  2881.93945312 5440.70996094 0.526452183723
1465495565402  2903.55859375 5408.3359375 0.393282353878
1465495565466  2913.25 5391.08789062 0.322483122349
1465495565533  2922.05371094 5373.45410156 0.259799510241
1465495565601  2929.21313477 5354.63427734 0.190069377422
1465495565668  2935.23730469 5335.14794922 0.113963067532
1465495565732  2939.94042969 5316.52929688 0.0195674337447
1465495565803  2940.5 5295.5 6.28318500519
1465495565867  2944.18652344 5277.78417969 6.195789814
1465495565933  2945.16357422 5257.61816406 6.12753534317
1465495566002  2944.33398438 5236.91650391 6.06586885452
1465495566075  2941.92431641 5218.09326172 5.99753475189
1465495566141  2938.29492188 5198.05029297 5.918009758
1465495566206  2933.51904297 5178.62207031 5.8554816246
1465495566273  2927.06787109 5160.04638672 5.78380632401
1465495566341  2919.90576172 5141.97265625 5.73090696335
1465495566412  2911.55541992 5124.40087891 5.65354299545
1465495566470  2901.52001953 5106.79248047 5.58356380463
1465495566534  2890.31420898 5089.94775391 5.48574495316
1465495566600  2878.43017578 5074.46337891 5.42549562454
1465495566666  2865.54736328 5059.53271484 5.36807155609
1465495566736  2851.20141602 5045.98974609 5.31049251556
1465495566802  2836.3581543 5034.22949219 5.24345302582
1465495566870  2820.07958984 5021.72265625 5.1760597229
1465495566938  2803.56640625 5011.40527344 5.08999300003
1465495567002  2786.87133789 5001.62548828 5.03191137314
1465495567072  2768.31958008 4993.61962891 4.96336221695
1465495567138  2749.61303711 4986.19873047 4.89790153503
1465495567202  2731.6796875 4980.88085938 4.83798313141
1465495567270  2712.24584961 4976.31005859 4.79493236542
1465495567338  2693.59106445 4973.5 4.6912856102
1465495567402  2673.10009766 4970.87792969 4.62542676926
1465495567539  2633.64111328 4971.21386719 4.48958683014
1465495567606  2614.64550781 4973.81054688 4.42674922943
1465495567670  2595.88989258 4976.76318359 4.36235141754
1465495567738  2576.52368164 4981.54541016 4.28868865967
1465495567805  2557.3034668 4987.66894531 4.23259496689
1465495567871  2538.81567383 4994.95263672 4.16077470779
1465495567937  2520.8762207 5004.05664062 4.09143018723
1465495568005  2502.88110352 5013.24609375 4.02952003479
1465495568070  2487.26220703 5024.45751953 3.9857981205
1465495568137  2472.19628906 5035.90527344 3.88032031059
1465495568274  2443.25390625 5062.34912109 3.7603302002
1465495568340  2430.34326172 5077.50634766 3.68854808807
1465495568403  2418.69238281 5092.58740234 3.62269353867
1465495568474  2407.17089844 5109.81542969 3.56231689453
1465495568540  2397.49072266 5126.43017578 3.49443912506
1465495568604  2389.18994141 5143.63916016 3.42626810074
1465495568674  2382.55932617 5161.91503906 3.35334730148
1465495568738  2375.69921875 5181.08007812 3.28050041199
1465495568804  2370.85253906 5199.41015625 3.22330617905
1465495568873  2366.49975586 5218.49951172 3.14159440994
1465495568946  2365.76074219 5239.14697266 3.0969440937
1465495569005  2364.17919922 5258.43408203 3.03733086586
1465495569073  2365.12060547 5277.35449219 2.95990538597
1465495569141  2366.50854492 5296.50244141 2.89264082909
1465495569207  2369.53076172 5316.43896484 2.83572173119
1465495569341  2379.0546875 5353.72167969 2.6955537796
1465495569406  2386.2590332 5372.93994141 2.62523245811
1465495569472  2394.07568359 5390.49267578 2.5635869503
1465495569543  2403.92822266 5407.74023438 2.50132679939
1465495569606  2413.91552734 5424.45849609 2.43464946747
1465495569678  2425.44482422 5440.09082031 2.35606026649
1465495569742  2438.65991211 5455.45556641 2.27958917618
1465495569809  2452.31396484 5469.6875 2.20677804947
1465495569874  2466.97949219 5483.58203125 2.14215064049
1465495569940  2482.24023438 5495.37939453 2.08005785942
1465495570075  2515.29589844 5516.00634766 1.94873869419
1465495570142  2533.21679688 5524.98681641 1.87594139576
1465495570209  2551.32299805 5532.17480469 1.81570208073
1465495570273  2569.92626953 5539.49902344 1.7354580164
1465495570341  2589.03125 5544.13427734 1.66295349598
1465495570409  2608.76464844 5547.5 1.59725105762
1465495570473  2627.70605469 5548.88916016 1.51441931725
1465495570539  2648.00537109 5551.07275391 1.466994524
1465495570610  2667.49975586 5551.0 1.39492833614
1465495570676  2687.46386719 5549.29931641 1.33007729053
1465495570807  2726.79272461 5542.46240234 1.18485474586
1465495570877  2744.38623047 5536.77294922 1.11803746223
1465495570942  2763.26489258 5529.77050781 1.06627368927
1465495571010  2780.91723633 5521.88476562 0.993246853352
1465495571077  2798.82836914 5512.36669922 0.924002528191
1465495571142  2815.56469727 5501.61230469 0.851470053196
1465495571208  2832.80761719 5489.53369141 0.756393671036
1465495571279  2847.43017578 5477.05859375 0.698529601097
1465495571344  2861.1862793 5463.37060547 0.630367875099
1465495571409  2874.36767578 5448.81054688 0.564693748951
1465495571544  2898.00366211 5417.04785156 0.440350264311
1465495571609  2907.9230957 5400.2890625 0.365602463484
1465495571675  2917.52001953 5382.62695312 0.287278354168
1465495571744  2925.27880859 5363.96435547 0.224225446582
1465495571811  2930.93847656 5345.60205078 0.156843602657
1465495571876  2936.39648438 5326.73876953 0.0837448388338
1465495571944  2940.5 5308.51318359 0.0159996189177
1465495572013  2942.86523438 5287.56738281 6.22853136063
1465495572077  2943.36303711 5267.99658203 6.15341567993
1465495572146  2943.74365234 5247.77978516 6.08394432068
1465495572216  2941.74072266 5227.14990234 6.03106069565
1465495572276  2939.69262695 5208.61279297 5.96524477005
1465495572344  2934.94287109 5189.15527344 5.89570617676
1465495572412  2930.10058594 5170.28369141 5.83928489685
1465495572477  2922.38183594 5151.40820312 5.7487487793
1465495572612  2905.48657227 5115.15136719 5.61520528793
1465495572677  2895.00952148 5098.4921875 5.56542873383
1465495572743  2883.44628906 5083.05322266 5.48229598999
1465495572814  2871.04858398 5068.23779297 5.40796852112
1465495572881  2857.30761719 5054.08349609 5.336124897
1465495572946  2842.38330078 5040.72070312 5.26211881638
1465495573012  2827.04541016 5029.28564453 5.19508266449
1465495573080  2810.37890625 5017.21533203 5.13155031204
1465495573145  2793.46655273 5006.8828125 5.05503463745
1465495573211  2776.16967773 4998.27929688 4.99103450775
1465495573346  2739.87207031 4984.31396484 4.87207937241
1465495573412  2720.6796875 4978.52929688 4.79633378983
1465495573480  2702.49951172 4973.97607422 4.72154331207
1465495573548  2681.79296875 4973.2734375 4.69342899323
1465495573613  2662.53149414 4970.81494141 4.60500717163
1465495573677  2643.30712891 4971.62792969 4.53123426437
1465495573748  2624.17041016 4973.01513672 4.45937204361
1465495573812  2604.27124023 4975.99902344 4.39393424988
1465495573880  2584.88232422 4979.63623047 4.33833408356
1465495573947  2566.53320312 4985.06640625 4.26442575455
1465495574080  2528.51586914 4999.59814453 4.13584089279
1465495574147  2511.37548828 5008.06445312 4.075507164
1465495574212  2495.01416016 5017.97167969 4.01085853577
1465495574281  2479.22753906 5028.13818359 3.93405818939
1465495574348  2463.28735352 5041.94091797 3.86405396461
1465495574416  2448.70166016 5055.08544922 3.79789209366
1465495574480  2434.49023438 5069.296875 3.72222566605
1465495574549  2422.20239258 5084.39550781 3.66877841949
1465495574615  2411.75048828 5099.50634766 3.60428190231
1465495574680  2401.09448242 5116.37744141 3.52484178543
1465495574759  2391.96386719 5134.12304688 3.46117353439
1465495574815  2383.62280273 5151.66699219 3.40609550476
1465495574880  2376.94799805 5169.890625 3.3239569664
1465495574948  2370.88696289 5188.99707031 3.2646727562
1465495575015  2366.85449219 5208.32910156 3.20961618423
1465495575149  2362.3918457 5245.93261719 3.06492877007
1465495575214  2361.70336914 5265.70947266 3.00880169868
1465495575285  2362.20629883 5285.34863281 2.94211983681
1465495575348  2364.46508789 5304.66259766 2.8751013279
1465495575416  2367.62548828 5324.57519531 2.79617190361
1465495575487  2372.08251953 5342.64257812 2.74338078499
1465495575548  2378.22851562 5361.24169922 2.68622374535
1465495575615  2386.02563477 5379.40771484 2.61181712151
1465495575684  2394.0090332 5397.75537109 2.55472922325
1465495575751  2403.47192383 5414.4453125 2.47154355049
1465495575884  2426.53051758 5447.30761719 2.32964658737
1465495575952  2438.78540039 5461.96142578 2.26394701004
1465495576016  2452.29052734 5475.3828125 2.19463920593
1465495576082  2467.09521484 5487.66064453 2.14343810081
1465495576151  2482.91040039 5499.96875 2.07779955864
1465495576218  2498.92236328 5511.14355469 2.005453825
1465495576282  2516.22998047 5520.97460938 1.93402731419
1465495576352  2533.890625 5529.82275391 1.85775768757
1465495576415  2552.81323242 5537.20556641 1.80634748936
1465495576482  2571.27978516 5543.06787109 1.73468697071
1465495576619  2610.12939453 5553.22753906 1.61769449711
1465495576685  2629.19702148 5554.5 1.52876079082
1465495576751  2648.78417969 5554.82714844 1.45492303371
1465495576820  2669.81738281 5555.06103516 1.39416265488
1465495576884  2688.74609375 5552.65478516 1.32455956936
1465495576952  2707.71679688 5549.98583984 1.25728321075
1465495577020  2726.23193359 5545.37646484 1.19450879097
1465495577083  2745.53662109 5539.98144531 1.11376845837
1465495577150  2764.18994141 5533.13818359 1.05365562439
1465495577220  2781.82055664 5525.02734375 0.978605985641
1465495577353  2817.24511719 5504.17089844 0.862404286861
1465495577418  2831.29321289 5494.13134766 0.784106552601
1465495577487  2847.57714844 5480.109375 0.700590610504
1465495577554  2861.86694336 5466.48291016 0.639103055
1465495577618  2874.83862305 5451.95605469 0.566378712654
1465495577688  2887.49609375 5436.8046875 0.490833699703
1465495577753  2899.09082031 5419.80224609 0.421437889338
1465495577819  2908.95581055 5403.03759766 0.361900538206
1465495577887  2917.31982422 5385.65234375 0.294163405895
1465495577951  2924.91772461 5367.75048828 0.230362385511
1465495578030  2931.56591797 5348.61328125 0.159184515476
1465495578086  2936.86230469 5329.64453125 0.0886324048042
1465495578154  2940.49975586 5309.5 6.28318452835
1465495578220  2942.74755859 5289.36914062 6.22511291504
1465495578285  2944.6184082 5270.54345703 6.18423891068
1465495578421  2942.58886719 5231.95263672 6.03464221954
1465495578485  2940.25390625 5211.58105469 5.9686331749
1465495578556  2936.36401367 5192.67919922 5.89295482635
1465495578620  2931.38598633 5173.56787109 5.83636379242
1465495578686  2924.35180664 5154.21191406 5.75340270996
1465495578756  2916.29931641 5136.23828125 5.68877744675
1465495578822  2907.54931641 5119.50195312 5.64153814316
1465495578888  2896.93237305 5102.38574219 5.57220077515
1465495578954  2886.10449219 5086.421875 5.46991252899
1465495579023  2873.05395508 5071.38818359 5.41314506531
1465495579154  2844.87670898 5042.56054688 5.27841615677
1465495579223  2829.65820312 5030.37402344 5.20901632309
1465495579287  2813.87084961 5019.79492188 5.1451997757
1465495579353  2797.57226562 5009.36865234 5.08295059204
1465495579424  2779.86962891 5000.30126953 5.01124954224
1465495579491  2762.01733398 4992.01123047 4.9411110878
1465495579554  2743.22290039 4985.71240234 4.87572002411
1465495579623  2724.19335938 4979.55615234 4.82407712936
1465495579690  2704.96411133 4975.08105469 4.77540493011
1465495579755  2687.20874023 4973.5 4.69117832184
1465495579890  2646.93139648 4971.546875 4.54878616333
1465495579957  2627.62060547 4972.99023438 4.47723865509
1465495580023  2608.46386719 4975.48486328 4.41016292572
1465495580090  2588.31762695 4978.71679688 4.35009384155
1465495580155  2568.93774414 4984.25048828 4.28333377838
1465495580223  2550.9987793 4990.00097656 4.22363328934
1465495580290  2533.14038086 4997.61914062 4.15167379379
1465495580359  2515.10693359 5005.91455078 4.09779691696
1465495580423  2498.33251953 5015.94384766 4.02863073349
1465495580490  2480.81030273 5027.43798828 3.97110676765
1465495580623  2451.41943359 5051.74414062 3.81409525871
1465495580691  2438.4296875 5065.46435547 3.74839448929
1465495580758  2424.87890625 5081.09326172 3.68251991272
1465495580823  2413.33325195 5096.59716797 3.62012434006
1465495580892  2402.71240234 5112.23486328 3.55837774277
1465495580958  2392.94726562 5129.07958984 3.49401903152
1465495581027  2384.44873047 5147.37597656 3.4213757515
1465495581090  2377.62109375 5165.04443359 3.36001205444
1465495581160  2371.87353516 5182.94726562 3.29453134537
1465495581226  2366.98852539 5202.04345703 3.2351026535
1465495581358  2360.17358398 5240.76074219 3.10586905479
1465495581425  2359.83642578 5260.22314453 3.01123118401
1465495581490  2360.17675781 5279.93017578 2.96294045448
1465495581559  2361.86035156 5299.50097656 2.89955878258
1465495581694  2369.61010742 5337.65429688 2.76427912712
1465495581825  2381.83520508 5374.57519531 2.64150595665
1465495581895  2389.33447266 5393.20458984 2.58382773399
1465495581958  2398.27490234 5411.05957031 2.49150204659
1465495582028  2408.57519531 5427.22607422 2.45509958267
1465495582094  2419.33666992 5442.16259766 2.37349176407
1465495582158  2432.20385742 5457.98193359 2.29713582993
1465495582225  2445.67919922 5472.16015625 2.22930574417
1465495582295  2460.17138672 5485.36230469 2.15237259865
1465495582361  2475.44580078 5497.70996094 2.09501719475
1465495582426  2492.12890625 5508.81640625 2.01160120964
1465495582494  2508.58154297 5519.19970703 1.95959579945
1465495582561  2525.92553711 5527.9140625 1.89624750614
1465495582693  2562.74316406 5542.71044922 1.76270115376
1465495582761  2581.515625 5548.25683594 1.69252502918
1465495582828  2601.09423828 5552.85888672 1.63691389561
1465495582893  2620.50708008 5554.5 1.54836404324
1465495582962  2640.63720703 5556.66894531 1.48513102531
1465495583027  2659.27050781 5555.92285156 1.42265927792
1465495583096  2678.60253906 5555.73779297 1.35713326931
1465495583164  2698.66870117 5552.84423828 1.29220151901
1465495583229  2717.43212891 5549.08789062 1.21950101852
1465495583292  2736.35595703 5543.79638672 1.15531432629
1465495583361  2755.49169922 5537.55273438 1.09157824516
1465495583494  2790.88671875 5521.36328125 0.955709993839
1465495583561  2808.13378906 5511.45605469 0.906617045403
1465495583631  2824.06298828 5500.86572266 0.806198775768
1465495583695  2840.1809082 5488.33642578 0.745948076248
1465495583761  2854.95678711 5474.87695312 0.676750421524
1465495583832  2869.140625 5460.59375 0.593678772449
1465495583895  2881.56884766 5445.34863281 0.532467007637
1465495583960  2893.48510742 5429.98144531 0.477537244558
1465495584030  2903.74267578 5413.36523438 0.39958947897
1465495584099  2913.53442383 5396.45556641 0.333356678486
1465495584230  2929.09130859 5359.51123047 0.19637209177
1465495584298  2935.12988281 5340.91796875 0.13926678896
1465495584362  2939.40600586 5322.08691406 0.0587598718703
1465495584430  2940.49975586 5302.5 5.40410155736e-07
1465495584497  2944.89306641 5283.31494141 6.2085814476
1465495584564  2945.83911133 5263.22998047 6.16100072861
1465495584629  2944.79882812 5243.00732422 6.07720518112
1465495584697  2943.22314453 5223.21337891 6.00320100784
1465495584765  2940.13085938 5203.70751953 5.9465508461
1465495584828  2935.77197266 5185.63330078 5.88132190704
1465495584965  2922.26147461 5148.21777344 5.73446178436
1465495585031  2914.41967773 5130.02148438 5.67495584488
1465495585096  2904.61279297 5113.00634766 5.61964607239
1465495585165  2893.8840332 5095.90576172 5.54055833817
1465495585230  2882.00439453 5079.57714844 5.45731258392
1465495585297  2869.80273438 5065.14990234 5.39650917053
1465495585364  2856.69140625 5051.14404297 5.32367229462
1465495585434  2842.09667969 5038.328125 5.26272630692
1465495585497  2826.37890625 5025.72949219 5.19491100311
1465495585634  2792.9921875 5004.62158203 5.06007623672
1465495585698  2775.125 4995.921875 4.99483156204
1465495585765  2756.93164062 4988.63427734 4.92600536346
1465495585834  2738.73071289 4982.55615234 4.86563539505
1465495585897  2719.77954102 4977.18896484 4.79918003082
1465495586035  2681.91625977 4971.75488281 4.66445446014
1465495586100  2661.34863281 4970.13085938 4.60295724869
1465495586164  2641.55810547 4970.27539062 4.5235042572
1465495586232  2622.89013672 4971.61425781 4.46490097046
1465495586302  2603.58300781 4974.69628906 4.4060087204
1465495586365  2584.41625977 4978.43554688 4.34152555466
1465495586434  2565.55859375 4983.1171875 4.2659330368
1465495586501  2546.33349609 4989.84277344 4.19806194305
1465495586565  2527.86523438 4997.53027344 4.12721252441
1465495586633  2510.77880859 5006.69775391 4.07674455643
1465495586765  2479.19628906 5026.69628906 3.94241690636
1465495586832  2462.49853516 5040.26708984 3.87687802315
1465495586900  2448.5625 5053.42236328 3.80477261543
1465495586968  2434.8371582 5067.45410156 3.74486851692
1465495587032  2422.26757812 5082.55761719 3.66764712334
1465495587099  2410.17382812 5098.47021484 3.60671520233
1465495587169  2400.29077148 5114.05957031 3.53891849518
1465495587233  2391.10302734 5131.85400391 3.48622465134
1465495587302  2383.2890625 5148.73339844 3.41056489944
1465495587370  2376.3215332 5167.14257812 3.3465628624
1465495587436  2370.35888672 5185.80322266 3.28030061722
1465495587500  2365.11938477 5204.57910156 3.19885969162
1465495587569  2361.06103516 5225.5 3.15852689743
1465495587633  2360.18237305 5243.38085938 3.08571982384
1465495587700  2359.95556641 5262.71435547 3.01716160774
1465495587838  2362.34033203 5301.77197266 2.89337682724
1465495587900  2365.30908203 5320.40234375 2.82608437538
1465495587968  2369.86376953 5340.32666016 2.7554833889
1465495588036  2375.98510742 5359.00683594 2.69519519806
1465495588102  2382.15649414 5376.88427734 2.62115120888
1465495588170  2390.15869141 5394.47607422 2.57898855209
1465495588237  2399.52294922 5411.57763672 2.50377583504
1465495588301  2410.32543945 5428.53662109 2.43294787407
1465495588367  2421.0 5444.5 2.34826731682
1465495588437  2434.69726562 5459.60400391 2.28242325783
1465495588568  2462.34179688 5486.84912109 2.15003085136
1465495588635  2477.64038086 5498.46533203 2.0908074379
1465495588705  2494.02001953 5509.69287109 2.03326654434
1465495588769  2510.31420898 5519.82470703 1.94444954395
1465495588835  2527.78076172 5528.54003906 1.89123022556
1465495588905  2546.56787109 5536.79296875 1.82063210011
1465495588970  2565.88671875 5543.16357422 1.75153934956
1465495589036  2584.40673828 5548.03076172 1.69020283222
1465495589106  2603.70825195 5552.04541016 1.62867891788
1465495589172  2622.96923828 5554.5 1.53606665134
1465495589304  2662.11816406 5555.15283203 1.40712726116
1465495589372  2682.21582031 5553.76318359 1.33376312256
1465495589437  2701.86376953 5551.58203125 1.27546715736
1465495589503  2720.59423828 5547.28515625 1.21354115009
1465495589572  2739.76245117 5541.73486328 1.13639748096
1465495589639  2758.0144043 5535.66748047 1.07210123539
1465495589703  2776.17138672 5527.50146484 0.996092557907
1465495589772  2794.25488281 5518.75634766 0.940213501453
1465495589838  2811.50146484 5508.578125 0.868547737598
1465495589904  2826.94970703 5497.11425781 0.810256123543
1465495589975  2841.96459961 5485.11669922 0.713330149651
1465495590040  2856.18603516 5471.61621094 0.657491803169
1465495590103  2870.57250977 5456.54882812 0.583618283272
1465495590172  2882.79614258 5441.31494141 0.511681497097
1465495590241  2894.13183594 5425.25732422 0.445334494114
1465495590373  2914.15942383 5390.71386719 0.3086617589
1465495590440  2922.44238281 5373.21582031 0.249313771725
1465495590506  2928.49511719 5354.93115234 0.16927523911
1465495590571  2934.48681641 5335.89453125 0.115175314248
1465495590640  2939.39331055 5316.5 0.0206976570189
1465495590709  2940.5 5295.5 6.28318500519
1465495590771  2943.94287109 5276.8828125 6.18957281113
1465495590840  2943.57666016 5257.07470703 6.10497808456
1465495590909  2942.14672852 5237.70117188 6.0422911644
1465495590972  2939.79077148 5217.84375 5.98169708252
1465495591109  2930.95776367 5179.23779297 5.84879970551
1465495591174  2924.77001953 5160.78759766 5.78118658066
1465495591242  2916.74194336 5141.94628906 5.71062803268
1465495591307  2908.42138672 5124.02246094 5.63431453705
1465495591377  2898.09106445 5108.31347656 5.56835699081
1465495591440  2887.74633789 5092.29492188 5.51911973953
1465495591508  2874.64550781 5076.41210938 5.430331707
1465495591576  2861.69946289 5061.67089844 5.36330652237
1465495591639  2847.50195312 5047.86132812 5.28750944138
1465495591708  2831.95947266 5035.14453125 5.21891736984
1465495591840  2799.81835938 5013.703125 5.08981704712
1465495591908  2781.84375 5004.52783203 5.03360128403
1465495591974  2764.12158203 4996.24462891 4.95851898193
1465495592042  2746.1730957 4989.62109375 4.89597606659
1465495592109  2727.01806641 4983.79345703 4.79978466034
1465495592175  2708.16455078 4979.93652344 4.74383592606
1465495592244  2688.49975586 4974.87646484 4.68491983414
1465495592308  2669.49267578 4975.20556641 4.62521409988
1465495592375  2649.93969727 4974.33203125 4.55917167664
1465495592445  2630.23730469 4975.62744141 4.49381971359
1465495592515  2610.45458984 4977.77490234 4.424888134
1465495592576  2591.52978516 4981.05712891 4.3622751236
1465495592644  2571.81201172 4985.63427734 4.29360294342
1465495592708  2553.7668457 4992.29931641 4.23008108139
1465495592776  2535.79736328 4999.50732422 4.16586923599
1465495592911  2500.57470703 5017.59814453 4.02185440063
1465495592975  2483.85473633 5028.59228516 3.98836040497
1465495593044  2468.37792969 5040.60351562 3.87694120407
1465495593112  2452.91259766 5052.87695312 3.81755399704
1465495593175  2439.33251953 5066.49511719 3.75602984428
1465495593242  2426.84863281 5081.10400391 3.69960188866
1465495593313  2415.55517578 5097.1953125 3.62215471268
1465495593376  2404.6027832 5113.34863281 3.55141305923
1465495593443  2394.54858398 5130.19384766 3.49379301071
1465495593511  2386.60839844 5148.00195312 3.42144966125
1465495593644  2372.53564453 5184.38964844 3.28576946259
1465495593713  2368.26123047 5202.53222656 3.22989320755
1465495593779  2365.4206543 5222.18457031 3.16286563873
1465495593844  2360.54589844 5240.91455078 3.10081982613
1465495593910  2361.16552734 5260.48095703 3.02515435219
1465495593980  2361.28491211 5280.38330078 2.97352051735
1465495594044  2363.04223633 5300.93359375 2.90467333794
1465495594111  2365.87060547 5320.21289062 2.83841443062
1465495594178  2369.87841797 5338.33837891 2.76179218292
1465495594244  2375.12182617 5356.75488281 2.69829845428
1465495594378  2389.55200195 5393.54980469 2.57649683952
1465495594446  2399.13598633 5411.17138672 2.50141406059
1465495594512  2409.64599609 5428.50585938 2.44904518127
1465495594579  2420.74951172 5444.24951172 2.35619521141
1465495594650  2432.89990234 5459.00097656 2.29765081406
1465495594713  2446.66210938 5473.22363281 2.22454547882
1465495594773  2460.34082031 5486.70849609 2.15744876862
1465495594848  2476.10546875 5498.78027344 2.08745002747
1465495594912  2492.36425781 5510.63183594 2.01561784744
1465495594978  2509.45166016 5521.00292969 1.9440766573
1465495595053  2526.7355957 5529.11865234 1.88395178318
1465495595114  2544.61474609 5536.89501953 1.82390511036
1465495595179  2563.03222656 5543.42529297 1.75244724751
1465495595246  2582.88476562 5549.26855469 1.68296873569
1465495595315  2602.93017578 5553.30224609 1.617847085
1465495595449  2641.92333984 5557.625 1.48047983646
1465495595514  2661.21630859 5557.23291016 1.41231250763
1465495595580  2680.37963867 5555.97851562 1.34362232685
1465495595654  2699.59375 5552.72167969 1.27638530731
1465495595721  2719.01025391 5548.89990234 1.21203613281
1465495595786  2738.12841797 5543.71972656 1.13794338703
1465495595853  2756.92333984 5537.12548828 1.0655144453
1465495595922  2775.38598633 5529.57128906 1.0076469183
1465495595987  2792.2512207 5520.36132812 0.933467268944
1465495596052  2809.11962891 5510.21289062 0.869651913643
1465495596115  2826.35791016 5497.46337891 0.813284039497
1465495596182  2841.18164062 5485.98388672 0.722527146339
1465495596247  2855.50634766 5472.68847656 0.651095569134
1465495596314  2869.0793457 5457.88671875 0.584670186043
1465495596383  2882.07373047 5442.58251953 0.503421485424
1465495596516  2903.14355469 5410.30322266 0.367618143559
1465495596582  2912.77416992 5392.68945312 0.320802390575
1465495596653  2920.24560547 5374.31542969 0.234606951475
1465495596713  2927.10717773 5355.85791016 0.164957225323
1465495596783  2932.50927734 5335.89501953 0.100716888905
1465495596852  2937.81469727 5316.5 0.0414689257741
1465495596914  2940.23754883 5297.14746094 6.24513435364
1465495596983  2940.70214844 5278.18359375 6.18010139465
1465495597051  2940.83618164 5258.24560547 6.10331773758
1465495597115  2939.84472656 5238.64941406 6.04482030869
1465495597249  2933.52270508 5198.99951172 5.90062046051
1465495597310  2927.81469727 5179.36328125 5.8260679245
1465495597383  2921.32373047 5161.20751953 5.76961278915
1465495597449  2913.97631836 5143.61865234 5.70587873459
1465495597518  2904.23681641 5125.48242188 5.63823795319
1465495597583  2894.91162109 5108.94482422 5.56671476364
1465495597649  2884.15380859 5092.84570312 5.48708629608
1465495597719  2871.01513672 5076.93115234 5.4097700119
1465495597784  2857.19628906 5062.60253906 5.3479218483
1465495597850  2842.7722168 5049.73291016 5.28604888916
1465495597926  2827.78540039 5037.09472656 5.20840358734
1465495597989  2811.44824219 5025.68457031 5.14297103882
1465495598057  2795.07763672 5015.41943359 5.07947778702
1465495598127  2777.46826172 5006.67773438 5.00584506989
1465495598189  2759.59790039 4998.06640625 4.93906354904
1465495598258  2740.69897461 4991.37011719 4.88051843643
1465495598319  2721.76611328 4986.11621094 4.8149895668
1465495598386  2702.49951172 4981.85546875 4.73980617523
1465495598449  2683.19824219 4980.5 4.6906452179
1465495598518  2664.40625 4977.82226562 4.61935281754
1465495598653  2624.55029297 4979.34130859 4.4646191597
1465495598718  2604.80029297 4981.74609375 4.42497682571
1465495598785  2586.27392578 4985.61572266 4.34464979172
1465495598855  2567.20458984 4990.65820312 4.29059028625
1465495598918  2548.40600586 4996.96191406 4.21379041672
1465495598987  2530.05322266 5004.48779297 4.15237760544
1465495599053  2512.90893555 5012.82763672 4.07904195786
1465495599117  2495.45068359 5023.60498047 4.02254915237
1465495599186  2479.33911133 5033.83935547 3.94244360924
1465495599255  2464.07568359 5045.54785156 3.87763333321
1465495599386  2436.12548828 5073.48974609 3.73801136017
1465495599455  2423.26782227 5087.87548828 3.670773983
1465495599518  2412.21313477 5103.10546875 3.60596466064
1465495599588  2400.80859375 5120.43603516 3.54240703583
1465495599653  2391.79150391 5136.94921875 3.47815179825
1465495599723  2383.39990234 5155.34277344 3.4093952179
1465495599786  2376.546875 5173.10986328 3.34641885757
1465495599856  2370.75341797 5191.83496094 3.28351068497
1465495599922  2366.07250977 5210.32910156 3.20281410217
1465495599985  2364.04785156 5230.00830078 3.1700835228
1465495600121  2360.29785156 5269.23730469 3.00585198402
1465495600187  2360.90136719 5288.31738281 2.95458626747
1465495600255  2362.97045898 5307.50439453 2.8886859417
1465495600321  2365.44995117 5326.87255859 2.81468176842
1465495600390  2370.44091797 5346.24121094 2.75692796707
1465495600454  2376.03881836 5364.97314453 2.68281388283
1465495600521  2383.17919922 5383.22705078 2.60715818405
1465495600591  2391.8046875 5401.39794922 2.55402755737
1465495600655  2401.09277344 5417.85449219 2.50048232079
1465495600721  2411.75805664 5434.49267578 2.41928792
1465495600796  2423.12231445 5450.08691406 2.35521864891
1465495600854  2436.00390625 5465.1640625 2.27322864532
1465495600922  2449.82348633 5479.45507812 2.20883870125
1465495600988  2464.20874023 5492.5234375 2.14544725418
1465495601057  2480.0769043 5504.74365234 2.07758307457
1465495601190  2512.35498047 5524.39453125 1.93932926655
1465495601257  2530.88354492 5533.23046875 1.87058317661
1465495601315  2549.09887695 5540.82373047 1.80124628544
1465495601389  2567.90625 5547.29833984 1.72867119312
1465495601456  2587.04125977 5552.30615234 1.66304409504
1465495601523  2605.0715332 5555.51953125 1.60671627522
1465495601588  2625.49975586 5559.47949219 1.53606212139
1465495601659  2644.83544922 5559.34423828 1.45964038372
1465495601722  2664.89453125 5559.44775391 1.38419592381
1465495601789  2684.69677734 5557.40185547 1.33248126507
1465495601926  2723.80151367 5550.4140625 1.18809843063
1465495601989  2742.39990234 5544.73486328 1.12894904613
1465495602058  2759.70019531 5537.77880859 1.06671226025
1465495602125  2777.43139648 5529.25878906 0.989300966263
1465495602188  2795.61621094 5520.20263672 0.925420343876
1465495602256  2812.74609375 5509.96679688 0.849676549435
1465495602326  2828.49975586 5498.49951172 0.805002272129
1465495602390  2844.66210938 5485.52685547 0.702037990093
1465495602457  2858.95043945 5472.01318359 0.629440963268
1465495602524  2871.25756836 5457.69775391 0.568554580212
1465495602657  2894.90673828 5425.81396484 0.438167393208
1465495602724  2904.99560547 5409.05761719 0.357913911343
1465495602793  2914.37451172 5391.62402344 0.294774085283
1465495602858  2922.21826172 5372.39306641 0.222179025412
1465495602925  2928.21484375 5354.27587891 0.160440146923
1465495602992  2932.40258789 5335.26123047 0.096991121769
1465495603058  2937.39868164 5316.5 0.041932888329
1465495603124  2940.25976562 5295.5 6.27827358246
1465495603193  2940.97973633 5276.68994141 6.16132164001
1465495603258  2941.25219727 5256.91064453 6.09490156174
1465495603332  2940.0847168 5236.42724609 6.02432823181
1465495603400  2937.61987305 5217.13671875 5.96199321747
1465495603463  2932.72583008 5198.22705078 5.88673400879
1465495603532  2927.58837891 5179.47314453 5.83038234711
1465495603599  2920.58764648 5160.60009766 5.76819562912
1465495603669  2912.65771484 5142.63964844 5.69993877411
1465495603730  2903.46069336 5125.02539062 5.61825370789
1465495603799  2893.1328125 5107.81835938 5.55198001862
1465495603867  2881.56787109 5092.18408203 5.51430082321
1465495603933  2869.23828125 5077.39599609 5.4067773819
1465495604004  2856.12548828 5062.75830078 5.33654260635
1465495604067  2841.05664062 5049.24804688 5.28090429306
1465495604131  2826.1262207 5036.92773438 5.21158123016
1465495604199  2810.18432617 5025.68847656 5.14336109161
1465495604267  2792.84619141 5015.19580078 5.06898403168
1465495604398  2757.56787109 4999.20654297 4.93882274628
1465495604467  2739.39501953 4992.85791016 4.87700939178
1465495604535  2720.22070312 4987.32861328 4.81075286865
1465495604600  2702.14453125 4982.60888672 4.7550535202
1465495604666  2681.84741211 4980.5 4.70322561264
1465495604736  2662.28979492 4979.23974609 4.60131025314
1465495604802  2642.37426758 4979.38916016 4.54555940628
1465495604869  2623.54785156 4980.96875 4.47321081161
1465495604937  2604.09082031 4983.48144531 4.40916109085
1465495605002  2584.44165039 4986.64892578 4.35067939758
1465495605066  2565.66577148 4991.97265625 4.28308200836
1465495605135  2546.66259766 4998.79345703 4.21763086319
1465495605204  2528.0859375 5005.921875 4.14672803879
1465495605267  2510.7902832 5014.48535156 4.08498954773
1465495605335  2494.30004883 5024.24023438 4.02985286713
1465495605403  2479.33911133 5033.83935547 3.94244360924
1465495605468  2462.07958984 5047.42041016 3.87461638451
1465495605535  2448.03710938 5061.07666016 3.79478812218
1465495605603  2434.6875 5074.98144531 3.73447918892
1465495605668  2421.2800293 5090.06689453 3.67409706116
1465495605736  2410.36669922 5105.56640625 3.61164999008
1465495605803  2399.63867188 5122.10888672 3.54117441177
1465495605870  2390.36035156 5139.10058594 3.47377681732
1465495605935  2381.82177734 5156.49365234 3.41360569
1465495606003  2375.01831055 5174.55517578 3.34707164764
1465495606072  2368.91088867 5193.26464844 3.27113771439
1465495606134  2363.78735352 5213.01806641 3.21198320389
1465495606203  2359.49975586 5232.5 3.1415913105
1465495606271  2359.6628418 5250.41503906 3.09685921669
1465495606334  2359.05249023 5270.43066406 3.00988030434
1465495606409  2359.62084961 5290.15039062 2.96171116829
1465495606470  2360.98632812 5309.68017578 2.88197827339
1465495606538  2363.62329102 5328.88378906 2.8114554882
1465495606602  2368.44873047 5348.17773438 2.75456738472
1465495606670  2374.47680664 5366.58251953 2.68773627281
1465495606803  2389.80883789 5402.53613281 2.54970622063
1465495606870  2398.93017578 5419.33935547 2.48870825768
1465495606939  2410.06152344 5436.40673828 2.4231197834
1465495607003  2421.69628906 5452.19628906 2.34074616432
1465495607070  2434.1105957 5467.65380859 2.27755475044
1465495607138  2447.43261719 5481.12158203 2.20458817482
1465495607205  2461.95141602 5493.30517578 2.14003539085
1465495607272  2477.95410156 5505.64257812 2.0665435791
1465495607340  2494.63354492 5516.60839844 2.0000576973
1465495607407  2511.60742188 5526.47460938 1.93780195713
1465495607471  2529.48242188 5534.95849609 1.87214291096
1465495607539  2547.91796875 5543.19824219 1.79667389393
1465495607607  2566.27441406 5549.10058594 1.72736608982
1465495607671  2585.21728516 5554.03417969 1.67785418034
1465495607738  2604.49975586 5557.39501953 1.61173117161
1465495607806  2624.17016602 5561.5 1.5473228693
1465495607871  2643.61450195 5560.98925781 1.46382749081
1465495607938  2663.48730469 5560.92480469 1.39432609081
1465495608007  2683.60205078 5559.27978516 1.3218665123
1465495608075  2702.18188477 5556.125 1.25738942623
1465495608134  2721.02978516 5551.23535156 1.19125938416
1465495608199  2739.89794922 5545.63623047 1.12880694866
1465495608267  2758.60546875 5539.47265625 1.05106794834
1465495608332  2776.98657227 5531.47265625 0.992067217827
1465495608400  2794.40063477 5521.75732422 0.918494641781
1465495608535  2828.15380859 5498.84570312 0.774696469307
1465495608601  2842.18359375 5487.08105469 0.71556442976
1465495608670  2856.37646484 5473.40722656 0.63393253088
1465495608736  2869.40795898 5459.0703125 0.566354215145
1465495608799  2881.86889648 5443.24414062 0.493188798428
1465495608869  2893.59179688 5427.18212891 0.426590770483
1465495608936  2903.74194336 5409.19775391 0.360231250525
1465495608999  2912.08447266 5392.01220703 0.298153728247
1465495609067  2919.37402344 5374.32373047 0.229859292507
1465495609135  2926.75878906 5355.58935547 0.154250115156
1465495609213  2931.71240234 5336.05126953 0.0941795706749
1465495609267  2933.49975586 5316.5 3.01991605056e-07
1465495609336  2938.55029297 5297.30957031 6.21590232849
1465495609405  2939.52514648 5277.24169922 6.16942691803
1465495609470  2939.39208984 5257.93798828 6.09725618362
1465495609605  2935.17797852 5218.56933594 5.96875333786
1465495609668  2930.84985352 5199.32128906 5.89731121063
1465495609736  2925.28930664 5180.48291016 5.81856822968
1465495609805  2918.79272461 5161.60009766 5.76150417328
1465495609869  2911.02709961 5143.40283203 5.69089031219
1465495610003  2891.98779297 5109.94287109 5.55767536163
1465495610073  2880.08959961 5093.57226562 5.49486589432
1465495610138  2867.78637695 5077.98535156 5.40450143814
1465495610205  2854.16601562 5064.00683594 5.33859729767
1465495610272  2839.36767578 5050.28662109 5.27070331573
1465495610336  2823.77490234 5037.85888672 5.19944572449
1465495610404  2808.359375 5026.84179688 5.13539886475
1465495610472  2791.96191406 5017.31982422 5.07337236404
1465495610536  2774.640625 5007.86279297 5.00857591629
1465495610605  2756.05566406 5000.33789062 4.9370059967
1465495610739  2718.33886719 4988.75585938 4.80903863907
1465495610805  2699.34887695 4984.88769531 4.77107524872
1465495610872  2680.37304688 4980.70654297 4.68860292435
1465495610940  2660.94677734 4980.67382812 4.59165859222
1465495611004  2641.04223633 4980.390625 4.54855251312
1465495611072  2622.00146484 4981.61083984 4.47365093231
1465495611139  2602.2355957 4984.62353516 4.40497684479
1465495611202  2582.53735352 4988.18212891 4.34022951126
1465495611270  2563.46044922 4993.27978516 4.26367807388
1465495611333  2545.28564453 4999.58154297 4.20660591125
1465495611412  2527.48364258 5007.42773438 4.165974617
1465495611471  2509.57861328 5015.98876953 4.08286571503
1465495611539  2492.64746094 5025.87988281 4.02316379547
1465495611607  2475.85644531 5037.33203125 3.95617127419
1465495611673  2460.85351562 5048.48779297 3.87132525444
1465495611807  2432.64697266 5075.99560547 3.73921751976
1465495611872  2420.42089844 5090.71484375 3.67475295067
1465495611940  2408.10498047 5107.25195312 3.6095867157
1465495612007  2398.05322266 5123.36523438 3.54348421097
1465495612070  2388.63476562 5140.78759766 3.4746723175
1465495612145  2380.07519531 5158.40185547 3.40118455887
1465495612206  2372.72265625 5176.55566406 3.32972764969
1465495612275  2367.69970703 5194.70117188 3.26309299469
1465495612339  2363.73510742 5213.62792969 3.22048997879
1465495612407  2359.49975586 5232.5 3.1415913105
1465495612538  2357.71435547 5272.38476562 3.01646018028
1465495612607  2357.81445312 5291.80517578 2.94212317467
1465495612675  2360.41186523 5311.55029297 2.87592387199
1465495612740  2363.66333008 5330.34912109 2.81960177422
1465495612809  2368.49267578 5349.21679688 2.7458615303
1465495612883  2374.28955078 5368.41357422 2.69020414352
1465495612945  2381.47949219 5386.39306641 2.62119626999
1465495613014  2389.27734375 5404.29101562 2.5496237278
1465495613081  2399.46777344 5421.79101562 2.47395324707
1465495613149  2410.25878906 5438.35888672 2.40446662903
1465495613214  2421.44458008 5452.42773438 2.33396983147
1465495613281  2434.43432617 5467.93408203 2.27588224411
1465495613413  2463.47607422 5495.36474609 2.13768029213
1465495613481  2478.81591797 5507.06640625 2.07357192039
1465495613550  2495.30078125 5518.14941406 2.00414347649
1465495613607  2512.48388672 5528.01660156 1.92771112919
1465495613680  2529.77001953 5536.29931641 1.86371099949
1465495613748  2548.35791016 5543.30126953 1.80057489872
1465495613816  2566.81054688 5549.59521484 1.71844208241
1465495613949  2604.49975586 5558.60449219 1.61280405521
1465495614017  2626.27392578 5561.09716797 1.5395488739
1465495614080  2645.62646484 5561.0078125 1.43552732468
1465495614149  2664.6328125 5560.15136719 1.38774049282
1465495614216  2684.16552734 5558.19628906 1.32280790806
1465495614280  2703.96582031 5555.57568359 1.25976228714
1465495614349  2722.71459961 5551.09570312 1.17951571941
1465495614417  2741.68432617 5545.36865234 1.1121326685
1465495614481  2760.42456055 5538.25048828 1.03777587414
1465495614548  2778.52661133 5529.07324219 0.970515429974
1465495614611  2795.14550781 5519.87792969 0.913252711296
1465495614679  2811.50097656 5509.40478516 0.835317015648
1465495614742  2827.67382812 5497.70214844 0.782784163952
1465495614812  2842.63818359 5484.87011719 0.678411185741
1465495614881  2857.38256836 5470.86279297 0.613961279392
1465495614946  2870.39428711 5455.92822266 0.548998892307
1465495615010  2881.98974609 5440.03515625 0.481344431639
1465495615078  2892.63598633 5423.98095703 0.419945091009
1465495615143  2902.74365234 5406.90820312 0.347720324993
1465495615212  2911.38354492 5388.78955078 0.282175928354
1465495615346  2925.76879883 5351.9921875 0.143516361713
1465495615411  2930.703125 5333.0 0.0806601718068
1465495615479  2933.66259766 5313.64453125 0.00867075100541
1465495615548  2936.07080078 5294.32714844 6.22365617752
1465495615610  2937.14208984 5274.68359375 6.15157604218
1465495615682  2937.07519531 5255.29882812 6.08160257339
1465495615746  2935.19189453 5235.15917969 6.02052164078
1465495615810  2931.88696289 5214.77246094 5.94815921783
1465495615878  2928.28027344 5195.35302734 5.88729715347
1465495615947  2922.59423828 5176.31201172 5.81251573563
1465495616079  2907.53735352 5140.10058594 5.67492198944
1465495616145  2898.42529297 5122.75488281 5.60168123245
1465495616215  2888.11181641 5106.62304688 5.5554690361
1465495616280  2875.74169922 5090.21289062 5.46683931351
1465495616346  2862.67871094 5074.88525391 5.39456558228
1465495616417  2849.36669922 5061.18847656 5.32310914993
1465495616477  2834.91259766 5048.74804688 5.25409936905
1465495616546  2820.09814453 5036.56787109 5.19292497635
1465495616614  2803.33837891 5025.50927734 5.11330413818
1465495616678  2785.83105469 5015.49707031 5.04706430435
1465495616816  2749.36987305 4998.29394531 4.91942501068
1465495616882  2730.87695312 4992.92480469 4.85950660706
1465495616946  2712.94458008 4988.12841797 4.79610729218
1465495617014  2695.49975586 4985.03759766 4.75040721893
1465495617083  2674.38916016 4981.84912109 4.66064119339
1465495617147  2654.67626953 4981.17578125 4.57840251923
1465495617213  2635.03149414 4981.08740234 4.52230072021
1465495617282  2614.80395508 4982.82958984 4.45306921005
1465495617346  2595.62255859 4985.79296875 4.38950872421
1465495617414  2577.48413086 4990.25146484 4.31939649582
1465495617551  2539.48779297 5001.83496094 4.19811201096
1465495617616  2521.15258789 5009.23339844 4.13229608536
1465495617684  2503.91772461 5019.13330078 4.06160879135
1465495617750  2486.2902832 5029.33203125 4.00704479218
1465495617814  2471.49951172 5039.99951172 3.92699074745
1465495617882  2455.91625977 5052.87890625 3.85190343857
1465495617950  2441.58544922 5066.68310547 3.78895044327
1465495618013  2428.62548828 5080.58398438 3.72894906998
1465495618081  2416.40185547 5095.9140625 3.65361523628
1465495618149  2404.32226562 5111.44287109 3.58486223221
1465495618282  2385.89526367 5145.88916016 3.45144462585
1465495618352  2378.65283203 5163.26757812 3.3912024498
1465495618419  2371.68554688 5181.61083984 3.33334493637
1465495618484  2365.88964844 5200.71337891 3.25975227356
1465495618549  2361.76245117 5219.36474609 3.194480896
1465495618618  2359.49975586 5239.49951172 3.14159226418
1465495618682  2356.71459961 5258.70947266 3.05141615868
1465495618750  2356.34863281 5277.72509766 2.99090313911
1465495618817  2357.75683594 5297.14599609 2.93213748932
1465495618880  2359.92480469 5316.54980469 2.86653828621
1465495619018  2368.6574707 5354.35791016 2.73607516289
1465495619086  2374.65600586 5373.52099609 2.65543818474
1465495619151  2381.98779297 5392.48291016 2.60051131248
1465495619220  2390.84228516 5409.33789062 2.52765870094
1465495619286  2400.53808594 5425.97607422 2.46665167809
1465495619350  2411.24829102 5441.94091797 2.39522480965
1465495619418  2423.33886719 5458.16064453 2.30860543251
1465495619485  2436.67651367 5472.82910156 2.25760960579
1465495619549  2450.12866211 5486.86767578 2.18531632423
1465495619617  2465.61328125 5499.58642578 2.12317872047
1465495619753  2497.31933594 5521.51367188 1.98649084568
1465495619818  2514.87060547 5531.02001953 1.9226924181
1465495619887  2532.0012207 5539.03857422 1.84817135334
1465495619955  2550.85180664 5546.28027344 1.7857452631
1465495620018  2569.94165039 5552.69433594 1.70180046558
1465495620085  2589.94091797 5557.5 1.64362299442
1465495620154  2609.52270508 5561.5 1.58263504505
1465495620217  2628.01342773 5561.5 1.53247487545
1465495620285  2647.83129883 5562.15527344 1.43497848511
1465495620353  2668.0625 5562.00097656 1.38180422783
1465495620428  2686.92944336 5559.75097656 1.29534697533
1465495620491  2706.03393555 5555.79394531 1.23816549778
1465495620553  2725.765625 5551.18164062 1.16592919827
1465495620628  2744.61865234 5545.26123047 1.08976948261
1465495620692  2762.31298828 5538.18115234 1.03302180767
1465495620827  2797.25170898 5520.07958984 0.90223711729
1465495620891  2814.43237305 5508.58105469 0.846313118935
1465495620959  2830.26074219 5496.42431641 0.731043159962
1465495621027  2845.18701172 5483.61132812 0.668670654297
1465495621088  2858.68359375 5470.015625 0.608983755112
1465495621160  2871.3527832 5454.68164062 0.541061580181
1465495621228  2883.02026367 5438.32714844 0.461291491985
1465495621296  2894.07739258 5422.30322266 0.403663724661
1465495621361  2903.79589844 5405.76513672 0.324520289898
1465495621429  2912.35473633 5387.53173828 0.265268057585
1465495621497  2919.99047852 5368.41064453 0.186307281256
1465495621559  2926.01660156 5350.39257812 0.134559452534
1465495621627  2930.40820312 5331.70507812 0.0670674443245
1465495621695  2933.49975586 5309.5 1.74845553147e-07
1465495621758  2935.93041992 5291.89257812 6.20001983643
1465495621827  2935.91967773 5272.17675781 6.14343070984
1465495621896  2935.80419922 5251.66699219 6.07201290131
1465495621963  2934.03320312 5232.11523438 6.00598859787
1465495622028  2930.50634766 5213.49316406 5.92864227295
1465495622096  2926.1574707 5194.34716797 5.87342119217
1465495622163  2920.37695312 5175.53710938 5.78653478622
1465495622227  2912.80517578 5156.62988281 5.73640155792
1465495622295  2903.71044922 5138.73339844 5.65974617004
1465495622426  2883.06445312 5105.23535156 5.52496767044
1465495622490  2871.8527832 5089.52392578 5.43704366684
1465495622556  2859.40307617 5075.31152344 5.37305259705
1465495622619  2845.17675781 5061.00830078 5.31448984146
1465495622688  2829.94335938 5048.04199219 5.23803520203
1465495622756  2813.75 5036.125 5.17836141586
1465495622890  2780.49487305 5015.77587891 5.03523588181
1465495622958  2762.78710938 5007.73730469 4.96484184265
1465495623027  2744.8425293 5000.88085938 4.89953899384
1465495623090  2725.75732422 4994.38330078 4.83620405197
1465495623157  2708.20996094 4989.33056641 4.76530647278
1465495623225  2689.37109375 4987.0 4.68362903595
1465495623287  2671.7644043 4982.84960938 4.59108161926
1465495623356  2654.40600586 4981.75341797 4.47906351089
1465495623424  2637.60620117 4981.31591797 4.37681388855
1465495623492  2621.453125 4983.24804688 4.2725892067
1465495623624  2588.8059082 4990.77050781 4.05110502243
1465495623692  2574.8449707 4996.35302734 3.94017529488
1465495623757  2559.66894531 5004.28222656 3.7968044281
1465495623824  2546.86157227 5011.76513672 3.64573144913
1465495623892  2536.00415039 5020.20214844 3.50807905197
1465495623958  2525.64746094 5030.13964844 3.35987567902
1465495624025  2517.47558594 5041.65136719 3.21745729446
1465495624093  2511.10375977 5054.56347656 3.06151032448
1465495624160  2506.31591797 5068.24560547 2.92575860023
1465495624224  2504.10229492 5083.15234375 2.77639722824
1465495624360  2505.11743164 5110.93017578 2.50046038628
1465495624425  2508.57080078 5125.04882812 2.35204744339
1465495624492  2514.59375 5138.33251953 2.2020881176
1465495624562  2522.93212891 5150.76806641 2.04162764549
1465495624626  2531.49365234 5161.74804688 1.90355598927
1465495624693  2542.95117188 5171.73339844 1.75669682026
1465495624755  2555.31787109 5179.39599609 1.61901390553
1465495624823  2567.56323242 5185.99316406 1.46527719498
1465495624893  2582.21533203 5189.92626953 1.32295393944
1465495624960  2596.35229492 5191.91601562 1.17121493816
1465495625029  2611.42089844 5191.69775391 1.02390325069
1465495625092  2626.34765625 5189.83349609 0.897184550762
1465495625160  2641.06005859 5185.07177734 0.70318287611
1465495625229  2654.03857422 5179.31835938 0.56678968668
1465495625293  2665.52246094 5170.51318359 0.419866979122
1465495625430  2685.87988281 5149.26074219 0.118744909763
1465495625491  2694.31982422 5134.70263672 6.25555753708
1465495625561  2698.80566406 5122.98535156 6.0990319252
1465495625629  2702.58154297 5108.89746094 5.95930290222
1465495625697  2703.26342773 5093.75146484 5.81746435165
1465495625760  2702.44677734 5079.578125 5.6847910881
1465495625828  2699.58129883 5065.04638672 5.52613210678
1465495625896  2694.29931641 5051.75976562 5.36528873444
1465495625962  2687.64208984 5038.61816406 5.21710634232
1465495626028  2678.09472656 5026.91943359 5.06657981873
1465495626158  2656.18579102 5008.31787109 4.77472686768
1465495626228  2643.16503906 5001.74267578 4.64185380936
1465495626295  2629.54467773 4997.25830078 4.49937963486
1465495626359  2614.80664062 4993.98681641 4.34695577621
1465495626428  2600.41796875 4993.58544922 4.20199012756
1465495626497  2586.09692383 4995.32666016 4.06428527832
1465495626565  2571.08227539 4999.58251953 3.9162003994
1465495626622  2557.64819336 5004.84375 3.75966191292
1465495626697  2545.53515625 5012.26416016 3.61137008667
1465495626764  2534.60791016 5021.50634766 3.46810388565
1465495626835  2524.90405273 5032.54638672 3.33049249649
1465495626904  2517.21655273 5043.72705078 3.18887758255
1465495626970  2510.44897461 5057.87646484 3.03790831566
1465495627029  2506.41113281 5072.11181641 2.89204835892
1465495627102  2504.52392578 5085.52148438 2.7535302639
1465495627171  2504.68359375 5099.27148438 2.6106262207
1465495627239  2506.87524414 5114.16650391 2.47951579094
1465495627302  2510.32519531 5128.94873047 2.31455731392
1465495627370  2517.10180664 5141.34521484 2.16335892677
1465495627438  2524.83422852 5153.37060547 2.01950764656
1465495627502  2534.72729492 5164.56640625 1.87899553776
1465495627570  2546.10644531 5174.02148438 1.72764313221
1465495627638  2557.42553711 5183.22705078 1.57778418064
1465495627699  2571.41479492 5186.67480469 1.44060564041
1465495627769  2585.97705078 5190.6796875 1.28582286835
1465495627839  2600.60986328 5192.58886719 1.14067101479
1465495627906  2615.18115234 5191.86376953 0.98991215229
1465495627969  2630.05737305 5189.40722656 0.836827099323
1465495628025  2644.1862793 5184.33886719 0.694910883904
1465495628100  2656.64013672 5178.12548828 0.538815796375
1465495628231  2679.25170898 5159.02490234 0.2413610816
1465495628299  2687.70996094 5146.90380859 0.0875176787376
1465495628364  2695.0625 5134.5 6.26186513901
1465495628433  2700.10644531 5119.81396484 6.08109235764
1465495628501  2703.27685547 5106.00439453 5.93049860001
1465495628563  2704.30004883 5091.95800781 5.78588008881
1465495628632  2702.95654297 5077.03027344 5.64098930359
1465495628700  2700.29931641 5063.04150391 5.49742078781
1465495628768  2693.63061523 5048.90771484 5.32770824432
1465495628831  2686.79296875 5036.18017578 5.18366575241
1465495628899  2676.90795898 5025.33349609 5.03393936157
1465495628966  2666.37158203 5015.12744141 4.89648580551
1465495629031  2654.20776367 5008.49951172 4.72517871857
1465495629099  2641.58056641 5001.05810547 4.59950447083
1465495629167  2627.06494141 4996.58691406 4.46501541138
1465495629300  2597.85302734 4994.75976562 4.18057012558
1465495629368  2582.7590332 4996.7890625 4.02995491028
1465495629435  2569.52001953 5000.30371094 3.87270736694
1465495629500  2556.47607422 5006.91308594 3.73294329643
1465495629568  2543.76293945 5014.57861328 3.60080337524
1465495629636  2533.70092773 5024.36669922 3.44871234894
1465495629700  2523.89916992 5035.65332031 3.30688619614
1465495629767  2514.51318359 5049.26416016 3.17682313919
1465495629834  2510.2199707 5061.27246094 3.02311444283
1465495629897  2506.98632812 5074.10742188 2.87073302269
1465495629974  2505.11914062 5088.82275391 2.73405694962
1465495630035  2505.67993164 5102.94335938 2.58334374428
1465495630098  2507.83544922 5117.34130859 2.44646692276
1465495630167  2512.32958984 5131.16308594 2.28795456886
1465495630235  2519.44482422 5144.30419922 2.14020633698
1465495630369  2537.37329102 5166.96630859 1.85159409046
1465495630436  2548.18945312 5175.61767578 1.70473062992
1465495630503  2562.49975586 5183.5 1.57079660892
1465495630566  2571.43481445 5187.29882812 1.45776069164
1465495630635  2581.90405273 5190.42724609 1.33494794369
1465495630704  2589.96044922 5192.19335938 1.25976252556
1465495630765  2598.60717773 5193.109375 1.17557728291
1465495630834  2604.48828125 5193.49560547 1.1057049036
1465495630902  2609.98999023 5193.24462891 1.05406451225
1465495630970  2612.89599609 5193.15283203 1.02604234219
1465495631102  2610.99707031 5193.50390625 1.05591118336
1465495631171  2609.05932617 5194.78320312 1.04021847248
1465495631235  2609.16748047 5194.74658203 1.03493332863
1465495631303  2608.98779297 5194.43896484 1.0393999815
1465495631371  2609.44433594 5194.61816406 1.04647290707
1465495631435  2609.25268555 5194.72558594 1.04603016376
1465495631504  2609.33105469 5194.86181641 1.04152870178
1465495631572  2609.32519531 5194.54199219 1.05394995213
1465495631637  2609.09155273 5194.61083984 1.03942084312
1465495631704  2609.1484375 5194.55126953 1.04600572586
1465495631773  2609.25268555 5194.72558594 1.04603016376
1465495631833  2609.34008789 5194.44384766 1.04644739628
1465495631903  2609.34008789 5194.44384766 1.04644739628
1465495631970  2609.26586914 5194.51123047 1.03944146633
1465495632038  2609.44433594 5194.61816406 1.04647290707
1465495632171  2609.26586914 5194.51123047 1.03944146633
1465495632240  2609.33105469 5194.86181641 1.04152870178
1465495632304  2609.25268555 5194.72558594 1.04603016376
1465495632373  2609.1484375 5194.55126953 1.04600572586
1465495632439  2609.1484375 5194.55126953 1.04600572586
1465495632508  2609.1484375 5194.55126953 1.04600572586
1465495632571  2609.25268555 5194.72558594 1.04603016376
1465495632639  2609.1484375 5194.55126953 1.04600572586
1465495632706  2609.34008789 5194.44384766 1.04644739628
1465495632769  2609.25268555 5194.72558594 1.04603016376
1465495632846  2609.32519531 5194.54199219 1.05394995213
1465495632907  2609.32519531 5194.54199219 1.05394995213
1465495632970  2609.25268555 5194.72558594 1.04603016376
1465495633038  2609.25268555 5194.72558594 1.04603016376
1465495633107  2609.33105469 5194.86181641 1.04152870178
1465495633241  2609.32519531 5194.54199219 1.05394995213
1465495633307  2609.25268555 5194.72558594 1.04603016376
1465495633375  2609.50488281 5194.37011719 1.04962277412
1465495633438  2609.07958984 5194.82324219 1.04484951496
